[0.050s] Invoking command in '/root/openpifpaf_ros2/build/realsense2_camera_msgs': CMAKE_PREFIX_PATH=${CMAKE_PREFIX_PATH}:/root/openpifpaf_ros2/install/rgbd_openpifpaf_ros2:/root/openpifpaf_ros2/install/pose_checker:/root/openpifpaf_ros2/install/openpifpaf_ros2_node:/root/Pose_waypointmaker/install/tf2_pifpaf:/root/Pose_waypointmaker/install/ros2_pifpaf:/opt/ros/foxy _=/usr/bin/env /usr/bin/cmake --build /root/openpifpaf_ros2/build/realsense2_camera_msgs -- -j12 -l12
[0.125s] [  1%] Built target realsense2_camera_msgs__cpp
[0.132s] [ 12%] Built target realsense2_camera_msgs__rosidl_generator_c
[0.167s] [ 23%] Built target realsense2_camera_msgs__rosidl_typesupport_cpp
[0.171s] [ 34%] Built target realsense2_camera_msgs__rosidl_typesupport_introspection_cpp
[0.176s] [ 56%] Built target realsense2_camera_msgs__rosidl_typesupport_c
[0.176s] [ 56%] Built target realsense2_camera_msgs__rosidl_typesupport_fastrtps_cpp
[0.178s] [ 67%] Built target realsense2_camera_msgs__rosidl_typesupport_introspection_c
[0.214s] [ 78%] Built target realsense2_camera_msgs__rosidl_typesupport_fastrtps_c
[0.238s] [ 78%] Built target realsense2_camera_msgs
[0.264s] [ 80%] Built target realsense2_camera_msgs__py
[0.300s] [ 89%] Built target realsense2_camera_msgs__python
[0.340s] [ 92%] Built target realsense2_camera_msgs__rosidl_typesupport_fastrtps_c__pyext
[0.340s] [ 96%] Built target realsense2_camera_msgs__rosidl_typesupport_c__pyext
[0.341s] [100%] Built target realsense2_camera_msgs__rosidl_typesupport_introspection_c__pyext
[0.355s] Invoked command in '/root/openpifpaf_ros2/build/realsense2_camera_msgs' returned '0': CMAKE_PREFIX_PATH=${CMAKE_PREFIX_PATH}:/root/openpifpaf_ros2/install/rgbd_openpifpaf_ros2:/root/openpifpaf_ros2/install/pose_checker:/root/openpifpaf_ros2/install/openpifpaf_ros2_node:/root/Pose_waypointmaker/install/tf2_pifpaf:/root/Pose_waypointmaker/install/ros2_pifpaf:/opt/ros/foxy _=/usr/bin/env /usr/bin/cmake --build /root/openpifpaf_ros2/build/realsense2_camera_msgs -- -j12 -l12
[0.551s] Invoking command in '/root/openpifpaf_ros2/build/realsense2_camera_msgs': CMAKE_PREFIX_PATH=${CMAKE_PREFIX_PATH}:/root/openpifpaf_ros2/install/rgbd_openpifpaf_ros2:/root/openpifpaf_ros2/install/pose_checker:/root/openpifpaf_ros2/install/openpifpaf_ros2_node:/root/Pose_waypointmaker/install/tf2_pifpaf:/root/Pose_waypointmaker/install/ros2_pifpaf:/opt/ros/foxy _=/usr/bin/env /usr/bin/cmake --install /root/openpifpaf_ros2/build/realsense2_camera_msgs
[0.561s] -- Install configuration: ""
[0.562s] -- Up-to-date: /root/openpifpaf_ros2/install/realsense2_camera_msgs/share/ament_index/resource_index/rosidl_interfaces/realsense2_camera_msgs
[0.562s] -- Up-to-date: /root/openpifpaf_ros2/install/realsense2_camera_msgs/include/realsense2_camera_msgs
[0.562s] -- Up-to-date: /root/openpifpaf_ros2/install/realsense2_camera_msgs/include/realsense2_camera_msgs/srv
[0.563s] -- Up-to-date: /root/openpifpaf_ros2/install/realsense2_camera_msgs/include/realsense2_camera_msgs/srv/detail
[0.563s] -- Up-to-date: /root/openpifpaf_ros2/install/realsense2_camera_msgs/include/realsense2_camera_msgs/srv/detail/device_info__struct.h
[0.563s] -- Up-to-date: /root/openpifpaf_ros2/install/realsense2_camera_msgs/include/realsense2_camera_msgs/srv/detail/device_info__type_support.h
[0.563s] -- Up-to-date: /root/openpifpaf_ros2/install/realsense2_camera_msgs/include/realsense2_camera_msgs/srv/detail/device_info__functions.c
[0.563s] -- Up-to-date: /root/openpifpaf_ros2/install/realsense2_camera_msgs/include/realsense2_camera_msgs/srv/detail/device_info__functions.h
[0.563s] -- Up-to-date: /root/openpifpaf_ros2/install/realsense2_camera_msgs/include/realsense2_camera_msgs/srv/device_info.h
[0.563s] -- Up-to-date: /root/openpifpaf_ros2/install/realsense2_camera_msgs/include/realsense2_camera_msgs/msg
[0.563s] -- Up-to-date: /root/openpifpaf_ros2/install/realsense2_camera_msgs/include/realsense2_camera_msgs/msg/rosidl_generator_c__visibility_control.h
[0.563s] -- Up-to-date: /root/openpifpaf_ros2/install/realsense2_camera_msgs/include/realsense2_camera_msgs/msg/detail
[0.564s] -- Up-to-date: /root/openpifpaf_ros2/install/realsense2_camera_msgs/include/realsense2_camera_msgs/msg/detail/imu_info__functions.c
[0.564s] -- Up-to-date: /root/openpifpaf_ros2/install/realsense2_camera_msgs/include/realsense2_camera_msgs/msg/detail/extrinsics__struct.h
[0.564s] -- Up-to-date: /root/openpifpaf_ros2/install/realsense2_camera_msgs/include/realsense2_camera_msgs/msg/detail/extrinsics__functions.h
[0.564s] -- Up-to-date: /root/openpifpaf_ros2/install/realsense2_camera_msgs/include/realsense2_camera_msgs/msg/detail/imu_info__functions.h
[0.564s] -- Up-to-date: /root/openpifpaf_ros2/install/realsense2_camera_msgs/include/realsense2_camera_msgs/msg/detail/imu_info__struct.h
[0.564s] -- Up-to-date: /root/openpifpaf_ros2/install/realsense2_camera_msgs/include/realsense2_camera_msgs/msg/detail/metadata__type_support.h
[0.564s] -- Up-to-date: /root/openpifpaf_ros2/install/realsense2_camera_msgs/include/realsense2_camera_msgs/msg/detail/extrinsics__functions.c
[0.564s] -- Up-to-date: /root/openpifpaf_ros2/install/realsense2_camera_msgs/include/realsense2_camera_msgs/msg/detail/extrinsics__type_support.h
[0.564s] -- Up-to-date: /root/openpifpaf_ros2/install/realsense2_camera_msgs/include/realsense2_camera_msgs/msg/detail/metadata__struct.h
[0.564s] -- Up-to-date: /root/openpifpaf_ros2/install/realsense2_camera_msgs/include/realsense2_camera_msgs/msg/detail/imu_info__type_support.h
[0.564s] -- Up-to-date: /root/openpifpaf_ros2/install/realsense2_camera_msgs/include/realsense2_camera_msgs/msg/detail/metadata__functions.h
[0.565s] -- Up-to-date: /root/openpifpaf_ros2/install/realsense2_camera_msgs/include/realsense2_camera_msgs/msg/detail/metadata__functions.c
[0.565s] -- Up-to-date: /root/openpifpaf_ros2/install/realsense2_camera_msgs/include/realsense2_camera_msgs/msg/metadata.h
[0.565s] -- Up-to-date: /root/openpifpaf_ros2/install/realsense2_camera_msgs/include/realsense2_camera_msgs/msg/imu_info.h
[0.565s] -- Up-to-date: /root/openpifpaf_ros2/install/realsense2_camera_msgs/include/realsense2_camera_msgs/msg/extrinsics.h
[0.565s] -- Up-to-date: /root/openpifpaf_ros2/install/realsense2_camera_msgs/share/realsense2_camera_msgs/environment/library_path.sh
[0.565s] -- Up-to-date: /root/openpifpaf_ros2/install/realsense2_camera_msgs/share/realsense2_camera_msgs/environment/library_path.dsv
[0.565s] -- Up-to-date: /root/openpifpaf_ros2/install/realsense2_camera_msgs/lib/librealsense2_camera_msgs__rosidl_generator_c.so
[0.566s] -- Up-to-date: /root/openpifpaf_ros2/install/realsense2_camera_msgs/include/realsense2_camera_msgs
[0.566s] -- Up-to-date: /root/openpifpaf_ros2/install/realsense2_camera_msgs/include/realsense2_camera_msgs/srv
[0.566s] -- Up-to-date: /root/openpifpaf_ros2/install/realsense2_camera_msgs/include/realsense2_camera_msgs/srv/detail
[0.566s] -- Up-to-date: /root/openpifpaf_ros2/install/realsense2_camera_msgs/include/realsense2_camera_msgs/srv/detail/device_info__rosidl_typesupport_fastrtps_c.h
[0.566s] -- Up-to-date: /root/openpifpaf_ros2/install/realsense2_camera_msgs/include/realsense2_camera_msgs/msg
[0.566s] -- Up-to-date: /root/openpifpaf_ros2/install/realsense2_camera_msgs/include/realsense2_camera_msgs/msg/detail
[0.566s] -- Up-to-date: /root/openpifpaf_ros2/install/realsense2_camera_msgs/include/realsense2_camera_msgs/msg/detail/extrinsics__rosidl_typesupport_fastrtps_c.h
[0.566s] -- Up-to-date: /root/openpifpaf_ros2/install/realsense2_camera_msgs/include/realsense2_camera_msgs/msg/detail/metadata__rosidl_typesupport_fastrtps_c.h
[0.566s] -- Up-to-date: /root/openpifpaf_ros2/install/realsense2_camera_msgs/include/realsense2_camera_msgs/msg/detail/imu_info__rosidl_typesupport_fastrtps_c.h
[0.567s] -- Up-to-date: /root/openpifpaf_ros2/install/realsense2_camera_msgs/include/realsense2_camera_msgs/msg/rosidl_typesupport_fastrtps_c__visibility_control.h
[0.567s] -- Up-to-date: /root/openpifpaf_ros2/install/realsense2_camera_msgs/lib/librealsense2_camera_msgs__rosidl_typesupport_fastrtps_c.so
[0.567s] -- Up-to-date: /root/openpifpaf_ros2/install/realsense2_camera_msgs/include/realsense2_camera_msgs
[0.567s] -- Up-to-date: /root/openpifpaf_ros2/install/realsense2_camera_msgs/include/realsense2_camera_msgs/srv
[0.568s] -- Up-to-date: /root/openpifpaf_ros2/install/realsense2_camera_msgs/include/realsense2_camera_msgs/srv/detail
[0.568s] -- Up-to-date: /root/openpifpaf_ros2/install/realsense2_camera_msgs/include/realsense2_camera_msgs/srv/detail/dds_fastrtps
[0.568s] -- Up-to-date: /root/openpifpaf_ros2/install/realsense2_camera_msgs/include/realsense2_camera_msgs/srv/detail/device_info__rosidl_typesupport_fastrtps_cpp.hpp
[0.568s] -- Up-to-date: /root/openpifpaf_ros2/install/realsense2_camera_msgs/include/realsense2_camera_msgs/msg
[0.568s] -- Up-to-date: /root/openpifpaf_ros2/install/realsense2_camera_msgs/include/realsense2_camera_msgs/msg/detail
[0.568s] -- Up-to-date: /root/openpifpaf_ros2/install/realsense2_camera_msgs/include/realsense2_camera_msgs/msg/detail/imu_info__rosidl_typesupport_fastrtps_cpp.hpp
[0.568s] -- Up-to-date: /root/openpifpaf_ros2/install/realsense2_camera_msgs/include/realsense2_camera_msgs/msg/detail/extrinsics__rosidl_typesupport_fastrtps_cpp.hpp
[0.568s] -- Up-to-date: /root/openpifpaf_ros2/install/realsense2_camera_msgs/include/realsense2_camera_msgs/msg/detail/metadata__rosidl_typesupport_fastrtps_cpp.hpp
[0.568s] -- Up-to-date: /root/openpifpaf_ros2/install/realsense2_camera_msgs/include/realsense2_camera_msgs/msg/detail/dds_fastrtps
[0.568s] -- Up-to-date: /root/openpifpaf_ros2/install/realsense2_camera_msgs/include/realsense2_camera_msgs/msg/rosidl_typesupport_fastrtps_cpp__visibility_control.h
[0.569s] -- Up-to-date: /root/openpifpaf_ros2/install/realsense2_camera_msgs/lib/librealsense2_camera_msgs__rosidl_typesupport_fastrtps_cpp.so
[0.569s] -- Up-to-date: /root/openpifpaf_ros2/install/realsense2_camera_msgs/include/realsense2_camera_msgs
[0.569s] -- Up-to-date: /root/openpifpaf_ros2/install/realsense2_camera_msgs/include/realsense2_camera_msgs/srv
[0.569s] -- Up-to-date: /root/openpifpaf_ros2/install/realsense2_camera_msgs/include/realsense2_camera_msgs/srv/detail
[0.569s] -- Up-to-date: /root/openpifpaf_ros2/install/realsense2_camera_msgs/include/realsense2_camera_msgs/srv/detail/device_info__type_support.c
[0.569s] -- Up-to-date: /root/openpifpaf_ros2/install/realsense2_camera_msgs/include/realsense2_camera_msgs/srv/detail/device_info__rosidl_typesupport_introspection_c.h
[0.569s] -- Up-to-date: /root/openpifpaf_ros2/install/realsense2_camera_msgs/include/realsense2_camera_msgs/msg
[0.569s] -- Up-to-date: /root/openpifpaf_ros2/install/realsense2_camera_msgs/include/realsense2_camera_msgs/msg/detail
[0.569s] -- Up-to-date: /root/openpifpaf_ros2/install/realsense2_camera_msgs/include/realsense2_camera_msgs/msg/detail/metadata__rosidl_typesupport_introspection_c.h
[0.569s] -- Up-to-date: /root/openpifpaf_ros2/install/realsense2_camera_msgs/include/realsense2_camera_msgs/msg/detail/metadata__type_support.c
[0.570s] -- Up-to-date: /root/openpifpaf_ros2/install/realsense2_camera_msgs/include/realsense2_camera_msgs/msg/detail/extrinsics__rosidl_typesupport_introspection_c.h
[0.570s] -- Up-to-date: /root/openpifpaf_ros2/install/realsense2_camera_msgs/include/realsense2_camera_msgs/msg/detail/imu_info__rosidl_typesupport_introspection_c.h
[0.570s] -- Up-to-date: /root/openpifpaf_ros2/install/realsense2_camera_msgs/include/realsense2_camera_msgs/msg/detail/imu_info__type_support.c
[0.570s] -- Up-to-date: /root/openpifpaf_ros2/install/realsense2_camera_msgs/include/realsense2_camera_msgs/msg/detail/extrinsics__type_support.c
[0.570s] -- Up-to-date: /root/openpifpaf_ros2/install/realsense2_camera_msgs/include/realsense2_camera_msgs/msg/rosidl_typesupport_introspection_c__visibility_control.h
[0.570s] -- Up-to-date: /root/openpifpaf_ros2/install/realsense2_camera_msgs/lib/librealsense2_camera_msgs__rosidl_typesupport_introspection_c.so
[0.570s] -- Up-to-date: /root/openpifpaf_ros2/install/realsense2_camera_msgs/lib/librealsense2_camera_msgs__rosidl_typesupport_c.so
[0.571s] -- Up-to-date: /root/openpifpaf_ros2/install/realsense2_camera_msgs/include/realsense2_camera_msgs
[0.571s] -- Up-to-date: /root/openpifpaf_ros2/install/realsense2_camera_msgs/include/realsense2_camera_msgs/srv
[0.571s] -- Up-to-date: /root/openpifpaf_ros2/install/realsense2_camera_msgs/include/realsense2_camera_msgs/srv/device_info.hpp
[0.571s] -- Up-to-date: /root/openpifpaf_ros2/install/realsense2_camera_msgs/include/realsense2_camera_msgs/srv/detail
[0.571s] -- Up-to-date: /root/openpifpaf_ros2/install/realsense2_camera_msgs/include/realsense2_camera_msgs/srv/detail/device_info__struct.hpp
[0.571s] -- Up-to-date: /root/openpifpaf_ros2/install/realsense2_camera_msgs/include/realsense2_camera_msgs/srv/detail/device_info__traits.hpp
[0.571s] -- Up-to-date: /root/openpifpaf_ros2/install/realsense2_camera_msgs/include/realsense2_camera_msgs/srv/detail/device_info__builder.hpp
[0.571s] -- Up-to-date: /root/openpifpaf_ros2/install/realsense2_camera_msgs/include/realsense2_camera_msgs/msg
[0.572s] -- Up-to-date: /root/openpifpaf_ros2/install/realsense2_camera_msgs/include/realsense2_camera_msgs/msg/detail
[0.572s] -- Up-to-date: /root/openpifpaf_ros2/install/realsense2_camera_msgs/include/realsense2_camera_msgs/msg/detail/metadata__builder.hpp
[0.572s] -- Up-to-date: /root/openpifpaf_ros2/install/realsense2_camera_msgs/include/realsense2_camera_msgs/msg/detail/extrinsics__struct.hpp
[0.572s] -- Up-to-date: /root/openpifpaf_ros2/install/realsense2_camera_msgs/include/realsense2_camera_msgs/msg/detail/metadata__struct.hpp
[0.572s] -- Up-to-date: /root/openpifpaf_ros2/install/realsense2_camera_msgs/include/realsense2_camera_msgs/msg/detail/metadata__traits.hpp
[0.572s] -- Up-to-date: /root/openpifpaf_ros2/install/realsense2_camera_msgs/include/realsense2_camera_msgs/msg/detail/imu_info__builder.hpp
[0.572s] -- Up-to-date: /root/openpifpaf_ros2/install/realsense2_camera_msgs/include/realsense2_camera_msgs/msg/detail/imu_info__struct.hpp
[0.572s] -- Up-to-date: /root/openpifpaf_ros2/install/realsense2_camera_msgs/include/realsense2_camera_msgs/msg/detail/extrinsics__builder.hpp
[0.572s] -- Up-to-date: /root/openpifpaf_ros2/install/realsense2_camera_msgs/include/realsense2_camera_msgs/msg/detail/extrinsics__traits.hpp
[0.572s] -- Up-to-date: /root/openpifpaf_ros2/install/realsense2_camera_msgs/include/realsense2_camera_msgs/msg/detail/imu_info__traits.hpp
[0.572s] -- Up-to-date: /root/openpifpaf_ros2/install/realsense2_camera_msgs/include/realsense2_camera_msgs/msg/metadata.hpp
[0.572s] -- Up-to-date: /root/openpifpaf_ros2/install/realsense2_camera_msgs/include/realsense2_camera_msgs/msg/imu_info.hpp
[0.572s] -- Up-to-date: /root/openpifpaf_ros2/install/realsense2_camera_msgs/include/realsense2_camera_msgs/msg/extrinsics.hpp
[0.572s] -- Up-to-date: /root/openpifpaf_ros2/install/realsense2_camera_msgs/include/realsense2_camera_msgs
[0.573s] -- Up-to-date: /root/openpifpaf_ros2/install/realsense2_camera_msgs/include/realsense2_camera_msgs/srv
[0.573s] -- Up-to-date: /root/openpifpaf_ros2/install/realsense2_camera_msgs/include/realsense2_camera_msgs/srv/detail
[0.573s] -- Up-to-date: /root/openpifpaf_ros2/install/realsense2_camera_msgs/include/realsense2_camera_msgs/srv/detail/device_info__type_support.cpp
[0.573s] -- Up-to-date: /root/openpifpaf_ros2/install/realsense2_camera_msgs/include/realsense2_camera_msgs/srv/detail/device_info__rosidl_typesupport_introspection_cpp.hpp
[0.573s] -- Up-to-date: /root/openpifpaf_ros2/install/realsense2_camera_msgs/include/realsense2_camera_msgs/msg
[0.573s] -- Up-to-date: /root/openpifpaf_ros2/install/realsense2_camera_msgs/include/realsense2_camera_msgs/msg/detail
[0.573s] -- Up-to-date: /root/openpifpaf_ros2/install/realsense2_camera_msgs/include/realsense2_camera_msgs/msg/detail/imu_info__type_support.cpp
[0.573s] -- Up-to-date: /root/openpifpaf_ros2/install/realsense2_camera_msgs/include/realsense2_camera_msgs/msg/detail/metadata__type_support.cpp
[0.573s] -- Up-to-date: /root/openpifpaf_ros2/install/realsense2_camera_msgs/include/realsense2_camera_msgs/msg/detail/metadata__rosidl_typesupport_introspection_cpp.hpp
[0.573s] -- Up-to-date: /root/openpifpaf_ros2/install/realsense2_camera_msgs/include/realsense2_camera_msgs/msg/detail/extrinsics__type_support.cpp
[0.573s] -- Up-to-date: /root/openpifpaf_ros2/install/realsense2_camera_msgs/include/realsense2_camera_msgs/msg/detail/imu_info__rosidl_typesupport_introspection_cpp.hpp
[0.573s] -- Up-to-date: /root/openpifpaf_ros2/install/realsense2_camera_msgs/include/realsense2_camera_msgs/msg/detail/extrinsics__rosidl_typesupport_introspection_cpp.hpp
[0.573s] -- Up-to-date: /root/openpifpaf_ros2/install/realsense2_camera_msgs/lib/librealsense2_camera_msgs__rosidl_typesupport_introspection_cpp.so
[0.574s] -- Up-to-date: /root/openpifpaf_ros2/install/realsense2_camera_msgs/lib/librealsense2_camera_msgs__rosidl_typesupport_cpp.so
[0.574s] -- Up-to-date: /root/openpifpaf_ros2/install/realsense2_camera_msgs/share/realsense2_camera_msgs/environment/pythonpath.sh
[0.574s] -- Up-to-date: /root/openpifpaf_ros2/install/realsense2_camera_msgs/share/realsense2_camera_msgs/environment/pythonpath.dsv
[0.574s] -- Up-to-date: /root/openpifpaf_ros2/install/realsense2_camera_msgs/lib/python3.8/site-packages/realsense2_camera_msgs/__init__.py
[0.610s] -- Up-to-date: /root/openpifpaf_ros2/install/realsense2_camera_msgs/lib/python3.8/site-packages/realsense2_camera_msgs/msg
[0.610s] -- Up-to-date: /root/openpifpaf_ros2/install/realsense2_camera_msgs/lib/python3.8/site-packages/realsense2_camera_msgs/msg/_extrinsics.py
[0.610s] -- Up-to-date: /root/openpifpaf_ros2/install/realsense2_camera_msgs/lib/python3.8/site-packages/realsense2_camera_msgs/msg/_metadata.py
[0.611s] -- Up-to-date: /root/openpifpaf_ros2/install/realsense2_camera_msgs/lib/python3.8/site-packages/realsense2_camera_msgs/msg/_metadata_s.c
[0.611s] -- Up-to-date: /root/openpifpaf_ros2/install/realsense2_camera_msgs/lib/python3.8/site-packages/realsense2_camera_msgs/msg/_imu_info_s.c
[0.611s] -- Up-to-date: /root/openpifpaf_ros2/install/realsense2_camera_msgs/lib/python3.8/site-packages/realsense2_camera_msgs/msg/_extrinsics_s.c
[0.611s] -- Up-to-date: /root/openpifpaf_ros2/install/realsense2_camera_msgs/lib/python3.8/site-packages/realsense2_camera_msgs/msg/__init__.py
[0.611s] -- Up-to-date: /root/openpifpaf_ros2/install/realsense2_camera_msgs/lib/python3.8/site-packages/realsense2_camera_msgs/msg/_imu_info.py
[0.611s] -- Up-to-date: /root/openpifpaf_ros2/install/realsense2_camera_msgs/lib/python3.8/site-packages/realsense2_camera_msgs/srv
[0.611s] -- Up-to-date: /root/openpifpaf_ros2/install/realsense2_camera_msgs/lib/python3.8/site-packages/realsense2_camera_msgs/srv/_device_info.py
[0.611s] -- Up-to-date: /root/openpifpaf_ros2/install/realsense2_camera_msgs/lib/python3.8/site-packages/realsense2_camera_msgs/srv/_device_info_s.c
[0.611s] -- Up-to-date: /root/openpifpaf_ros2/install/realsense2_camera_msgs/lib/python3.8/site-packages/realsense2_camera_msgs/srv/__init__.py
[0.612s] -- Up-to-date: /root/openpifpaf_ros2/install/realsense2_camera_msgs/lib/python3.8/site-packages/realsense2_camera_msgs/realsense2_camera_msgs_s__rosidl_typesupport_fastrtps_c.cpython-38-x86_64-linux-gnu.so
[0.613s] -- Up-to-date: /root/openpifpaf_ros2/install/realsense2_camera_msgs/lib/python3.8/site-packages/realsense2_camera_msgs/realsense2_camera_msgs_s__rosidl_typesupport_introspection_c.cpython-38-x86_64-linux-gnu.so
[0.614s] -- Up-to-date: /root/openpifpaf_ros2/install/realsense2_camera_msgs/lib/python3.8/site-packages/realsense2_camera_msgs/realsense2_camera_msgs_s__rosidl_typesupport_c.cpython-38-x86_64-linux-gnu.so
[0.615s] -- Up-to-date: /root/openpifpaf_ros2/install/realsense2_camera_msgs/lib/librealsense2_camera_msgs__python.so
[0.616s] -- Up-to-date: /root/openpifpaf_ros2/install/realsense2_camera_msgs/share/realsense2_camera_msgs/msg/IMUInfo.idl
[0.616s] -- Up-to-date: /root/openpifpaf_ros2/install/realsense2_camera_msgs/share/realsense2_camera_msgs/msg/Extrinsics.idl
[0.616s] -- Up-to-date: /root/openpifpaf_ros2/install/realsense2_camera_msgs/share/realsense2_camera_msgs/msg/Metadata.idl
[0.616s] -- Up-to-date: /root/openpifpaf_ros2/install/realsense2_camera_msgs/share/realsense2_camera_msgs/srv/DeviceInfo.idl
[0.617s] -- Up-to-date: /root/openpifpaf_ros2/install/realsense2_camera_msgs/share/realsense2_camera_msgs/msg/IMUInfo.msg
[0.617s] -- Up-to-date: /root/openpifpaf_ros2/install/realsense2_camera_msgs/share/realsense2_camera_msgs/msg/Extrinsics.msg
[0.617s] -- Up-to-date: /root/openpifpaf_ros2/install/realsense2_camera_msgs/share/realsense2_camera_msgs/msg/Metadata.msg
[0.617s] -- Up-to-date: /root/openpifpaf_ros2/install/realsense2_camera_msgs/share/realsense2_camera_msgs/srv/DeviceInfo.srv
[0.617s] -- Up-to-date: /root/openpifpaf_ros2/install/realsense2_camera_msgs/share/realsense2_camera_msgs/srv/DeviceInfo_Request.msg
[0.617s] -- Up-to-date: /root/openpifpaf_ros2/install/realsense2_camera_msgs/share/realsense2_camera_msgs/srv/DeviceInfo_Response.msg
[0.617s] -- Up-to-date: /root/openpifpaf_ros2/install/realsense2_camera_msgs/share/ament_index/resource_index/package_run_dependencies/realsense2_camera_msgs
[0.617s] -- Up-to-date: /root/openpifpaf_ros2/install/realsense2_camera_msgs/share/ament_index/resource_index/parent_prefix_path/realsense2_camera_msgs
[0.618s] -- Up-to-date: /root/openpifpaf_ros2/install/realsense2_camera_msgs/share/realsense2_camera_msgs/environment/ament_prefix_path.sh
[0.618s] -- Up-to-date: /root/openpifpaf_ros2/install/realsense2_camera_msgs/share/realsense2_camera_msgs/environment/ament_prefix_path.dsv
[0.618s] -- Up-to-date: /root/openpifpaf_ros2/install/realsense2_camera_msgs/share/realsense2_camera_msgs/environment/path.sh
[0.618s] -- Up-to-date: /root/openpifpaf_ros2/install/realsense2_camera_msgs/share/realsense2_camera_msgs/environment/path.dsv
[0.618s] -- Up-to-date: /root/openpifpaf_ros2/install/realsense2_camera_msgs/share/realsense2_camera_msgs/local_setup.bash
[0.618s] -- Up-to-date: /root/openpifpaf_ros2/install/realsense2_camera_msgs/share/realsense2_camera_msgs/local_setup.sh
[0.618s] -- Up-to-date: /root/openpifpaf_ros2/install/realsense2_camera_msgs/share/realsense2_camera_msgs/local_setup.zsh
[0.618s] -- Up-to-date: /root/openpifpaf_ros2/install/realsense2_camera_msgs/share/realsense2_camera_msgs/local_setup.dsv
[0.618s] -- Installing: /root/openpifpaf_ros2/install/realsense2_camera_msgs/share/realsense2_camera_msgs/package.dsv
[0.619s] -- Up-to-date: /root/openpifpaf_ros2/install/realsense2_camera_msgs/share/ament_index/resource_index/packages/realsense2_camera_msgs
[0.620s] -- Up-to-date: /root/openpifpaf_ros2/install/realsense2_camera_msgs/share/realsense2_camera_msgs/cmake/realsense2_camera_msgs__rosidl_generator_cExport.cmake
[0.620s] -- Up-to-date: /root/openpifpaf_ros2/install/realsense2_camera_msgs/share/realsense2_camera_msgs/cmake/realsense2_camera_msgs__rosidl_generator_cExport-noconfig.cmake
[0.621s] -- Up-to-date: /root/openpifpaf_ros2/install/realsense2_camera_msgs/share/realsense2_camera_msgs/cmake/realsense2_camera_msgs__rosidl_typesupport_introspection_cExport.cmake
[0.621s] -- Up-to-date: /root/openpifpaf_ros2/install/realsense2_camera_msgs/share/realsense2_camera_msgs/cmake/realsense2_camera_msgs__rosidl_typesupport_introspection_cExport-noconfig.cmake
[0.622s] -- Up-to-date: /root/openpifpaf_ros2/install/realsense2_camera_msgs/share/realsense2_camera_msgs/cmake/realsense2_camera_msgs__rosidl_typesupport_cExport.cmake
[0.622s] -- Up-to-date: /root/openpifpaf_ros2/install/realsense2_camera_msgs/share/realsense2_camera_msgs/cmake/realsense2_camera_msgs__rosidl_typesupport_cExport-noconfig.cmake
[0.623s] -- Up-to-date: /root/openpifpaf_ros2/install/realsense2_camera_msgs/share/realsense2_camera_msgs/cmake/realsense2_camera_msgs__rosidl_generator_cppExport.cmake
[0.623s] -- Up-to-date: /root/openpifpaf_ros2/install/realsense2_camera_msgs/share/realsense2_camera_msgs/cmake/realsense2_camera_msgs__rosidl_typesupport_introspection_cppExport.cmake
[0.623s] -- Up-to-date: /root/openpifpaf_ros2/install/realsense2_camera_msgs/share/realsense2_camera_msgs/cmake/realsense2_camera_msgs__rosidl_typesupport_introspection_cppExport-noconfig.cmake
[0.624s] -- Up-to-date: /root/openpifpaf_ros2/install/realsense2_camera_msgs/share/realsense2_camera_msgs/cmake/realsense2_camera_msgs__rosidl_typesupport_cppExport.cmake
[0.624s] -- Up-to-date: /root/openpifpaf_ros2/install/realsense2_camera_msgs/share/realsense2_camera_msgs/cmake/realsense2_camera_msgs__rosidl_typesupport_cppExport-noconfig.cmake
[0.625s] -- Up-to-date: /root/openpifpaf_ros2/install/realsense2_camera_msgs/share/realsense2_camera_msgs/cmake/rosidl_cmake-extras.cmake
[0.625s] -- Up-to-date: /root/openpifpaf_ros2/install/realsense2_camera_msgs/share/realsense2_camera_msgs/cmake/ament_cmake_export_dependencies-extras.cmake
[0.625s] -- Up-to-date: /root/openpifpaf_ros2/install/realsense2_camera_msgs/share/realsense2_camera_msgs/cmake/ament_cmake_export_libraries-extras.cmake
[0.625s] -- Up-to-date: /root/openpifpaf_ros2/install/realsense2_camera_msgs/share/realsense2_camera_msgs/cmake/ament_cmake_export_targets-extras.cmake
[0.625s] -- Up-to-date: /root/openpifpaf_ros2/install/realsense2_camera_msgs/share/realsense2_camera_msgs/cmake/ament_cmake_export_include_directories-extras.cmake
[0.625s] -- Up-to-date: /root/openpifpaf_ros2/install/realsense2_camera_msgs/share/realsense2_camera_msgs/cmake/rosidl_cmake_export_typesupport_libraries-extras.cmake
[0.625s] -- Up-to-date: /root/openpifpaf_ros2/install/realsense2_camera_msgs/share/realsense2_camera_msgs/cmake/rosidl_cmake_export_typesupport_targets-extras.cmake
[0.625s] -- Up-to-date: /root/openpifpaf_ros2/install/realsense2_camera_msgs/share/realsense2_camera_msgs/cmake/realsense2_camera_msgsConfig.cmake
[0.626s] -- Up-to-date: /root/openpifpaf_ros2/install/realsense2_camera_msgs/share/realsense2_camera_msgs/cmake/realsense2_camera_msgsConfig-version.cmake
[0.626s] -- Up-to-date: /root/openpifpaf_ros2/install/realsense2_camera_msgs/share/realsense2_camera_msgs/package.xml
[0.630s] Invoked command in '/root/openpifpaf_ros2/build/realsense2_camera_msgs' returned '0': CMAKE_PREFIX_PATH=${CMAKE_PREFIX_PATH}:/root/openpifpaf_ros2/install/rgbd_openpifpaf_ros2:/root/openpifpaf_ros2/install/pose_checker:/root/openpifpaf_ros2/install/openpifpaf_ros2_node:/root/Pose_waypointmaker/install/tf2_pifpaf:/root/Pose_waypointmaker/install/ros2_pifpaf:/opt/ros/foxy _=/usr/bin/env /usr/bin/cmake --install /root/openpifpaf_ros2/build/realsense2_camera_msgs
