[0.286s] Invoking command in '/root/openpifpaf_ros2/build/realsense2_description': CMAKE_PREFIX_PATH=/root/openpifpaf_ros2/install/realsense2_camera_msgs:/root/openpifpaf_ros2/install/realsense2_description:/root/openpifpaf_ros2/install/realsense2_camera:/root/openpifpaf_ros2/install/openpifpaf_ros2_msgs:/root/openpifpaf_ros2/install/rgbd_openpifpaf_ros2:/root/openpifpaf_ros2/install/pose_checker:/root/openpifpaf_ros2/install/openpifpaf_ros2_node:/opt/ros/foxy LD_LIBRARY_PATH=/root/openpifpaf_ros2/install/realsense2_camera_msgs/lib:/root/openpifpaf_ros2/install/realsense2_camera/lib:/root/openpifpaf_ros2/install/openpifpaf_ros2_msgs/lib:/usr/lib/x86_64-linux-gnu/gazebo-11/plugins:/opt/ros/foxy/opt/yaml_cpp_vendor/lib:/opt/ros/foxy/opt/rviz_ogre_vendor/lib:/opt/ros/foxy/lib/x86_64-linux-gnu:/opt/ros/foxy/lib:/usr/local/11.3.0/lib64:/usr/local/nvidia/lib:/usr/local/nvidia/lib64 PYTHONPATH=/root/openpifpaf_ros2/install/realsense2_camera_msgs/lib/python3.8/site-packages:/root/openpifpaf_ros2/install/rgbd_openpifpaf_ros2/lib/python3.8/site-packages:/root/openpifpaf_ros2/install/pose_checker/lib/python3.8/site-packages:/root/openpifpaf_ros2/install/openpifpaf_ros2_node/lib/python3.8/site-packages:/root/openpifpaf_ros2/install/openpifpaf_ros2_msgs/lib/python3.8/site-packages:/opt/ros/foxy/lib/python3.8/site-packages _=/usr/bin/env /usr/bin/cmake --build /root/openpifpaf_ros2/build/realsense2_description -- -j12 -l12
[0.838s] Invoked command in '/root/openpifpaf_ros2/build/realsense2_description' returned '0': CMAKE_PREFIX_PATH=/root/openpifpaf_ros2/install/realsense2_camera_msgs:/root/openpifpaf_ros2/install/realsense2_description:/root/openpifpaf_ros2/install/realsense2_camera:/root/openpifpaf_ros2/install/openpifpaf_ros2_msgs:/root/openpifpaf_ros2/install/rgbd_openpifpaf_ros2:/root/openpifpaf_ros2/install/pose_checker:/root/openpifpaf_ros2/install/openpifpaf_ros2_node:/opt/ros/foxy LD_LIBRARY_PATH=/root/openpifpaf_ros2/install/realsense2_camera_msgs/lib:/root/openpifpaf_ros2/install/realsense2_camera/lib:/root/openpifpaf_ros2/install/openpifpaf_ros2_msgs/lib:/usr/lib/x86_64-linux-gnu/gazebo-11/plugins:/opt/ros/foxy/opt/yaml_cpp_vendor/lib:/opt/ros/foxy/opt/rviz_ogre_vendor/lib:/opt/ros/foxy/lib/x86_64-linux-gnu:/opt/ros/foxy/lib:/usr/local/11.3.0/lib64:/usr/local/nvidia/lib:/usr/local/nvidia/lib64 PYTHONPATH=/root/openpifpaf_ros2/install/realsense2_camera_msgs/lib/python3.8/site-packages:/root/openpifpaf_ros2/install/rgbd_openpifpaf_ros2/lib/python3.8/site-packages:/root/openpifpaf_ros2/install/pose_checker/lib/python3.8/site-packages:/root/openpifpaf_ros2/install/openpifpaf_ros2_node/lib/python3.8/site-packages:/root/openpifpaf_ros2/install/openpifpaf_ros2_msgs/lib/python3.8/site-packages:/opt/ros/foxy/lib/python3.8/site-packages _=/usr/bin/env /usr/bin/cmake --build /root/openpifpaf_ros2/build/realsense2_description -- -j12 -l12
[3.791s] Invoking command in '/root/openpifpaf_ros2/build/realsense2_description': CMAKE_PREFIX_PATH=/root/openpifpaf_ros2/install/realsense2_camera_msgs:/root/openpifpaf_ros2/install/realsense2_description:/root/openpifpaf_ros2/install/realsense2_camera:/root/openpifpaf_ros2/install/openpifpaf_ros2_msgs:/root/openpifpaf_ros2/install/rgbd_openpifpaf_ros2:/root/openpifpaf_ros2/install/pose_checker:/root/openpifpaf_ros2/install/openpifpaf_ros2_node:/opt/ros/foxy LD_LIBRARY_PATH=/root/openpifpaf_ros2/install/realsense2_camera_msgs/lib:/root/openpifpaf_ros2/install/realsense2_camera/lib:/root/openpifpaf_ros2/install/openpifpaf_ros2_msgs/lib:/usr/lib/x86_64-linux-gnu/gazebo-11/plugins:/opt/ros/foxy/opt/yaml_cpp_vendor/lib:/opt/ros/foxy/opt/rviz_ogre_vendor/lib:/opt/ros/foxy/lib/x86_64-linux-gnu:/opt/ros/foxy/lib:/usr/local/11.3.0/lib64:/usr/local/nvidia/lib:/usr/local/nvidia/lib64 PYTHONPATH=/root/openpifpaf_ros2/install/realsense2_camera_msgs/lib/python3.8/site-packages:/root/openpifpaf_ros2/install/rgbd_openpifpaf_ros2/lib/python3.8/site-packages:/root/openpifpaf_ros2/install/pose_checker/lib/python3.8/site-packages:/root/openpifpaf_ros2/install/openpifpaf_ros2_node/lib/python3.8/site-packages:/root/openpifpaf_ros2/install/openpifpaf_ros2_msgs/lib/python3.8/site-packages:/opt/ros/foxy/lib/python3.8/site-packages _=/usr/bin/env /usr/bin/cmake --install /root/openpifpaf_ros2/build/realsense2_description
[3.861s] -- Install configuration: ""
[3.866s] -- Up-to-date: /root/openpifpaf_ros2/install/realsense2_description/share/realsense2_description/launch
[3.867s] -- Up-to-date: /root/openpifpaf_ros2/install/realsense2_description/share/realsense2_description/launch/view_model.launch.py
[3.869s] -- Up-to-date: /root/openpifpaf_ros2/install/realsense2_description/share/realsense2_description/launch/launch_utils.py
[3.879s] -- Up-to-date: /root/openpifpaf_ros2/install/realsense2_description/share/realsense2_description/meshes
[3.888s] -- Up-to-date: /root/openpifpaf_ros2/install/realsense2_description/share/realsense2_description/meshes/d455.stl
[3.892s] -- Up-to-date: /root/openpifpaf_ros2/install/realsense2_description/share/realsense2_description/meshes/plug.stl
[3.903s] -- Up-to-date: /root/openpifpaf_ros2/install/realsense2_description/share/realsense2_description/meshes/d435.dae
[3.904s] -- Up-to-date: /root/openpifpaf_ros2/install/realsense2_description/share/realsense2_description/meshes/plug_collision.stl
[3.904s] -- Up-to-date: /root/openpifpaf_ros2/install/realsense2_description/share/realsense2_description/meshes/d415.stl
[3.905s] -- Up-to-date: /root/openpifpaf_ros2/install/realsense2_description/share/realsense2_description/meshes/l515.dae
[3.906s] -- Up-to-date: /root/openpifpaf_ros2/install/realsense2_description/share/realsense2_description/rviz
[3.906s] -- Up-to-date: /root/openpifpaf_ros2/install/realsense2_description/share/realsense2_description/rviz/urdf.rviz
[3.907s] -- Up-to-date: /root/openpifpaf_ros2/install/realsense2_description/share/realsense2_description/urdf
[3.908s] -- Up-to-date: /root/openpifpaf_ros2/install/realsense2_description/share/realsense2_description/urdf/_d455.urdf.xacro
[3.908s] -- Up-to-date: /root/openpifpaf_ros2/install/realsense2_description/share/realsense2_description/urdf/test_d415_camera.urdf.xacro
[3.909s] -- Up-to-date: /root/openpifpaf_ros2/install/realsense2_description/share/realsense2_description/urdf/_d435i.urdf.xacro
[3.909s] -- Up-to-date: /root/openpifpaf_ros2/install/realsense2_description/share/realsense2_description/urdf/_d435i_imu_modules.urdf.xacro
[3.911s] -- Up-to-date: /root/openpifpaf_ros2/install/realsense2_description/share/realsense2_description/urdf/test_r430_camera.urdf.xacro
[3.917s] -- Up-to-date: /root/openpifpaf_ros2/install/realsense2_description/share/realsense2_description/urdf/_materials.urdf.xacro
[3.918s] -- Up-to-date: /root/openpifpaf_ros2/install/realsense2_description/share/realsense2_description/urdf/_r410.urdf.xacro
[3.919s] -- Up-to-date: /root/openpifpaf_ros2/install/realsense2_description/share/realsense2_description/urdf/test_r410_camera.urdf.xacro
[3.919s] -- Up-to-date: /root/openpifpaf_ros2/install/realsense2_description/share/realsense2_description/urdf/test_l515_camera.urdf.xacro
[3.920s] -- Up-to-date: /root/openpifpaf_ros2/install/realsense2_description/share/realsense2_description/urdf/_r430.urdf.xacro
[3.921s] -- Up-to-date: /root/openpifpaf_ros2/install/realsense2_description/share/realsense2_description/urdf/test_d435i_camera.urdf.xacro
[3.923s] -- Up-to-date: /root/openpifpaf_ros2/install/realsense2_description/share/realsense2_description/urdf/test_d435_camera.urdf.xacro
[3.924s] -- Up-to-date: /root/openpifpaf_ros2/install/realsense2_description/share/realsense2_description/urdf/_d415.urdf.xacro
[3.927s] -- Up-to-date: /root/openpifpaf_ros2/install/realsense2_description/share/realsense2_description/urdf/_l515.urdf.xacro
[3.929s] -- Up-to-date: /root/openpifpaf_ros2/install/realsense2_description/share/realsense2_description/urdf/_usb_plug.urdf.xacro
[3.936s] -- Up-to-date: /root/openpifpaf_ros2/install/realsense2_description/share/realsense2_description/urdf/test_d435_multiple_cameras.urdf.xacro
[3.937s] -- Up-to-date: /root/openpifpaf_ros2/install/realsense2_description/share/realsense2_description/urdf/_d435.urdf.xacro
[3.938s] -- Up-to-date: /root/openpifpaf_ros2/install/realsense2_description/share/realsense2_description/urdf/test_d455_camera.urdf.xacro
[3.938s] -- Up-to-date: /root/openpifpaf_ros2/install/realsense2_description/share/ament_index/resource_index/package_run_dependencies/realsense2_description
[3.939s] -- Up-to-date: /root/openpifpaf_ros2/install/realsense2_description/share/ament_index/resource_index/parent_prefix_path/realsense2_description
[3.940s] -- Up-to-date: /root/openpifpaf_ros2/install/realsense2_description/share/realsense2_description/environment/ament_prefix_path.sh
[3.944s] -- Up-to-date: /root/openpifpaf_ros2/install/realsense2_description/share/realsense2_description/environment/ament_prefix_path.dsv
[3.945s] -- Up-to-date: /root/openpifpaf_ros2/install/realsense2_description/share/realsense2_description/environment/path.sh
[3.945s] -- Up-to-date: /root/openpifpaf_ros2/install/realsense2_description/share/realsense2_description/environment/path.dsv
[3.946s] -- Up-to-date: /root/openpifpaf_ros2/install/realsense2_description/share/realsense2_description/local_setup.bash
[3.947s] -- Up-to-date: /root/openpifpaf_ros2/install/realsense2_description/share/realsense2_description/local_setup.sh
[3.950s] -- Up-to-date: /root/openpifpaf_ros2/install/realsense2_description/share/realsense2_description/local_setup.zsh
[3.951s] -- Up-to-date: /root/openpifpaf_ros2/install/realsense2_description/share/realsense2_description/local_setup.dsv
[3.951s] -- Installing: /root/openpifpaf_ros2/install/realsense2_description/share/realsense2_description/package.dsv
[3.952s] -- Up-to-date: /root/openpifpaf_ros2/install/realsense2_description/share/ament_index/resource_index/packages/realsense2_description
[3.961s] -- Up-to-date: /root/openpifpaf_ros2/install/realsense2_description/share/realsense2_description/cmake/realsense2_descriptionConfig.cmake
[3.962s] -- Up-to-date: /root/openpifpaf_ros2/install/realsense2_description/share/realsense2_description/cmake/realsense2_descriptionConfig-version.cmake
[3.963s] -- Up-to-date: /root/openpifpaf_ros2/install/realsense2_description/share/realsense2_description/package.xml
[4.044s] Invoked command in '/root/openpifpaf_ros2/build/realsense2_description' returned '0': CMAKE_PREFIX_PATH=/root/openpifpaf_ros2/install/realsense2_camera_msgs:/root/openpifpaf_ros2/install/realsense2_description:/root/openpifpaf_ros2/install/realsense2_camera:/root/openpifpaf_ros2/install/openpifpaf_ros2_msgs:/root/openpifpaf_ros2/install/rgbd_openpifpaf_ros2:/root/openpifpaf_ros2/install/pose_checker:/root/openpifpaf_ros2/install/openpifpaf_ros2_node:/opt/ros/foxy LD_LIBRARY_PATH=/root/openpifpaf_ros2/install/realsense2_camera_msgs/lib:/root/openpifpaf_ros2/install/realsense2_camera/lib:/root/openpifpaf_ros2/install/openpifpaf_ros2_msgs/lib:/usr/lib/x86_64-linux-gnu/gazebo-11/plugins:/opt/ros/foxy/opt/yaml_cpp_vendor/lib:/opt/ros/foxy/opt/rviz_ogre_vendor/lib:/opt/ros/foxy/lib/x86_64-linux-gnu:/opt/ros/foxy/lib:/usr/local/11.3.0/lib64:/usr/local/nvidia/lib:/usr/local/nvidia/lib64 PYTHONPATH=/root/openpifpaf_ros2/install/realsense2_camera_msgs/lib/python3.8/site-packages:/root/openpifpaf_ros2/install/rgbd_openpifpaf_ros2/lib/python3.8/site-packages:/root/openpifpaf_ros2/install/pose_checker/lib/python3.8/site-packages:/root/openpifpaf_ros2/install/openpifpaf_ros2_node/lib/python3.8/site-packages:/root/openpifpaf_ros2/install/openpifpaf_ros2_msgs/lib/python3.8/site-packages:/opt/ros/foxy/lib/python3.8/site-packages _=/usr/bin/env /usr/bin/cmake --install /root/openpifpaf_ros2/build/realsense2_description
