[0.152s] Invoking command in '/root/openpifpaf_ros2/build/realsense2_camera': CMAKE_PREFIX_PATH=/root/openpifpaf_ros2/install/realsense2_camera_msgs:/root/openpifpaf_ros2/install/realsense2_description:/root/openpifpaf_ros2/install/realsense2_camera:/root/openpifpaf_ros2/install/openpifpaf_ros2_msgs:/root/openpifpaf_ros2/install/rgbd_openpifpaf_ros2:/root/openpifpaf_ros2/install/pose_checker:/root/openpifpaf_ros2/install/openpifpaf_ros2_node:/opt/ros/foxy LD_LIBRARY_PATH=/root/openpifpaf_ros2/install/realsense2_camera_msgs/lib:/root/openpifpaf_ros2/install/realsense2_camera/lib:/root/openpifpaf_ros2/install/openpifpaf_ros2_msgs/lib:/usr/lib/x86_64-linux-gnu/gazebo-11/plugins:/opt/ros/foxy/opt/yaml_cpp_vendor/lib:/opt/ros/foxy/opt/rviz_ogre_vendor/lib:/opt/ros/foxy/lib/x86_64-linux-gnu:/opt/ros/foxy/lib:/usr/local/11.3.0/lib64:/usr/local/nvidia/lib:/usr/local/nvidia/lib64 PYTHONPATH=/root/openpifpaf_ros2/install/realsense2_camera_msgs/lib/python3.8/site-packages:/root/openpifpaf_ros2/install/rgbd_openpifpaf_ros2/lib/python3.8/site-packages:/root/openpifpaf_ros2/install/pose_checker/lib/python3.8/site-packages:/root/openpifpaf_ros2/install/openpifpaf_ros2_node/lib/python3.8/site-packages:/root/openpifpaf_ros2/install/openpifpaf_ros2_msgs/lib/python3.8/site-packages:/opt/ros/foxy/lib/python3.8/site-packages _=/usr/bin/env /usr/bin/cmake --build /root/openpifpaf_ros2/build/realsense2_camera -- -j12 -l12
[0.597s] [ 25%] Built target realsense2_camera_node
[0.723s] [100%] Built target realsense2_camera
[3.156s] Invoked command in '/root/openpifpaf_ros2/build/realsense2_camera' returned '0': CMAKE_PREFIX_PATH=/root/openpifpaf_ros2/install/realsense2_camera_msgs:/root/openpifpaf_ros2/install/realsense2_description:/root/openpifpaf_ros2/install/realsense2_camera:/root/openpifpaf_ros2/install/openpifpaf_ros2_msgs:/root/openpifpaf_ros2/install/rgbd_openpifpaf_ros2:/root/openpifpaf_ros2/install/pose_checker:/root/openpifpaf_ros2/install/openpifpaf_ros2_node:/opt/ros/foxy LD_LIBRARY_PATH=/root/openpifpaf_ros2/install/realsense2_camera_msgs/lib:/root/openpifpaf_ros2/install/realsense2_camera/lib:/root/openpifpaf_ros2/install/openpifpaf_ros2_msgs/lib:/usr/lib/x86_64-linux-gnu/gazebo-11/plugins:/opt/ros/foxy/opt/yaml_cpp_vendor/lib:/opt/ros/foxy/opt/rviz_ogre_vendor/lib:/opt/ros/foxy/lib/x86_64-linux-gnu:/opt/ros/foxy/lib:/usr/local/11.3.0/lib64:/usr/local/nvidia/lib:/usr/local/nvidia/lib64 PYTHONPATH=/root/openpifpaf_ros2/install/realsense2_camera_msgs/lib/python3.8/site-packages:/root/openpifpaf_ros2/install/rgbd_openpifpaf_ros2/lib/python3.8/site-packages:/root/openpifpaf_ros2/install/pose_checker/lib/python3.8/site-packages:/root/openpifpaf_ros2/install/openpifpaf_ros2_node/lib/python3.8/site-packages:/root/openpifpaf_ros2/install/openpifpaf_ros2_msgs/lib/python3.8/site-packages:/opt/ros/foxy/lib/python3.8/site-packages _=/usr/bin/env /usr/bin/cmake --build /root/openpifpaf_ros2/build/realsense2_camera -- -j12 -l12
[3.414s] Invoking command in '/root/openpifpaf_ros2/build/realsense2_camera': CMAKE_PREFIX_PATH=/root/openpifpaf_ros2/install/realsense2_camera_msgs:/root/openpifpaf_ros2/install/realsense2_description:/root/openpifpaf_ros2/install/realsense2_camera:/root/openpifpaf_ros2/install/openpifpaf_ros2_msgs:/root/openpifpaf_ros2/install/rgbd_openpifpaf_ros2:/root/openpifpaf_ros2/install/pose_checker:/root/openpifpaf_ros2/install/openpifpaf_ros2_node:/opt/ros/foxy LD_LIBRARY_PATH=/root/openpifpaf_ros2/install/realsense2_camera_msgs/lib:/root/openpifpaf_ros2/install/realsense2_camera/lib:/root/openpifpaf_ros2/install/openpifpaf_ros2_msgs/lib:/usr/lib/x86_64-linux-gnu/gazebo-11/plugins:/opt/ros/foxy/opt/yaml_cpp_vendor/lib:/opt/ros/foxy/opt/rviz_ogre_vendor/lib:/opt/ros/foxy/lib/x86_64-linux-gnu:/opt/ros/foxy/lib:/usr/local/11.3.0/lib64:/usr/local/nvidia/lib:/usr/local/nvidia/lib64 PYTHONPATH=/root/openpifpaf_ros2/install/realsense2_camera_msgs/lib/python3.8/site-packages:/root/openpifpaf_ros2/install/rgbd_openpifpaf_ros2/lib/python3.8/site-packages:/root/openpifpaf_ros2/install/pose_checker/lib/python3.8/site-packages:/root/openpifpaf_ros2/install/openpifpaf_ros2_node/lib/python3.8/site-packages:/root/openpifpaf_ros2/install/openpifpaf_ros2_msgs/lib/python3.8/site-packages:/opt/ros/foxy/lib/python3.8/site-packages _=/usr/bin/env /usr/bin/cmake --install /root/openpifpaf_ros2/build/realsense2_camera
[3.474s] -- Install configuration: "Release"
[3.474s] -- Up-to-date: /root/openpifpaf_ros2/install/realsense2_camera/lib/realsense2_camera/realsense2_camera_node
[3.475s] -- Up-to-date: /root/openpifpaf_ros2/install/realsense2_camera/lib/librealsense2_camera.so
[3.478s] -- Up-to-date: /root/openpifpaf_ros2/install/realsense2_camera/include
[3.479s] -- Up-to-date: /root/openpifpaf_ros2/install/realsense2_camera/include/dynamic_params.h
[3.482s] -- Up-to-date: /root/openpifpaf_ros2/install/realsense2_camera/include/realsense_node_factory.h
[3.483s] -- Up-to-date: /root/openpifpaf_ros2/install/realsense2_camera/include/t265_realsense_node.h
[3.484s] -- Up-to-date: /root/openpifpaf_ros2/install/realsense2_camera/include/constants.h
[3.485s] -- Up-to-date: /root/openpifpaf_ros2/install/realsense2_camera/include/ros_param_backend.h
[3.487s] -- Up-to-date: /root/openpifpaf_ros2/install/realsense2_camera/include/base_realsense_node.h
[3.488s] -- Up-to-date: /root/openpifpaf_ros2/install/realsense2_camera/share/realsense2_camera/launch
[3.490s] -- Up-to-date: /root/openpifpaf_ros2/install/realsense2_camera/share/realsense2_camera/launch/demo_t265_launch.py
[3.491s] -- Up-to-date: /root/openpifpaf_ros2/install/realsense2_camera/share/realsense2_camera/launch/default.rviz
[3.492s] -- Up-to-date: /root/openpifpaf_ros2/install/realsense2_camera/share/realsense2_camera/launch/rs_launch.py
[3.493s] -- Up-to-date: /root/openpifpaf_ros2/install/realsense2_camera/share/realsense2_camera/launch/rs_d400_and_t265_launch.py
[3.494s] -- Up-to-date: /root/openpifpaf_ros2/install/realsense2_camera/share/realsense2_camera/launch/rs_t265_launch.py
[3.495s] -- Up-to-date: /root/openpifpaf_ros2/install/realsense2_camera/share/realsense2_camera/launch/demo_pointcloud_launch.py
[3.495s] -- Up-to-date: /root/openpifpaf_ros2/install/realsense2_camera/share/realsense2_camera/launch/rs_multi_camera_launch.py
[3.496s] -- Up-to-date: /root/openpifpaf_ros2/install/realsense2_camera/share/realsense2_camera/config
[3.497s] -- Up-to-date: /root/openpifpaf_ros2/install/realsense2_camera/share/realsense2_camera/config/d435i.yaml
[3.498s] -- Up-to-date: /root/openpifpaf_ros2/install/realsense2_camera/share/realsense2_camera/rviz
[3.498s] -- Up-to-date: /root/openpifpaf_ros2/install/realsense2_camera/share/realsense2_camera/rviz/t265.rviz
[3.499s] -- Up-to-date: /root/openpifpaf_ros2/install/realsense2_camera/share/realsense2_camera/rviz/pointcloud.rviz
[3.500s] -- Up-to-date: /root/openpifpaf_ros2/install/realsense2_camera/share/realsense2_camera/environment/library_path.sh
[3.500s] -- Up-to-date: /root/openpifpaf_ros2/install/realsense2_camera/share/realsense2_camera/environment/library_path.dsv
[3.510s] -- Up-to-date: /root/openpifpaf_ros2/install/realsense2_camera/share/ament_index/resource_index/package_run_dependencies/realsense2_camera
[3.511s] -- Up-to-date: /root/openpifpaf_ros2/install/realsense2_camera/share/ament_index/resource_index/parent_prefix_path/realsense2_camera
[3.513s] -- Up-to-date: /root/openpifpaf_ros2/install/realsense2_camera/share/realsense2_camera/environment/ament_prefix_path.sh
[3.515s] -- Up-to-date: /root/openpifpaf_ros2/install/realsense2_camera/share/realsense2_camera/environment/ament_prefix_path.dsv
[3.516s] -- Up-to-date: /root/openpifpaf_ros2/install/realsense2_camera/share/realsense2_camera/environment/path.sh
[3.517s] -- Up-to-date: /root/openpifpaf_ros2/install/realsense2_camera/share/realsense2_camera/environment/path.dsv
[3.518s] -- Up-to-date: /root/openpifpaf_ros2/install/realsense2_camera/share/realsense2_camera/local_setup.bash
[3.519s] -- Up-to-date: /root/openpifpaf_ros2/install/realsense2_camera/share/realsense2_camera/local_setup.sh
[3.521s] -- Up-to-date: /root/openpifpaf_ros2/install/realsense2_camera/share/realsense2_camera/local_setup.zsh
[3.522s] -- Up-to-date: /root/openpifpaf_ros2/install/realsense2_camera/share/realsense2_camera/local_setup.dsv
[3.523s] -- Installing: /root/openpifpaf_ros2/install/realsense2_camera/share/realsense2_camera/package.dsv
[3.527s] -- Up-to-date: /root/openpifpaf_ros2/install/realsense2_camera/share/ament_index/resource_index/packages/realsense2_camera
[3.537s] -- Up-to-date: /root/openpifpaf_ros2/install/realsense2_camera/share/ament_index/resource_index/rclcpp_components/realsense2_camera
[3.541s] -- Up-to-date: /root/openpifpaf_ros2/install/realsense2_camera/share/realsense2_camera/cmake/ament_cmake_export_include_directories-extras.cmake
[3.542s] -- Up-to-date: /root/openpifpaf_ros2/install/realsense2_camera/share/realsense2_camera/cmake/ament_cmake_export_libraries-extras.cmake
[3.544s] -- Up-to-date: /root/openpifpaf_ros2/install/realsense2_camera/share/realsense2_camera/cmake/ament_cmake_export_dependencies-extras.cmake
[3.546s] -- Up-to-date: /root/openpifpaf_ros2/install/realsense2_camera/share/realsense2_camera/cmake/realsense2_cameraConfig.cmake
[3.547s] -- Up-to-date: /root/openpifpaf_ros2/install/realsense2_camera/share/realsense2_camera/cmake/realsense2_cameraConfig-version.cmake
[3.548s] -- Up-to-date: /root/openpifpaf_ros2/install/realsense2_camera/share/realsense2_camera/package.xml
[3.569s] Invoked command in '/root/openpifpaf_ros2/build/realsense2_camera' returned '0': CMAKE_PREFIX_PATH=/root/openpifpaf_ros2/install/realsense2_camera_msgs:/root/openpifpaf_ros2/install/realsense2_description:/root/openpifpaf_ros2/install/realsense2_camera:/root/openpifpaf_ros2/install/openpifpaf_ros2_msgs:/root/openpifpaf_ros2/install/rgbd_openpifpaf_ros2:/root/openpifpaf_ros2/install/pose_checker:/root/openpifpaf_ros2/install/openpifpaf_ros2_node:/opt/ros/foxy LD_LIBRARY_PATH=/root/openpifpaf_ros2/install/realsense2_camera_msgs/lib:/root/openpifpaf_ros2/install/realsense2_camera/lib:/root/openpifpaf_ros2/install/openpifpaf_ros2_msgs/lib:/usr/lib/x86_64-linux-gnu/gazebo-11/plugins:/opt/ros/foxy/opt/yaml_cpp_vendor/lib:/opt/ros/foxy/opt/rviz_ogre_vendor/lib:/opt/ros/foxy/lib/x86_64-linux-gnu:/opt/ros/foxy/lib:/usr/local/11.3.0/lib64:/usr/local/nvidia/lib:/usr/local/nvidia/lib64 PYTHONPATH=/root/openpifpaf_ros2/install/realsense2_camera_msgs/lib/python3.8/site-packages:/root/openpifpaf_ros2/install/rgbd_openpifpaf_ros2/lib/python3.8/site-packages:/root/openpifpaf_ros2/install/pose_checker/lib/python3.8/site-packages:/root/openpifpaf_ros2/install/openpifpaf_ros2_node/lib/python3.8/site-packages:/root/openpifpaf_ros2/install/openpifpaf_ros2_msgs/lib/python3.8/site-packages:/opt/ros/foxy/lib/python3.8/site-packages _=/usr/bin/env /usr/bin/cmake --install /root/openpifpaf_ros2/build/realsense2_camera
