[1.331s] Invoking command in '/root/openpifpaf_ros2/src/pose_checker': PYTHONPATH=/root/openpifpaf_ros2/install/pose_checker/lib/python3.8/site-packages:${PYTHONPATH} _=/usr/bin/env /usr/bin/python3 setup.py egg_info --egg-base ../../build/pose_checker build --build-base /root/openpifpaf_ros2/build/pose_checker/build install --prefix /root/openpifpaf_ros2/install/pose_checker --record /root/openpifpaf_ros2/build/pose_checker/install.log --single-version-externally-managed
[1.829s] running egg_info
[1.830s] writing ../../build/pose_checker/pose_checker.egg-info/PKG-INFO
[1.830s] writing dependency_links to ../../build/pose_checker/pose_checker.egg-info/dependency_links.txt
[1.830s] writing entry points to ../../build/pose_checker/pose_checker.egg-info/entry_points.txt
[1.831s] writing requirements to ../../build/pose_checker/pose_checker.egg-info/requires.txt
[1.831s] writing top-level names to ../../build/pose_checker/pose_checker.egg-info/top_level.txt
[1.921s] reading manifest file '../../build/pose_checker/pose_checker.egg-info/SOURCES.txt'
[1.922s] writing manifest file '../../build/pose_checker/pose_checker.egg-info/SOURCES.txt'
[1.922s] running build
[1.923s] running build_py
[1.923s] copying pose_checker/pose_checker.py -> /root/openpifpaf_ros2/build/pose_checker/build/lib/pose_checker
[1.923s] running install
[1.924s] running install_lib
[1.926s] copying /root/openpifpaf_ros2/build/pose_checker/build/lib/pose_checker/pose_checker.py -> /root/openpifpaf_ros2/install/pose_checker/lib/python3.8/site-packages/pose_checker
[1.927s] byte-compiling /root/openpifpaf_ros2/install/pose_checker/lib/python3.8/site-packages/pose_checker/pose_checker.py to pose_checker.cpython-38.pyc
[1.930s] running install_data
[1.931s] running install_egg_info
[1.933s] removing '/root/openpifpaf_ros2/install/pose_checker/lib/python3.8/site-packages/pose_checker-0.0.0-py3.8.egg-info' (and everything under it)
[1.934s] Copying ../../build/pose_checker/pose_checker.egg-info to /root/openpifpaf_ros2/install/pose_checker/lib/python3.8/site-packages/pose_checker-0.0.0-py3.8.egg-info
[1.935s] running install_scripts
[1.963s] Installing pose_checker script to /root/openpifpaf_ros2/install/pose_checker/lib/pose_checker
[1.963s] writing list of installed files to '/root/openpifpaf_ros2/build/pose_checker/install.log'
[2.119s] Invoked command in '/root/openpifpaf_ros2/src/pose_checker' returned '0': PYTHONPATH=/root/openpifpaf_ros2/install/pose_checker/lib/python3.8/site-packages:${PYTHONPATH} _=/usr/bin/env /usr/bin/python3 setup.py egg_info --egg-base ../../build/pose_checker build --build-base /root/openpifpaf_ros2/build/pose_checker/build install --prefix /root/openpifpaf_ros2/install/pose_checker --record /root/openpifpaf_ros2/build/pose_checker/install.log --single-version-externally-managed
