[0.487s] Invoking command in '/root/openpifpaf_ros2/build/realsense2_description': CMAKE_PREFIX_PATH=/root/openpifpaf_ros2/install/realsense2_camera_msgs:/root/openpifpaf_ros2/install/realsense2_description:/root/openpifpaf_ros2/install/realsense2_camera:/root/openpifpaf_ros2/install/openpifpaf_ros2_msgs:/root/openpifpaf_ros2/install/rgbd_openpifpaf_ros2:/root/openpifpaf_ros2/install/pose_checker:/root/openpifpaf_ros2/install/openpifpaf_ros2_node:/opt/ros/foxy LD_LIBRARY_PATH=/root/openpifpaf_ros2/install/realsense2_camera_msgs/lib:/root/openpifpaf_ros2/install/realsense2_camera/lib:/root/openpifpaf_ros2/install/openpifpaf_ros2_msgs/lib:/usr/lib/x86_64-linux-gnu/gazebo-11/plugins:/opt/ros/foxy/opt/yaml_cpp_vendor/lib:/opt/ros/foxy/opt/rviz_ogre_vendor/lib:/opt/ros/foxy/lib/x86_64-linux-gnu:/opt/ros/foxy/lib:/usr/local/11.3.0/lib64:/usr/local/nvidia/lib:/usr/local/nvidia/lib64 PYTHONPATH=/root/openpifpaf_ros2/install/realsense2_camera_msgs/lib/python3.8/site-packages:/root/openpifpaf_ros2/install/rgbd_openpifpaf_ros2/lib/python3.8/site-packages:/root/openpifpaf_ros2/install/pose_checker/lib/python3.8/site-packages:/root/openpifpaf_ros2/install/openpifpaf_ros2_node/lib/python3.8/site-packages:/root/openpifpaf_ros2/install/openpifpaf_ros2_msgs/lib/python3.8/site-packages:/opt/ros/foxy/lib/python3.8/site-packages _=/usr/bin/env /usr/bin/cmake --build /root/openpifpaf_ros2/build/realsense2_description -- -j12 -l12
[1.909s] Invoked command in '/root/openpifpaf_ros2/build/realsense2_description' returned '0': CMAKE_PREFIX_PATH=/root/openpifpaf_ros2/install/realsense2_camera_msgs:/root/openpifpaf_ros2/install/realsense2_description:/root/openpifpaf_ros2/install/realsense2_camera:/root/openpifpaf_ros2/install/openpifpaf_ros2_msgs:/root/openpifpaf_ros2/install/rgbd_openpifpaf_ros2:/root/openpifpaf_ros2/install/pose_checker:/root/openpifpaf_ros2/install/openpifpaf_ros2_node:/opt/ros/foxy LD_LIBRARY_PATH=/root/openpifpaf_ros2/install/realsense2_camera_msgs/lib:/root/openpifpaf_ros2/install/realsense2_camera/lib:/root/openpifpaf_ros2/install/openpifpaf_ros2_msgs/lib:/usr/lib/x86_64-linux-gnu/gazebo-11/plugins:/opt/ros/foxy/opt/yaml_cpp_vendor/lib:/opt/ros/foxy/opt/rviz_ogre_vendor/lib:/opt/ros/foxy/lib/x86_64-linux-gnu:/opt/ros/foxy/lib:/usr/local/11.3.0/lib64:/usr/local/nvidia/lib:/usr/local/nvidia/lib64 PYTHONPATH=/root/openpifpaf_ros2/install/realsense2_camera_msgs/lib/python3.8/site-packages:/root/openpifpaf_ros2/install/rgbd_openpifpaf_ros2/lib/python3.8/site-packages:/root/openpifpaf_ros2/install/pose_checker/lib/python3.8/site-packages:/root/openpifpaf_ros2/install/openpifpaf_ros2_node/lib/python3.8/site-packages:/root/openpifpaf_ros2/install/openpifpaf_ros2_msgs/lib/python3.8/site-packages:/opt/ros/foxy/lib/python3.8/site-packages _=/usr/bin/env /usr/bin/cmake --build /root/openpifpaf_ros2/build/realsense2_description -- -j12 -l12
[3.398s] Invoking command in '/root/openpifpaf_ros2/build/realsense2_description': CMAKE_PREFIX_PATH=/root/openpifpaf_ros2/install/realsense2_camera_msgs:/root/openpifpaf_ros2/install/realsense2_description:/root/openpifpaf_ros2/install/realsense2_camera:/root/openpifpaf_ros2/install/openpifpaf_ros2_msgs:/root/openpifpaf_ros2/install/rgbd_openpifpaf_ros2:/root/openpifpaf_ros2/install/pose_checker:/root/openpifpaf_ros2/install/openpifpaf_ros2_node:/opt/ros/foxy LD_LIBRARY_PATH=/root/openpifpaf_ros2/install/realsense2_camera_msgs/lib:/root/openpifpaf_ros2/install/realsense2_camera/lib:/root/openpifpaf_ros2/install/openpifpaf_ros2_msgs/lib:/usr/lib/x86_64-linux-gnu/gazebo-11/plugins:/opt/ros/foxy/opt/yaml_cpp_vendor/lib:/opt/ros/foxy/opt/rviz_ogre_vendor/lib:/opt/ros/foxy/lib/x86_64-linux-gnu:/opt/ros/foxy/lib:/usr/local/11.3.0/lib64:/usr/local/nvidia/lib:/usr/local/nvidia/lib64 PYTHONPATH=/root/openpifpaf_ros2/install/realsense2_camera_msgs/lib/python3.8/site-packages:/root/openpifpaf_ros2/install/rgbd_openpifpaf_ros2/lib/python3.8/site-packages:/root/openpifpaf_ros2/install/pose_checker/lib/python3.8/site-packages:/root/openpifpaf_ros2/install/openpifpaf_ros2_node/lib/python3.8/site-packages:/root/openpifpaf_ros2/install/openpifpaf_ros2_msgs/lib/python3.8/site-packages:/opt/ros/foxy/lib/python3.8/site-packages _=/usr/bin/env /usr/bin/cmake --install /root/openpifpaf_ros2/build/realsense2_description
[3.462s] -- Install configuration: ""
[3.463s] -- Up-to-date: /root/openpifpaf_ros2/install/realsense2_description/share/realsense2_description/launch
[3.464s] -- Up-to-date: /root/openpifpaf_ros2/install/realsense2_description/share/realsense2_description/launch/view_model.launch.py
[3.465s] -- Up-to-date: /root/openpifpaf_ros2/install/realsense2_description/share/realsense2_description/launch/launch_utils.py
[3.465s] -- Up-to-date: /root/openpifpaf_ros2/install/realsense2_description/share/realsense2_description/meshes
[3.466s] -- Up-to-date: /root/openpifpaf_ros2/install/realsense2_description/share/realsense2_description/meshes/d455.stl
[3.466s] -- Up-to-date: /root/openpifpaf_ros2/install/realsense2_description/share/realsense2_description/meshes/plug.stl
[3.467s] -- Up-to-date: /root/openpifpaf_ros2/install/realsense2_description/share/realsense2_description/meshes/d435.dae
[3.468s] -- Up-to-date: /root/openpifpaf_ros2/install/realsense2_description/share/realsense2_description/meshes/plug_collision.stl
[3.468s] -- Up-to-date: /root/openpifpaf_ros2/install/realsense2_description/share/realsense2_description/meshes/d415.stl
[3.469s] -- Up-to-date: /root/openpifpaf_ros2/install/realsense2_description/share/realsense2_description/meshes/l515.dae
[3.470s] -- Up-to-date: /root/openpifpaf_ros2/install/realsense2_description/share/realsense2_description/rviz
[3.485s] -- Up-to-date: /root/openpifpaf_ros2/install/realsense2_description/share/realsense2_description/rviz/urdf.rviz
[3.486s] -- Up-to-date: /root/openpifpaf_ros2/install/realsense2_description/share/realsense2_description/urdf
[3.486s] -- Up-to-date: /root/openpifpaf_ros2/install/realsense2_description/share/realsense2_description/urdf/_d455.urdf.xacro
[3.487s] -- Up-to-date: /root/openpifpaf_ros2/install/realsense2_description/share/realsense2_description/urdf/test_d415_camera.urdf.xacro
[3.488s] -- Up-to-date: /root/openpifpaf_ros2/install/realsense2_description/share/realsense2_description/urdf/_d435i.urdf.xacro
[3.488s] -- Up-to-date: /root/openpifpaf_ros2/install/realsense2_description/share/realsense2_description/urdf/_d435i_imu_modules.urdf.xacro
[3.489s] -- Up-to-date: /root/openpifpaf_ros2/install/realsense2_description/share/realsense2_description/urdf/test_r430_camera.urdf.xacro
[3.490s] -- Up-to-date: /root/openpifpaf_ros2/install/realsense2_description/share/realsense2_description/urdf/_materials.urdf.xacro
[3.490s] -- Up-to-date: /root/openpifpaf_ros2/install/realsense2_description/share/realsense2_description/urdf/_r410.urdf.xacro
[3.491s] -- Up-to-date: /root/openpifpaf_ros2/install/realsense2_description/share/realsense2_description/urdf/test_r410_camera.urdf.xacro
[3.492s] -- Up-to-date: /root/openpifpaf_ros2/install/realsense2_description/share/realsense2_description/urdf/test_l515_camera.urdf.xacro
[3.492s] -- Up-to-date: /root/openpifpaf_ros2/install/realsense2_description/share/realsense2_description/urdf/_r430.urdf.xacro
[3.493s] -- Up-to-date: /root/openpifpaf_ros2/install/realsense2_description/share/realsense2_description/urdf/test_d435i_camera.urdf.xacro
[3.494s] -- Up-to-date: /root/openpifpaf_ros2/install/realsense2_description/share/realsense2_description/urdf/test_d435_camera.urdf.xacro
[3.495s] -- Up-to-date: /root/openpifpaf_ros2/install/realsense2_description/share/realsense2_description/urdf/_d415.urdf.xacro
[3.501s] -- Up-to-date: /root/openpifpaf_ros2/install/realsense2_description/share/realsense2_description/urdf/_l515.urdf.xacro
[3.502s] -- Up-to-date: /root/openpifpaf_ros2/install/realsense2_description/share/realsense2_description/urdf/_usb_plug.urdf.xacro
[3.503s] -- Up-to-date: /root/openpifpaf_ros2/install/realsense2_description/share/realsense2_description/urdf/test_d435_multiple_cameras.urdf.xacro
[3.504s] -- Up-to-date: /root/openpifpaf_ros2/install/realsense2_description/share/realsense2_description/urdf/_d435.urdf.xacro
[3.506s] -- Up-to-date: /root/openpifpaf_ros2/install/realsense2_description/share/realsense2_description/urdf/test_d455_camera.urdf.xacro
[3.507s] -- Up-to-date: /root/openpifpaf_ros2/install/realsense2_description/share/ament_index/resource_index/package_run_dependencies/realsense2_description
[3.512s] -- Up-to-date: /root/openpifpaf_ros2/install/realsense2_description/share/ament_index/resource_index/parent_prefix_path/realsense2_description
[3.513s] -- Up-to-date: /root/openpifpaf_ros2/install/realsense2_description/share/realsense2_description/environment/ament_prefix_path.sh
[3.514s] -- Up-to-date: /root/openpifpaf_ros2/install/realsense2_description/share/realsense2_description/environment/ament_prefix_path.dsv
[3.515s] -- Up-to-date: /root/openpifpaf_ros2/install/realsense2_description/share/realsense2_description/environment/path.sh
[3.515s] -- Up-to-date: /root/openpifpaf_ros2/install/realsense2_description/share/realsense2_description/environment/path.dsv
[3.516s] -- Up-to-date: /root/openpifpaf_ros2/install/realsense2_description/share/realsense2_description/local_setup.bash
[3.517s] -- Up-to-date: /root/openpifpaf_ros2/install/realsense2_description/share/realsense2_description/local_setup.sh
[3.518s] -- Up-to-date: /root/openpifpaf_ros2/install/realsense2_description/share/realsense2_description/local_setup.zsh
[3.519s] -- Up-to-date: /root/openpifpaf_ros2/install/realsense2_description/share/realsense2_description/local_setup.dsv
[3.520s] -- Installing: /root/openpifpaf_ros2/install/realsense2_description/share/realsense2_description/package.dsv
[3.521s] -- Up-to-date: /root/openpifpaf_ros2/install/realsense2_description/share/ament_index/resource_index/packages/realsense2_description
[3.522s] -- Up-to-date: /root/openpifpaf_ros2/install/realsense2_description/share/realsense2_description/cmake/realsense2_descriptionConfig.cmake
[3.522s] -- Up-to-date: /root/openpifpaf_ros2/install/realsense2_description/share/realsense2_description/cmake/realsense2_descriptionConfig-version.cmake
[3.523s] -- Up-to-date: /root/openpifpaf_ros2/install/realsense2_description/share/realsense2_description/package.xml
[3.619s] Invoked command in '/root/openpifpaf_ros2/build/realsense2_description' returned '0': CMAKE_PREFIX_PATH=/root/openpifpaf_ros2/install/realsense2_camera_msgs:/root/openpifpaf_ros2/install/realsense2_description:/root/openpifpaf_ros2/install/realsense2_camera:/root/openpifpaf_ros2/install/openpifpaf_ros2_msgs:/root/openpifpaf_ros2/install/rgbd_openpifpaf_ros2:/root/openpifpaf_ros2/install/pose_checker:/root/openpifpaf_ros2/install/openpifpaf_ros2_node:/opt/ros/foxy LD_LIBRARY_PATH=/root/openpifpaf_ros2/install/realsense2_camera_msgs/lib:/root/openpifpaf_ros2/install/realsense2_camera/lib:/root/openpifpaf_ros2/install/openpifpaf_ros2_msgs/lib:/usr/lib/x86_64-linux-gnu/gazebo-11/plugins:/opt/ros/foxy/opt/yaml_cpp_vendor/lib:/opt/ros/foxy/opt/rviz_ogre_vendor/lib:/opt/ros/foxy/lib/x86_64-linux-gnu:/opt/ros/foxy/lib:/usr/local/11.3.0/lib64:/usr/local/nvidia/lib:/usr/local/nvidia/lib64 PYTHONPATH=/root/openpifpaf_ros2/install/realsense2_camera_msgs/lib/python3.8/site-packages:/root/openpifpaf_ros2/install/rgbd_openpifpaf_ros2/lib/python3.8/site-packages:/root/openpifpaf_ros2/install/pose_checker/lib/python3.8/site-packages:/root/openpifpaf_ros2/install/openpifpaf_ros2_node/lib/python3.8/site-packages:/root/openpifpaf_ros2/install/openpifpaf_ros2_msgs/lib/python3.8/site-packages:/opt/ros/foxy/lib/python3.8/site-packages _=/usr/bin/env /usr/bin/cmake --install /root/openpifpaf_ros2/build/realsense2_description
