[0.024s] Invoking command in '/root/openpifpaf_ros2/build/realsense2_camera': AMENT_PREFIX_PATH=/root/openpifpaf_ros2/install/realsense2_camera_msgs:${AMENT_PREFIX_PATH} CMAKE_PREFIX_PATH=/root/openpifpaf_ros2/install/realsense2_camera_msgs:/opt/ros/galactic LD_LIBRARY_PATH=/root/openpifpaf_ros2/install/realsense2_camera_msgs/lib:${LD_LIBRARY_PATH} PYTHONPATH=/root/openpifpaf_ros2/install/realsense2_camera_msgs/lib/python3.8/site-packages:${PYTHONPATH} /usr/bin/cmake --build /root/openpifpaf_ros2/build/realsense2_camera -- -j12 -l12
[0.060s] -- Create Release Build.
[0.062s] -- Found ament_cmake: 1.1.6 (/opt/ros/galactic/share/ament_cmake/cmake)
[0.089s] -- Using PYTHON_EXECUTABLE: /usr/bin/python3
[0.178s] -- Found builtin_interfaces: 1.0.3 (/opt/ros/galactic/share/builtin_interfaces/cmake)
[0.209s] -- Using all available rosidl_typesupport_c: rosidl_typesupport_fastrtps_c;rosidl_typesupport_introspection_c
[0.216s] -- Found rosidl_adapter: 2.2.3 (/opt/ros/galactic/share/rosidl_adapter/cmake)
[0.442s] -- Using all available rosidl_typesupport_cpp: rosidl_typesupport_fastrtps_cpp;rosidl_typesupport_introspection_cpp
[0.494s] -- Found cv_bridge: 3.1.3 (/opt/ros/galactic/share/cv_bridge/cmake)
[0.675s] -- Found image_transport: 2.5.1 (/opt/ros/galactic/share/image_transport/cmake)
[0.734s] -- Found rmw_implementation_cmake: 3.3.1 (/opt/ros/galactic/share/rmw_implementation_cmake/cmake)
[0.738s] -- Found rmw_cyclonedds_cpp: 0.22.6 (/opt/ros/galactic/share/rmw_cyclonedds_cpp/cmake)
[0.758s] -- Using RMW implementation 'rmw_cyclonedds_cpp' as default
[0.977s] -- Found rclcpp_components: 9.2.2 (/opt/ros/galactic/share/rclcpp_components/cmake)
[1.023s] -- Found realsense2_camera_msgs: 3.2.3 (/root/openpifpaf_ros2/install/realsense2_camera_msgs/share/realsense2_camera_msgs/cmake)
[1.060s] -- Found std_srvs: 2.2.4 (/opt/ros/galactic/share/std_srvs/cmake)
[1.070s] -- Found nav_msgs: 2.2.4 (/opt/ros/galactic/share/nav_msgs/cmake)
[1.138s] -- Found tf2_ros: 0.17.5 (/opt/ros/galactic/share/tf2_ros/cmake)
[1.422s] -- Found diagnostic_updater: 2.1.3 (/opt/ros/galactic/share/diagnostic_updater/cmake)
[1.486s] -- Build for ROS2 Galactic
[1.587s] -- Found ament_lint_auto: 0.10.7 (/opt/ros/galactic/share/ament_lint_auto/cmake)
[1.729s] -- Added test 'copyright' to check source files copyright and LICENSE
[1.733s] -- Added test 'cppcheck' to perform static code analysis on C / C++ code
[1.733s] -- Configured cppcheck include dirs: /root/openpifpaf_ros2/src/realsense-ros/realsense2_camera/include
[1.733s] -- Configured cppcheck exclude dirs and/or files: 
[1.736s] -- Added test 'cpplint' to check C / C++ code against the Google style
[1.736s] -- Configured cpplint exclude dirs and/or files: 
[1.736s] -- Added test 'flake8' to check Python code syntax and style conventions
[1.737s] -- Added test 'lint_cmake' to check CMake code style
[1.738s] -- Added test 'pep257' to check Python code against some of the style conventions in PEP 257
[1.742s] -- Added test 'uncrustify' to check C / C++ code style
[1.742s] -- Configured uncrustify additional arguments: 
[1.742s] -- Added test 'xmllint' to check XML markup files
[1.761s] -- Configuring done
[1.823s] -- Generating done
[1.824s] -- Build files have been written to: /root/openpifpaf_ros2/build/realsense2_camera
[1.853s] [35m[1mScanning dependencies of target realsense2_camera_node[0m
[1.863s] [35m[1mScanning dependencies of target realsense2_camera[0m
[1.900s] [ 12%] [32mBuilding CXX object CMakeFiles/realsense2_camera_node.dir/rclcpp_components/node_main_realsense2_camera_node.cpp.o[0m
[2.013s] [ 50%] [32mBuilding CXX object CMakeFiles/realsense2_camera.dir/src/realsense_node_factory.cpp.o[0m
[2.013s] [ 50%] [32mBuilding CXX object CMakeFiles/realsense2_camera.dir/src/t265_realsense_node.cpp.o[0m
[2.014s] [ 50%] [32mBuilding CXX object CMakeFiles/realsense2_camera.dir/src/base_realsense_node.cpp.o[0m
[2.016s] [ 62%] [32mBuilding CXX object CMakeFiles/realsense2_camera.dir/src/ros_param_backend_foxy.cpp.o[0m
[2.016s] [ 75%] [32mBuilding CXX object CMakeFiles/realsense2_camera.dir/src/dynamic_params.cpp.o[0m
[5.917s] [ 87%] [32m[1mLinking CXX executable realsense2_camera_node[0m
[6.048s] [ 87%] Built target realsense2_camera_node
[25.749s] [100%] [32m[1mLinking CXX shared library librealsense2_camera.so[0m
[26.432s] [100%] Built target realsense2_camera
[26.443s] Invoked command in '/root/openpifpaf_ros2/build/realsense2_camera' returned '0': AMENT_PREFIX_PATH=/root/openpifpaf_ros2/install/realsense2_camera_msgs:${AMENT_PREFIX_PATH} CMAKE_PREFIX_PATH=/root/openpifpaf_ros2/install/realsense2_camera_msgs:/opt/ros/galactic LD_LIBRARY_PATH=/root/openpifpaf_ros2/install/realsense2_camera_msgs/lib:${LD_LIBRARY_PATH} PYTHONPATH=/root/openpifpaf_ros2/install/realsense2_camera_msgs/lib/python3.8/site-packages:${PYTHONPATH} /usr/bin/cmake --build /root/openpifpaf_ros2/build/realsense2_camera -- -j12 -l12
[26.480s] Invoking command in '/root/openpifpaf_ros2/build/realsense2_camera': AMENT_PREFIX_PATH=/root/openpifpaf_ros2/install/realsense2_camera_msgs:${AMENT_PREFIX_PATH} CMAKE_PREFIX_PATH=/root/openpifpaf_ros2/install/realsense2_camera_msgs:/opt/ros/galactic LD_LIBRARY_PATH=/root/openpifpaf_ros2/install/realsense2_camera_msgs/lib:${LD_LIBRARY_PATH} PYTHONPATH=/root/openpifpaf_ros2/install/realsense2_camera_msgs/lib/python3.8/site-packages:${PYTHONPATH} /usr/bin/cmake --install /root/openpifpaf_ros2/build/realsense2_camera
[26.489s] -- Install configuration: "Release"
[26.489s] -- Installing: /root/openpifpaf_ros2/install/realsense2_camera/lib/realsense2_camera/realsense2_camera_node
[26.490s] -- Set runtime path of "/root/openpifpaf_ros2/install/realsense2_camera/lib/realsense2_camera/realsense2_camera_node" to ""
[26.490s] -- Installing: /root/openpifpaf_ros2/install/realsense2_camera/lib/librealsense2_camera.so
[26.494s] -- Set runtime path of "/root/openpifpaf_ros2/install/realsense2_camera/lib/librealsense2_camera.so" to ""
[26.494s] -- Up-to-date: /root/openpifpaf_ros2/install/realsense2_camera/include
[26.494s] -- Up-to-date: /root/openpifpaf_ros2/install/realsense2_camera/include/dynamic_params.h
[26.497s] -- Up-to-date: /root/openpifpaf_ros2/install/realsense2_camera/include/realsense_node_factory.h
[26.499s] -- Up-to-date: /root/openpifpaf_ros2/install/realsense2_camera/include/t265_realsense_node.h
[26.501s] -- Up-to-date: /root/openpifpaf_ros2/install/realsense2_camera/include/constants.h
[26.504s] -- Up-to-date: /root/openpifpaf_ros2/install/realsense2_camera/include/ros_param_backend.h
[26.505s] -- Up-to-date: /root/openpifpaf_ros2/install/realsense2_camera/include/base_realsense_node.h
[26.507s] -- Up-to-date: /root/openpifpaf_ros2/install/realsense2_camera/share/realsense2_camera/launch
[26.508s] -- Up-to-date: /root/openpifpaf_ros2/install/realsense2_camera/share/realsense2_camera/launch/demo_t265_launch.py
[26.510s] -- Up-to-date: /root/openpifpaf_ros2/install/realsense2_camera/share/realsense2_camera/launch/default.rviz
[26.512s] -- Up-to-date: /root/openpifpaf_ros2/install/realsense2_camera/share/realsense2_camera/launch/rs_launch.py
[26.514s] -- Up-to-date: /root/openpifpaf_ros2/install/realsense2_camera/share/realsense2_camera/launch/rs_d400_and_t265_launch.py
[26.516s] -- Up-to-date: /root/openpifpaf_ros2/install/realsense2_camera/share/realsense2_camera/launch/rs_t265_launch.py
[26.518s] -- Up-to-date: /root/openpifpaf_ros2/install/realsense2_camera/share/realsense2_camera/launch/demo_pointcloud_launch.py
[26.520s] -- Up-to-date: /root/openpifpaf_ros2/install/realsense2_camera/share/realsense2_camera/launch/rs_multi_camera_launch.py
[26.522s] -- Up-to-date: /root/openpifpaf_ros2/install/realsense2_camera/share/realsense2_camera/config
[26.522s] -- Up-to-date: /root/openpifpaf_ros2/install/realsense2_camera/share/realsense2_camera/config/d435i.yaml
[26.524s] -- Up-to-date: /root/openpifpaf_ros2/install/realsense2_camera/share/realsense2_camera/rviz
[26.525s] -- Up-to-date: /root/openpifpaf_ros2/install/realsense2_camera/share/realsense2_camera/rviz/t265.rviz
[26.527s] -- Up-to-date: /root/openpifpaf_ros2/install/realsense2_camera/share/realsense2_camera/rviz/pointcloud.rviz
[26.529s] -- Installing: /root/openpifpaf_ros2/install/realsense2_camera/share/realsense2_camera/environment/library_path.sh
[26.529s] -- Installing: /root/openpifpaf_ros2/install/realsense2_camera/share/realsense2_camera/environment/library_path.dsv
[26.529s] -- Up-to-date: /root/openpifpaf_ros2/install/realsense2_camera/share/ament_index/resource_index/package_run_dependencies/realsense2_camera
[26.531s] -- Installing: /root/openpifpaf_ros2/install/realsense2_camera/share/ament_index/resource_index/parent_prefix_path/realsense2_camera
[26.532s] -- Installing: /root/openpifpaf_ros2/install/realsense2_camera/share/realsense2_camera/environment/ament_prefix_path.sh
[26.532s] -- Installing: /root/openpifpaf_ros2/install/realsense2_camera/share/realsense2_camera/environment/ament_prefix_path.dsv
[26.532s] -- Installing: /root/openpifpaf_ros2/install/realsense2_camera/share/realsense2_camera/environment/path.sh
[26.532s] -- Installing: /root/openpifpaf_ros2/install/realsense2_camera/share/realsense2_camera/environment/path.dsv
[26.533s] -- Up-to-date: /root/openpifpaf_ros2/install/realsense2_camera/share/realsense2_camera/local_setup.bash
[26.535s] -- Installing: /root/openpifpaf_ros2/install/realsense2_camera/share/realsense2_camera/local_setup.sh
[26.535s] -- Up-to-date: /root/openpifpaf_ros2/install/realsense2_camera/share/realsense2_camera/local_setup.zsh
[26.537s] -- Installing: /root/openpifpaf_ros2/install/realsense2_camera/share/realsense2_camera/local_setup.dsv
[26.537s] -- Installing: /root/openpifpaf_ros2/install/realsense2_camera/share/realsense2_camera/package.dsv
[26.538s] -- Up-to-date: /root/openpifpaf_ros2/install/realsense2_camera/share/ament_index/resource_index/packages/realsense2_camera
[26.538s] -- Up-to-date: /root/openpifpaf_ros2/install/realsense2_camera/share/ament_index/resource_index/rclcpp_components/realsense2_camera
[26.540s] -- Up-to-date: /root/openpifpaf_ros2/install/realsense2_camera/share/realsense2_camera/cmake/ament_cmake_export_include_directories-extras.cmake
[26.542s] -- Up-to-date: /root/openpifpaf_ros2/install/realsense2_camera/share/realsense2_camera/cmake/ament_cmake_export_libraries-extras.cmake
[26.545s] -- Up-to-date: /root/openpifpaf_ros2/install/realsense2_camera/share/realsense2_camera/cmake/ament_cmake_export_dependencies-extras.cmake
[26.547s] -- Up-to-date: /root/openpifpaf_ros2/install/realsense2_camera/share/realsense2_camera/cmake/realsense2_cameraConfig.cmake
[26.550s] -- Up-to-date: /root/openpifpaf_ros2/install/realsense2_camera/share/realsense2_camera/cmake/realsense2_cameraConfig-version.cmake
[26.553s] -- Up-to-date: /root/openpifpaf_ros2/install/realsense2_camera/share/realsense2_camera/package.xml
[26.563s] Invoked command in '/root/openpifpaf_ros2/build/realsense2_camera' returned '0': AMENT_PREFIX_PATH=/root/openpifpaf_ros2/install/realsense2_camera_msgs:${AMENT_PREFIX_PATH} CMAKE_PREFIX_PATH=/root/openpifpaf_ros2/install/realsense2_camera_msgs:/opt/ros/galactic LD_LIBRARY_PATH=/root/openpifpaf_ros2/install/realsense2_camera_msgs/lib:${LD_LIBRARY_PATH} PYTHONPATH=/root/openpifpaf_ros2/install/realsense2_camera_msgs/lib/python3.8/site-packages:${PYTHONPATH} /usr/bin/cmake --install /root/openpifpaf_ros2/build/realsense2_camera
