[0.043s] Invoking command in '/root/openpifpaf_ros2/build/azure_kinect_ros_driver': CMAKE_PREFIX_PATH=${CMAKE_PREFIX_PATH}:/root/openpifpaf_ros2/install/rgbd_openpifpaf_ros2:/root/openpifpaf_ros2/install/pose_checker:/root/openpifpaf_ros2/install/openpifpaf_ros2_node:/root/Pose_waypointmaker/install/ros2_pifpaf:/opt/ros/foxy _=/usr/bin/env /usr/bin/cmake --build /root/openpifpaf_ros2/build/azure_kinect_ros_driver -- -j12 -l12
[0.144s] [100%] Built target azure_kinect_ros_driver_node
[0.327s] Invoked command in '/root/openpifpaf_ros2/build/azure_kinect_ros_driver' returned '0': CMAKE_PREFIX_PATH=${CMAKE_PREFIX_PATH}:/root/openpifpaf_ros2/install/rgbd_openpifpaf_ros2:/root/openpifpaf_ros2/install/pose_checker:/root/openpifpaf_ros2/install/openpifpaf_ros2_node:/root/Pose_waypointmaker/install/ros2_pifpaf:/opt/ros/foxy _=/usr/bin/env /usr/bin/cmake --build /root/openpifpaf_ros2/build/azure_kinect_ros_driver -- -j12 -l12
[0.392s] Invoking command in '/root/openpifpaf_ros2/build/azure_kinect_ros_driver': CMAKE_PREFIX_PATH=${CMAKE_PREFIX_PATH}:/root/openpifpaf_ros2/install/rgbd_openpifpaf_ros2:/root/openpifpaf_ros2/install/pose_checker:/root/openpifpaf_ros2/install/openpifpaf_ros2_node:/root/Pose_waypointmaker/install/ros2_pifpaf:/opt/ros/foxy _=/usr/bin/env /usr/bin/cmake --install /root/openpifpaf_ros2/build/azure_kinect_ros_driver
[0.401s] -- Install configuration: ""
[0.401s] -- Up-to-date: /root/openpifpaf_ros2/install/azure_kinect_ros_driver/lib/azure_kinect_ros_driver/node
[0.401s] -- Up-to-date: /root/openpifpaf_ros2/install/azure_kinect_ros_driver/share/azure_kinect_ros_driver//launch
[0.402s] -- Up-to-date: /root/openpifpaf_ros2/install/azure_kinect_ros_driver/share/azure_kinect_ros_driver//launch/driver.launch.py
[0.402s] -- Up-to-date: /root/openpifpaf_ros2/install/azure_kinect_ros_driver/share/azure_kinect_ros_driver//launch/slam_rtabmap.launch
[0.402s] -- Up-to-date: /root/openpifpaf_ros2/install/azure_kinect_ros_driver/share/azure_kinect_ros_driver//launch/rectify_test.launch
[0.402s] -- Up-to-date: /root/openpifpaf_ros2/install/azure_kinect_ros_driver/share/azure_kinect_ros_driver//urdf
[0.402s] -- Up-to-date: /root/openpifpaf_ros2/install/azure_kinect_ros_driver/share/azure_kinect_ros_driver//urdf/azure_kinect.urdf.xacro
[0.402s] -- Up-to-date: /root/openpifpaf_ros2/install/azure_kinect_ros_driver/share/ament_index/resource_index/package_run_dependencies/azure_kinect_ros_driver
[0.402s] -- Up-to-date: /root/openpifpaf_ros2/install/azure_kinect_ros_driver/share/ament_index/resource_index/parent_prefix_path/azure_kinect_ros_driver
[0.402s] -- Up-to-date: /root/openpifpaf_ros2/install/azure_kinect_ros_driver/share/azure_kinect_ros_driver/environment/ament_prefix_path.sh
[0.403s] -- Up-to-date: /root/openpifpaf_ros2/install/azure_kinect_ros_driver/share/azure_kinect_ros_driver/environment/ament_prefix_path.dsv
[0.403s] -- Up-to-date: /root/openpifpaf_ros2/install/azure_kinect_ros_driver/share/azure_kinect_ros_driver/environment/path.sh
[0.403s] -- Up-to-date: /root/openpifpaf_ros2/install/azure_kinect_ros_driver/share/azure_kinect_ros_driver/environment/path.dsv
[0.403s] -- Up-to-date: /root/openpifpaf_ros2/install/azure_kinect_ros_driver/share/azure_kinect_ros_driver/local_setup.bash
[0.403s] -- Up-to-date: /root/openpifpaf_ros2/install/azure_kinect_ros_driver/share/azure_kinect_ros_driver/local_setup.sh
[0.403s] -- Up-to-date: /root/openpifpaf_ros2/install/azure_kinect_ros_driver/share/azure_kinect_ros_driver/local_setup.zsh
[0.403s] -- Up-to-date: /root/openpifpaf_ros2/install/azure_kinect_ros_driver/share/azure_kinect_ros_driver/local_setup.dsv
[0.403s] -- Installing: /root/openpifpaf_ros2/install/azure_kinect_ros_driver/share/azure_kinect_ros_driver/package.dsv
[0.403s] -- Up-to-date: /root/openpifpaf_ros2/install/azure_kinect_ros_driver/share/ament_index/resource_index/packages/azure_kinect_ros_driver
[0.404s] -- Up-to-date: /root/openpifpaf_ros2/install/azure_kinect_ros_driver/share/azure_kinect_ros_driver/cmake/azure_kinect_ros_driverConfig.cmake
[0.404s] -- Up-to-date: /root/openpifpaf_ros2/install/azure_kinect_ros_driver/share/azure_kinect_ros_driver/cmake/azure_kinect_ros_driverConfig-version.cmake
[0.404s] -- Up-to-date: /root/openpifpaf_ros2/install/azure_kinect_ros_driver/share/azure_kinect_ros_driver/package.xml
[0.405s] Invoked command in '/root/openpifpaf_ros2/build/azure_kinect_ros_driver' returned '0': CMAKE_PREFIX_PATH=${CMAKE_PREFIX_PATH}:/root/openpifpaf_ros2/install/rgbd_openpifpaf_ros2:/root/openpifpaf_ros2/install/pose_checker:/root/openpifpaf_ros2/install/openpifpaf_ros2_node:/root/Pose_waypointmaker/install/ros2_pifpaf:/opt/ros/foxy _=/usr/bin/env /usr/bin/cmake --install /root/openpifpaf_ros2/build/azure_kinect_ros_driver
