[100%] Built target azure_kinect_ros_driver_node
-- Install configuration: ""
-- Up-to-date: /root/openpifpaf_ros2/install/azure_kinect_ros_driver/lib/azure_kinect_ros_driver/node
-- Up-to-date: /root/openpifpaf_ros2/install/azure_kinect_ros_driver/share/azure_kinect_ros_driver//launch
-- Up-to-date: /root/openpifpaf_ros2/install/azure_kinect_ros_driver/share/azure_kinect_ros_driver//launch/driver.launch.py
-- Up-to-date: /root/openpifpaf_ros2/install/azure_kinect_ros_driver/share/azure_kinect_ros_driver//launch/slam_rtabmap.launch
-- Up-to-date: /root/openpifpaf_ros2/install/azure_kinect_ros_driver/share/azure_kinect_ros_driver//launch/rectify_test.launch
-- Up-to-date: /root/openpifpaf_ros2/install/azure_kinect_ros_driver/share/azure_kinect_ros_driver//urdf
-- Up-to-date: /root/openpifpaf_ros2/install/azure_kinect_ros_driver/share/azure_kinect_ros_driver//urdf/azure_kinect.urdf.xacro
-- Up-to-date: /root/openpifpaf_ros2/install/azure_kinect_ros_driver/share/ament_index/resource_index/package_run_dependencies/azure_kinect_ros_driver
-- Up-to-date: /root/openpifpaf_ros2/install/azure_kinect_ros_driver/share/ament_index/resource_index/parent_prefix_path/azure_kinect_ros_driver
-- Up-to-date: /root/openpifpaf_ros2/install/azure_kinect_ros_driver/share/azure_kinect_ros_driver/environment/ament_prefix_path.sh
-- Up-to-date: /root/openpifpaf_ros2/install/azure_kinect_ros_driver/share/azure_kinect_ros_driver/environment/ament_prefix_path.dsv
-- Up-to-date: /root/openpifpaf_ros2/install/azure_kinect_ros_driver/share/azure_kinect_ros_driver/environment/path.sh
-- Up-to-date: /root/openpifpaf_ros2/install/azure_kinect_ros_driver/share/azure_kinect_ros_driver/environment/path.dsv
-- Up-to-date: /root/openpifpaf_ros2/install/azure_kinect_ros_driver/share/azure_kinect_ros_driver/local_setup.bash
-- Up-to-date: /root/openpifpaf_ros2/install/azure_kinect_ros_driver/share/azure_kinect_ros_driver/local_setup.sh
-- Up-to-date: /root/openpifpaf_ros2/install/azure_kinect_ros_driver/share/azure_kinect_ros_driver/local_setup.zsh
-- Up-to-date: /root/openpifpaf_ros2/install/azure_kinect_ros_driver/share/azure_kinect_ros_driver/local_setup.dsv
-- Installing: /root/openpifpaf_ros2/install/azure_kinect_ros_driver/share/azure_kinect_ros_driver/package.dsv
-- Up-to-date: /root/openpifpaf_ros2/install/azure_kinect_ros_driver/share/ament_index/resource_index/packages/azure_kinect_ros_driver
-- Up-to-date: /root/openpifpaf_ros2/install/azure_kinect_ros_driver/share/azure_kinect_ros_driver/cmake/azure_kinect_ros_driverConfig.cmake
-- Up-to-date: /root/openpifpaf_ros2/install/azure_kinect_ros_driver/share/azure_kinect_ros_driver/cmake/azure_kinect_ros_driverConfig-version.cmake
-- Up-to-date: /root/openpifpaf_ros2/install/azure_kinect_ros_driver/share/azure_kinect_ros_driver/package.xml
