[0.033s] Invoking command in '/root/openpifpaf_ros2/build/openpifpaf_ros2_msgs': CMAKE_PREFIX_PATH=/opt/ros/foxy _=/usr/bin/env /usr/bin/cmake --build /root/openpifpaf_ros2/build/openpifpaf_ros2_msgs -- -j12 -l12
[0.091s] [  1%] Built target openpifpaf_ros2_msgs__cpp
[0.095s] [ 12%] Built target openpifpaf_ros2_msgs__rosidl_generator_c
[0.135s] [ 33%] Built target openpifpaf_ros2_msgs__rosidl_typesupport_cpp
[0.135s] [ 34%] Built target openpifpaf_ros2_msgs__rosidl_typesupport_introspection_cpp
[0.140s] [ 46%] Built target openpifpaf_ros2_msgs__rosidl_typesupport_introspection_c
[0.141s] [ 57%] Built target openpifpaf_ros2_msgs__rosidl_typesupport_fastrtps_cpp
[0.142s] [ 68%] Built target openpifpaf_ros2_msgs__rosidl_typesupport_c
[0.172s] [ 79%] Built target openpifpaf_ros2_msgs__rosidl_typesupport_fastrtps_c
[0.193s] [ 79%] Built target openpifpaf_ros2_msgs
[0.214s] [ 80%] Built target openpifpaf_ros2_msgs__py
[0.245s] [ 90%] Built target openpifpaf_ros2_msgs__python
[0.276s] [ 93%] Built target openpifpaf_ros2_msgs__rosidl_typesupport_c__pyext
[0.278s] [ 96%] Built target openpifpaf_ros2_msgs__rosidl_typesupport_fastrtps_c__pyext
[0.279s] [100%] Built target openpifpaf_ros2_msgs__rosidl_typesupport_introspection_c__pyext
[0.292s] Invoked command in '/root/openpifpaf_ros2/build/openpifpaf_ros2_msgs' returned '0': CMAKE_PREFIX_PATH=/opt/ros/foxy _=/usr/bin/env /usr/bin/cmake --build /root/openpifpaf_ros2/build/openpifpaf_ros2_msgs -- -j12 -l12
[0.552s] Invoking command in '/root/openpifpaf_ros2/build/openpifpaf_ros2_msgs': CMAKE_PREFIX_PATH=/opt/ros/foxy _=/usr/bin/env /usr/bin/cmake --install /root/openpifpaf_ros2/build/openpifpaf_ros2_msgs
[0.558s] -- Install configuration: ""
[0.559s] -- Up-to-date: /root/openpifpaf_ros2/install/openpifpaf_ros2_msgs/share/ament_index/resource_index/rosidl_interfaces/openpifpaf_ros2_msgs
[0.559s] -- Up-to-date: /root/openpifpaf_ros2/install/openpifpaf_ros2_msgs/include/openpifpaf_ros2_msgs
[0.559s] -- Up-to-date: /root/openpifpaf_ros2/install/openpifpaf_ros2_msgs/include/openpifpaf_ros2_msgs/msg
[0.559s] -- Up-to-date: /root/openpifpaf_ros2/install/openpifpaf_ros2_msgs/include/openpifpaf_ros2_msgs/msg/rosidl_generator_c__visibility_control.h
[0.559s] -- Up-to-date: /root/openpifpaf_ros2/install/openpifpaf_ros2_msgs/include/openpifpaf_ros2_msgs/msg/pose3_d_array.h
[0.559s] -- Up-to-date: /root/openpifpaf_ros2/install/openpifpaf_ros2_msgs/include/openpifpaf_ros2_msgs/msg/poses.h
[0.560s] -- Up-to-date: /root/openpifpaf_ros2/install/openpifpaf_ros2_msgs/include/openpifpaf_ros2_msgs/msg/pose.h
[0.560s] -- Up-to-date: /root/openpifpaf_ros2/install/openpifpaf_ros2_msgs/include/openpifpaf_ros2_msgs/msg/detail
[0.560s] -- Up-to-date: /root/openpifpaf_ros2/install/openpifpaf_ros2_msgs/include/openpifpaf_ros2_msgs/msg/detail/person__functions.c
[0.560s] -- Up-to-date: /root/openpifpaf_ros2/install/openpifpaf_ros2_msgs/include/openpifpaf_ros2_msgs/msg/detail/pose3_d_array__struct.h
[0.560s] -- Up-to-date: /root/openpifpaf_ros2/install/openpifpaf_ros2_msgs/include/openpifpaf_ros2_msgs/msg/detail/poses__functions.h
[0.560s] -- Up-to-date: /root/openpifpaf_ros2/install/openpifpaf_ros2_msgs/include/openpifpaf_ros2_msgs/msg/detail/pose3_d__struct.h
[0.561s] -- Up-to-date: /root/openpifpaf_ros2/install/openpifpaf_ros2_msgs/include/openpifpaf_ros2_msgs/msg/detail/pose__type_support.h
[0.561s] -- Up-to-date: /root/openpifpaf_ros2/install/openpifpaf_ros2_msgs/include/openpifpaf_ros2_msgs/msg/detail/pose3_d_array__functions.h
[0.561s] -- Up-to-date: /root/openpifpaf_ros2/install/openpifpaf_ros2_msgs/include/openpifpaf_ros2_msgs/msg/detail/poses__struct.h
[0.561s] -- Up-to-date: /root/openpifpaf_ros2/install/openpifpaf_ros2_msgs/include/openpifpaf_ros2_msgs/msg/detail/poses__functions.c
[0.561s] -- Up-to-date: /root/openpifpaf_ros2/install/openpifpaf_ros2_msgs/include/openpifpaf_ros2_msgs/msg/detail/person__struct.h
[0.561s] -- Up-to-date: /root/openpifpaf_ros2/install/openpifpaf_ros2_msgs/include/openpifpaf_ros2_msgs/msg/detail/person__functions.h
[0.562s] -- Up-to-date: /root/openpifpaf_ros2/install/openpifpaf_ros2_msgs/include/openpifpaf_ros2_msgs/msg/detail/pose3_d_array__functions.c
[0.562s] -- Up-to-date: /root/openpifpaf_ros2/install/openpifpaf_ros2_msgs/include/openpifpaf_ros2_msgs/msg/detail/pose3_d_array__type_support.h
[0.562s] -- Up-to-date: /root/openpifpaf_ros2/install/openpifpaf_ros2_msgs/include/openpifpaf_ros2_msgs/msg/detail/poses__type_support.h
[0.562s] -- Up-to-date: /root/openpifpaf_ros2/install/openpifpaf_ros2_msgs/include/openpifpaf_ros2_msgs/msg/detail/pose__functions.c
[0.562s] -- Up-to-date: /root/openpifpaf_ros2/install/openpifpaf_ros2_msgs/include/openpifpaf_ros2_msgs/msg/detail/pose__struct.h
[0.562s] -- Up-to-date: /root/openpifpaf_ros2/install/openpifpaf_ros2_msgs/include/openpifpaf_ros2_msgs/msg/detail/pose__functions.h
[0.563s] -- Up-to-date: /root/openpifpaf_ros2/install/openpifpaf_ros2_msgs/include/openpifpaf_ros2_msgs/msg/detail/pose3_d__functions.c
[0.563s] -- Up-to-date: /root/openpifpaf_ros2/install/openpifpaf_ros2_msgs/include/openpifpaf_ros2_msgs/msg/detail/person__type_support.h
[0.563s] -- Up-to-date: /root/openpifpaf_ros2/install/openpifpaf_ros2_msgs/include/openpifpaf_ros2_msgs/msg/detail/pose3_d__type_support.h
[0.563s] -- Up-to-date: /root/openpifpaf_ros2/install/openpifpaf_ros2_msgs/include/openpifpaf_ros2_msgs/msg/detail/pose3_d__functions.h
[0.563s] -- Up-to-date: /root/openpifpaf_ros2/install/openpifpaf_ros2_msgs/include/openpifpaf_ros2_msgs/msg/person.h
[0.563s] -- Up-to-date: /root/openpifpaf_ros2/install/openpifpaf_ros2_msgs/include/openpifpaf_ros2_msgs/msg/pose3_d.h
[0.563s] -- Up-to-date: /root/openpifpaf_ros2/install/openpifpaf_ros2_msgs/share/openpifpaf_ros2_msgs/environment/library_path.sh
[0.564s] -- Up-to-date: /root/openpifpaf_ros2/install/openpifpaf_ros2_msgs/share/openpifpaf_ros2_msgs/environment/library_path.dsv
[0.564s] -- Up-to-date: /root/openpifpaf_ros2/install/openpifpaf_ros2_msgs/lib/libopenpifpaf_ros2_msgs__rosidl_generator_c.so
[0.564s] -- Up-to-date: /root/openpifpaf_ros2/install/openpifpaf_ros2_msgs/include/openpifpaf_ros2_msgs
[0.564s] -- Up-to-date: /root/openpifpaf_ros2/install/openpifpaf_ros2_msgs/include/openpifpaf_ros2_msgs/msg
[0.564s] -- Up-to-date: /root/openpifpaf_ros2/install/openpifpaf_ros2_msgs/include/openpifpaf_ros2_msgs/msg/rosidl_typesupport_fastrtps_c__visibility_control.h
[0.565s] -- Up-to-date: /root/openpifpaf_ros2/install/openpifpaf_ros2_msgs/include/openpifpaf_ros2_msgs/msg/detail
[0.565s] -- Up-to-date: /root/openpifpaf_ros2/install/openpifpaf_ros2_msgs/include/openpifpaf_ros2_msgs/msg/detail/pose3_d__rosidl_typesupport_fastrtps_c.h
[0.565s] -- Up-to-date: /root/openpifpaf_ros2/install/openpifpaf_ros2_msgs/include/openpifpaf_ros2_msgs/msg/detail/person__rosidl_typesupport_fastrtps_c.h
[0.565s] -- Up-to-date: /root/openpifpaf_ros2/install/openpifpaf_ros2_msgs/include/openpifpaf_ros2_msgs/msg/detail/pose__rosidl_typesupport_fastrtps_c.h
[0.565s] -- Up-to-date: /root/openpifpaf_ros2/install/openpifpaf_ros2_msgs/include/openpifpaf_ros2_msgs/msg/detail/pose3_d_array__rosidl_typesupport_fastrtps_c.h
[0.565s] -- Up-to-date: /root/openpifpaf_ros2/install/openpifpaf_ros2_msgs/include/openpifpaf_ros2_msgs/msg/detail/poses__rosidl_typesupport_fastrtps_c.h
[0.566s] -- Up-to-date: /root/openpifpaf_ros2/install/openpifpaf_ros2_msgs/lib/libopenpifpaf_ros2_msgs__rosidl_typesupport_fastrtps_c.so
[0.566s] -- Up-to-date: /root/openpifpaf_ros2/install/openpifpaf_ros2_msgs/include/openpifpaf_ros2_msgs
[0.566s] -- Up-to-date: /root/openpifpaf_ros2/install/openpifpaf_ros2_msgs/include/openpifpaf_ros2_msgs/msg
[0.566s] -- Up-to-date: /root/openpifpaf_ros2/install/openpifpaf_ros2_msgs/include/openpifpaf_ros2_msgs/msg/rosidl_typesupport_fastrtps_cpp__visibility_control.h
[0.566s] -- Up-to-date: /root/openpifpaf_ros2/install/openpifpaf_ros2_msgs/include/openpifpaf_ros2_msgs/msg/detail
[0.566s] -- Up-to-date: /root/openpifpaf_ros2/install/openpifpaf_ros2_msgs/include/openpifpaf_ros2_msgs/msg/detail/pose3_d_array__rosidl_typesupport_fastrtps_cpp.hpp
[0.566s] -- Up-to-date: /root/openpifpaf_ros2/install/openpifpaf_ros2_msgs/include/openpifpaf_ros2_msgs/msg/detail/dds_fastrtps
[0.567s] -- Up-to-date: /root/openpifpaf_ros2/install/openpifpaf_ros2_msgs/include/openpifpaf_ros2_msgs/msg/detail/pose__rosidl_typesupport_fastrtps_cpp.hpp
[0.567s] -- Up-to-date: /root/openpifpaf_ros2/install/openpifpaf_ros2_msgs/include/openpifpaf_ros2_msgs/msg/detail/person__rosidl_typesupport_fastrtps_cpp.hpp
[0.567s] -- Up-to-date: /root/openpifpaf_ros2/install/openpifpaf_ros2_msgs/include/openpifpaf_ros2_msgs/msg/detail/poses__rosidl_typesupport_fastrtps_cpp.hpp
[0.567s] -- Up-to-date: /root/openpifpaf_ros2/install/openpifpaf_ros2_msgs/include/openpifpaf_ros2_msgs/msg/detail/pose3_d__rosidl_typesupport_fastrtps_cpp.hpp
[0.567s] -- Up-to-date: /root/openpifpaf_ros2/install/openpifpaf_ros2_msgs/lib/libopenpifpaf_ros2_msgs__rosidl_typesupport_fastrtps_cpp.so
[0.567s] -- Up-to-date: /root/openpifpaf_ros2/install/openpifpaf_ros2_msgs/include/openpifpaf_ros2_msgs
[0.567s] -- Up-to-date: /root/openpifpaf_ros2/install/openpifpaf_ros2_msgs/include/openpifpaf_ros2_msgs/msg
[0.568s] -- Up-to-date: /root/openpifpaf_ros2/install/openpifpaf_ros2_msgs/include/openpifpaf_ros2_msgs/msg/rosidl_typesupport_introspection_c__visibility_control.h
[0.568s] -- Up-to-date: /root/openpifpaf_ros2/install/openpifpaf_ros2_msgs/include/openpifpaf_ros2_msgs/msg/detail
[0.568s] -- Up-to-date: /root/openpifpaf_ros2/install/openpifpaf_ros2_msgs/include/openpifpaf_ros2_msgs/msg/detail/poses__rosidl_typesupport_introspection_c.h
[0.568s] -- Up-to-date: /root/openpifpaf_ros2/install/openpifpaf_ros2_msgs/include/openpifpaf_ros2_msgs/msg/detail/pose3_d__type_support.c
[0.568s] -- Up-to-date: /root/openpifpaf_ros2/install/openpifpaf_ros2_msgs/include/openpifpaf_ros2_msgs/msg/detail/pose3_d__rosidl_typesupport_introspection_c.h
[0.568s] -- Up-to-date: /root/openpifpaf_ros2/install/openpifpaf_ros2_msgs/include/openpifpaf_ros2_msgs/msg/detail/pose3_d_array__type_support.c
[0.568s] -- Up-to-date: /root/openpifpaf_ros2/install/openpifpaf_ros2_msgs/include/openpifpaf_ros2_msgs/msg/detail/pose3_d_array__rosidl_typesupport_introspection_c.h
[0.568s] -- Up-to-date: /root/openpifpaf_ros2/install/openpifpaf_ros2_msgs/include/openpifpaf_ros2_msgs/msg/detail/pose__rosidl_typesupport_introspection_c.h
[0.568s] -- Up-to-date: /root/openpifpaf_ros2/install/openpifpaf_ros2_msgs/include/openpifpaf_ros2_msgs/msg/detail/poses__type_support.c
[0.569s] -- Up-to-date: /root/openpifpaf_ros2/install/openpifpaf_ros2_msgs/include/openpifpaf_ros2_msgs/msg/detail/person__rosidl_typesupport_introspection_c.h
[0.569s] -- Up-to-date: /root/openpifpaf_ros2/install/openpifpaf_ros2_msgs/include/openpifpaf_ros2_msgs/msg/detail/pose__type_support.c
[0.569s] -- Up-to-date: /root/openpifpaf_ros2/install/openpifpaf_ros2_msgs/include/openpifpaf_ros2_msgs/msg/detail/person__type_support.c
[0.569s] -- Up-to-date: /root/openpifpaf_ros2/install/openpifpaf_ros2_msgs/lib/libopenpifpaf_ros2_msgs__rosidl_typesupport_introspection_c.so
[0.569s] -- Up-to-date: /root/openpifpaf_ros2/install/openpifpaf_ros2_msgs/lib/libopenpifpaf_ros2_msgs__rosidl_typesupport_c.so
[0.569s] -- Up-to-date: /root/openpifpaf_ros2/install/openpifpaf_ros2_msgs/include/openpifpaf_ros2_msgs
[0.569s] -- Up-to-date: /root/openpifpaf_ros2/install/openpifpaf_ros2_msgs/include/openpifpaf_ros2_msgs/msg
[0.569s] -- Up-to-date: /root/openpifpaf_ros2/install/openpifpaf_ros2_msgs/include/openpifpaf_ros2_msgs/msg/pose.hpp
[0.569s] -- Up-to-date: /root/openpifpaf_ros2/install/openpifpaf_ros2_msgs/include/openpifpaf_ros2_msgs/msg/poses.hpp
[0.569s] -- Up-to-date: /root/openpifpaf_ros2/install/openpifpaf_ros2_msgs/include/openpifpaf_ros2_msgs/msg/pose3_d.hpp
[0.570s] -- Up-to-date: /root/openpifpaf_ros2/install/openpifpaf_ros2_msgs/include/openpifpaf_ros2_msgs/msg/detail
[0.570s] -- Up-to-date: /root/openpifpaf_ros2/install/openpifpaf_ros2_msgs/include/openpifpaf_ros2_msgs/msg/detail/pose__builder.hpp
[0.570s] -- Up-to-date: /root/openpifpaf_ros2/install/openpifpaf_ros2_msgs/include/openpifpaf_ros2_msgs/msg/detail/pose3_d_array__builder.hpp
[0.570s] -- Up-to-date: /root/openpifpaf_ros2/install/openpifpaf_ros2_msgs/include/openpifpaf_ros2_msgs/msg/detail/pose3_d_array__traits.hpp
[0.570s] -- Up-to-date: /root/openpifpaf_ros2/install/openpifpaf_ros2_msgs/include/openpifpaf_ros2_msgs/msg/detail/pose3_d__builder.hpp
[0.570s] -- Up-to-date: /root/openpifpaf_ros2/install/openpifpaf_ros2_msgs/include/openpifpaf_ros2_msgs/msg/detail/poses__struct.hpp
[0.570s] -- Up-to-date: /root/openpifpaf_ros2/install/openpifpaf_ros2_msgs/include/openpifpaf_ros2_msgs/msg/detail/person__builder.hpp
[0.570s] -- Up-to-date: /root/openpifpaf_ros2/install/openpifpaf_ros2_msgs/include/openpifpaf_ros2_msgs/msg/detail/pose__traits.hpp
[0.570s] -- Up-to-date: /root/openpifpaf_ros2/install/openpifpaf_ros2_msgs/include/openpifpaf_ros2_msgs/msg/detail/poses__traits.hpp
[0.570s] -- Up-to-date: /root/openpifpaf_ros2/install/openpifpaf_ros2_msgs/include/openpifpaf_ros2_msgs/msg/detail/pose3_d__struct.hpp
[0.571s] -- Up-to-date: /root/openpifpaf_ros2/install/openpifpaf_ros2_msgs/include/openpifpaf_ros2_msgs/msg/detail/pose3_d_array__struct.hpp
[0.571s] -- Up-to-date: /root/openpifpaf_ros2/install/openpifpaf_ros2_msgs/include/openpifpaf_ros2_msgs/msg/detail/poses__builder.hpp
[0.571s] -- Up-to-date: /root/openpifpaf_ros2/install/openpifpaf_ros2_msgs/include/openpifpaf_ros2_msgs/msg/detail/person__traits.hpp
[0.571s] -- Up-to-date: /root/openpifpaf_ros2/install/openpifpaf_ros2_msgs/include/openpifpaf_ros2_msgs/msg/detail/pose__struct.hpp
[0.571s] -- Up-to-date: /root/openpifpaf_ros2/install/openpifpaf_ros2_msgs/include/openpifpaf_ros2_msgs/msg/detail/person__struct.hpp
[0.571s] -- Up-to-date: /root/openpifpaf_ros2/install/openpifpaf_ros2_msgs/include/openpifpaf_ros2_msgs/msg/detail/pose3_d__traits.hpp
[0.571s] -- Up-to-date: /root/openpifpaf_ros2/install/openpifpaf_ros2_msgs/include/openpifpaf_ros2_msgs/msg/pose3_d_array.hpp
[0.571s] -- Up-to-date: /root/openpifpaf_ros2/install/openpifpaf_ros2_msgs/include/openpifpaf_ros2_msgs/msg/person.hpp
[0.571s] -- Up-to-date: /root/openpifpaf_ros2/install/openpifpaf_ros2_msgs/include/openpifpaf_ros2_msgs
[0.571s] -- Up-to-date: /root/openpifpaf_ros2/install/openpifpaf_ros2_msgs/include/openpifpaf_ros2_msgs/msg
[0.571s] -- Up-to-date: /root/openpifpaf_ros2/install/openpifpaf_ros2_msgs/include/openpifpaf_ros2_msgs/msg/detail
[0.571s] -- Up-to-date: /root/openpifpaf_ros2/install/openpifpaf_ros2_msgs/include/openpifpaf_ros2_msgs/msg/detail/poses__type_support.cpp
[0.571s] -- Up-to-date: /root/openpifpaf_ros2/install/openpifpaf_ros2_msgs/include/openpifpaf_ros2_msgs/msg/detail/pose__rosidl_typesupport_introspection_cpp.hpp
[0.572s] -- Up-to-date: /root/openpifpaf_ros2/install/openpifpaf_ros2_msgs/include/openpifpaf_ros2_msgs/msg/detail/pose3_d_array__rosidl_typesupport_introspection_cpp.hpp
[0.572s] -- Up-to-date: /root/openpifpaf_ros2/install/openpifpaf_ros2_msgs/include/openpifpaf_ros2_msgs/msg/detail/pose3_d_array__type_support.cpp
[0.572s] -- Up-to-date: /root/openpifpaf_ros2/install/openpifpaf_ros2_msgs/include/openpifpaf_ros2_msgs/msg/detail/person__rosidl_typesupport_introspection_cpp.hpp
[0.572s] -- Up-to-date: /root/openpifpaf_ros2/install/openpifpaf_ros2_msgs/include/openpifpaf_ros2_msgs/msg/detail/pose__type_support.cpp
[0.572s] -- Up-to-date: /root/openpifpaf_ros2/install/openpifpaf_ros2_msgs/include/openpifpaf_ros2_msgs/msg/detail/pose3_d__type_support.cpp
[0.572s] -- Up-to-date: /root/openpifpaf_ros2/install/openpifpaf_ros2_msgs/include/openpifpaf_ros2_msgs/msg/detail/person__type_support.cpp
[0.572s] -- Up-to-date: /root/openpifpaf_ros2/install/openpifpaf_ros2_msgs/include/openpifpaf_ros2_msgs/msg/detail/poses__rosidl_typesupport_introspection_cpp.hpp
[0.572s] -- Up-to-date: /root/openpifpaf_ros2/install/openpifpaf_ros2_msgs/include/openpifpaf_ros2_msgs/msg/detail/pose3_d__rosidl_typesupport_introspection_cpp.hpp
[0.572s] -- Up-to-date: /root/openpifpaf_ros2/install/openpifpaf_ros2_msgs/lib/libopenpifpaf_ros2_msgs__rosidl_typesupport_introspection_cpp.so
[0.572s] -- Up-to-date: /root/openpifpaf_ros2/install/openpifpaf_ros2_msgs/lib/libopenpifpaf_ros2_msgs__rosidl_typesupport_cpp.so
[0.572s] -- Up-to-date: /root/openpifpaf_ros2/install/openpifpaf_ros2_msgs/share/openpifpaf_ros2_msgs/environment/pythonpath.sh
[0.573s] -- Up-to-date: /root/openpifpaf_ros2/install/openpifpaf_ros2_msgs/share/openpifpaf_ros2_msgs/environment/pythonpath.dsv
[0.573s] -- Up-to-date: /root/openpifpaf_ros2/install/openpifpaf_ros2_msgs/lib/python3.8/site-packages/openpifpaf_ros2_msgs/__init__.py
[0.603s] -- Up-to-date: /root/openpifpaf_ros2/install/openpifpaf_ros2_msgs/lib/python3.8/site-packages/openpifpaf_ros2_msgs/msg
[0.603s] -- Up-to-date: /root/openpifpaf_ros2/install/openpifpaf_ros2_msgs/lib/python3.8/site-packages/openpifpaf_ros2_msgs/msg/_pose_s.c
[0.604s] -- Up-to-date: /root/openpifpaf_ros2/install/openpifpaf_ros2_msgs/lib/python3.8/site-packages/openpifpaf_ros2_msgs/msg/_poses_s.c
[0.604s] -- Up-to-date: /root/openpifpaf_ros2/install/openpifpaf_ros2_msgs/lib/python3.8/site-packages/openpifpaf_ros2_msgs/msg/_person_s.c
[0.604s] -- Up-to-date: /root/openpifpaf_ros2/install/openpifpaf_ros2_msgs/lib/python3.8/site-packages/openpifpaf_ros2_msgs/msg/_pose3_d_array_s.c
[0.605s] -- Up-to-date: /root/openpifpaf_ros2/install/openpifpaf_ros2_msgs/lib/python3.8/site-packages/openpifpaf_ros2_msgs/msg/_poses.py
[0.605s] -- Up-to-date: /root/openpifpaf_ros2/install/openpifpaf_ros2_msgs/lib/python3.8/site-packages/openpifpaf_ros2_msgs/msg/_pose3_d_array.py
[0.606s] -- Up-to-date: /root/openpifpaf_ros2/install/openpifpaf_ros2_msgs/lib/python3.8/site-packages/openpifpaf_ros2_msgs/msg/_pose3_d_s.c
[0.606s] -- Up-to-date: /root/openpifpaf_ros2/install/openpifpaf_ros2_msgs/lib/python3.8/site-packages/openpifpaf_ros2_msgs/msg/_pose3_d.py
[0.606s] -- Up-to-date: /root/openpifpaf_ros2/install/openpifpaf_ros2_msgs/lib/python3.8/site-packages/openpifpaf_ros2_msgs/msg/_pose.py
[0.607s] -- Up-to-date: /root/openpifpaf_ros2/install/openpifpaf_ros2_msgs/lib/python3.8/site-packages/openpifpaf_ros2_msgs/msg/__init__.py
[0.607s] -- Up-to-date: /root/openpifpaf_ros2/install/openpifpaf_ros2_msgs/lib/python3.8/site-packages/openpifpaf_ros2_msgs/msg/_person.py
[0.608s] -- Up-to-date: /root/openpifpaf_ros2/install/openpifpaf_ros2_msgs/lib/python3.8/site-packages/openpifpaf_ros2_msgs/openpifpaf_ros2_msgs_s__rosidl_typesupport_fastrtps_c.cpython-38-x86_64-linux-gnu.so
[0.608s] -- Up-to-date: /root/openpifpaf_ros2/install/openpifpaf_ros2_msgs/lib/python3.8/site-packages/openpifpaf_ros2_msgs/openpifpaf_ros2_msgs_s__rosidl_typesupport_introspection_c.cpython-38-x86_64-linux-gnu.so
[0.608s] -- Up-to-date: /root/openpifpaf_ros2/install/openpifpaf_ros2_msgs/lib/python3.8/site-packages/openpifpaf_ros2_msgs/openpifpaf_ros2_msgs_s__rosidl_typesupport_c.cpython-38-x86_64-linux-gnu.so
[0.609s] -- Up-to-date: /root/openpifpaf_ros2/install/openpifpaf_ros2_msgs/lib/libopenpifpaf_ros2_msgs__python.so
[0.609s] -- Up-to-date: /root/openpifpaf_ros2/install/openpifpaf_ros2_msgs/share/openpifpaf_ros2_msgs/msg/Pose.idl
[0.609s] -- Up-to-date: /root/openpifpaf_ros2/install/openpifpaf_ros2_msgs/share/openpifpaf_ros2_msgs/msg/Poses.idl
[0.611s] -- Up-to-date: /root/openpifpaf_ros2/install/openpifpaf_ros2_msgs/share/openpifpaf_ros2_msgs/msg/Person.idl
[0.612s] -- Up-to-date: /root/openpifpaf_ros2/install/openpifpaf_ros2_msgs/share/openpifpaf_ros2_msgs/msg/Pose3D.idl
[0.612s] -- Up-to-date: /root/openpifpaf_ros2/install/openpifpaf_ros2_msgs/share/openpifpaf_ros2_msgs/msg/Pose3DArray.idl
[0.615s] -- Up-to-date: /root/openpifpaf_ros2/install/openpifpaf_ros2_msgs/share/openpifpaf_ros2_msgs/msg/Pose.msg
[0.615s] -- Up-to-date: /root/openpifpaf_ros2/install/openpifpaf_ros2_msgs/share/openpifpaf_ros2_msgs/msg/Poses.msg
[0.615s] -- Up-to-date: /root/openpifpaf_ros2/install/openpifpaf_ros2_msgs/share/openpifpaf_ros2_msgs/msg/Person.msg
[0.615s] -- Up-to-date: /root/openpifpaf_ros2/install/openpifpaf_ros2_msgs/share/openpifpaf_ros2_msgs/msg/Pose3D.msg
[0.616s] -- Up-to-date: /root/openpifpaf_ros2/install/openpifpaf_ros2_msgs/share/openpifpaf_ros2_msgs/msg/Pose3DArray.msg
[0.616s] -- Up-to-date: /root/openpifpaf_ros2/install/openpifpaf_ros2_msgs/share/ament_index/resource_index/package_run_dependencies/openpifpaf_ros2_msgs
[0.616s] -- Up-to-date: /root/openpifpaf_ros2/install/openpifpaf_ros2_msgs/share/ament_index/resource_index/parent_prefix_path/openpifpaf_ros2_msgs
[0.616s] -- Up-to-date: /root/openpifpaf_ros2/install/openpifpaf_ros2_msgs/share/openpifpaf_ros2_msgs/environment/ament_prefix_path.sh
[0.616s] -- Up-to-date: /root/openpifpaf_ros2/install/openpifpaf_ros2_msgs/share/openpifpaf_ros2_msgs/environment/ament_prefix_path.dsv
[0.616s] -- Up-to-date: /root/openpifpaf_ros2/install/openpifpaf_ros2_msgs/share/openpifpaf_ros2_msgs/environment/path.sh
[0.616s] -- Up-to-date: /root/openpifpaf_ros2/install/openpifpaf_ros2_msgs/share/openpifpaf_ros2_msgs/environment/path.dsv
[0.616s] -- Up-to-date: /root/openpifpaf_ros2/install/openpifpaf_ros2_msgs/share/openpifpaf_ros2_msgs/local_setup.bash
[0.616s] -- Up-to-date: /root/openpifpaf_ros2/install/openpifpaf_ros2_msgs/share/openpifpaf_ros2_msgs/local_setup.sh
[0.617s] -- Up-to-date: /root/openpifpaf_ros2/install/openpifpaf_ros2_msgs/share/openpifpaf_ros2_msgs/local_setup.zsh
[0.617s] -- Up-to-date: /root/openpifpaf_ros2/install/openpifpaf_ros2_msgs/share/openpifpaf_ros2_msgs/local_setup.dsv
[0.617s] -- Installing: /root/openpifpaf_ros2/install/openpifpaf_ros2_msgs/share/openpifpaf_ros2_msgs/package.dsv
[0.617s] -- Up-to-date: /root/openpifpaf_ros2/install/openpifpaf_ros2_msgs/share/ament_index/resource_index/packages/openpifpaf_ros2_msgs
[0.617s] -- Up-to-date: /root/openpifpaf_ros2/install/openpifpaf_ros2_msgs/share/openpifpaf_ros2_msgs/cmake/openpifpaf_ros2_msgs__rosidl_generator_cExport.cmake
[0.617s] -- Up-to-date: /root/openpifpaf_ros2/install/openpifpaf_ros2_msgs/share/openpifpaf_ros2_msgs/cmake/openpifpaf_ros2_msgs__rosidl_generator_cExport-noconfig.cmake
[0.617s] -- Up-to-date: /root/openpifpaf_ros2/install/openpifpaf_ros2_msgs/share/openpifpaf_ros2_msgs/cmake/openpifpaf_ros2_msgs__rosidl_typesupport_introspection_cExport.cmake
[0.617s] -- Up-to-date: /root/openpifpaf_ros2/install/openpifpaf_ros2_msgs/share/openpifpaf_ros2_msgs/cmake/openpifpaf_ros2_msgs__rosidl_typesupport_introspection_cExport-noconfig.cmake
[0.617s] -- Up-to-date: /root/openpifpaf_ros2/install/openpifpaf_ros2_msgs/share/openpifpaf_ros2_msgs/cmake/openpifpaf_ros2_msgs__rosidl_typesupport_cExport.cmake
[0.617s] -- Up-to-date: /root/openpifpaf_ros2/install/openpifpaf_ros2_msgs/share/openpifpaf_ros2_msgs/cmake/openpifpaf_ros2_msgs__rosidl_typesupport_cExport-noconfig.cmake
[0.618s] -- Up-to-date: /root/openpifpaf_ros2/install/openpifpaf_ros2_msgs/share/openpifpaf_ros2_msgs/cmake/openpifpaf_ros2_msgs__rosidl_generator_cppExport.cmake
[0.618s] -- Up-to-date: /root/openpifpaf_ros2/install/openpifpaf_ros2_msgs/share/openpifpaf_ros2_msgs/cmake/openpifpaf_ros2_msgs__rosidl_typesupport_introspection_cppExport.cmake
[0.618s] -- Up-to-date: /root/openpifpaf_ros2/install/openpifpaf_ros2_msgs/share/openpifpaf_ros2_msgs/cmake/openpifpaf_ros2_msgs__rosidl_typesupport_introspection_cppExport-noconfig.cmake
[0.618s] -- Up-to-date: /root/openpifpaf_ros2/install/openpifpaf_ros2_msgs/share/openpifpaf_ros2_msgs/cmake/openpifpaf_ros2_msgs__rosidl_typesupport_cppExport.cmake
[0.618s] -- Up-to-date: /root/openpifpaf_ros2/install/openpifpaf_ros2_msgs/share/openpifpaf_ros2_msgs/cmake/openpifpaf_ros2_msgs__rosidl_typesupport_cppExport-noconfig.cmake
[0.618s] -- Up-to-date: /root/openpifpaf_ros2/install/openpifpaf_ros2_msgs/share/openpifpaf_ros2_msgs/cmake/rosidl_cmake-extras.cmake
[0.618s] -- Up-to-date: /root/openpifpaf_ros2/install/openpifpaf_ros2_msgs/share/openpifpaf_ros2_msgs/cmake/ament_cmake_export_dependencies-extras.cmake
[0.618s] -- Up-to-date: /root/openpifpaf_ros2/install/openpifpaf_ros2_msgs/share/openpifpaf_ros2_msgs/cmake/ament_cmake_export_libraries-extras.cmake
[0.618s] -- Up-to-date: /root/openpifpaf_ros2/install/openpifpaf_ros2_msgs/share/openpifpaf_ros2_msgs/cmake/ament_cmake_export_targets-extras.cmake
[0.618s] -- Up-to-date: /root/openpifpaf_ros2/install/openpifpaf_ros2_msgs/share/openpifpaf_ros2_msgs/cmake/ament_cmake_export_include_directories-extras.cmake
[0.618s] -- Up-to-date: /root/openpifpaf_ros2/install/openpifpaf_ros2_msgs/share/openpifpaf_ros2_msgs/cmake/rosidl_cmake_export_typesupport_libraries-extras.cmake
[0.618s] -- Up-to-date: /root/openpifpaf_ros2/install/openpifpaf_ros2_msgs/share/openpifpaf_ros2_msgs/cmake/rosidl_cmake_export_typesupport_targets-extras.cmake
[0.619s] -- Up-to-date: /root/openpifpaf_ros2/install/openpifpaf_ros2_msgs/share/openpifpaf_ros2_msgs/cmake/openpifpaf_ros2_msgsConfig.cmake
[0.619s] -- Up-to-date: /root/openpifpaf_ros2/install/openpifpaf_ros2_msgs/share/openpifpaf_ros2_msgs/cmake/openpifpaf_ros2_msgsConfig-version.cmake
[0.619s] -- Up-to-date: /root/openpifpaf_ros2/install/openpifpaf_ros2_msgs/share/openpifpaf_ros2_msgs/package.xml
[0.619s] Invoked command in '/root/openpifpaf_ros2/build/openpifpaf_ros2_msgs' returned '0': CMAKE_PREFIX_PATH=/opt/ros/foxy _=/usr/bin/env /usr/bin/cmake --install /root/openpifpaf_ros2/build/openpifpaf_ros2_msgs
