[0.062s] Invoking command in '/root/openpifpaf_ros2/build/openpifpaf_ros2_msgs': CMAKE_PREFIX_PATH=${CMAKE_PREFIX_PATH}:/root/openpifpaf_ros2/install/rgbd_openpifpaf_ros2:/root/openpifpaf_ros2/install/pose_checker:/root/openpifpaf_ros2/install/openpifpaf_ros2_node:/opt/ros/foxy _=/usr/bin/env /usr/bin/cmake --build /root/openpifpaf_ros2/build/openpifpaf_ros2_msgs -- -j12 -l12
[0.147s] [  1%] Built target openpifpaf_ros2_msgs__cpp
[0.155s] [ 12%] Built target openpifpaf_ros2_msgs__rosidl_generator_c
[0.217s] [ 23%] Built target openpifpaf_ros2_msgs__rosidl_typesupport_fastrtps_cpp
[0.220s] [ 34%] Built target openpifpaf_ros2_msgs__rosidl_typesupport_introspection_cpp
[0.225s] [ 46%] Built target openpifpaf_ros2_msgs__rosidl_typesupport_cpp
[0.228s] [ 57%] Built target openpifpaf_ros2_msgs__rosidl_typesupport_c
[0.230s] [ 68%] Built target openpifpaf_ros2_msgs__rosidl_typesupport_introspection_c
[0.272s] [ 79%] Built target openpifpaf_ros2_msgs__rosidl_typesupport_fastrtps_c
[0.306s] [ 79%] Built target openpifpaf_ros2_msgs
[0.339s] [ 80%] Built target openpifpaf_ros2_msgs__py
[0.389s] [ 90%] Built target openpifpaf_ros2_msgs__python
[0.442s] [ 93%] Built target openpifpaf_ros2_msgs__rosidl_typesupport_c__pyext
[0.442s] [ 96%] Built target openpifpaf_ros2_msgs__rosidl_typesupport_introspection_c__pyext
[0.443s] [100%] Built target openpifpaf_ros2_msgs__rosidl_typesupport_fastrtps_c__pyext
[0.493s] Invoked command in '/root/openpifpaf_ros2/build/openpifpaf_ros2_msgs' returned '0': CMAKE_PREFIX_PATH=${CMAKE_PREFIX_PATH}:/root/openpifpaf_ros2/install/rgbd_openpifpaf_ros2:/root/openpifpaf_ros2/install/pose_checker:/root/openpifpaf_ros2/install/openpifpaf_ros2_node:/opt/ros/foxy _=/usr/bin/env /usr/bin/cmake --build /root/openpifpaf_ros2/build/openpifpaf_ros2_msgs -- -j12 -l12
[0.818s] Invoking command in '/root/openpifpaf_ros2/build/openpifpaf_ros2_msgs': CMAKE_PREFIX_PATH=${CMAKE_PREFIX_PATH}:/root/openpifpaf_ros2/install/rgbd_openpifpaf_ros2:/root/openpifpaf_ros2/install/pose_checker:/root/openpifpaf_ros2/install/openpifpaf_ros2_node:/opt/ros/foxy _=/usr/bin/env /usr/bin/cmake --install /root/openpifpaf_ros2/build/openpifpaf_ros2_msgs
[0.821s] -- Install configuration: ""
[0.821s] -- Up-to-date: /root/openpifpaf_ros2/install/openpifpaf_ros2_msgs/share/ament_index/resource_index/rosidl_interfaces/openpifpaf_ros2_msgs
[0.822s] -- Up-to-date: /root/openpifpaf_ros2/install/openpifpaf_ros2_msgs/include/openpifpaf_ros2_msgs
[0.822s] -- Up-to-date: /root/openpifpaf_ros2/install/openpifpaf_ros2_msgs/include/openpifpaf_ros2_msgs/msg
[0.823s] -- Up-to-date: /root/openpifpaf_ros2/install/openpifpaf_ros2_msgs/include/openpifpaf_ros2_msgs/msg/rosidl_generator_c__visibility_control.h
[0.823s] -- Up-to-date: /root/openpifpaf_ros2/install/openpifpaf_ros2_msgs/include/openpifpaf_ros2_msgs/msg/pose3_d_array.h
[0.823s] -- Up-to-date: /root/openpifpaf_ros2/install/openpifpaf_ros2_msgs/include/openpifpaf_ros2_msgs/msg/poses.h
[0.823s] -- Up-to-date: /root/openpifpaf_ros2/install/openpifpaf_ros2_msgs/include/openpifpaf_ros2_msgs/msg/pose.h
[0.823s] -- Up-to-date: /root/openpifpaf_ros2/install/openpifpaf_ros2_msgs/include/openpifpaf_ros2_msgs/msg/detail
[0.824s] -- Up-to-date: /root/openpifpaf_ros2/install/openpifpaf_ros2_msgs/include/openpifpaf_ros2_msgs/msg/detail/person__functions.c
[0.824s] -- Up-to-date: /root/openpifpaf_ros2/install/openpifpaf_ros2_msgs/include/openpifpaf_ros2_msgs/msg/detail/pose3_d_array__struct.h
[0.824s] -- Up-to-date: /root/openpifpaf_ros2/install/openpifpaf_ros2_msgs/include/openpifpaf_ros2_msgs/msg/detail/poses__functions.h
[0.824s] -- Up-to-date: /root/openpifpaf_ros2/install/openpifpaf_ros2_msgs/include/openpifpaf_ros2_msgs/msg/detail/pose3_d__struct.h
[0.824s] -- Up-to-date: /root/openpifpaf_ros2/install/openpifpaf_ros2_msgs/include/openpifpaf_ros2_msgs/msg/detail/pose__type_support.h
[0.825s] -- Up-to-date: /root/openpifpaf_ros2/install/openpifpaf_ros2_msgs/include/openpifpaf_ros2_msgs/msg/detail/pose3_d_array__functions.h
[0.825s] -- Up-to-date: /root/openpifpaf_ros2/install/openpifpaf_ros2_msgs/include/openpifpaf_ros2_msgs/msg/detail/poses__struct.h
[0.825s] -- Up-to-date: /root/openpifpaf_ros2/install/openpifpaf_ros2_msgs/include/openpifpaf_ros2_msgs/msg/detail/poses__functions.c
[0.825s] -- Up-to-date: /root/openpifpaf_ros2/install/openpifpaf_ros2_msgs/include/openpifpaf_ros2_msgs/msg/detail/person__struct.h
[0.826s] -- Up-to-date: /root/openpifpaf_ros2/install/openpifpaf_ros2_msgs/include/openpifpaf_ros2_msgs/msg/detail/person__functions.h
[0.826s] -- Up-to-date: /root/openpifpaf_ros2/install/openpifpaf_ros2_msgs/include/openpifpaf_ros2_msgs/msg/detail/pose3_d_array__functions.c
[0.826s] -- Up-to-date: /root/openpifpaf_ros2/install/openpifpaf_ros2_msgs/include/openpifpaf_ros2_msgs/msg/detail/pose3_d_array__type_support.h
[0.826s] -- Up-to-date: /root/openpifpaf_ros2/install/openpifpaf_ros2_msgs/include/openpifpaf_ros2_msgs/msg/detail/poses__type_support.h
[0.826s] -- Up-to-date: /root/openpifpaf_ros2/install/openpifpaf_ros2_msgs/include/openpifpaf_ros2_msgs/msg/detail/pose__functions.c
[0.827s] -- Up-to-date: /root/openpifpaf_ros2/install/openpifpaf_ros2_msgs/include/openpifpaf_ros2_msgs/msg/detail/pose__struct.h
[0.827s] -- Up-to-date: /root/openpifpaf_ros2/install/openpifpaf_ros2_msgs/include/openpifpaf_ros2_msgs/msg/detail/pose__functions.h
[0.827s] -- Up-to-date: /root/openpifpaf_ros2/install/openpifpaf_ros2_msgs/include/openpifpaf_ros2_msgs/msg/detail/pose3_d__functions.c
[0.827s] -- Up-to-date: /root/openpifpaf_ros2/install/openpifpaf_ros2_msgs/include/openpifpaf_ros2_msgs/msg/detail/person__type_support.h
[0.827s] -- Up-to-date: /root/openpifpaf_ros2/install/openpifpaf_ros2_msgs/include/openpifpaf_ros2_msgs/msg/detail/pose3_d__type_support.h
[0.828s] -- Up-to-date: /root/openpifpaf_ros2/install/openpifpaf_ros2_msgs/include/openpifpaf_ros2_msgs/msg/detail/pose3_d__functions.h
[0.828s] -- Up-to-date: /root/openpifpaf_ros2/install/openpifpaf_ros2_msgs/include/openpifpaf_ros2_msgs/msg/person.h
[0.828s] -- Up-to-date: /root/openpifpaf_ros2/install/openpifpaf_ros2_msgs/include/openpifpaf_ros2_msgs/msg/pose3_d.h
[0.828s] -- Up-to-date: /root/openpifpaf_ros2/install/openpifpaf_ros2_msgs/share/openpifpaf_ros2_msgs/environment/library_path.sh
[0.829s] -- Up-to-date: /root/openpifpaf_ros2/install/openpifpaf_ros2_msgs/share/openpifpaf_ros2_msgs/environment/library_path.dsv
[0.829s] -- Up-to-date: /root/openpifpaf_ros2/install/openpifpaf_ros2_msgs/lib/libopenpifpaf_ros2_msgs__rosidl_generator_c.so
[0.829s] -- Up-to-date: /root/openpifpaf_ros2/install/openpifpaf_ros2_msgs/include/openpifpaf_ros2_msgs
[0.829s] -- Up-to-date: /root/openpifpaf_ros2/install/openpifpaf_ros2_msgs/include/openpifpaf_ros2_msgs/msg
[0.829s] -- Up-to-date: /root/openpifpaf_ros2/install/openpifpaf_ros2_msgs/include/openpifpaf_ros2_msgs/msg/rosidl_typesupport_fastrtps_c__visibility_control.h
[0.830s] -- Up-to-date: /root/openpifpaf_ros2/install/openpifpaf_ros2_msgs/include/openpifpaf_ros2_msgs/msg/detail
[0.830s] -- Up-to-date: /root/openpifpaf_ros2/install/openpifpaf_ros2_msgs/include/openpifpaf_ros2_msgs/msg/detail/pose3_d__rosidl_typesupport_fastrtps_c.h
[0.830s] -- Up-to-date: /root/openpifpaf_ros2/install/openpifpaf_ros2_msgs/include/openpifpaf_ros2_msgs/msg/detail/person__rosidl_typesupport_fastrtps_c.h
[0.830s] -- Up-to-date: /root/openpifpaf_ros2/install/openpifpaf_ros2_msgs/include/openpifpaf_ros2_msgs/msg/detail/pose__rosidl_typesupport_fastrtps_c.h
[0.830s] -- Up-to-date: /root/openpifpaf_ros2/install/openpifpaf_ros2_msgs/include/openpifpaf_ros2_msgs/msg/detail/pose3_d_array__rosidl_typesupport_fastrtps_c.h
[0.831s] -- Up-to-date: /root/openpifpaf_ros2/install/openpifpaf_ros2_msgs/include/openpifpaf_ros2_msgs/msg/detail/poses__rosidl_typesupport_fastrtps_c.h
[0.831s] -- Up-to-date: /root/openpifpaf_ros2/install/openpifpaf_ros2_msgs/lib/libopenpifpaf_ros2_msgs__rosidl_typesupport_fastrtps_c.so
[0.831s] -- Up-to-date: /root/openpifpaf_ros2/install/openpifpaf_ros2_msgs/include/openpifpaf_ros2_msgs
[0.832s] -- Up-to-date: /root/openpifpaf_ros2/install/openpifpaf_ros2_msgs/include/openpifpaf_ros2_msgs/msg
[0.832s] -- Up-to-date: /root/openpifpaf_ros2/install/openpifpaf_ros2_msgs/include/openpifpaf_ros2_msgs/msg/rosidl_typesupport_fastrtps_cpp__visibility_control.h
[0.832s] -- Up-to-date: /root/openpifpaf_ros2/install/openpifpaf_ros2_msgs/include/openpifpaf_ros2_msgs/msg/detail
[0.832s] -- Up-to-date: /root/openpifpaf_ros2/install/openpifpaf_ros2_msgs/include/openpifpaf_ros2_msgs/msg/detail/pose3_d_array__rosidl_typesupport_fastrtps_cpp.hpp
[0.833s] -- Up-to-date: /root/openpifpaf_ros2/install/openpifpaf_ros2_msgs/include/openpifpaf_ros2_msgs/msg/detail/dds_fastrtps
[0.833s] -- Up-to-date: /root/openpifpaf_ros2/install/openpifpaf_ros2_msgs/include/openpifpaf_ros2_msgs/msg/detail/pose__rosidl_typesupport_fastrtps_cpp.hpp
[0.833s] -- Up-to-date: /root/openpifpaf_ros2/install/openpifpaf_ros2_msgs/include/openpifpaf_ros2_msgs/msg/detail/person__rosidl_typesupport_fastrtps_cpp.hpp
[0.833s] -- Up-to-date: /root/openpifpaf_ros2/install/openpifpaf_ros2_msgs/include/openpifpaf_ros2_msgs/msg/detail/poses__rosidl_typesupport_fastrtps_cpp.hpp
[0.833s] -- Up-to-date: /root/openpifpaf_ros2/install/openpifpaf_ros2_msgs/include/openpifpaf_ros2_msgs/msg/detail/pose3_d__rosidl_typesupport_fastrtps_cpp.hpp
[0.833s] -- Up-to-date: /root/openpifpaf_ros2/install/openpifpaf_ros2_msgs/lib/libopenpifpaf_ros2_msgs__rosidl_typesupport_fastrtps_cpp.so
[0.834s] -- Up-to-date: /root/openpifpaf_ros2/install/openpifpaf_ros2_msgs/include/openpifpaf_ros2_msgs
[0.834s] -- Up-to-date: /root/openpifpaf_ros2/install/openpifpaf_ros2_msgs/include/openpifpaf_ros2_msgs/msg
[0.834s] -- Up-to-date: /root/openpifpaf_ros2/install/openpifpaf_ros2_msgs/include/openpifpaf_ros2_msgs/msg/rosidl_typesupport_introspection_c__visibility_control.h
[0.834s] -- Up-to-date: /root/openpifpaf_ros2/install/openpifpaf_ros2_msgs/include/openpifpaf_ros2_msgs/msg/detail
[0.834s] -- Up-to-date: /root/openpifpaf_ros2/install/openpifpaf_ros2_msgs/include/openpifpaf_ros2_msgs/msg/detail/poses__rosidl_typesupport_introspection_c.h
[0.834s] -- Up-to-date: /root/openpifpaf_ros2/install/openpifpaf_ros2_msgs/include/openpifpaf_ros2_msgs/msg/detail/pose3_d__type_support.c
[0.835s] -- Up-to-date: /root/openpifpaf_ros2/install/openpifpaf_ros2_msgs/include/openpifpaf_ros2_msgs/msg/detail/pose3_d__rosidl_typesupport_introspection_c.h
[0.835s] -- Up-to-date: /root/openpifpaf_ros2/install/openpifpaf_ros2_msgs/include/openpifpaf_ros2_msgs/msg/detail/pose3_d_array__type_support.c
[0.835s] -- Up-to-date: /root/openpifpaf_ros2/install/openpifpaf_ros2_msgs/include/openpifpaf_ros2_msgs/msg/detail/pose3_d_array__rosidl_typesupport_introspection_c.h
[0.835s] -- Up-to-date: /root/openpifpaf_ros2/install/openpifpaf_ros2_msgs/include/openpifpaf_ros2_msgs/msg/detail/pose__rosidl_typesupport_introspection_c.h
[0.835s] -- Up-to-date: /root/openpifpaf_ros2/install/openpifpaf_ros2_msgs/include/openpifpaf_ros2_msgs/msg/detail/poses__type_support.c
[0.835s] -- Up-to-date: /root/openpifpaf_ros2/install/openpifpaf_ros2_msgs/include/openpifpaf_ros2_msgs/msg/detail/person__rosidl_typesupport_introspection_c.h
[0.836s] -- Up-to-date: /root/openpifpaf_ros2/install/openpifpaf_ros2_msgs/include/openpifpaf_ros2_msgs/msg/detail/pose__type_support.c
[0.836s] -- Up-to-date: /root/openpifpaf_ros2/install/openpifpaf_ros2_msgs/include/openpifpaf_ros2_msgs/msg/detail/person__type_support.c
[0.836s] -- Up-to-date: /root/openpifpaf_ros2/install/openpifpaf_ros2_msgs/lib/libopenpifpaf_ros2_msgs__rosidl_typesupport_introspection_c.so
[0.836s] -- Up-to-date: /root/openpifpaf_ros2/install/openpifpaf_ros2_msgs/lib/libopenpifpaf_ros2_msgs__rosidl_typesupport_c.so
[0.836s] -- Up-to-date: /root/openpifpaf_ros2/install/openpifpaf_ros2_msgs/include/openpifpaf_ros2_msgs
[0.836s] -- Up-to-date: /root/openpifpaf_ros2/install/openpifpaf_ros2_msgs/include/openpifpaf_ros2_msgs/msg
[0.836s] -- Up-to-date: /root/openpifpaf_ros2/install/openpifpaf_ros2_msgs/include/openpifpaf_ros2_msgs/msg/pose.hpp
[0.837s] -- Up-to-date: /root/openpifpaf_ros2/install/openpifpaf_ros2_msgs/include/openpifpaf_ros2_msgs/msg/poses.hpp
[0.837s] -- Up-to-date: /root/openpifpaf_ros2/install/openpifpaf_ros2_msgs/include/openpifpaf_ros2_msgs/msg/pose3_d.hpp
[0.837s] -- Up-to-date: /root/openpifpaf_ros2/install/openpifpaf_ros2_msgs/include/openpifpaf_ros2_msgs/msg/detail
[0.837s] -- Up-to-date: /root/openpifpaf_ros2/install/openpifpaf_ros2_msgs/include/openpifpaf_ros2_msgs/msg/detail/pose__builder.hpp
[0.837s] -- Up-to-date: /root/openpifpaf_ros2/install/openpifpaf_ros2_msgs/include/openpifpaf_ros2_msgs/msg/detail/pose3_d_array__builder.hpp
[0.837s] -- Up-to-date: /root/openpifpaf_ros2/install/openpifpaf_ros2_msgs/include/openpifpaf_ros2_msgs/msg/detail/pose3_d_array__traits.hpp
[0.838s] -- Up-to-date: /root/openpifpaf_ros2/install/openpifpaf_ros2_msgs/include/openpifpaf_ros2_msgs/msg/detail/pose3_d__builder.hpp
[0.838s] -- Up-to-date: /root/openpifpaf_ros2/install/openpifpaf_ros2_msgs/include/openpifpaf_ros2_msgs/msg/detail/poses__struct.hpp
[0.838s] -- Up-to-date: /root/openpifpaf_ros2/install/openpifpaf_ros2_msgs/include/openpifpaf_ros2_msgs/msg/detail/person__builder.hpp
[0.838s] -- Up-to-date: /root/openpifpaf_ros2/install/openpifpaf_ros2_msgs/include/openpifpaf_ros2_msgs/msg/detail/pose__traits.hpp
[0.838s] -- Up-to-date: /root/openpifpaf_ros2/install/openpifpaf_ros2_msgs/include/openpifpaf_ros2_msgs/msg/detail/poses__traits.hpp
[0.838s] -- Up-to-date: /root/openpifpaf_ros2/install/openpifpaf_ros2_msgs/include/openpifpaf_ros2_msgs/msg/detail/pose3_d__struct.hpp
[0.839s] -- Up-to-date: /root/openpifpaf_ros2/install/openpifpaf_ros2_msgs/include/openpifpaf_ros2_msgs/msg/detail/pose3_d_array__struct.hpp
[0.839s] -- Up-to-date: /root/openpifpaf_ros2/install/openpifpaf_ros2_msgs/include/openpifpaf_ros2_msgs/msg/detail/poses__builder.hpp
[0.839s] -- Up-to-date: /root/openpifpaf_ros2/install/openpifpaf_ros2_msgs/include/openpifpaf_ros2_msgs/msg/detail/person__traits.hpp
[0.839s] -- Up-to-date: /root/openpifpaf_ros2/install/openpifpaf_ros2_msgs/include/openpifpaf_ros2_msgs/msg/detail/pose__struct.hpp
[0.839s] -- Up-to-date: /root/openpifpaf_ros2/install/openpifpaf_ros2_msgs/include/openpifpaf_ros2_msgs/msg/detail/person__struct.hpp
[0.839s] -- Up-to-date: /root/openpifpaf_ros2/install/openpifpaf_ros2_msgs/include/openpifpaf_ros2_msgs/msg/detail/pose3_d__traits.hpp
[0.839s] -- Up-to-date: /root/openpifpaf_ros2/install/openpifpaf_ros2_msgs/include/openpifpaf_ros2_msgs/msg/pose3_d_array.hpp
[0.840s] -- Up-to-date: /root/openpifpaf_ros2/install/openpifpaf_ros2_msgs/include/openpifpaf_ros2_msgs/msg/person.hpp
[0.840s] -- Up-to-date: /root/openpifpaf_ros2/install/openpifpaf_ros2_msgs/include/openpifpaf_ros2_msgs
[0.840s] -- Up-to-date: /root/openpifpaf_ros2/install/openpifpaf_ros2_msgs/include/openpifpaf_ros2_msgs/msg
[0.840s] -- Up-to-date: /root/openpifpaf_ros2/install/openpifpaf_ros2_msgs/include/openpifpaf_ros2_msgs/msg/detail
[0.841s] -- Up-to-date: /root/openpifpaf_ros2/install/openpifpaf_ros2_msgs/include/openpifpaf_ros2_msgs/msg/detail/poses__type_support.cpp
[0.841s] -- Up-to-date: /root/openpifpaf_ros2/install/openpifpaf_ros2_msgs/include/openpifpaf_ros2_msgs/msg/detail/pose__rosidl_typesupport_introspection_cpp.hpp
[0.841s] -- Up-to-date: /root/openpifpaf_ros2/install/openpifpaf_ros2_msgs/include/openpifpaf_ros2_msgs/msg/detail/pose3_d_array__rosidl_typesupport_introspection_cpp.hpp
[0.841s] -- Up-to-date: /root/openpifpaf_ros2/install/openpifpaf_ros2_msgs/include/openpifpaf_ros2_msgs/msg/detail/pose3_d_array__type_support.cpp
[0.841s] -- Up-to-date: /root/openpifpaf_ros2/install/openpifpaf_ros2_msgs/include/openpifpaf_ros2_msgs/msg/detail/person__rosidl_typesupport_introspection_cpp.hpp
[0.841s] -- Up-to-date: /root/openpifpaf_ros2/install/openpifpaf_ros2_msgs/include/openpifpaf_ros2_msgs/msg/detail/pose__type_support.cpp
[0.842s] -- Up-to-date: /root/openpifpaf_ros2/install/openpifpaf_ros2_msgs/include/openpifpaf_ros2_msgs/msg/detail/pose3_d__type_support.cpp
[0.842s] -- Up-to-date: /root/openpifpaf_ros2/install/openpifpaf_ros2_msgs/include/openpifpaf_ros2_msgs/msg/detail/person__type_support.cpp
[0.842s] -- Up-to-date: /root/openpifpaf_ros2/install/openpifpaf_ros2_msgs/include/openpifpaf_ros2_msgs/msg/detail/poses__rosidl_typesupport_introspection_cpp.hpp
[0.842s] -- Up-to-date: /root/openpifpaf_ros2/install/openpifpaf_ros2_msgs/include/openpifpaf_ros2_msgs/msg/detail/pose3_d__rosidl_typesupport_introspection_cpp.hpp
[0.843s] -- Up-to-date: /root/openpifpaf_ros2/install/openpifpaf_ros2_msgs/lib/libopenpifpaf_ros2_msgs__rosidl_typesupport_introspection_cpp.so
[0.843s] -- Up-to-date: /root/openpifpaf_ros2/install/openpifpaf_ros2_msgs/lib/libopenpifpaf_ros2_msgs__rosidl_typesupport_cpp.so
[0.843s] -- Up-to-date: /root/openpifpaf_ros2/install/openpifpaf_ros2_msgs/share/openpifpaf_ros2_msgs/environment/pythonpath.sh
[0.843s] -- Up-to-date: /root/openpifpaf_ros2/install/openpifpaf_ros2_msgs/share/openpifpaf_ros2_msgs/environment/pythonpath.dsv
[0.843s] -- Up-to-date: /root/openpifpaf_ros2/install/openpifpaf_ros2_msgs/lib/python3.8/site-packages/openpifpaf_ros2_msgs/__init__.py
[0.889s] -- Up-to-date: /root/openpifpaf_ros2/install/openpifpaf_ros2_msgs/lib/python3.8/site-packages/openpifpaf_ros2_msgs/msg
[0.890s] -- Up-to-date: /root/openpifpaf_ros2/install/openpifpaf_ros2_msgs/lib/python3.8/site-packages/openpifpaf_ros2_msgs/msg/_pose_s.c
[0.890s] -- Up-to-date: /root/openpifpaf_ros2/install/openpifpaf_ros2_msgs/lib/python3.8/site-packages/openpifpaf_ros2_msgs/msg/_poses_s.c
[0.891s] -- Up-to-date: /root/openpifpaf_ros2/install/openpifpaf_ros2_msgs/lib/python3.8/site-packages/openpifpaf_ros2_msgs/msg/_person_s.c
[0.891s] -- Up-to-date: /root/openpifpaf_ros2/install/openpifpaf_ros2_msgs/lib/python3.8/site-packages/openpifpaf_ros2_msgs/msg/_pose3_d_array_s.c
[0.891s] -- Up-to-date: /root/openpifpaf_ros2/install/openpifpaf_ros2_msgs/lib/python3.8/site-packages/openpifpaf_ros2_msgs/msg/_poses.py
[0.892s] -- Up-to-date: /root/openpifpaf_ros2/install/openpifpaf_ros2_msgs/lib/python3.8/site-packages/openpifpaf_ros2_msgs/msg/_pose3_d_array.py
[0.892s] -- Up-to-date: /root/openpifpaf_ros2/install/openpifpaf_ros2_msgs/lib/python3.8/site-packages/openpifpaf_ros2_msgs/msg/_pose3_d_s.c
[0.896s] -- Up-to-date: /root/openpifpaf_ros2/install/openpifpaf_ros2_msgs/lib/python3.8/site-packages/openpifpaf_ros2_msgs/msg/_pose3_d.py
[0.896s] -- Up-to-date: /root/openpifpaf_ros2/install/openpifpaf_ros2_msgs/lib/python3.8/site-packages/openpifpaf_ros2_msgs/msg/_pose.py
[0.897s] -- Up-to-date: /root/openpifpaf_ros2/install/openpifpaf_ros2_msgs/lib/python3.8/site-packages/openpifpaf_ros2_msgs/msg/__init__.py
[0.897s] -- Up-to-date: /root/openpifpaf_ros2/install/openpifpaf_ros2_msgs/lib/python3.8/site-packages/openpifpaf_ros2_msgs/msg/_person.py
[0.898s] -- Up-to-date: /root/openpifpaf_ros2/install/openpifpaf_ros2_msgs/lib/python3.8/site-packages/openpifpaf_ros2_msgs/openpifpaf_ros2_msgs_s__rosidl_typesupport_fastrtps_c.cpython-38-x86_64-linux-gnu.so
[0.898s] -- Up-to-date: /root/openpifpaf_ros2/install/openpifpaf_ros2_msgs/lib/python3.8/site-packages/openpifpaf_ros2_msgs/openpifpaf_ros2_msgs_s__rosidl_typesupport_introspection_c.cpython-38-x86_64-linux-gnu.so
[0.899s] -- Up-to-date: /root/openpifpaf_ros2/install/openpifpaf_ros2_msgs/lib/python3.8/site-packages/openpifpaf_ros2_msgs/openpifpaf_ros2_msgs_s__rosidl_typesupport_c.cpython-38-x86_64-linux-gnu.so
[0.899s] -- Up-to-date: /root/openpifpaf_ros2/install/openpifpaf_ros2_msgs/lib/libopenpifpaf_ros2_msgs__python.so
[0.900s] -- Up-to-date: /root/openpifpaf_ros2/install/openpifpaf_ros2_msgs/share/openpifpaf_ros2_msgs/msg/Pose.idl
[0.900s] -- Up-to-date: /root/openpifpaf_ros2/install/openpifpaf_ros2_msgs/share/openpifpaf_ros2_msgs/msg/Poses.idl
[0.900s] -- Up-to-date: /root/openpifpaf_ros2/install/openpifpaf_ros2_msgs/share/openpifpaf_ros2_msgs/msg/Person.idl
[0.901s] -- Up-to-date: /root/openpifpaf_ros2/install/openpifpaf_ros2_msgs/share/openpifpaf_ros2_msgs/msg/Pose3D.idl
[0.905s] -- Up-to-date: /root/openpifpaf_ros2/install/openpifpaf_ros2_msgs/share/openpifpaf_ros2_msgs/msg/Pose3DArray.idl
[0.905s] -- Up-to-date: /root/openpifpaf_ros2/install/openpifpaf_ros2_msgs/share/openpifpaf_ros2_msgs/msg/Pose.msg
[0.906s] -- Up-to-date: /root/openpifpaf_ros2/install/openpifpaf_ros2_msgs/share/openpifpaf_ros2_msgs/msg/Poses.msg
[0.906s] -- Up-to-date: /root/openpifpaf_ros2/install/openpifpaf_ros2_msgs/share/openpifpaf_ros2_msgs/msg/Person.msg
[0.907s] -- Up-to-date: /root/openpifpaf_ros2/install/openpifpaf_ros2_msgs/share/openpifpaf_ros2_msgs/msg/Pose3D.msg
[0.907s] -- Up-to-date: /root/openpifpaf_ros2/install/openpifpaf_ros2_msgs/share/openpifpaf_ros2_msgs/msg/Pose3DArray.msg
[0.907s] -- Up-to-date: /root/openpifpaf_ros2/install/openpifpaf_ros2_msgs/share/ament_index/resource_index/package_run_dependencies/openpifpaf_ros2_msgs
[0.910s] -- Up-to-date: /root/openpifpaf_ros2/install/openpifpaf_ros2_msgs/share/ament_index/resource_index/parent_prefix_path/openpifpaf_ros2_msgs
[0.911s] -- Up-to-date: /root/openpifpaf_ros2/install/openpifpaf_ros2_msgs/share/openpifpaf_ros2_msgs/environment/ament_prefix_path.sh
[0.912s] -- Up-to-date: /root/openpifpaf_ros2/install/openpifpaf_ros2_msgs/share/openpifpaf_ros2_msgs/environment/ament_prefix_path.dsv
[0.912s] -- Up-to-date: /root/openpifpaf_ros2/install/openpifpaf_ros2_msgs/share/openpifpaf_ros2_msgs/environment/path.sh
[0.913s] -- Up-to-date: /root/openpifpaf_ros2/install/openpifpaf_ros2_msgs/share/openpifpaf_ros2_msgs/environment/path.dsv
[0.914s] -- Up-to-date: /root/openpifpaf_ros2/install/openpifpaf_ros2_msgs/share/openpifpaf_ros2_msgs/local_setup.bash
[0.914s] -- Up-to-date: /root/openpifpaf_ros2/install/openpifpaf_ros2_msgs/share/openpifpaf_ros2_msgs/local_setup.sh
[0.916s] -- Up-to-date: /root/openpifpaf_ros2/install/openpifpaf_ros2_msgs/share/openpifpaf_ros2_msgs/local_setup.zsh
[0.916s] -- Up-to-date: /root/openpifpaf_ros2/install/openpifpaf_ros2_msgs/share/openpifpaf_ros2_msgs/local_setup.dsv
[0.916s] -- Installing: /root/openpifpaf_ros2/install/openpifpaf_ros2_msgs/share/openpifpaf_ros2_msgs/package.dsv
[0.918s] -- Up-to-date: /root/openpifpaf_ros2/install/openpifpaf_ros2_msgs/share/ament_index/resource_index/packages/openpifpaf_ros2_msgs
[0.918s] -- Up-to-date: /root/openpifpaf_ros2/install/openpifpaf_ros2_msgs/share/openpifpaf_ros2_msgs/cmake/openpifpaf_ros2_msgs__rosidl_generator_cExport.cmake
[0.918s] -- Up-to-date: /root/openpifpaf_ros2/install/openpifpaf_ros2_msgs/share/openpifpaf_ros2_msgs/cmake/openpifpaf_ros2_msgs__rosidl_generator_cExport-noconfig.cmake
[0.919s] -- Up-to-date: /root/openpifpaf_ros2/install/openpifpaf_ros2_msgs/share/openpifpaf_ros2_msgs/cmake/openpifpaf_ros2_msgs__rosidl_typesupport_introspection_cExport.cmake
[0.920s] -- Up-to-date: /root/openpifpaf_ros2/install/openpifpaf_ros2_msgs/share/openpifpaf_ros2_msgs/cmake/openpifpaf_ros2_msgs__rosidl_typesupport_introspection_cExport-noconfig.cmake
[0.920s] -- Up-to-date: /root/openpifpaf_ros2/install/openpifpaf_ros2_msgs/share/openpifpaf_ros2_msgs/cmake/openpifpaf_ros2_msgs__rosidl_typesupport_cExport.cmake
[0.921s] -- Up-to-date: /root/openpifpaf_ros2/install/openpifpaf_ros2_msgs/share/openpifpaf_ros2_msgs/cmake/openpifpaf_ros2_msgs__rosidl_typesupport_cExport-noconfig.cmake
[0.923s] -- Up-to-date: /root/openpifpaf_ros2/install/openpifpaf_ros2_msgs/share/openpifpaf_ros2_msgs/cmake/openpifpaf_ros2_msgs__rosidl_generator_cppExport.cmake
[0.924s] -- Up-to-date: /root/openpifpaf_ros2/install/openpifpaf_ros2_msgs/share/openpifpaf_ros2_msgs/cmake/openpifpaf_ros2_msgs__rosidl_typesupport_introspection_cppExport.cmake
[0.924s] -- Up-to-date: /root/openpifpaf_ros2/install/openpifpaf_ros2_msgs/share/openpifpaf_ros2_msgs/cmake/openpifpaf_ros2_msgs__rosidl_typesupport_introspection_cppExport-noconfig.cmake
[0.925s] -- Up-to-date: /root/openpifpaf_ros2/install/openpifpaf_ros2_msgs/share/openpifpaf_ros2_msgs/cmake/openpifpaf_ros2_msgs__rosidl_typesupport_cppExport.cmake
[0.930s] -- Up-to-date: /root/openpifpaf_ros2/install/openpifpaf_ros2_msgs/share/openpifpaf_ros2_msgs/cmake/openpifpaf_ros2_msgs__rosidl_typesupport_cppExport-noconfig.cmake
[0.931s] -- Up-to-date: /root/openpifpaf_ros2/install/openpifpaf_ros2_msgs/share/openpifpaf_ros2_msgs/cmake/rosidl_cmake-extras.cmake
[0.931s] -- Up-to-date: /root/openpifpaf_ros2/install/openpifpaf_ros2_msgs/share/openpifpaf_ros2_msgs/cmake/ament_cmake_export_dependencies-extras.cmake
[0.931s] -- Up-to-date: /root/openpifpaf_ros2/install/openpifpaf_ros2_msgs/share/openpifpaf_ros2_msgs/cmake/ament_cmake_export_libraries-extras.cmake
[0.931s] -- Up-to-date: /root/openpifpaf_ros2/install/openpifpaf_ros2_msgs/share/openpifpaf_ros2_msgs/cmake/ament_cmake_export_targets-extras.cmake
[0.932s] -- Up-to-date: /root/openpifpaf_ros2/install/openpifpaf_ros2_msgs/share/openpifpaf_ros2_msgs/cmake/ament_cmake_export_include_directories-extras.cmake
[0.932s] -- Up-to-date: /root/openpifpaf_ros2/install/openpifpaf_ros2_msgs/share/openpifpaf_ros2_msgs/cmake/rosidl_cmake_export_typesupport_libraries-extras.cmake
[0.932s] -- Up-to-date: /root/openpifpaf_ros2/install/openpifpaf_ros2_msgs/share/openpifpaf_ros2_msgs/cmake/rosidl_cmake_export_typesupport_targets-extras.cmake
[0.932s] -- Up-to-date: /root/openpifpaf_ros2/install/openpifpaf_ros2_msgs/share/openpifpaf_ros2_msgs/cmake/openpifpaf_ros2_msgsConfig.cmake
[0.932s] -- Up-to-date: /root/openpifpaf_ros2/install/openpifpaf_ros2_msgs/share/openpifpaf_ros2_msgs/cmake/openpifpaf_ros2_msgsConfig-version.cmake
[0.933s] -- Up-to-date: /root/openpifpaf_ros2/install/openpifpaf_ros2_msgs/share/openpifpaf_ros2_msgs/package.xml
[0.933s] Invoked command in '/root/openpifpaf_ros2/build/openpifpaf_ros2_msgs' returned '0': CMAKE_PREFIX_PATH=${CMAKE_PREFIX_PATH}:/root/openpifpaf_ros2/install/rgbd_openpifpaf_ros2:/root/openpifpaf_ros2/install/pose_checker:/root/openpifpaf_ros2/install/openpifpaf_ros2_node:/opt/ros/foxy _=/usr/bin/env /usr/bin/cmake --install /root/openpifpaf_ros2/build/openpifpaf_ros2_msgs
