[0.120s] DEBUG:colcon:Command line arguments: ['/usr/bin/colcon', 'build']
[0.120s] DEBUG:colcon:Parsed command line arguments: Namespace(ament_cmake_args=None, base_paths=['.'], build_base='build', catkin_cmake_args=None, catkin_skip_building_tests=False, cmake_args=None, cmake_clean_cache=False, cmake_clean_first=False, cmake_force_configure=False, cmake_target=None, cmake_target_skip_unavailable=False, continue_on_error=False, event_handlers=None, executor='parallel', ignore_user_meta=False, install_base='install', log_base=None, log_level=None, main=<bound method BuildVerb.main of <colcon_core.verb.build.BuildVerb object at 0x7f9a0b755220>>, merge_install=False, metas=['./colcon.meta'], packages_above=None, packages_above_and_dependencies=None, packages_above_depth=None, packages_end=None, packages_ignore=None, packages_ignore_regex=None, packages_select=None, packages_select_build_failed=False, packages_select_by_dep=None, packages_select_regex=None, packages_select_test_failures=False, packages_skip=None, packages_skip_build_finished=False, packages_skip_by_dep=None, packages_skip_regex=None, packages_skip_test_passed=False, packages_skip_up_to=None, packages_start=None, packages_up_to=None, packages_up_to_regex=None, parallel_workers=12, paths=None, symlink_install=False, test_result_base=None, verb_extension=<colcon_core.verb.build.BuildVerb object at 0x7f9a0b755220>, verb_name='build', verb_parser=<colcon_defaults.argument_parser.defaults.DefaultArgumentsDecorator object at 0x7f9a0b755760>)
[0.140s] Level 1:colcon.colcon_core.package_discovery:discover_packages(colcon_meta) check parameters
[0.140s] Level 1:colcon.colcon_core.package_discovery:discover_packages(recursive) check parameters
[0.140s] Level 1:colcon.colcon_core.package_discovery:discover_packages(ignore) check parameters
[0.140s] Level 1:colcon.colcon_core.package_discovery:discover_packages(path) check parameters
[0.140s] Level 1:colcon.colcon_core.package_discovery:discover_packages(colcon_meta) discover
[0.140s] Level 1:colcon.colcon_core.package_discovery:discover_packages(recursive) discover
[0.140s] INFO:colcon.colcon_core.package_discovery:Crawling recursively for packages in '/root/openpifpaf_ros2'
[0.141s] Level 1:colcon.colcon_core.package_identification:_identify(.) by extensions ['ignore', 'ignore_ament_install']
[0.141s] Level 1:colcon.colcon_core.package_identification:_identify(.) by extension 'ignore'
[0.141s] Level 1:colcon.colcon_core.package_identification:_identify(.) by extension 'ignore_ament_install'
[0.141s] Level 1:colcon.colcon_core.package_identification:_identify(.) by extensions ['colcon_pkg']
[0.141s] Level 1:colcon.colcon_core.package_identification:_identify(.) by extension 'colcon_pkg'
[0.141s] Level 1:colcon.colcon_core.package_identification:_identify(.) by extensions ['colcon_meta']
[0.141s] Level 1:colcon.colcon_core.package_identification:_identify(.) by extension 'colcon_meta'
[0.141s] Level 1:colcon.colcon_core.package_identification:_identify(.) by extensions ['ros']
[0.141s] Level 1:colcon.colcon_core.package_identification:_identify(.) by extension 'ros'
[0.150s] Level 1:colcon.colcon_core.package_identification:_identify(.) by extensions ['cmake', 'python']
[0.150s] Level 1:colcon.colcon_core.package_identification:_identify(.) by extension 'cmake'
[0.150s] Level 1:colcon.colcon_core.package_identification:_identify(.) by extension 'python'
[0.150s] Level 1:colcon.colcon_core.package_identification:_identify(.) by extensions ['python_setup_py']
[0.150s] Level 1:colcon.colcon_core.package_identification:_identify(.) by extension 'python_setup_py'
[0.150s] Level 1:colcon.colcon_core.package_identification:_identify(build) by extensions ['ignore', 'ignore_ament_install']
[0.150s] Level 1:colcon.colcon_core.package_identification:_identify(build) by extension 'ignore'
[0.150s] Level 1:colcon.colcon_core.package_identification:_identify(build) ignored
[0.151s] Level 1:colcon.colcon_core.package_identification:_identify(install) by extensions ['ignore', 'ignore_ament_install']
[0.151s] Level 1:colcon.colcon_core.package_identification:_identify(install) by extension 'ignore'
[0.151s] Level 1:colcon.colcon_core.package_identification:_identify(install) ignored
[0.151s] Level 1:colcon.colcon_core.package_identification:_identify(log) by extensions ['ignore', 'ignore_ament_install']
[0.151s] Level 1:colcon.colcon_core.package_identification:_identify(log) by extension 'ignore'
[0.151s] Level 1:colcon.colcon_core.package_identification:_identify(log) ignored
[0.151s] Level 1:colcon.colcon_core.package_identification:_identify(opencr_update) by extensions ['ignore', 'ignore_ament_install']
[0.151s] Level 1:colcon.colcon_core.package_identification:_identify(opencr_update) by extension 'ignore'
[0.151s] Level 1:colcon.colcon_core.package_identification:_identify(opencr_update) by extension 'ignore_ament_install'
[0.151s] Level 1:colcon.colcon_core.package_identification:_identify(opencr_update) by extensions ['colcon_pkg']
[0.151s] Level 1:colcon.colcon_core.package_identification:_identify(opencr_update) by extension 'colcon_pkg'
[0.151s] Level 1:colcon.colcon_core.package_identification:_identify(opencr_update) by extensions ['colcon_meta']
[0.151s] Level 1:colcon.colcon_core.package_identification:_identify(opencr_update) by extension 'colcon_meta'
[0.151s] Level 1:colcon.colcon_core.package_identification:_identify(opencr_update) by extensions ['ros']
[0.151s] Level 1:colcon.colcon_core.package_identification:_identify(opencr_update) by extension 'ros'
[0.152s] Level 1:colcon.colcon_core.package_identification:_identify(opencr_update) by extensions ['cmake', 'python']
[0.152s] Level 1:colcon.colcon_core.package_identification:_identify(opencr_update) by extension 'cmake'
[0.152s] Level 1:colcon.colcon_core.package_identification:_identify(opencr_update) by extension 'python'
[0.152s] Level 1:colcon.colcon_core.package_identification:_identify(opencr_update) by extensions ['python_setup_py']
[0.152s] Level 1:colcon.colcon_core.package_identification:_identify(opencr_update) by extension 'python_setup_py'
[0.152s] Level 1:colcon.colcon_core.package_identification:_identify(src) by extensions ['ignore', 'ignore_ament_install']
[0.152s] Level 1:colcon.colcon_core.package_identification:_identify(src) by extension 'ignore'
[0.152s] Level 1:colcon.colcon_core.package_identification:_identify(src) by extension 'ignore_ament_install'
[0.152s] Level 1:colcon.colcon_core.package_identification:_identify(src) by extensions ['colcon_pkg']
[0.152s] Level 1:colcon.colcon_core.package_identification:_identify(src) by extension 'colcon_pkg'
[0.152s] Level 1:colcon.colcon_core.package_identification:_identify(src) by extensions ['colcon_meta']
[0.152s] Level 1:colcon.colcon_core.package_identification:_identify(src) by extension 'colcon_meta'
[0.152s] Level 1:colcon.colcon_core.package_identification:_identify(src) by extensions ['ros']
[0.152s] Level 1:colcon.colcon_core.package_identification:_identify(src) by extension 'ros'
[0.152s] Level 1:colcon.colcon_core.package_identification:_identify(src) by extensions ['cmake', 'python']
[0.152s] Level 1:colcon.colcon_core.package_identification:_identify(src) by extension 'cmake'
[0.152s] Level 1:colcon.colcon_core.package_identification:_identify(src) by extension 'python'
[0.152s] Level 1:colcon.colcon_core.package_identification:_identify(src) by extensions ['python_setup_py']
[0.152s] Level 1:colcon.colcon_core.package_identification:_identify(src) by extension 'python_setup_py'
[0.152s] Level 1:colcon.colcon_core.package_identification:_identify(src/openpifpaf_ros2_msgs) by extensions ['ignore', 'ignore_ament_install']
[0.153s] Level 1:colcon.colcon_core.package_identification:_identify(src/openpifpaf_ros2_msgs) by extension 'ignore'
[0.153s] Level 1:colcon.colcon_core.package_identification:_identify(src/openpifpaf_ros2_msgs) by extension 'ignore_ament_install'
[0.153s] Level 1:colcon.colcon_core.package_identification:_identify(src/openpifpaf_ros2_msgs) by extensions ['colcon_pkg']
[0.153s] Level 1:colcon.colcon_core.package_identification:_identify(src/openpifpaf_ros2_msgs) by extension 'colcon_pkg'
[0.153s] Level 1:colcon.colcon_core.package_identification:_identify(src/openpifpaf_ros2_msgs) by extensions ['colcon_meta']
[0.153s] Level 1:colcon.colcon_core.package_identification:_identify(src/openpifpaf_ros2_msgs) by extension 'colcon_meta'
[0.153s] Level 1:colcon.colcon_core.package_identification:_identify(src/openpifpaf_ros2_msgs) by extensions ['ros']
[0.153s] Level 1:colcon.colcon_core.package_identification:_identify(src/openpifpaf_ros2_msgs) by extension 'ros'
[0.155s] DEBUG:colcon.colcon_core.package_identification:Package 'src/openpifpaf_ros2_msgs' with type 'ros.ament_cmake' and name 'openpifpaf_ros2_msgs'
[0.155s] Level 1:colcon.colcon_core.package_identification:_identify(src/openpifpaf_ros2_node) by extensions ['ignore', 'ignore_ament_install']
[0.156s] Level 1:colcon.colcon_core.package_identification:_identify(src/openpifpaf_ros2_node) by extension 'ignore'
[0.156s] Level 1:colcon.colcon_core.package_identification:_identify(src/openpifpaf_ros2_node) by extension 'ignore_ament_install'
[0.156s] Level 1:colcon.colcon_core.package_identification:_identify(src/openpifpaf_ros2_node) by extensions ['colcon_pkg']
[0.156s] Level 1:colcon.colcon_core.package_identification:_identify(src/openpifpaf_ros2_node) by extension 'colcon_pkg'
[0.156s] Level 1:colcon.colcon_core.package_identification:_identify(src/openpifpaf_ros2_node) by extensions ['colcon_meta']
[0.156s] Level 1:colcon.colcon_core.package_identification:_identify(src/openpifpaf_ros2_node) by extension 'colcon_meta'
[0.156s] Level 1:colcon.colcon_core.package_identification:_identify(src/openpifpaf_ros2_node) by extensions ['ros']
[0.156s] Level 1:colcon.colcon_core.package_identification:_identify(src/openpifpaf_ros2_node) by extension 'ros'
[0.156s] DEBUG:colcon.colcon_core.package_identification:Package 'src/openpifpaf_ros2_node' with type 'ros.ament_python' and name 'openpifpaf_ros2_node'
[0.156s] Level 1:colcon.colcon_core.package_identification:_identify(src/pose_checker) by extensions ['ignore', 'ignore_ament_install']
[0.157s] Level 1:colcon.colcon_core.package_identification:_identify(src/pose_checker) by extension 'ignore'
[0.157s] Level 1:colcon.colcon_core.package_identification:_identify(src/pose_checker) by extension 'ignore_ament_install'
[0.157s] Level 1:colcon.colcon_core.package_identification:_identify(src/pose_checker) by extensions ['colcon_pkg']
[0.157s] Level 1:colcon.colcon_core.package_identification:_identify(src/pose_checker) by extension 'colcon_pkg'
[0.157s] Level 1:colcon.colcon_core.package_identification:_identify(src/pose_checker) by extensions ['colcon_meta']
[0.157s] Level 1:colcon.colcon_core.package_identification:_identify(src/pose_checker) by extension 'colcon_meta'
[0.157s] Level 1:colcon.colcon_core.package_identification:_identify(src/pose_checker) by extensions ['ros']
[0.157s] Level 1:colcon.colcon_core.package_identification:_identify(src/pose_checker) by extension 'ros'
[0.157s] DEBUG:colcon.colcon_core.package_identification:Package 'src/pose_checker' with type 'ros.ament_python' and name 'pose_checker'
[0.157s] Level 1:colcon.colcon_core.package_identification:_identify(src/realsense-ros) by extensions ['ignore', 'ignore_ament_install']
[0.157s] Level 1:colcon.colcon_core.package_identification:_identify(src/realsense-ros) by extension 'ignore'
[0.157s] Level 1:colcon.colcon_core.package_identification:_identify(src/realsense-ros) by extension 'ignore_ament_install'
[0.157s] Level 1:colcon.colcon_core.package_identification:_identify(src/realsense-ros) by extensions ['colcon_pkg']
[0.157s] Level 1:colcon.colcon_core.package_identification:_identify(src/realsense-ros) by extension 'colcon_pkg'
[0.158s] Level 1:colcon.colcon_core.package_identification:_identify(src/realsense-ros) by extensions ['colcon_meta']
[0.158s] Level 1:colcon.colcon_core.package_identification:_identify(src/realsense-ros) by extension 'colcon_meta'
[0.158s] Level 1:colcon.colcon_core.package_identification:_identify(src/realsense-ros) by extensions ['ros']
[0.158s] Level 1:colcon.colcon_core.package_identification:_identify(src/realsense-ros) by extension 'ros'
[0.158s] Level 1:colcon.colcon_core.package_identification:_identify(src/realsense-ros) by extensions ['cmake', 'python']
[0.158s] Level 1:colcon.colcon_core.package_identification:_identify(src/realsense-ros) by extension 'cmake'
[0.158s] Level 1:colcon.colcon_core.package_identification:_identify(src/realsense-ros) by extension 'python'
[0.158s] Level 1:colcon.colcon_core.package_identification:_identify(src/realsense-ros) by extensions ['python_setup_py']
[0.158s] Level 1:colcon.colcon_core.package_identification:_identify(src/realsense-ros) by extension 'python_setup_py'
[0.158s] Level 1:colcon.colcon_core.package_identification:_identify(src/realsense-ros/realsense2_camera) by extensions ['ignore', 'ignore_ament_install']
[0.158s] Level 1:colcon.colcon_core.package_identification:_identify(src/realsense-ros/realsense2_camera) by extension 'ignore'
[0.158s] Level 1:colcon.colcon_core.package_identification:_identify(src/realsense-ros/realsense2_camera) by extension 'ignore_ament_install'
[0.158s] Level 1:colcon.colcon_core.package_identification:_identify(src/realsense-ros/realsense2_camera) by extensions ['colcon_pkg']
[0.158s] Level 1:colcon.colcon_core.package_identification:_identify(src/realsense-ros/realsense2_camera) by extension 'colcon_pkg'
[0.158s] Level 1:colcon.colcon_core.package_identification:_identify(src/realsense-ros/realsense2_camera) by extensions ['colcon_meta']
[0.158s] Level 1:colcon.colcon_core.package_identification:_identify(src/realsense-ros/realsense2_camera) by extension 'colcon_meta'
[0.158s] Level 1:colcon.colcon_core.package_identification:_identify(src/realsense-ros/realsense2_camera) by extensions ['ros']
[0.158s] Level 1:colcon.colcon_core.package_identification:_identify(src/realsense-ros/realsense2_camera) by extension 'ros'
[0.160s] DEBUG:colcon.colcon_core.package_identification:Package 'src/realsense-ros/realsense2_camera' with type 'ros.ament_cmake' and name 'realsense2_camera'
[0.160s] Level 1:colcon.colcon_core.package_identification:_identify(src/realsense-ros/realsense2_camera_msgs) by extensions ['ignore', 'ignore_ament_install']
[0.160s] Level 1:colcon.colcon_core.package_identification:_identify(src/realsense-ros/realsense2_camera_msgs) by extension 'ignore'
[0.160s] Level 1:colcon.colcon_core.package_identification:_identify(src/realsense-ros/realsense2_camera_msgs) by extension 'ignore_ament_install'
[0.160s] Level 1:colcon.colcon_core.package_identification:_identify(src/realsense-ros/realsense2_camera_msgs) by extensions ['colcon_pkg']
[0.160s] Level 1:colcon.colcon_core.package_identification:_identify(src/realsense-ros/realsense2_camera_msgs) by extension 'colcon_pkg'
[0.160s] Level 1:colcon.colcon_core.package_identification:_identify(src/realsense-ros/realsense2_camera_msgs) by extensions ['colcon_meta']
[0.160s] Level 1:colcon.colcon_core.package_identification:_identify(src/realsense-ros/realsense2_camera_msgs) by extension 'colcon_meta'
[0.160s] Level 1:colcon.colcon_core.package_identification:_identify(src/realsense-ros/realsense2_camera_msgs) by extensions ['ros']
[0.160s] Level 1:colcon.colcon_core.package_identification:_identify(src/realsense-ros/realsense2_camera_msgs) by extension 'ros'
[0.161s] DEBUG:colcon.colcon_core.package_identification:Package 'src/realsense-ros/realsense2_camera_msgs' with type 'ros.ament_cmake' and name 'realsense2_camera_msgs'
[0.161s] Level 1:colcon.colcon_core.package_identification:_identify(src/realsense-ros/realsense2_description) by extensions ['ignore', 'ignore_ament_install']
[0.161s] Level 1:colcon.colcon_core.package_identification:_identify(src/realsense-ros/realsense2_description) by extension 'ignore'
[0.161s] Level 1:colcon.colcon_core.package_identification:_identify(src/realsense-ros/realsense2_description) by extension 'ignore_ament_install'
[0.161s] Level 1:colcon.colcon_core.package_identification:_identify(src/realsense-ros/realsense2_description) by extensions ['colcon_pkg']
[0.161s] Level 1:colcon.colcon_core.package_identification:_identify(src/realsense-ros/realsense2_description) by extension 'colcon_pkg'
[0.161s] Level 1:colcon.colcon_core.package_identification:_identify(src/realsense-ros/realsense2_description) by extensions ['colcon_meta']
[0.161s] Level 1:colcon.colcon_core.package_identification:_identify(src/realsense-ros/realsense2_description) by extension 'colcon_meta'
[0.161s] Level 1:colcon.colcon_core.package_identification:_identify(src/realsense-ros/realsense2_description) by extensions ['ros']
[0.161s] Level 1:colcon.colcon_core.package_identification:_identify(src/realsense-ros/realsense2_description) by extension 'ros'
[0.162s] DEBUG:colcon.colcon_core.package_identification:Package 'src/realsense-ros/realsense2_description' with type 'ros.ament_cmake' and name 'realsense2_description'
[0.162s] Level 1:colcon.colcon_core.package_identification:_identify(src/rgbd_openpifpaf_ros2) by extensions ['ignore', 'ignore_ament_install']
[0.162s] Level 1:colcon.colcon_core.package_identification:_identify(src/rgbd_openpifpaf_ros2) by extension 'ignore'
[0.162s] Level 1:colcon.colcon_core.package_identification:_identify(src/rgbd_openpifpaf_ros2) by extension 'ignore_ament_install'
[0.162s] Level 1:colcon.colcon_core.package_identification:_identify(src/rgbd_openpifpaf_ros2) by extensions ['colcon_pkg']
[0.162s] Level 1:colcon.colcon_core.package_identification:_identify(src/rgbd_openpifpaf_ros2) by extension 'colcon_pkg'
[0.162s] Level 1:colcon.colcon_core.package_identification:_identify(src/rgbd_openpifpaf_ros2) by extensions ['colcon_meta']
[0.162s] Level 1:colcon.colcon_core.package_identification:_identify(src/rgbd_openpifpaf_ros2) by extension 'colcon_meta'
[0.162s] Level 1:colcon.colcon_core.package_identification:_identify(src/rgbd_openpifpaf_ros2) by extensions ['ros']
[0.162s] Level 1:colcon.colcon_core.package_identification:_identify(src/rgbd_openpifpaf_ros2) by extension 'ros'
[0.163s] DEBUG:colcon.colcon_core.package_identification:Package 'src/rgbd_openpifpaf_ros2' with type 'ros.ament_python' and name 'rgbd_openpifpaf_ros2'
[0.163s] Level 1:colcon.colcon_core.package_discovery:discover_packages(recursive) using defaults
[0.163s] Level 1:colcon.colcon_core.package_discovery:discover_packages(ignore) discover
[0.163s] Level 1:colcon.colcon_core.package_discovery:discover_packages(ignore) using defaults
[0.163s] Level 1:colcon.colcon_core.package_discovery:discover_packages(path) discover
[0.163s] Level 1:colcon.colcon_core.package_discovery:discover_packages(path) using defaults
[0.186s] Level 5:colcon.colcon_core.verb:set package 'openpifpaf_ros2_msgs' build argument 'cmake_args' from command line to 'None'
[0.186s] Level 5:colcon.colcon_core.verb:set package 'openpifpaf_ros2_msgs' build argument 'cmake_target' from command line to 'None'
[0.187s] Level 5:colcon.colcon_core.verb:set package 'openpifpaf_ros2_msgs' build argument 'cmake_target_skip_unavailable' from command line to 'False'
[0.187s] Level 5:colcon.colcon_core.verb:set package 'openpifpaf_ros2_msgs' build argument 'cmake_clean_cache' from command line to 'False'
[0.187s] Level 5:colcon.colcon_core.verb:set package 'openpifpaf_ros2_msgs' build argument 'cmake_clean_first' from command line to 'False'
[0.187s] Level 5:colcon.colcon_core.verb:set package 'openpifpaf_ros2_msgs' build argument 'cmake_force_configure' from command line to 'False'
[0.187s] Level 5:colcon.colcon_core.verb:set package 'openpifpaf_ros2_msgs' build argument 'ament_cmake_args' from command line to 'None'
[0.187s] Level 5:colcon.colcon_core.verb:set package 'openpifpaf_ros2_msgs' build argument 'catkin_cmake_args' from command line to 'None'
[0.187s] Level 5:colcon.colcon_core.verb:set package 'openpifpaf_ros2_msgs' build argument 'catkin_skip_building_tests' from command line to 'False'
[0.187s] DEBUG:colcon.colcon_core.verb:Building package 'openpifpaf_ros2_msgs' with the following arguments: {'ament_cmake_args': None, 'build_base': '/root/openpifpaf_ros2/build/openpifpaf_ros2_msgs', 'catkin_cmake_args': None, 'catkin_skip_building_tests': False, 'cmake_args': None, 'cmake_clean_cache': False, 'cmake_clean_first': False, 'cmake_force_configure': False, 'cmake_target': None, 'cmake_target_skip_unavailable': False, 'install_base': '/root/openpifpaf_ros2/install/openpifpaf_ros2_msgs', 'merge_install': False, 'path': '/root/openpifpaf_ros2/src/openpifpaf_ros2_msgs', 'symlink_install': False, 'test_result_base': None}
[0.187s] Level 5:colcon.colcon_core.verb:set package 'pose_checker' build argument 'cmake_args' from command line to 'None'
[0.188s] Level 5:colcon.colcon_core.verb:set package 'pose_checker' build argument 'cmake_target' from command line to 'None'
[0.188s] Level 5:colcon.colcon_core.verb:set package 'pose_checker' build argument 'cmake_target_skip_unavailable' from command line to 'False'
[0.188s] Level 5:colcon.colcon_core.verb:set package 'pose_checker' build argument 'cmake_clean_cache' from command line to 'False'
[0.188s] Level 5:colcon.colcon_core.verb:set package 'pose_checker' build argument 'cmake_clean_first' from command line to 'False'
[0.188s] Level 5:colcon.colcon_core.verb:set package 'pose_checker' build argument 'cmake_force_configure' from command line to 'False'
[0.188s] Level 5:colcon.colcon_core.verb:set package 'pose_checker' build argument 'ament_cmake_args' from command line to 'None'
[0.188s] Level 5:colcon.colcon_core.verb:set package 'pose_checker' build argument 'catkin_cmake_args' from command line to 'None'
[0.188s] Level 5:colcon.colcon_core.verb:set package 'pose_checker' build argument 'catkin_skip_building_tests' from command line to 'False'
[0.188s] DEBUG:colcon.colcon_core.verb:Building package 'pose_checker' with the following arguments: {'ament_cmake_args': None, 'build_base': '/root/openpifpaf_ros2/build/pose_checker', 'catkin_cmake_args': None, 'catkin_skip_building_tests': False, 'cmake_args': None, 'cmake_clean_cache': False, 'cmake_clean_first': False, 'cmake_force_configure': False, 'cmake_target': None, 'cmake_target_skip_unavailable': False, 'install_base': '/root/openpifpaf_ros2/install/pose_checker', 'merge_install': False, 'path': '/root/openpifpaf_ros2/src/pose_checker', 'symlink_install': False, 'test_result_base': None}
[0.188s] Level 5:colcon.colcon_core.verb:set package 'realsense2_camera_msgs' build argument 'cmake_args' from command line to 'None'
[0.188s] Level 5:colcon.colcon_core.verb:set package 'realsense2_camera_msgs' build argument 'cmake_target' from command line to 'None'
[0.189s] Level 5:colcon.colcon_core.verb:set package 'realsense2_camera_msgs' build argument 'cmake_target_skip_unavailable' from command line to 'False'
[0.189s] Level 5:colcon.colcon_core.verb:set package 'realsense2_camera_msgs' build argument 'cmake_clean_cache' from command line to 'False'
[0.189s] Level 5:colcon.colcon_core.verb:set package 'realsense2_camera_msgs' build argument 'cmake_clean_first' from command line to 'False'
[0.189s] Level 5:colcon.colcon_core.verb:set package 'realsense2_camera_msgs' build argument 'cmake_force_configure' from command line to 'False'
[0.189s] Level 5:colcon.colcon_core.verb:set package 'realsense2_camera_msgs' build argument 'ament_cmake_args' from command line to 'None'
[0.189s] Level 5:colcon.colcon_core.verb:set package 'realsense2_camera_msgs' build argument 'catkin_cmake_args' from command line to 'None'
[0.189s] Level 5:colcon.colcon_core.verb:set package 'realsense2_camera_msgs' build argument 'catkin_skip_building_tests' from command line to 'False'
[0.189s] DEBUG:colcon.colcon_core.verb:Building package 'realsense2_camera_msgs' with the following arguments: {'ament_cmake_args': None, 'build_base': '/root/openpifpaf_ros2/build/realsense2_camera_msgs', 'catkin_cmake_args': None, 'catkin_skip_building_tests': False, 'cmake_args': None, 'cmake_clean_cache': False, 'cmake_clean_first': False, 'cmake_force_configure': False, 'cmake_target': None, 'cmake_target_skip_unavailable': False, 'install_base': '/root/openpifpaf_ros2/install/realsense2_camera_msgs', 'merge_install': False, 'path': '/root/openpifpaf_ros2/src/realsense-ros/realsense2_camera_msgs', 'symlink_install': False, 'test_result_base': None}
[0.189s] Level 5:colcon.colcon_core.verb:set package 'openpifpaf_ros2_node' build argument 'cmake_args' from command line to 'None'
[0.190s] Level 5:colcon.colcon_core.verb:set package 'openpifpaf_ros2_node' build argument 'cmake_target' from command line to 'None'
[0.190s] Level 5:colcon.colcon_core.verb:set package 'openpifpaf_ros2_node' build argument 'cmake_target_skip_unavailable' from command line to 'False'
[0.190s] Level 5:colcon.colcon_core.verb:set package 'openpifpaf_ros2_node' build argument 'cmake_clean_cache' from command line to 'False'
[0.190s] Level 5:colcon.colcon_core.verb:set package 'openpifpaf_ros2_node' build argument 'cmake_clean_first' from command line to 'False'
[0.190s] Level 5:colcon.colcon_core.verb:set package 'openpifpaf_ros2_node' build argument 'cmake_force_configure' from command line to 'False'
[0.190s] Level 5:colcon.colcon_core.verb:set package 'openpifpaf_ros2_node' build argument 'ament_cmake_args' from command line to 'None'
[0.190s] Level 5:colcon.colcon_core.verb:set package 'openpifpaf_ros2_node' build argument 'catkin_cmake_args' from command line to 'None'
[0.190s] Level 5:colcon.colcon_core.verb:set package 'openpifpaf_ros2_node' build argument 'catkin_skip_building_tests' from command line to 'False'
[0.190s] DEBUG:colcon.colcon_core.verb:Building package 'openpifpaf_ros2_node' with the following arguments: {'ament_cmake_args': None, 'build_base': '/root/openpifpaf_ros2/build/openpifpaf_ros2_node', 'catkin_cmake_args': None, 'catkin_skip_building_tests': False, 'cmake_args': None, 'cmake_clean_cache': False, 'cmake_clean_first': False, 'cmake_force_configure': False, 'cmake_target': None, 'cmake_target_skip_unavailable': False, 'install_base': '/root/openpifpaf_ros2/install/openpifpaf_ros2_node', 'merge_install': False, 'path': '/root/openpifpaf_ros2/src/openpifpaf_ros2_node', 'symlink_install': False, 'test_result_base': None}
[0.191s] Level 5:colcon.colcon_core.verb:set package 'realsense2_camera' build argument 'cmake_args' from command line to 'None'
[0.191s] Level 5:colcon.colcon_core.verb:set package 'realsense2_camera' build argument 'cmake_target' from command line to 'None'
[0.191s] Level 5:colcon.colcon_core.verb:set package 'realsense2_camera' build argument 'cmake_target_skip_unavailable' from command line to 'False'
[0.191s] Level 5:colcon.colcon_core.verb:set package 'realsense2_camera' build argument 'cmake_clean_cache' from command line to 'False'
[0.191s] Level 5:colcon.colcon_core.verb:set package 'realsense2_camera' build argument 'cmake_clean_first' from command line to 'False'
[0.191s] Level 5:colcon.colcon_core.verb:set package 'realsense2_camera' build argument 'cmake_force_configure' from command line to 'False'
[0.191s] Level 5:colcon.colcon_core.verb:set package 'realsense2_camera' build argument 'ament_cmake_args' from command line to 'None'
[0.191s] Level 5:colcon.colcon_core.verb:set package 'realsense2_camera' build argument 'catkin_cmake_args' from command line to 'None'
[0.191s] Level 5:colcon.colcon_core.verb:set package 'realsense2_camera' build argument 'catkin_skip_building_tests' from command line to 'False'
[0.191s] DEBUG:colcon.colcon_core.verb:Building package 'realsense2_camera' with the following arguments: {'ament_cmake_args': None, 'build_base': '/root/openpifpaf_ros2/build/realsense2_camera', 'catkin_cmake_args': None, 'catkin_skip_building_tests': False, 'cmake_args': None, 'cmake_clean_cache': False, 'cmake_clean_first': False, 'cmake_force_configure': False, 'cmake_target': None, 'cmake_target_skip_unavailable': False, 'install_base': '/root/openpifpaf_ros2/install/realsense2_camera', 'merge_install': False, 'path': '/root/openpifpaf_ros2/src/realsense-ros/realsense2_camera', 'symlink_install': False, 'test_result_base': None}
[0.192s] Level 5:colcon.colcon_core.verb:set package 'realsense2_description' build argument 'cmake_args' from command line to 'None'
[0.192s] Level 5:colcon.colcon_core.verb:set package 'realsense2_description' build argument 'cmake_target' from command line to 'None'
[0.192s] Level 5:colcon.colcon_core.verb:set package 'realsense2_description' build argument 'cmake_target_skip_unavailable' from command line to 'False'
[0.192s] Level 5:colcon.colcon_core.verb:set package 'realsense2_description' build argument 'cmake_clean_cache' from command line to 'False'
[0.192s] Level 5:colcon.colcon_core.verb:set package 'realsense2_description' build argument 'cmake_clean_first' from command line to 'False'
[0.192s] Level 5:colcon.colcon_core.verb:set package 'realsense2_description' build argument 'cmake_force_configure' from command line to 'False'
[0.192s] Level 5:colcon.colcon_core.verb:set package 'realsense2_description' build argument 'ament_cmake_args' from command line to 'None'
[0.192s] Level 5:colcon.colcon_core.verb:set package 'realsense2_description' build argument 'catkin_cmake_args' from command line to 'None'
[0.192s] Level 5:colcon.colcon_core.verb:set package 'realsense2_description' build argument 'catkin_skip_building_tests' from command line to 'False'
[0.192s] DEBUG:colcon.colcon_core.verb:Building package 'realsense2_description' with the following arguments: {'ament_cmake_args': None, 'build_base': '/root/openpifpaf_ros2/build/realsense2_description', 'catkin_cmake_args': None, 'catkin_skip_building_tests': False, 'cmake_args': None, 'cmake_clean_cache': False, 'cmake_clean_first': False, 'cmake_force_configure': False, 'cmake_target': None, 'cmake_target_skip_unavailable': False, 'install_base': '/root/openpifpaf_ros2/install/realsense2_description', 'merge_install': False, 'path': '/root/openpifpaf_ros2/src/realsense-ros/realsense2_description', 'symlink_install': False, 'test_result_base': None}
[0.193s] Level 5:colcon.colcon_core.verb:set package 'rgbd_openpifpaf_ros2' build argument 'cmake_args' from command line to 'None'
[0.193s] Level 5:colcon.colcon_core.verb:set package 'rgbd_openpifpaf_ros2' build argument 'cmake_target' from command line to 'None'
[0.193s] Level 5:colcon.colcon_core.verb:set package 'rgbd_openpifpaf_ros2' build argument 'cmake_target_skip_unavailable' from command line to 'False'
[0.193s] Level 5:colcon.colcon_core.verb:set package 'rgbd_openpifpaf_ros2' build argument 'cmake_clean_cache' from command line to 'False'
[0.193s] Level 5:colcon.colcon_core.verb:set package 'rgbd_openpifpaf_ros2' build argument 'cmake_clean_first' from command line to 'False'
[0.193s] Level 5:colcon.colcon_core.verb:set package 'rgbd_openpifpaf_ros2' build argument 'cmake_force_configure' from command line to 'False'
[0.193s] Level 5:colcon.colcon_core.verb:set package 'rgbd_openpifpaf_ros2' build argument 'ament_cmake_args' from command line to 'None'
[0.193s] Level 5:colcon.colcon_core.verb:set package 'rgbd_openpifpaf_ros2' build argument 'catkin_cmake_args' from command line to 'None'
[0.193s] Level 5:colcon.colcon_core.verb:set package 'rgbd_openpifpaf_ros2' build argument 'catkin_skip_building_tests' from command line to 'False'
[0.193s] DEBUG:colcon.colcon_core.verb:Building package 'rgbd_openpifpaf_ros2' with the following arguments: {'ament_cmake_args': None, 'build_base': '/root/openpifpaf_ros2/build/rgbd_openpifpaf_ros2', 'catkin_cmake_args': None, 'catkin_skip_building_tests': False, 'cmake_args': None, 'cmake_clean_cache': False, 'cmake_clean_first': False, 'cmake_force_configure': False, 'cmake_target': None, 'cmake_target_skip_unavailable': False, 'install_base': '/root/openpifpaf_ros2/install/rgbd_openpifpaf_ros2', 'merge_install': False, 'path': '/root/openpifpaf_ros2/src/rgbd_openpifpaf_ros2', 'symlink_install': False, 'test_result_base': None}
[0.194s] INFO:colcon.colcon_core.executor:Executing jobs using 'parallel' executor
[0.197s] DEBUG:colcon.colcon_parallel_executor.executor.parallel:run_until_complete
[0.197s] INFO:colcon.colcon_ros.task.ament_cmake.build:Building ROS package in '/root/openpifpaf_ros2/src/openpifpaf_ros2_msgs' with build type 'ament_cmake'
[0.198s] INFO:colcon.colcon_cmake.task.cmake.build:Building CMake package in '/root/openpifpaf_ros2/src/openpifpaf_ros2_msgs'
[0.202s] INFO:colcon.colcon_core.plugin_system:Skipping extension 'colcon_core.shell.bat': Not used on non-Windows systems
[0.202s] INFO:colcon.colcon_core.shell:Skip shell extension 'powershell' for command environment: Not usable outside of PowerShell
[0.202s] DEBUG:colcon.colcon_core.shell:Skip shell extension 'dsv' for command environment
[0.209s] INFO:colcon.colcon_ros.task.ament_cmake.build:Building ROS package in '/root/openpifpaf_ros2/src/realsense-ros/realsense2_camera_msgs' with build type 'ament_cmake'
[0.210s] INFO:colcon.colcon_cmake.task.cmake.build:Building CMake package in '/root/openpifpaf_ros2/src/realsense-ros/realsense2_camera_msgs'
[0.211s] INFO:colcon.colcon_core.shell:Skip shell extension 'powershell' for command environment: Not usable outside of PowerShell
[0.211s] DEBUG:colcon.colcon_core.shell:Skip shell extension 'dsv' for command environment
[0.218s] INFO:colcon.colcon_ros.task.ament_python.build:Building ROS package in '/root/openpifpaf_ros2/src/pose_checker' with build type 'ament_python'
[0.219s] Level 1:colcon.colcon_core.shell:create_environment_hook('pose_checker', 'ament_prefix_path')
[0.221s] INFO:colcon.colcon_core.shell:Creating environment hook '/root/openpifpaf_ros2/install/pose_checker/share/pose_checker/hook/ament_prefix_path.ps1'
[0.222s] INFO:colcon.colcon_core.shell:Creating environment descriptor '/root/openpifpaf_ros2/install/pose_checker/share/pose_checker/hook/ament_prefix_path.dsv'
[0.222s] INFO:colcon.colcon_core.shell:Creating environment hook '/root/openpifpaf_ros2/install/pose_checker/share/pose_checker/hook/ament_prefix_path.sh'
[0.224s] INFO:colcon.colcon_core.shell:Skip shell extension 'powershell' for command environment: Not usable outside of PowerShell
[0.224s] DEBUG:colcon.colcon_core.shell:Skip shell extension 'dsv' for command environment
[0.235s] DEBUG:colcon.colcon_core.event_handler.log_command:Invoking command in '/root/openpifpaf_ros2/build/openpifpaf_ros2_msgs': CMAKE_PREFIX_PATH=${CMAKE_PREFIX_PATH}:/root/openpifpaf_ros2/install/rgbd_openpifpaf_ros2:/root/openpifpaf_ros2/install/pose_checker:/root/openpifpaf_ros2/install/openpifpaf_ros2_node:/opt/ros/foxy _=/usr/bin/env /usr/bin/cmake --build /root/openpifpaf_ros2/build/openpifpaf_ros2_msgs -- -j12 -l12
[0.243s] DEBUG:colcon.colcon_core.event_handler.log_command:Invoking command in '/root/openpifpaf_ros2/build/realsense2_camera_msgs': CMAKE_PREFIX_PATH=${CMAKE_PREFIX_PATH}:/root/openpifpaf_ros2/install/rgbd_openpifpaf_ros2:/root/openpifpaf_ros2/install/pose_checker:/root/openpifpaf_ros2/install/openpifpaf_ros2_node:/opt/ros/foxy _=/usr/bin/env /usr/bin/cmake --build /root/openpifpaf_ros2/build/realsense2_camera_msgs -- -j12 -l12
[0.515s] INFO:colcon.colcon_core.task.python.build:Building Python package in '/root/openpifpaf_ros2/src/pose_checker'
[0.517s] INFO:colcon.colcon_core.shell:Skip shell extension 'powershell' for command environment: Not usable outside of PowerShell
[0.517s] DEBUG:colcon.colcon_core.shell:Skip shell extension 'dsv' for command environment
[0.526s] DEBUG:colcon.colcon_core.event_handler.log_command:Invoked command in '/root/openpifpaf_ros2/build/openpifpaf_ros2_msgs' returned '0': CMAKE_PREFIX_PATH=${CMAKE_PREFIX_PATH}:/root/openpifpaf_ros2/install/rgbd_openpifpaf_ros2:/root/openpifpaf_ros2/install/pose_checker:/root/openpifpaf_ros2/install/openpifpaf_ros2_node:/opt/ros/foxy _=/usr/bin/env /usr/bin/cmake --build /root/openpifpaf_ros2/build/openpifpaf_ros2_msgs -- -j12 -l12
[0.529s] DEBUG:colcon.colcon_core.event_handler.log_command:Invoked command in '/root/openpifpaf_ros2/build/realsense2_camera_msgs' returned '0': CMAKE_PREFIX_PATH=${CMAKE_PREFIX_PATH}:/root/openpifpaf_ros2/install/rgbd_openpifpaf_ros2:/root/openpifpaf_ros2/install/pose_checker:/root/openpifpaf_ros2/install/openpifpaf_ros2_node:/opt/ros/foxy _=/usr/bin/env /usr/bin/cmake --build /root/openpifpaf_ros2/build/realsense2_camera_msgs -- -j12 -l12
[0.736s] DEBUG:colcon.colcon_core.event_handler.log_command:Invoking command in '/root/openpifpaf_ros2/build/realsense2_camera_msgs': CMAKE_PREFIX_PATH=${CMAKE_PREFIX_PATH}:/root/openpifpaf_ros2/install/rgbd_openpifpaf_ros2:/root/openpifpaf_ros2/install/pose_checker:/root/openpifpaf_ros2/install/openpifpaf_ros2_node:/opt/ros/foxy _=/usr/bin/env /usr/bin/cmake --install /root/openpifpaf_ros2/build/realsense2_camera_msgs
[0.756s] DEBUG:colcon.colcon_core.event_handler.log_command:Invoking command in '/root/openpifpaf_ros2/build/openpifpaf_ros2_msgs': CMAKE_PREFIX_PATH=${CMAKE_PREFIX_PATH}:/root/openpifpaf_ros2/install/rgbd_openpifpaf_ros2:/root/openpifpaf_ros2/install/pose_checker:/root/openpifpaf_ros2/install/openpifpaf_ros2_node:/opt/ros/foxy _=/usr/bin/env /usr/bin/cmake --install /root/openpifpaf_ros2/build/openpifpaf_ros2_msgs
[0.808s] Level 1:colcon.colcon_core.environment:create_environment_scripts_only(realsense2_camera_msgs)
[0.809s] DEBUG:colcon.colcon_core.event_handler.log_command:Invoked command in '/root/openpifpaf_ros2/build/realsense2_camera_msgs' returned '0': CMAKE_PREFIX_PATH=${CMAKE_PREFIX_PATH}:/root/openpifpaf_ros2/install/rgbd_openpifpaf_ros2:/root/openpifpaf_ros2/install/pose_checker:/root/openpifpaf_ros2/install/openpifpaf_ros2_node:/opt/ros/foxy _=/usr/bin/env /usr/bin/cmake --install /root/openpifpaf_ros2/build/realsense2_camera_msgs
[0.819s] Level 1:colcon.colcon_core.environment:checking '/root/openpifpaf_ros2/install/realsense2_camera_msgs' for CMake module files
[0.820s] Level 1:colcon.colcon_core.environment:checking '/root/openpifpaf_ros2/install/realsense2_camera_msgs' for CMake config files
[0.821s] Level 1:colcon.colcon_core.shell:create_environment_hook('realsense2_camera_msgs', 'cmake_prefix_path')
[0.822s] INFO:colcon.colcon_core.shell:Creating environment hook '/root/openpifpaf_ros2/install/realsense2_camera_msgs/share/realsense2_camera_msgs/hook/cmake_prefix_path.ps1'
[0.823s] INFO:colcon.colcon_core.shell:Creating environment descriptor '/root/openpifpaf_ros2/install/realsense2_camera_msgs/share/realsense2_camera_msgs/hook/cmake_prefix_path.dsv'
[0.823s] INFO:colcon.colcon_core.shell:Creating environment hook '/root/openpifpaf_ros2/install/realsense2_camera_msgs/share/realsense2_camera_msgs/hook/cmake_prefix_path.sh'
[0.824s] Level 1:colcon.colcon_core.environment:checking '/root/openpifpaf_ros2/install/realsense2_camera_msgs/lib'
[0.824s] Level 1:colcon.colcon_core.shell:create_environment_hook('realsense2_camera_msgs', 'ld_library_path_lib')
[0.826s] INFO:colcon.colcon_core.shell:Creating environment hook '/root/openpifpaf_ros2/install/realsense2_camera_msgs/share/realsense2_camera_msgs/hook/ld_library_path_lib.ps1'
[0.826s] INFO:colcon.colcon_core.shell:Creating environment descriptor '/root/openpifpaf_ros2/install/realsense2_camera_msgs/share/realsense2_camera_msgs/hook/ld_library_path_lib.dsv'
[0.826s] INFO:colcon.colcon_core.shell:Creating environment hook '/root/openpifpaf_ros2/install/realsense2_camera_msgs/share/realsense2_camera_msgs/hook/ld_library_path_lib.sh'
[0.827s] Level 1:colcon.colcon_core.environment:checking '/root/openpifpaf_ros2/install/realsense2_camera_msgs/bin'
[0.827s] Level 1:colcon.colcon_core.environment:checking '/root/openpifpaf_ros2/install/realsense2_camera_msgs/lib/pkgconfig/realsense2_camera_msgs.pc'
[0.827s] Level 1:colcon.colcon_core.environment:checking '/root/openpifpaf_ros2/install/realsense2_camera_msgs/lib/python3.8/site-packages'
[0.827s] Level 1:colcon.colcon_core.shell:create_environment_hook('realsense2_camera_msgs', 'pythonpath')
[0.829s] INFO:colcon.colcon_core.shell:Creating environment hook '/root/openpifpaf_ros2/install/realsense2_camera_msgs/share/realsense2_camera_msgs/hook/pythonpath.ps1'
[0.829s] INFO:colcon.colcon_core.shell:Creating environment descriptor '/root/openpifpaf_ros2/install/realsense2_camera_msgs/share/realsense2_camera_msgs/hook/pythonpath.dsv'
[0.830s] INFO:colcon.colcon_core.shell:Creating environment hook '/root/openpifpaf_ros2/install/realsense2_camera_msgs/share/realsense2_camera_msgs/hook/pythonpath.sh'
[0.830s] Level 1:colcon.colcon_core.environment:checking '/root/openpifpaf_ros2/install/realsense2_camera_msgs/bin'
[0.833s] INFO:colcon.colcon_core.shell:Creating package script '/root/openpifpaf_ros2/install/realsense2_camera_msgs/share/realsense2_camera_msgs/package.ps1'
[0.834s] INFO:colcon.colcon_core.shell:Creating package descriptor '/root/openpifpaf_ros2/install/realsense2_camera_msgs/share/realsense2_camera_msgs/package.dsv'
[0.834s] INFO:colcon.colcon_core.shell:Creating package script '/root/openpifpaf_ros2/install/realsense2_camera_msgs/share/realsense2_camera_msgs/package.sh'
[0.835s] INFO:colcon.colcon_core.shell:Creating package script '/root/openpifpaf_ros2/install/realsense2_camera_msgs/share/realsense2_camera_msgs/package.bash'
[0.836s] INFO:colcon.colcon_core.shell:Creating package script '/root/openpifpaf_ros2/install/realsense2_camera_msgs/share/realsense2_camera_msgs/package.zsh'
[0.837s] Level 1:colcon.colcon_core.environment:create_file_with_runtime_dependencies(/root/openpifpaf_ros2/install/realsense2_camera_msgs/share/colcon-core/packages/realsense2_camera_msgs)
[0.841s] Level 1:colcon.colcon_core.environment:create_environment_scripts_only(openpifpaf_ros2_msgs)
[0.843s] Level 1:colcon.colcon_core.environment:checking '/root/openpifpaf_ros2/install/openpifpaf_ros2_msgs' for CMake module files
[0.844s] DEBUG:colcon.colcon_core.event_handler.log_command:Invoked command in '/root/openpifpaf_ros2/build/openpifpaf_ros2_msgs' returned '0': CMAKE_PREFIX_PATH=${CMAKE_PREFIX_PATH}:/root/openpifpaf_ros2/install/rgbd_openpifpaf_ros2:/root/openpifpaf_ros2/install/pose_checker:/root/openpifpaf_ros2/install/openpifpaf_ros2_node:/opt/ros/foxy _=/usr/bin/env /usr/bin/cmake --install /root/openpifpaf_ros2/build/openpifpaf_ros2_msgs
[0.844s] Level 1:colcon.colcon_core.environment:checking '/root/openpifpaf_ros2/install/openpifpaf_ros2_msgs' for CMake config files
[0.845s] Level 1:colcon.colcon_core.shell:create_environment_hook('openpifpaf_ros2_msgs', 'cmake_prefix_path')
[0.846s] INFO:colcon.colcon_core.shell:Creating environment hook '/root/openpifpaf_ros2/install/openpifpaf_ros2_msgs/share/openpifpaf_ros2_msgs/hook/cmake_prefix_path.ps1'
[0.847s] INFO:colcon.colcon_core.shell:Creating environment descriptor '/root/openpifpaf_ros2/install/openpifpaf_ros2_msgs/share/openpifpaf_ros2_msgs/hook/cmake_prefix_path.dsv'
[0.847s] INFO:colcon.colcon_core.shell:Creating environment hook '/root/openpifpaf_ros2/install/openpifpaf_ros2_msgs/share/openpifpaf_ros2_msgs/hook/cmake_prefix_path.sh'
[0.848s] Level 1:colcon.colcon_core.environment:checking '/root/openpifpaf_ros2/install/openpifpaf_ros2_msgs/lib'
[0.848s] Level 1:colcon.colcon_core.shell:create_environment_hook('openpifpaf_ros2_msgs', 'ld_library_path_lib')
[0.849s] INFO:colcon.colcon_core.shell:Creating environment hook '/root/openpifpaf_ros2/install/openpifpaf_ros2_msgs/share/openpifpaf_ros2_msgs/hook/ld_library_path_lib.ps1'
[0.849s] INFO:colcon.colcon_core.shell:Creating environment descriptor '/root/openpifpaf_ros2/install/openpifpaf_ros2_msgs/share/openpifpaf_ros2_msgs/hook/ld_library_path_lib.dsv'
[0.850s] INFO:colcon.colcon_core.shell:Creating environment hook '/root/openpifpaf_ros2/install/openpifpaf_ros2_msgs/share/openpifpaf_ros2_msgs/hook/ld_library_path_lib.sh'
[0.850s] Level 1:colcon.colcon_core.environment:checking '/root/openpifpaf_ros2/install/openpifpaf_ros2_msgs/bin'
[0.850s] Level 1:colcon.colcon_core.environment:checking '/root/openpifpaf_ros2/install/openpifpaf_ros2_msgs/lib/pkgconfig/openpifpaf_ros2_msgs.pc'
[0.850s] Level 1:colcon.colcon_core.environment:checking '/root/openpifpaf_ros2/install/openpifpaf_ros2_msgs/lib/python3.8/site-packages'
[0.850s] Level 1:colcon.colcon_core.shell:create_environment_hook('openpifpaf_ros2_msgs', 'pythonpath')
[0.852s] INFO:colcon.colcon_core.shell:Creating environment hook '/root/openpifpaf_ros2/install/openpifpaf_ros2_msgs/share/openpifpaf_ros2_msgs/hook/pythonpath.ps1'
[0.852s] INFO:colcon.colcon_core.shell:Creating environment descriptor '/root/openpifpaf_ros2/install/openpifpaf_ros2_msgs/share/openpifpaf_ros2_msgs/hook/pythonpath.dsv'
[0.852s] INFO:colcon.colcon_core.shell:Creating environment hook '/root/openpifpaf_ros2/install/openpifpaf_ros2_msgs/share/openpifpaf_ros2_msgs/hook/pythonpath.sh'
[0.853s] Level 1:colcon.colcon_core.environment:checking '/root/openpifpaf_ros2/install/openpifpaf_ros2_msgs/bin'
[0.854s] INFO:colcon.colcon_core.shell:Creating package script '/root/openpifpaf_ros2/install/openpifpaf_ros2_msgs/share/openpifpaf_ros2_msgs/package.ps1'
[0.855s] INFO:colcon.colcon_core.shell:Creating package descriptor '/root/openpifpaf_ros2/install/openpifpaf_ros2_msgs/share/openpifpaf_ros2_msgs/package.dsv'
[0.855s] INFO:colcon.colcon_core.shell:Creating package script '/root/openpifpaf_ros2/install/openpifpaf_ros2_msgs/share/openpifpaf_ros2_msgs/package.sh'
[0.856s] INFO:colcon.colcon_core.shell:Creating package script '/root/openpifpaf_ros2/install/openpifpaf_ros2_msgs/share/openpifpaf_ros2_msgs/package.bash'
[0.856s] INFO:colcon.colcon_core.shell:Creating package script '/root/openpifpaf_ros2/install/openpifpaf_ros2_msgs/share/openpifpaf_ros2_msgs/package.zsh'
[0.856s] Level 1:colcon.colcon_core.environment:create_file_with_runtime_dependencies(/root/openpifpaf_ros2/install/openpifpaf_ros2_msgs/share/colcon-core/packages/openpifpaf_ros2_msgs)
[0.941s] DEBUG:colcon.colcon_core.event_handler.log_command:Invoking command in '/root/openpifpaf_ros2/src/pose_checker': PYTHONPATH=/root/openpifpaf_ros2/install/pose_checker/lib/python3.8/site-packages:${PYTHONPATH} _=/usr/bin/env /usr/bin/python3 setup.py egg_info --egg-base ../../build/pose_checker build --build-base /root/openpifpaf_ros2/build/pose_checker/build install --prefix /root/openpifpaf_ros2/install/pose_checker --record /root/openpifpaf_ros2/build/pose_checker/install.log --single-version-externally-managed
[1.032s] Level 1:colcon.colcon_core.environment:create_environment_scripts_only(realsense2_camera_msgs)
[1.034s] Level 1:colcon.colcon_core.environment:checking '/root/openpifpaf_ros2/install/realsense2_camera_msgs' for CMake module files
[1.034s] Level 1:colcon.colcon_core.environment:checking '/root/openpifpaf_ros2/install/realsense2_camera_msgs' for CMake config files
[1.035s] Level 1:colcon.colcon_core.shell:create_environment_hook('realsense2_camera_msgs', 'cmake_prefix_path')
[1.036s] INFO:colcon.colcon_core.shell:Creating environment hook '/root/openpifpaf_ros2/install/realsense2_camera_msgs/share/realsense2_camera_msgs/hook/cmake_prefix_path.ps1'
[1.037s] INFO:colcon.colcon_core.shell:Creating environment descriptor '/root/openpifpaf_ros2/install/realsense2_camera_msgs/share/realsense2_camera_msgs/hook/cmake_prefix_path.dsv'
[1.037s] INFO:colcon.colcon_core.shell:Creating environment hook '/root/openpifpaf_ros2/install/realsense2_camera_msgs/share/realsense2_camera_msgs/hook/cmake_prefix_path.sh'
[1.038s] Level 1:colcon.colcon_core.environment:checking '/root/openpifpaf_ros2/install/realsense2_camera_msgs/lib'
[1.038s] Level 1:colcon.colcon_core.shell:create_environment_hook('realsense2_camera_msgs', 'ld_library_path_lib')
[1.039s] INFO:colcon.colcon_core.shell:Creating environment hook '/root/openpifpaf_ros2/install/realsense2_camera_msgs/share/realsense2_camera_msgs/hook/ld_library_path_lib.ps1'
[1.040s] INFO:colcon.colcon_core.shell:Creating environment descriptor '/root/openpifpaf_ros2/install/realsense2_camera_msgs/share/realsense2_camera_msgs/hook/ld_library_path_lib.dsv'
[1.040s] INFO:colcon.colcon_core.shell:Creating environment hook '/root/openpifpaf_ros2/install/realsense2_camera_msgs/share/realsense2_camera_msgs/hook/ld_library_path_lib.sh'
[1.040s] Level 1:colcon.colcon_core.environment:checking '/root/openpifpaf_ros2/install/realsense2_camera_msgs/bin'
[1.040s] Level 1:colcon.colcon_core.environment:checking '/root/openpifpaf_ros2/install/realsense2_camera_msgs/lib/pkgconfig/realsense2_camera_msgs.pc'
[1.040s] Level 1:colcon.colcon_core.environment:checking '/root/openpifpaf_ros2/install/realsense2_camera_msgs/lib/python3.8/site-packages'
[1.040s] Level 1:colcon.colcon_core.shell:create_environment_hook('realsense2_camera_msgs', 'pythonpath')
[1.042s] INFO:colcon.colcon_core.shell:Creating environment hook '/root/openpifpaf_ros2/install/realsense2_camera_msgs/share/realsense2_camera_msgs/hook/pythonpath.ps1'
[1.042s] INFO:colcon.colcon_core.shell:Creating environment descriptor '/root/openpifpaf_ros2/install/realsense2_camera_msgs/share/realsense2_camera_msgs/hook/pythonpath.dsv'
[1.043s] INFO:colcon.colcon_core.shell:Creating environment hook '/root/openpifpaf_ros2/install/realsense2_camera_msgs/share/realsense2_camera_msgs/hook/pythonpath.sh'
[1.043s] Level 1:colcon.colcon_core.environment:checking '/root/openpifpaf_ros2/install/realsense2_camera_msgs/bin'
[1.045s] INFO:colcon.colcon_core.shell:Creating package script '/root/openpifpaf_ros2/install/realsense2_camera_msgs/share/realsense2_camera_msgs/package.ps1'
[1.046s] INFO:colcon.colcon_core.shell:Creating package descriptor '/root/openpifpaf_ros2/install/realsense2_camera_msgs/share/realsense2_camera_msgs/package.dsv'
[1.046s] INFO:colcon.colcon_core.shell:Creating package script '/root/openpifpaf_ros2/install/realsense2_camera_msgs/share/realsense2_camera_msgs/package.sh'
[1.046s] INFO:colcon.colcon_core.shell:Creating package script '/root/openpifpaf_ros2/install/realsense2_camera_msgs/share/realsense2_camera_msgs/package.bash'
[1.047s] INFO:colcon.colcon_core.shell:Creating package script '/root/openpifpaf_ros2/install/realsense2_camera_msgs/share/realsense2_camera_msgs/package.zsh'
[1.047s] Level 1:colcon.colcon_core.environment:create_file_with_runtime_dependencies(/root/openpifpaf_ros2/install/realsense2_camera_msgs/share/colcon-core/packages/realsense2_camera_msgs)
[1.048s] INFO:colcon.colcon_ros.task.ament_cmake.build:Building ROS package in '/root/openpifpaf_ros2/src/realsense-ros/realsense2_camera' with build type 'ament_cmake'
[1.048s] INFO:colcon.colcon_cmake.task.cmake.build:Building CMake package in '/root/openpifpaf_ros2/src/realsense-ros/realsense2_camera'
[1.049s] INFO:colcon.colcon_core.shell:Skip shell extension 'powershell' for command environment: Not usable outside of PowerShell
[1.049s] DEBUG:colcon.colcon_core.shell:Skip shell extension 'dsv' for command environment
[1.057s] INFO:colcon.colcon_ros.task.ament_cmake.build:Building ROS package in '/root/openpifpaf_ros2/src/realsense-ros/realsense2_description' with build type 'ament_cmake'
[1.059s] INFO:colcon.colcon_cmake.task.cmake.build:Building CMake package in '/root/openpifpaf_ros2/src/realsense-ros/realsense2_description'
[1.062s] INFO:colcon.colcon_core.shell:Skip shell extension 'powershell' for command environment: Not usable outside of PowerShell
[1.062s] DEBUG:colcon.colcon_core.shell:Skip shell extension 'dsv' for command environment
[1.077s] DEBUG:colcon.colcon_core.event_handler.log_command:Invoking command in '/root/openpifpaf_ros2/build/realsense2_camera': CMAKE_PREFIX_PATH=/root/openpifpaf_ros2/install/realsense2_camera_msgs:/root/openpifpaf_ros2/install/realsense2_description:/root/openpifpaf_ros2/install/realsense2_camera:/root/openpifpaf_ros2/install/openpifpaf_ros2_msgs:/root/openpifpaf_ros2/install/rgbd_openpifpaf_ros2:/root/openpifpaf_ros2/install/pose_checker:/root/openpifpaf_ros2/install/openpifpaf_ros2_node:/opt/ros/foxy LD_LIBRARY_PATH=/root/openpifpaf_ros2/install/realsense2_camera_msgs/lib:/root/openpifpaf_ros2/install/realsense2_camera/lib:/root/openpifpaf_ros2/install/openpifpaf_ros2_msgs/lib:/usr/lib/x86_64-linux-gnu/gazebo-11/plugins:/opt/ros/foxy/opt/yaml_cpp_vendor/lib:/opt/ros/foxy/opt/rviz_ogre_vendor/lib:/opt/ros/foxy/lib/x86_64-linux-gnu:/opt/ros/foxy/lib:/usr/local/11.3.0/lib64:/usr/local/nvidia/lib:/usr/local/nvidia/lib64 PYTHONPATH=/root/openpifpaf_ros2/install/realsense2_camera_msgs/lib/python3.8/site-packages:/root/openpifpaf_ros2/install/rgbd_openpifpaf_ros2/lib/python3.8/site-packages:/root/openpifpaf_ros2/install/pose_checker/lib/python3.8/site-packages:/root/openpifpaf_ros2/install/openpifpaf_ros2_node/lib/python3.8/site-packages:/root/openpifpaf_ros2/install/openpifpaf_ros2_msgs/lib/python3.8/site-packages:/opt/ros/foxy/lib/python3.8/site-packages _=/usr/bin/env /usr/bin/cmake --build /root/openpifpaf_ros2/build/realsense2_camera -- -j12 -l12
[1.083s] DEBUG:colcon.colcon_core.event_handler.log_command:Invoking command in '/root/openpifpaf_ros2/build/realsense2_description': CMAKE_PREFIX_PATH=/root/openpifpaf_ros2/install/realsense2_camera_msgs:/root/openpifpaf_ros2/install/realsense2_description:/root/openpifpaf_ros2/install/realsense2_camera:/root/openpifpaf_ros2/install/openpifpaf_ros2_msgs:/root/openpifpaf_ros2/install/rgbd_openpifpaf_ros2:/root/openpifpaf_ros2/install/pose_checker:/root/openpifpaf_ros2/install/openpifpaf_ros2_node:/opt/ros/foxy LD_LIBRARY_PATH=/root/openpifpaf_ros2/install/realsense2_camera_msgs/lib:/root/openpifpaf_ros2/install/realsense2_camera/lib:/root/openpifpaf_ros2/install/openpifpaf_ros2_msgs/lib:/usr/lib/x86_64-linux-gnu/gazebo-11/plugins:/opt/ros/foxy/opt/yaml_cpp_vendor/lib:/opt/ros/foxy/opt/rviz_ogre_vendor/lib:/opt/ros/foxy/lib/x86_64-linux-gnu:/opt/ros/foxy/lib:/usr/local/11.3.0/lib64:/usr/local/nvidia/lib:/usr/local/nvidia/lib64 PYTHONPATH=/root/openpifpaf_ros2/install/realsense2_camera_msgs/lib/python3.8/site-packages:/root/openpifpaf_ros2/install/rgbd_openpifpaf_ros2/lib/python3.8/site-packages:/root/openpifpaf_ros2/install/pose_checker/lib/python3.8/site-packages:/root/openpifpaf_ros2/install/openpifpaf_ros2_node/lib/python3.8/site-packages:/root/openpifpaf_ros2/install/openpifpaf_ros2_msgs/lib/python3.8/site-packages:/opt/ros/foxy/lib/python3.8/site-packages _=/usr/bin/env /usr/bin/cmake --build /root/openpifpaf_ros2/build/realsense2_description -- -j12 -l12
[1.088s] Level 1:colcon.colcon_core.environment:create_environment_scripts_only(openpifpaf_ros2_msgs)
[1.091s] Level 1:colcon.colcon_core.environment:checking '/root/openpifpaf_ros2/install/openpifpaf_ros2_msgs' for CMake module files
[1.093s] Level 1:colcon.colcon_core.environment:checking '/root/openpifpaf_ros2/install/openpifpaf_ros2_msgs' for CMake config files
[1.094s] Level 1:colcon.colcon_core.shell:create_environment_hook('openpifpaf_ros2_msgs', 'cmake_prefix_path')
[1.096s] INFO:colcon.colcon_core.shell:Creating environment hook '/root/openpifpaf_ros2/install/openpifpaf_ros2_msgs/share/openpifpaf_ros2_msgs/hook/cmake_prefix_path.ps1'
[1.096s] INFO:colcon.colcon_core.shell:Creating environment descriptor '/root/openpifpaf_ros2/install/openpifpaf_ros2_msgs/share/openpifpaf_ros2_msgs/hook/cmake_prefix_path.dsv'
[1.096s] INFO:colcon.colcon_core.shell:Creating environment hook '/root/openpifpaf_ros2/install/openpifpaf_ros2_msgs/share/openpifpaf_ros2_msgs/hook/cmake_prefix_path.sh'
[1.097s] Level 1:colcon.colcon_core.environment:checking '/root/openpifpaf_ros2/install/openpifpaf_ros2_msgs/lib'
[1.097s] Level 1:colcon.colcon_core.shell:create_environment_hook('openpifpaf_ros2_msgs', 'ld_library_path_lib')
[1.098s] INFO:colcon.colcon_core.shell:Creating environment hook '/root/openpifpaf_ros2/install/openpifpaf_ros2_msgs/share/openpifpaf_ros2_msgs/hook/ld_library_path_lib.ps1'
[1.099s] INFO:colcon.colcon_core.shell:Creating environment descriptor '/root/openpifpaf_ros2/install/openpifpaf_ros2_msgs/share/openpifpaf_ros2_msgs/hook/ld_library_path_lib.dsv'
[1.099s] INFO:colcon.colcon_core.shell:Creating environment hook '/root/openpifpaf_ros2/install/openpifpaf_ros2_msgs/share/openpifpaf_ros2_msgs/hook/ld_library_path_lib.sh'
[1.100s] Level 1:colcon.colcon_core.environment:checking '/root/openpifpaf_ros2/install/openpifpaf_ros2_msgs/bin'
[1.100s] Level 1:colcon.colcon_core.environment:checking '/root/openpifpaf_ros2/install/openpifpaf_ros2_msgs/lib/pkgconfig/openpifpaf_ros2_msgs.pc'
[1.100s] Level 1:colcon.colcon_core.environment:checking '/root/openpifpaf_ros2/install/openpifpaf_ros2_msgs/lib/python3.8/site-packages'
[1.100s] Level 1:colcon.colcon_core.shell:create_environment_hook('openpifpaf_ros2_msgs', 'pythonpath')
[1.102s] INFO:colcon.colcon_core.shell:Creating environment hook '/root/openpifpaf_ros2/install/openpifpaf_ros2_msgs/share/openpifpaf_ros2_msgs/hook/pythonpath.ps1'
[1.102s] INFO:colcon.colcon_core.shell:Creating environment descriptor '/root/openpifpaf_ros2/install/openpifpaf_ros2_msgs/share/openpifpaf_ros2_msgs/hook/pythonpath.dsv'
[1.103s] INFO:colcon.colcon_core.shell:Creating environment hook '/root/openpifpaf_ros2/install/openpifpaf_ros2_msgs/share/openpifpaf_ros2_msgs/hook/pythonpath.sh'
[1.103s] Level 1:colcon.colcon_core.environment:checking '/root/openpifpaf_ros2/install/openpifpaf_ros2_msgs/bin'
[1.105s] INFO:colcon.colcon_core.shell:Creating package script '/root/openpifpaf_ros2/install/openpifpaf_ros2_msgs/share/openpifpaf_ros2_msgs/package.ps1'
[1.106s] INFO:colcon.colcon_core.shell:Creating package descriptor '/root/openpifpaf_ros2/install/openpifpaf_ros2_msgs/share/openpifpaf_ros2_msgs/package.dsv'
[1.106s] INFO:colcon.colcon_core.shell:Creating package script '/root/openpifpaf_ros2/install/openpifpaf_ros2_msgs/share/openpifpaf_ros2_msgs/package.sh'
[1.107s] INFO:colcon.colcon_core.shell:Creating package script '/root/openpifpaf_ros2/install/openpifpaf_ros2_msgs/share/openpifpaf_ros2_msgs/package.bash'
[1.108s] INFO:colcon.colcon_core.shell:Creating package script '/root/openpifpaf_ros2/install/openpifpaf_ros2_msgs/share/openpifpaf_ros2_msgs/package.zsh'
[1.108s] Level 1:colcon.colcon_core.environment:create_file_with_runtime_dependencies(/root/openpifpaf_ros2/install/openpifpaf_ros2_msgs/share/colcon-core/packages/openpifpaf_ros2_msgs)
[1.108s] INFO:colcon.colcon_ros.task.ament_python.build:Building ROS package in '/root/openpifpaf_ros2/src/openpifpaf_ros2_node' with build type 'ament_python'
[1.109s] Level 1:colcon.colcon_core.shell:create_environment_hook('openpifpaf_ros2_node', 'ament_prefix_path')
[1.110s] INFO:colcon.colcon_core.shell:Creating environment hook '/root/openpifpaf_ros2/install/openpifpaf_ros2_node/share/openpifpaf_ros2_node/hook/ament_prefix_path.ps1'
[1.111s] INFO:colcon.colcon_core.shell:Creating environment descriptor '/root/openpifpaf_ros2/install/openpifpaf_ros2_node/share/openpifpaf_ros2_node/hook/ament_prefix_path.dsv'
[1.111s] INFO:colcon.colcon_core.shell:Creating environment hook '/root/openpifpaf_ros2/install/openpifpaf_ros2_node/share/openpifpaf_ros2_node/hook/ament_prefix_path.sh'
[1.113s] INFO:colcon.colcon_core.shell:Skip shell extension 'powershell' for command environment: Not usable outside of PowerShell
[1.113s] DEBUG:colcon.colcon_core.shell:Skip shell extension 'dsv' for command environment
[1.126s] INFO:colcon.colcon_ros.task.ament_python.build:Building ROS package in '/root/openpifpaf_ros2/src/rgbd_openpifpaf_ros2' with build type 'ament_python'
[1.127s] Level 1:colcon.colcon_core.shell:create_environment_hook('rgbd_openpifpaf_ros2', 'ament_prefix_path')
[1.130s] INFO:colcon.colcon_core.shell:Creating environment hook '/root/openpifpaf_ros2/install/rgbd_openpifpaf_ros2/share/rgbd_openpifpaf_ros2/hook/ament_prefix_path.ps1'
[1.131s] INFO:colcon.colcon_core.shell:Creating environment descriptor '/root/openpifpaf_ros2/install/rgbd_openpifpaf_ros2/share/rgbd_openpifpaf_ros2/hook/ament_prefix_path.dsv'
[1.131s] INFO:colcon.colcon_core.shell:Creating environment hook '/root/openpifpaf_ros2/install/rgbd_openpifpaf_ros2/share/rgbd_openpifpaf_ros2/hook/ament_prefix_path.sh'
[1.134s] INFO:colcon.colcon_core.shell:Skip shell extension 'powershell' for command environment: Not usable outside of PowerShell
[1.134s] DEBUG:colcon.colcon_core.shell:Skip shell extension 'dsv' for command environment
[1.149s] DEBUG:colcon.colcon_core.event_handler.log_command:Invoked command in '/root/openpifpaf_ros2/build/realsense2_description' returned '0': CMAKE_PREFIX_PATH=/root/openpifpaf_ros2/install/realsense2_camera_msgs:/root/openpifpaf_ros2/install/realsense2_description:/root/openpifpaf_ros2/install/realsense2_camera:/root/openpifpaf_ros2/install/openpifpaf_ros2_msgs:/root/openpifpaf_ros2/install/rgbd_openpifpaf_ros2:/root/openpifpaf_ros2/install/pose_checker:/root/openpifpaf_ros2/install/openpifpaf_ros2_node:/opt/ros/foxy LD_LIBRARY_PATH=/root/openpifpaf_ros2/install/realsense2_camera_msgs/lib:/root/openpifpaf_ros2/install/realsense2_camera/lib:/root/openpifpaf_ros2/install/openpifpaf_ros2_msgs/lib:/usr/lib/x86_64-linux-gnu/gazebo-11/plugins:/opt/ros/foxy/opt/yaml_cpp_vendor/lib:/opt/ros/foxy/opt/rviz_ogre_vendor/lib:/opt/ros/foxy/lib/x86_64-linux-gnu:/opt/ros/foxy/lib:/usr/local/11.3.0/lib64:/usr/local/nvidia/lib:/usr/local/nvidia/lib64 PYTHONPATH=/root/openpifpaf_ros2/install/realsense2_camera_msgs/lib/python3.8/site-packages:/root/openpifpaf_ros2/install/rgbd_openpifpaf_ros2/lib/python3.8/site-packages:/root/openpifpaf_ros2/install/pose_checker/lib/python3.8/site-packages:/root/openpifpaf_ros2/install/openpifpaf_ros2_node/lib/python3.8/site-packages:/root/openpifpaf_ros2/install/openpifpaf_ros2_msgs/lib/python3.8/site-packages:/opt/ros/foxy/lib/python3.8/site-packages _=/usr/bin/env /usr/bin/cmake --build /root/openpifpaf_ros2/build/realsense2_description -- -j12 -l12
[1.408s] INFO:colcon.colcon_core.task.python.build:Building Python package in '/root/openpifpaf_ros2/src/openpifpaf_ros2_node'
[1.410s] INFO:colcon.colcon_core.shell:Skip shell extension 'powershell' for command environment: Not usable outside of PowerShell
[1.410s] DEBUG:colcon.colcon_core.shell:Skip shell extension 'dsv' for command environment
[1.639s] INFO:colcon.colcon_core.task.python.build:Building Python package in '/root/openpifpaf_ros2/src/rgbd_openpifpaf_ros2'
[1.641s] INFO:colcon.colcon_core.shell:Skip shell extension 'powershell' for command environment: Not usable outside of PowerShell
[1.641s] DEBUG:colcon.colcon_core.shell:Skip shell extension 'dsv' for command environment
[1.653s] DEBUG:colcon.colcon_core.event_handler.log_command:Invoking command in '/root/openpifpaf_ros2/build/realsense2_description': CMAKE_PREFIX_PATH=/root/openpifpaf_ros2/install/realsense2_camera_msgs:/root/openpifpaf_ros2/install/realsense2_description:/root/openpifpaf_ros2/install/realsense2_camera:/root/openpifpaf_ros2/install/openpifpaf_ros2_msgs:/root/openpifpaf_ros2/install/rgbd_openpifpaf_ros2:/root/openpifpaf_ros2/install/pose_checker:/root/openpifpaf_ros2/install/openpifpaf_ros2_node:/opt/ros/foxy LD_LIBRARY_PATH=/root/openpifpaf_ros2/install/realsense2_camera_msgs/lib:/root/openpifpaf_ros2/install/realsense2_camera/lib:/root/openpifpaf_ros2/install/openpifpaf_ros2_msgs/lib:/usr/lib/x86_64-linux-gnu/gazebo-11/plugins:/opt/ros/foxy/opt/yaml_cpp_vendor/lib:/opt/ros/foxy/opt/rviz_ogre_vendor/lib:/opt/ros/foxy/lib/x86_64-linux-gnu:/opt/ros/foxy/lib:/usr/local/11.3.0/lib64:/usr/local/nvidia/lib:/usr/local/nvidia/lib64 PYTHONPATH=/root/openpifpaf_ros2/install/realsense2_camera_msgs/lib/python3.8/site-packages:/root/openpifpaf_ros2/install/rgbd_openpifpaf_ros2/lib/python3.8/site-packages:/root/openpifpaf_ros2/install/pose_checker/lib/python3.8/site-packages:/root/openpifpaf_ros2/install/openpifpaf_ros2_node/lib/python3.8/site-packages:/root/openpifpaf_ros2/install/openpifpaf_ros2_msgs/lib/python3.8/site-packages:/opt/ros/foxy/lib/python3.8/site-packages _=/usr/bin/env /usr/bin/cmake --install /root/openpifpaf_ros2/build/realsense2_description
[1.656s] DEBUG:colcon.colcon_core.event_handler.log_command:Invoked command in '/root/openpifpaf_ros2/build/realsense2_camera' returned '0': CMAKE_PREFIX_PATH=/root/openpifpaf_ros2/install/realsense2_camera_msgs:/root/openpifpaf_ros2/install/realsense2_description:/root/openpifpaf_ros2/install/realsense2_camera:/root/openpifpaf_ros2/install/openpifpaf_ros2_msgs:/root/openpifpaf_ros2/install/rgbd_openpifpaf_ros2:/root/openpifpaf_ros2/install/pose_checker:/root/openpifpaf_ros2/install/openpifpaf_ros2_node:/opt/ros/foxy LD_LIBRARY_PATH=/root/openpifpaf_ros2/install/realsense2_camera_msgs/lib:/root/openpifpaf_ros2/install/realsense2_camera/lib:/root/openpifpaf_ros2/install/openpifpaf_ros2_msgs/lib:/usr/lib/x86_64-linux-gnu/gazebo-11/plugins:/opt/ros/foxy/opt/yaml_cpp_vendor/lib:/opt/ros/foxy/opt/rviz_ogre_vendor/lib:/opt/ros/foxy/lib/x86_64-linux-gnu:/opt/ros/foxy/lib:/usr/local/11.3.0/lib64:/usr/local/nvidia/lib:/usr/local/nvidia/lib64 PYTHONPATH=/root/openpifpaf_ros2/install/realsense2_camera_msgs/lib/python3.8/site-packages:/root/openpifpaf_ros2/install/rgbd_openpifpaf_ros2/lib/python3.8/site-packages:/root/openpifpaf_ros2/install/pose_checker/lib/python3.8/site-packages:/root/openpifpaf_ros2/install/openpifpaf_ros2_node/lib/python3.8/site-packages:/root/openpifpaf_ros2/install/openpifpaf_ros2_msgs/lib/python3.8/site-packages:/opt/ros/foxy/lib/python3.8/site-packages _=/usr/bin/env /usr/bin/cmake --build /root/openpifpaf_ros2/build/realsense2_camera -- -j12 -l12
[1.662s] Level 1:colcon.colcon_core.environment:checking '/root/openpifpaf_ros2/install/pose_checker' for CMake module files
[1.662s] DEBUG:colcon.colcon_core.event_handler.log_command:Invoked command in '/root/openpifpaf_ros2/src/pose_checker' returned '0': PYTHONPATH=/root/openpifpaf_ros2/install/pose_checker/lib/python3.8/site-packages:${PYTHONPATH} _=/usr/bin/env /usr/bin/python3 setup.py egg_info --egg-base ../../build/pose_checker build --build-base /root/openpifpaf_ros2/build/pose_checker/build install --prefix /root/openpifpaf_ros2/install/pose_checker --record /root/openpifpaf_ros2/build/pose_checker/install.log --single-version-externally-managed
[1.664s] Level 1:colcon.colcon_core.environment:checking '/root/openpifpaf_ros2/install/pose_checker' for CMake config files
[1.668s] Level 1:colcon.colcon_core.environment:checking '/root/openpifpaf_ros2/install/pose_checker/lib'
[1.668s] Level 1:colcon.colcon_core.environment:checking '/root/openpifpaf_ros2/install/pose_checker/bin'
[1.668s] Level 1:colcon.colcon_core.environment:checking '/root/openpifpaf_ros2/install/pose_checker/lib/pkgconfig/pose_checker.pc'
[1.669s] Level 1:colcon.colcon_core.environment:checking '/root/openpifpaf_ros2/install/pose_checker/lib/python3.8/site-packages'
[1.669s] Level 1:colcon.colcon_core.shell:create_environment_hook('pose_checker', 'pythonpath')
[1.670s] INFO:colcon.colcon_core.shell:Creating environment hook '/root/openpifpaf_ros2/install/pose_checker/share/pose_checker/hook/pythonpath.ps1'
[1.671s] INFO:colcon.colcon_core.shell:Creating environment descriptor '/root/openpifpaf_ros2/install/pose_checker/share/pose_checker/hook/pythonpath.dsv'
[1.672s] INFO:colcon.colcon_core.shell:Creating environment hook '/root/openpifpaf_ros2/install/pose_checker/share/pose_checker/hook/pythonpath.sh'
[1.673s] Level 1:colcon.colcon_core.environment:checking '/root/openpifpaf_ros2/install/pose_checker/bin'
[1.673s] Level 1:colcon.colcon_core.environment:create_environment_scripts_only(pose_checker)
[1.675s] INFO:colcon.colcon_core.shell:Creating package script '/root/openpifpaf_ros2/install/pose_checker/share/pose_checker/package.ps1'
[1.675s] INFO:colcon.colcon_core.shell:Creating package descriptor '/root/openpifpaf_ros2/install/pose_checker/share/pose_checker/package.dsv'
[1.676s] INFO:colcon.colcon_core.shell:Creating package script '/root/openpifpaf_ros2/install/pose_checker/share/pose_checker/package.sh'
[1.676s] INFO:colcon.colcon_core.shell:Creating package script '/root/openpifpaf_ros2/install/pose_checker/share/pose_checker/package.bash'
[1.677s] INFO:colcon.colcon_core.shell:Creating package script '/root/openpifpaf_ros2/install/pose_checker/share/pose_checker/package.zsh'
[1.677s] Level 1:colcon.colcon_core.environment:create_file_with_runtime_dependencies(/root/openpifpaf_ros2/install/pose_checker/share/colcon-core/packages/pose_checker)
[1.682s] Level 1:colcon.colcon_core.environment:create_environment_scripts_only(realsense2_description)
[1.685s] Level 1:colcon.colcon_core.environment:checking '/root/openpifpaf_ros2/install/realsense2_description' for CMake module files
[1.686s] DEBUG:colcon.colcon_core.event_handler.log_command:Invoked command in '/root/openpifpaf_ros2/build/realsense2_description' returned '0': CMAKE_PREFIX_PATH=/root/openpifpaf_ros2/install/realsense2_camera_msgs:/root/openpifpaf_ros2/install/realsense2_description:/root/openpifpaf_ros2/install/realsense2_camera:/root/openpifpaf_ros2/install/openpifpaf_ros2_msgs:/root/openpifpaf_ros2/install/rgbd_openpifpaf_ros2:/root/openpifpaf_ros2/install/pose_checker:/root/openpifpaf_ros2/install/openpifpaf_ros2_node:/opt/ros/foxy LD_LIBRARY_PATH=/root/openpifpaf_ros2/install/realsense2_camera_msgs/lib:/root/openpifpaf_ros2/install/realsense2_camera/lib:/root/openpifpaf_ros2/install/openpifpaf_ros2_msgs/lib:/usr/lib/x86_64-linux-gnu/gazebo-11/plugins:/opt/ros/foxy/opt/yaml_cpp_vendor/lib:/opt/ros/foxy/opt/rviz_ogre_vendor/lib:/opt/ros/foxy/lib/x86_64-linux-gnu:/opt/ros/foxy/lib:/usr/local/11.3.0/lib64:/usr/local/nvidia/lib:/usr/local/nvidia/lib64 PYTHONPATH=/root/openpifpaf_ros2/install/realsense2_camera_msgs/lib/python3.8/site-packages:/root/openpifpaf_ros2/install/rgbd_openpifpaf_ros2/lib/python3.8/site-packages:/root/openpifpaf_ros2/install/pose_checker/lib/python3.8/site-packages:/root/openpifpaf_ros2/install/openpifpaf_ros2_node/lib/python3.8/site-packages:/root/openpifpaf_ros2/install/openpifpaf_ros2_msgs/lib/python3.8/site-packages:/opt/ros/foxy/lib/python3.8/site-packages _=/usr/bin/env /usr/bin/cmake --install /root/openpifpaf_ros2/build/realsense2_description
[1.686s] Level 1:colcon.colcon_core.environment:checking '/root/openpifpaf_ros2/install/realsense2_description' for CMake config files
[1.687s] Level 1:colcon.colcon_core.shell:create_environment_hook('realsense2_description', 'cmake_prefix_path')
[1.688s] INFO:colcon.colcon_core.shell:Creating environment hook '/root/openpifpaf_ros2/install/realsense2_description/share/realsense2_description/hook/cmake_prefix_path.ps1'
[1.689s] INFO:colcon.colcon_core.shell:Creating environment descriptor '/root/openpifpaf_ros2/install/realsense2_description/share/realsense2_description/hook/cmake_prefix_path.dsv'
[1.689s] INFO:colcon.colcon_core.shell:Creating environment hook '/root/openpifpaf_ros2/install/realsense2_description/share/realsense2_description/hook/cmake_prefix_path.sh'
[1.689s] Level 1:colcon.colcon_core.environment:checking '/root/openpifpaf_ros2/install/realsense2_description/bin'
[1.690s] Level 1:colcon.colcon_core.environment:checking '/root/openpifpaf_ros2/install/realsense2_description/lib/pkgconfig/realsense2_description.pc'
[1.690s] Level 1:colcon.colcon_core.environment:checking '/root/openpifpaf_ros2/install/realsense2_description/lib/python3.8/site-packages'
[1.690s] Level 1:colcon.colcon_core.environment:checking '/root/openpifpaf_ros2/install/realsense2_description/bin'
[1.691s] INFO:colcon.colcon_core.shell:Creating package script '/root/openpifpaf_ros2/install/realsense2_description/share/realsense2_description/package.ps1'
[1.692s] INFO:colcon.colcon_core.shell:Creating package descriptor '/root/openpifpaf_ros2/install/realsense2_description/share/realsense2_description/package.dsv'
[1.692s] INFO:colcon.colcon_core.shell:Creating package script '/root/openpifpaf_ros2/install/realsense2_description/share/realsense2_description/package.sh'
[1.693s] INFO:colcon.colcon_core.shell:Creating package script '/root/openpifpaf_ros2/install/realsense2_description/share/realsense2_description/package.bash'
[1.693s] INFO:colcon.colcon_core.shell:Creating package script '/root/openpifpaf_ros2/install/realsense2_description/share/realsense2_description/package.zsh'
[1.693s] Level 1:colcon.colcon_core.environment:create_file_with_runtime_dependencies(/root/openpifpaf_ros2/install/realsense2_description/share/colcon-core/packages/realsense2_description)
[1.722s] DEBUG:colcon.colcon_core.event_handler.log_command:Invoking command in '/root/openpifpaf_ros2/build/realsense2_camera': CMAKE_PREFIX_PATH=/root/openpifpaf_ros2/install/realsense2_camera_msgs:/root/openpifpaf_ros2/install/realsense2_description:/root/openpifpaf_ros2/install/realsense2_camera:/root/openpifpaf_ros2/install/openpifpaf_ros2_msgs:/root/openpifpaf_ros2/install/rgbd_openpifpaf_ros2:/root/openpifpaf_ros2/install/pose_checker:/root/openpifpaf_ros2/install/openpifpaf_ros2_node:/opt/ros/foxy LD_LIBRARY_PATH=/root/openpifpaf_ros2/install/realsense2_camera_msgs/lib:/root/openpifpaf_ros2/install/realsense2_camera/lib:/root/openpifpaf_ros2/install/openpifpaf_ros2_msgs/lib:/usr/lib/x86_64-linux-gnu/gazebo-11/plugins:/opt/ros/foxy/opt/yaml_cpp_vendor/lib:/opt/ros/foxy/opt/rviz_ogre_vendor/lib:/opt/ros/foxy/lib/x86_64-linux-gnu:/opt/ros/foxy/lib:/usr/local/11.3.0/lib64:/usr/local/nvidia/lib:/usr/local/nvidia/lib64 PYTHONPATH=/root/openpifpaf_ros2/install/realsense2_camera_msgs/lib/python3.8/site-packages:/root/openpifpaf_ros2/install/rgbd_openpifpaf_ros2/lib/python3.8/site-packages:/root/openpifpaf_ros2/install/pose_checker/lib/python3.8/site-packages:/root/openpifpaf_ros2/install/openpifpaf_ros2_node/lib/python3.8/site-packages:/root/openpifpaf_ros2/install/openpifpaf_ros2_msgs/lib/python3.8/site-packages:/opt/ros/foxy/lib/python3.8/site-packages _=/usr/bin/env /usr/bin/cmake --install /root/openpifpaf_ros2/build/realsense2_camera
[1.731s] Level 1:colcon.colcon_core.environment:create_environment_scripts_only(realsense2_description)
[1.735s] Level 1:colcon.colcon_core.environment:checking '/root/openpifpaf_ros2/install/realsense2_description' for CMake module files
[1.737s] Level 1:colcon.colcon_core.environment:checking '/root/openpifpaf_ros2/install/realsense2_description' for CMake config files
[1.739s] Level 1:colcon.colcon_core.shell:create_environment_hook('realsense2_description', 'cmake_prefix_path')
[1.741s] INFO:colcon.colcon_core.shell:Creating environment hook '/root/openpifpaf_ros2/install/realsense2_description/share/realsense2_description/hook/cmake_prefix_path.ps1'
[1.742s] INFO:colcon.colcon_core.shell:Creating environment descriptor '/root/openpifpaf_ros2/install/realsense2_description/share/realsense2_description/hook/cmake_prefix_path.dsv'
[1.743s] INFO:colcon.colcon_core.shell:Creating environment hook '/root/openpifpaf_ros2/install/realsense2_description/share/realsense2_description/hook/cmake_prefix_path.sh'
[1.744s] Level 1:colcon.colcon_core.environment:checking '/root/openpifpaf_ros2/install/realsense2_description/bin'
[1.744s] Level 1:colcon.colcon_core.environment:checking '/root/openpifpaf_ros2/install/realsense2_description/lib/pkgconfig/realsense2_description.pc'
[1.744s] Level 1:colcon.colcon_core.environment:checking '/root/openpifpaf_ros2/install/realsense2_description/lib/python3.8/site-packages'
[1.745s] Level 1:colcon.colcon_core.environment:checking '/root/openpifpaf_ros2/install/realsense2_description/bin'
[1.747s] INFO:colcon.colcon_core.shell:Creating package script '/root/openpifpaf_ros2/install/realsense2_description/share/realsense2_description/package.ps1'
[1.748s] INFO:colcon.colcon_core.shell:Creating package descriptor '/root/openpifpaf_ros2/install/realsense2_description/share/realsense2_description/package.dsv'
[1.748s] INFO:colcon.colcon_core.shell:Creating package script '/root/openpifpaf_ros2/install/realsense2_description/share/realsense2_description/package.sh'
[1.749s] INFO:colcon.colcon_core.shell:Creating package script '/root/openpifpaf_ros2/install/realsense2_description/share/realsense2_description/package.bash'
[1.749s] INFO:colcon.colcon_core.shell:Creating package script '/root/openpifpaf_ros2/install/realsense2_description/share/realsense2_description/package.zsh'
[1.749s] Level 1:colcon.colcon_core.environment:create_file_with_runtime_dependencies(/root/openpifpaf_ros2/install/realsense2_description/share/colcon-core/packages/realsense2_description)
[1.751s] Level 1:colcon.colcon_core.environment:create_environment_scripts_only(realsense2_camera)
[1.754s] Level 1:colcon.colcon_core.environment:checking '/root/openpifpaf_ros2/install/realsense2_camera' for CMake module files
[1.755s] DEBUG:colcon.colcon_core.event_handler.log_command:Invoked command in '/root/openpifpaf_ros2/build/realsense2_camera' returned '0': CMAKE_PREFIX_PATH=/root/openpifpaf_ros2/install/realsense2_camera_msgs:/root/openpifpaf_ros2/install/realsense2_description:/root/openpifpaf_ros2/install/realsense2_camera:/root/openpifpaf_ros2/install/openpifpaf_ros2_msgs:/root/openpifpaf_ros2/install/rgbd_openpifpaf_ros2:/root/openpifpaf_ros2/install/pose_checker:/root/openpifpaf_ros2/install/openpifpaf_ros2_node:/opt/ros/foxy LD_LIBRARY_PATH=/root/openpifpaf_ros2/install/realsense2_camera_msgs/lib:/root/openpifpaf_ros2/install/realsense2_camera/lib:/root/openpifpaf_ros2/install/openpifpaf_ros2_msgs/lib:/usr/lib/x86_64-linux-gnu/gazebo-11/plugins:/opt/ros/foxy/opt/yaml_cpp_vendor/lib:/opt/ros/foxy/opt/rviz_ogre_vendor/lib:/opt/ros/foxy/lib/x86_64-linux-gnu:/opt/ros/foxy/lib:/usr/local/11.3.0/lib64:/usr/local/nvidia/lib:/usr/local/nvidia/lib64 PYTHONPATH=/root/openpifpaf_ros2/install/realsense2_camera_msgs/lib/python3.8/site-packages:/root/openpifpaf_ros2/install/rgbd_openpifpaf_ros2/lib/python3.8/site-packages:/root/openpifpaf_ros2/install/pose_checker/lib/python3.8/site-packages:/root/openpifpaf_ros2/install/openpifpaf_ros2_node/lib/python3.8/site-packages:/root/openpifpaf_ros2/install/openpifpaf_ros2_msgs/lib/python3.8/site-packages:/opt/ros/foxy/lib/python3.8/site-packages _=/usr/bin/env /usr/bin/cmake --install /root/openpifpaf_ros2/build/realsense2_camera
[1.755s] Level 1:colcon.colcon_core.environment:checking '/root/openpifpaf_ros2/install/realsense2_camera' for CMake config files
[1.755s] Level 1:colcon.colcon_core.shell:create_environment_hook('realsense2_camera', 'cmake_prefix_path')
[1.757s] INFO:colcon.colcon_core.shell:Creating environment hook '/root/openpifpaf_ros2/install/realsense2_camera/share/realsense2_camera/hook/cmake_prefix_path.ps1'
[1.757s] INFO:colcon.colcon_core.shell:Creating environment descriptor '/root/openpifpaf_ros2/install/realsense2_camera/share/realsense2_camera/hook/cmake_prefix_path.dsv'
[1.758s] INFO:colcon.colcon_core.shell:Creating environment hook '/root/openpifpaf_ros2/install/realsense2_camera/share/realsense2_camera/hook/cmake_prefix_path.sh'
[1.758s] Level 1:colcon.colcon_core.environment:checking '/root/openpifpaf_ros2/install/realsense2_camera/lib'
[1.759s] Level 1:colcon.colcon_core.shell:create_environment_hook('realsense2_camera', 'ld_library_path_lib')
[1.760s] INFO:colcon.colcon_core.shell:Creating environment hook '/root/openpifpaf_ros2/install/realsense2_camera/share/realsense2_camera/hook/ld_library_path_lib.ps1'
[1.761s] INFO:colcon.colcon_core.shell:Creating environment descriptor '/root/openpifpaf_ros2/install/realsense2_camera/share/realsense2_camera/hook/ld_library_path_lib.dsv'
[1.761s] INFO:colcon.colcon_core.shell:Creating environment hook '/root/openpifpaf_ros2/install/realsense2_camera/share/realsense2_camera/hook/ld_library_path_lib.sh'
[1.762s] Level 1:colcon.colcon_core.environment:checking '/root/openpifpaf_ros2/install/realsense2_camera/bin'
[1.762s] Level 1:colcon.colcon_core.environment:checking '/root/openpifpaf_ros2/install/realsense2_camera/lib/pkgconfig/realsense2_camera.pc'
[1.762s] Level 1:colcon.colcon_core.environment:checking '/root/openpifpaf_ros2/install/realsense2_camera/lib/python3.8/site-packages'
[1.762s] Level 1:colcon.colcon_core.environment:checking '/root/openpifpaf_ros2/install/realsense2_camera/bin'
[1.764s] INFO:colcon.colcon_core.shell:Creating package script '/root/openpifpaf_ros2/install/realsense2_camera/share/realsense2_camera/package.ps1'
[1.765s] INFO:colcon.colcon_core.shell:Creating package descriptor '/root/openpifpaf_ros2/install/realsense2_camera/share/realsense2_camera/package.dsv'
[1.766s] INFO:colcon.colcon_core.shell:Creating package script '/root/openpifpaf_ros2/install/realsense2_camera/share/realsense2_camera/package.sh'
[1.766s] INFO:colcon.colcon_core.shell:Creating package script '/root/openpifpaf_ros2/install/realsense2_camera/share/realsense2_camera/package.bash'
[1.766s] INFO:colcon.colcon_core.shell:Creating package script '/root/openpifpaf_ros2/install/realsense2_camera/share/realsense2_camera/package.zsh'
[1.767s] Level 1:colcon.colcon_core.environment:create_file_with_runtime_dependencies(/root/openpifpaf_ros2/install/realsense2_camera/share/colcon-core/packages/realsense2_camera)
[1.829s] Level 1:colcon.colcon_core.environment:create_environment_scripts_only(realsense2_camera)
[1.832s] Level 1:colcon.colcon_core.environment:checking '/root/openpifpaf_ros2/install/realsense2_camera' for CMake module files
[1.833s] Level 1:colcon.colcon_core.environment:checking '/root/openpifpaf_ros2/install/realsense2_camera' for CMake config files
[1.833s] Level 1:colcon.colcon_core.shell:create_environment_hook('realsense2_camera', 'cmake_prefix_path')
[1.835s] INFO:colcon.colcon_core.shell:Creating environment hook '/root/openpifpaf_ros2/install/realsense2_camera/share/realsense2_camera/hook/cmake_prefix_path.ps1'
[1.835s] INFO:colcon.colcon_core.shell:Creating environment descriptor '/root/openpifpaf_ros2/install/realsense2_camera/share/realsense2_camera/hook/cmake_prefix_path.dsv'
[1.835s] INFO:colcon.colcon_core.shell:Creating environment hook '/root/openpifpaf_ros2/install/realsense2_camera/share/realsense2_camera/hook/cmake_prefix_path.sh'
[1.836s] Level 1:colcon.colcon_core.environment:checking '/root/openpifpaf_ros2/install/realsense2_camera/lib'
[1.836s] Level 1:colcon.colcon_core.shell:create_environment_hook('realsense2_camera', 'ld_library_path_lib')
[1.838s] INFO:colcon.colcon_core.shell:Creating environment hook '/root/openpifpaf_ros2/install/realsense2_camera/share/realsense2_camera/hook/ld_library_path_lib.ps1'
[1.838s] INFO:colcon.colcon_core.shell:Creating environment descriptor '/root/openpifpaf_ros2/install/realsense2_camera/share/realsense2_camera/hook/ld_library_path_lib.dsv'
[1.839s] INFO:colcon.colcon_core.shell:Creating environment hook '/root/openpifpaf_ros2/install/realsense2_camera/share/realsense2_camera/hook/ld_library_path_lib.sh'
[1.839s] Level 1:colcon.colcon_core.environment:checking '/root/openpifpaf_ros2/install/realsense2_camera/bin'
[1.839s] Level 1:colcon.colcon_core.environment:checking '/root/openpifpaf_ros2/install/realsense2_camera/lib/pkgconfig/realsense2_camera.pc'
[1.839s] Level 1:colcon.colcon_core.environment:checking '/root/openpifpaf_ros2/install/realsense2_camera/lib/python3.8/site-packages'
[1.840s] Level 1:colcon.colcon_core.environment:checking '/root/openpifpaf_ros2/install/realsense2_camera/bin'
[1.842s] INFO:colcon.colcon_core.shell:Creating package script '/root/openpifpaf_ros2/install/realsense2_camera/share/realsense2_camera/package.ps1'
[1.842s] INFO:colcon.colcon_core.shell:Creating package descriptor '/root/openpifpaf_ros2/install/realsense2_camera/share/realsense2_camera/package.dsv'
[1.843s] INFO:colcon.colcon_core.shell:Creating package script '/root/openpifpaf_ros2/install/realsense2_camera/share/realsense2_camera/package.sh'
[1.843s] INFO:colcon.colcon_core.shell:Creating package script '/root/openpifpaf_ros2/install/realsense2_camera/share/realsense2_camera/package.bash'
[1.844s] INFO:colcon.colcon_core.shell:Creating package script '/root/openpifpaf_ros2/install/realsense2_camera/share/realsense2_camera/package.zsh'
[1.844s] Level 1:colcon.colcon_core.environment:create_file_with_runtime_dependencies(/root/openpifpaf_ros2/install/realsense2_camera/share/colcon-core/packages/realsense2_camera)
[2.076s] DEBUG:colcon.colcon_core.event_handler.log_command:Invoking command in '/root/openpifpaf_ros2/src/openpifpaf_ros2_node': CMAKE_PREFIX_PATH=/root/openpifpaf_ros2/install/openpifpaf_ros2_msgs:/root/openpifpaf_ros2/install/realsense2_description:/root/openpifpaf_ros2/install/realsense2_camera:/root/openpifpaf_ros2/install/realsense2_camera_msgs LD_LIBRARY_PATH=/root/openpifpaf_ros2/install/openpifpaf_ros2_msgs/lib:/root/openpifpaf_ros2/install/realsense2_camera/lib:/root/openpifpaf_ros2/install/realsense2_camera_msgs/lib:/usr/lib/x86_64-linux-gnu/gazebo-11/plugins:/opt/ros/foxy/opt/yaml_cpp_vendor/lib:/opt/ros/foxy/opt/rviz_ogre_vendor/lib:/opt/ros/foxy/lib/x86_64-linux-gnu:/opt/ros/foxy/lib:/usr/local/11.3.0/lib64:/usr/local/nvidia/lib:/usr/local/nvidia/lib64 PYTHONPATH=/root/openpifpaf_ros2/install/openpifpaf_ros2_node/lib/python3.8/site-packages:/root/openpifpaf_ros2/install/openpifpaf_ros2_msgs/lib/python3.8/site-packages:/root/openpifpaf_ros2/install/rgbd_openpifpaf_ros2/lib/python3.8/site-packages:/root/openpifpaf_ros2/install/realsense2_camera_msgs/lib/python3.8/site-packages:/root/openpifpaf_ros2/install/pose_checker/lib/python3.8/site-packages:/root/openpifpaf_ros2/install/openpifpaf_ros2_node/lib/python3.8/site-packages:/opt/ros/foxy/lib/python3.8/site-packages _=/usr/bin/env /usr/bin/python3 setup.py egg_info --egg-base ../../build/openpifpaf_ros2_node build --build-base /root/openpifpaf_ros2/build/openpifpaf_ros2_node/build install --prefix /root/openpifpaf_ros2/install/openpifpaf_ros2_node --record /root/openpifpaf_ros2/build/openpifpaf_ros2_node/install.log --single-version-externally-managed
[2.107s] DEBUG:colcon.colcon_core.event_handler.log_command:Invoking command in '/root/openpifpaf_ros2/src/rgbd_openpifpaf_ros2': CMAKE_PREFIX_PATH=/root/openpifpaf_ros2/install/openpifpaf_ros2_msgs:/root/openpifpaf_ros2/install/realsense2_description:/root/openpifpaf_ros2/install/realsense2_camera:/root/openpifpaf_ros2/install/realsense2_camera_msgs LD_LIBRARY_PATH=/root/openpifpaf_ros2/install/openpifpaf_ros2_msgs/lib:/root/openpifpaf_ros2/install/realsense2_camera/lib:/root/openpifpaf_ros2/install/realsense2_camera_msgs/lib:/usr/lib/x86_64-linux-gnu/gazebo-11/plugins:/opt/ros/foxy/opt/yaml_cpp_vendor/lib:/opt/ros/foxy/opt/rviz_ogre_vendor/lib:/opt/ros/foxy/lib/x86_64-linux-gnu:/opt/ros/foxy/lib:/usr/local/11.3.0/lib64:/usr/local/nvidia/lib:/usr/local/nvidia/lib64 PYTHONPATH=/root/openpifpaf_ros2/install/rgbd_openpifpaf_ros2/lib/python3.8/site-packages:/root/openpifpaf_ros2/install/openpifpaf_ros2_msgs/lib/python3.8/site-packages:/root/openpifpaf_ros2/install/rgbd_openpifpaf_ros2/lib/python3.8/site-packages:/root/openpifpaf_ros2/install/realsense2_camera_msgs/lib/python3.8/site-packages:/root/openpifpaf_ros2/install/pose_checker/lib/python3.8/site-packages:/root/openpifpaf_ros2/install/openpifpaf_ros2_node/lib/python3.8/site-packages:/opt/ros/foxy/lib/python3.8/site-packages _=/usr/bin/env /usr/bin/python3 setup.py egg_info --egg-base ../../build/rgbd_openpifpaf_ros2 build --build-base /root/openpifpaf_ros2/build/rgbd_openpifpaf_ros2/build install --prefix /root/openpifpaf_ros2/install/rgbd_openpifpaf_ros2 --record /root/openpifpaf_ros2/build/rgbd_openpifpaf_ros2/install.log --single-version-externally-managed
[2.354s] Level 1:colcon.colcon_core.environment:checking '/root/openpifpaf_ros2/install/openpifpaf_ros2_node' for CMake module files
[2.355s] DEBUG:colcon.colcon_core.event_handler.log_command:Invoked command in '/root/openpifpaf_ros2/src/openpifpaf_ros2_node' returned '0': CMAKE_PREFIX_PATH=/root/openpifpaf_ros2/install/openpifpaf_ros2_msgs:/root/openpifpaf_ros2/install/realsense2_description:/root/openpifpaf_ros2/install/realsense2_camera:/root/openpifpaf_ros2/install/realsense2_camera_msgs LD_LIBRARY_PATH=/root/openpifpaf_ros2/install/openpifpaf_ros2_msgs/lib:/root/openpifpaf_ros2/install/realsense2_camera/lib:/root/openpifpaf_ros2/install/realsense2_camera_msgs/lib:/usr/lib/x86_64-linux-gnu/gazebo-11/plugins:/opt/ros/foxy/opt/yaml_cpp_vendor/lib:/opt/ros/foxy/opt/rviz_ogre_vendor/lib:/opt/ros/foxy/lib/x86_64-linux-gnu:/opt/ros/foxy/lib:/usr/local/11.3.0/lib64:/usr/local/nvidia/lib:/usr/local/nvidia/lib64 PYTHONPATH=/root/openpifpaf_ros2/install/openpifpaf_ros2_node/lib/python3.8/site-packages:/root/openpifpaf_ros2/install/openpifpaf_ros2_msgs/lib/python3.8/site-packages:/root/openpifpaf_ros2/install/rgbd_openpifpaf_ros2/lib/python3.8/site-packages:/root/openpifpaf_ros2/install/realsense2_camera_msgs/lib/python3.8/site-packages:/root/openpifpaf_ros2/install/pose_checker/lib/python3.8/site-packages:/root/openpifpaf_ros2/install/openpifpaf_ros2_node/lib/python3.8/site-packages:/opt/ros/foxy/lib/python3.8/site-packages _=/usr/bin/env /usr/bin/python3 setup.py egg_info --egg-base ../../build/openpifpaf_ros2_node build --build-base /root/openpifpaf_ros2/build/openpifpaf_ros2_node/build install --prefix /root/openpifpaf_ros2/install/openpifpaf_ros2_node --record /root/openpifpaf_ros2/build/openpifpaf_ros2_node/install.log --single-version-externally-managed
[2.356s] Level 1:colcon.colcon_core.environment:checking '/root/openpifpaf_ros2/install/openpifpaf_ros2_node' for CMake config files
[2.357s] Level 1:colcon.colcon_core.environment:checking '/root/openpifpaf_ros2/install/openpifpaf_ros2_node/lib'
[2.357s] Level 1:colcon.colcon_core.environment:checking '/root/openpifpaf_ros2/install/openpifpaf_ros2_node/bin'
[2.358s] Level 1:colcon.colcon_core.environment:checking '/root/openpifpaf_ros2/install/openpifpaf_ros2_node/lib/pkgconfig/openpifpaf_ros2_node.pc'
[2.358s] Level 1:colcon.colcon_core.environment:checking '/root/openpifpaf_ros2/install/openpifpaf_ros2_node/lib/python3.8/site-packages'
[2.358s] Level 1:colcon.colcon_core.shell:create_environment_hook('openpifpaf_ros2_node', 'pythonpath')
[2.360s] INFO:colcon.colcon_core.shell:Creating environment hook '/root/openpifpaf_ros2/install/openpifpaf_ros2_node/share/openpifpaf_ros2_node/hook/pythonpath.ps1'
[2.361s] INFO:colcon.colcon_core.shell:Creating environment descriptor '/root/openpifpaf_ros2/install/openpifpaf_ros2_node/share/openpifpaf_ros2_node/hook/pythonpath.dsv'
[2.361s] INFO:colcon.colcon_core.shell:Creating environment hook '/root/openpifpaf_ros2/install/openpifpaf_ros2_node/share/openpifpaf_ros2_node/hook/pythonpath.sh'
[2.362s] Level 1:colcon.colcon_core.environment:checking '/root/openpifpaf_ros2/install/openpifpaf_ros2_node/bin'
[2.362s] Level 1:colcon.colcon_core.environment:create_environment_scripts_only(openpifpaf_ros2_node)
[2.364s] INFO:colcon.colcon_core.shell:Creating package script '/root/openpifpaf_ros2/install/openpifpaf_ros2_node/share/openpifpaf_ros2_node/package.ps1'
[2.365s] INFO:colcon.colcon_core.shell:Creating package descriptor '/root/openpifpaf_ros2/install/openpifpaf_ros2_node/share/openpifpaf_ros2_node/package.dsv'
[2.366s] INFO:colcon.colcon_core.shell:Creating package script '/root/openpifpaf_ros2/install/openpifpaf_ros2_node/share/openpifpaf_ros2_node/package.sh'
[2.366s] INFO:colcon.colcon_core.shell:Creating package script '/root/openpifpaf_ros2/install/openpifpaf_ros2_node/share/openpifpaf_ros2_node/package.bash'
[2.367s] INFO:colcon.colcon_core.shell:Creating package script '/root/openpifpaf_ros2/install/openpifpaf_ros2_node/share/openpifpaf_ros2_node/package.zsh'
[2.367s] Level 1:colcon.colcon_core.environment:create_file_with_runtime_dependencies(/root/openpifpaf_ros2/install/openpifpaf_ros2_node/share/colcon-core/packages/openpifpaf_ros2_node)
[2.399s] Level 1:colcon.colcon_core.environment:checking '/root/openpifpaf_ros2/install/rgbd_openpifpaf_ros2' for CMake module files
[2.399s] DEBUG:colcon.colcon_core.event_handler.log_command:Invoked command in '/root/openpifpaf_ros2/src/rgbd_openpifpaf_ros2' returned '0': CMAKE_PREFIX_PATH=/root/openpifpaf_ros2/install/openpifpaf_ros2_msgs:/root/openpifpaf_ros2/install/realsense2_description:/root/openpifpaf_ros2/install/realsense2_camera:/root/openpifpaf_ros2/install/realsense2_camera_msgs LD_LIBRARY_PATH=/root/openpifpaf_ros2/install/openpifpaf_ros2_msgs/lib:/root/openpifpaf_ros2/install/realsense2_camera/lib:/root/openpifpaf_ros2/install/realsense2_camera_msgs/lib:/usr/lib/x86_64-linux-gnu/gazebo-11/plugins:/opt/ros/foxy/opt/yaml_cpp_vendor/lib:/opt/ros/foxy/opt/rviz_ogre_vendor/lib:/opt/ros/foxy/lib/x86_64-linux-gnu:/opt/ros/foxy/lib:/usr/local/11.3.0/lib64:/usr/local/nvidia/lib:/usr/local/nvidia/lib64 PYTHONPATH=/root/openpifpaf_ros2/install/rgbd_openpifpaf_ros2/lib/python3.8/site-packages:/root/openpifpaf_ros2/install/openpifpaf_ros2_msgs/lib/python3.8/site-packages:/root/openpifpaf_ros2/install/rgbd_openpifpaf_ros2/lib/python3.8/site-packages:/root/openpifpaf_ros2/install/realsense2_camera_msgs/lib/python3.8/site-packages:/root/openpifpaf_ros2/install/pose_checker/lib/python3.8/site-packages:/root/openpifpaf_ros2/install/openpifpaf_ros2_node/lib/python3.8/site-packages:/opt/ros/foxy/lib/python3.8/site-packages _=/usr/bin/env /usr/bin/python3 setup.py egg_info --egg-base ../../build/rgbd_openpifpaf_ros2 build --build-base /root/openpifpaf_ros2/build/rgbd_openpifpaf_ros2/build install --prefix /root/openpifpaf_ros2/install/rgbd_openpifpaf_ros2 --record /root/openpifpaf_ros2/build/rgbd_openpifpaf_ros2/install.log --single-version-externally-managed
[2.399s] Level 1:colcon.colcon_core.environment:checking '/root/openpifpaf_ros2/install/rgbd_openpifpaf_ros2' for CMake config files
[2.400s] Level 1:colcon.colcon_core.environment:checking '/root/openpifpaf_ros2/install/rgbd_openpifpaf_ros2/lib'
[2.400s] Level 1:colcon.colcon_core.environment:checking '/root/openpifpaf_ros2/install/rgbd_openpifpaf_ros2/bin'
[2.400s] Level 1:colcon.colcon_core.environment:checking '/root/openpifpaf_ros2/install/rgbd_openpifpaf_ros2/lib/pkgconfig/rgbd_openpifpaf_ros2.pc'
[2.400s] Level 1:colcon.colcon_core.environment:checking '/root/openpifpaf_ros2/install/rgbd_openpifpaf_ros2/lib/python3.8/site-packages'
[2.400s] Level 1:colcon.colcon_core.shell:create_environment_hook('rgbd_openpifpaf_ros2', 'pythonpath')
[2.402s] INFO:colcon.colcon_core.shell:Creating environment hook '/root/openpifpaf_ros2/install/rgbd_openpifpaf_ros2/share/rgbd_openpifpaf_ros2/hook/pythonpath.ps1'
[2.402s] INFO:colcon.colcon_core.shell:Creating environment descriptor '/root/openpifpaf_ros2/install/rgbd_openpifpaf_ros2/share/rgbd_openpifpaf_ros2/hook/pythonpath.dsv'
[2.402s] INFO:colcon.colcon_core.shell:Creating environment hook '/root/openpifpaf_ros2/install/rgbd_openpifpaf_ros2/share/rgbd_openpifpaf_ros2/hook/pythonpath.sh'
[2.403s] Level 1:colcon.colcon_core.environment:checking '/root/openpifpaf_ros2/install/rgbd_openpifpaf_ros2/bin'
[2.403s] Level 1:colcon.colcon_core.environment:create_environment_scripts_only(rgbd_openpifpaf_ros2)
[2.405s] INFO:colcon.colcon_core.shell:Creating package script '/root/openpifpaf_ros2/install/rgbd_openpifpaf_ros2/share/rgbd_openpifpaf_ros2/package.ps1'
[2.406s] INFO:colcon.colcon_core.shell:Creating package descriptor '/root/openpifpaf_ros2/install/rgbd_openpifpaf_ros2/share/rgbd_openpifpaf_ros2/package.dsv'
[2.406s] INFO:colcon.colcon_core.shell:Creating package script '/root/openpifpaf_ros2/install/rgbd_openpifpaf_ros2/share/rgbd_openpifpaf_ros2/package.sh'
[2.407s] INFO:colcon.colcon_core.shell:Creating package script '/root/openpifpaf_ros2/install/rgbd_openpifpaf_ros2/share/rgbd_openpifpaf_ros2/package.bash'
[2.407s] INFO:colcon.colcon_core.shell:Creating package script '/root/openpifpaf_ros2/install/rgbd_openpifpaf_ros2/share/rgbd_openpifpaf_ros2/package.zsh'
[2.407s] Level 1:colcon.colcon_core.environment:create_file_with_runtime_dependencies(/root/openpifpaf_ros2/install/rgbd_openpifpaf_ros2/share/colcon-core/packages/rgbd_openpifpaf_ros2)
[2.408s] DEBUG:colcon.colcon_parallel_executor.executor.parallel:closing loop
[2.408s] DEBUG:colcon.colcon_parallel_executor.executor.parallel:loop closed
[2.408s] DEBUG:colcon.colcon_parallel_executor.executor.parallel:run_until_complete finished with '0'
[2.408s] DEBUG:colcon.colcon_core.event_reactor:joining thread
[2.416s] INFO:colcon.colcon_core.plugin_system:Skipping extension 'colcon_notification.desktop_notification.notify_send': Could not find 'notify-send'
[2.416s] INFO:colcon.colcon_core.plugin_system:Skipping extension 'colcon_notification.desktop_notification.terminal_notifier': Not used on non-Darwin systems
[2.416s] INFO:colcon.colcon_core.plugin_system:Skipping extension 'colcon_notification.desktop_notification.win32': Not used on non-Windows systems
[2.416s] INFO:colcon.colcon_notification.desktop_notification:Sending desktop notification using 'notify2'
[2.422s] DEBUG:colcon.colcon_notification.desktop_notification.notify2:Failed to initialize notify2: org.freedesktop.DBus.Error.ServiceUnknown: The name org.freedesktop.Notifications was not provided by any .service files
[2.422s] DEBUG:colcon.colcon_core.event_reactor:joined thread
[2.424s] INFO:colcon.colcon_core.shell:Creating prefix script '/root/openpifpaf_ros2/install/local_setup.ps1'
[2.425s] INFO:colcon.colcon_core.shell:Creating prefix util module '/root/openpifpaf_ros2/install/_local_setup_util_ps1.py'
[2.426s] INFO:colcon.colcon_core.shell:Creating prefix chain script '/root/openpifpaf_ros2/install/setup.ps1'
[2.428s] INFO:colcon.colcon_core.shell:Creating prefix script '/root/openpifpaf_ros2/install/local_setup.sh'
[2.428s] INFO:colcon.colcon_core.shell:Creating prefix util module '/root/openpifpaf_ros2/install/_local_setup_util_sh.py'
[2.429s] INFO:colcon.colcon_core.shell:Creating prefix chain script '/root/openpifpaf_ros2/install/setup.sh'
[2.430s] INFO:colcon.colcon_core.shell:Creating prefix script '/root/openpifpaf_ros2/install/local_setup.bash'
[2.431s] INFO:colcon.colcon_core.shell:Creating prefix chain script '/root/openpifpaf_ros2/install/setup.bash'
[2.432s] INFO:colcon.colcon_core.shell:Creating prefix script '/root/openpifpaf_ros2/install/local_setup.zsh'
[2.432s] INFO:colcon.colcon_core.shell:Creating prefix chain script '/root/openpifpaf_ros2/install/setup.zsh'
