[0.232s] Invoking command in '/root/openpifpaf_ros2/build/realsense2_camera': CMAKE_PREFIX_PATH=/root/openpifpaf_ros2/install/realsense2_camera_msgs:/root/openpifpaf_ros2/install/realsense2_description:/root/openpifpaf_ros2/install/realsense2_camera:/root/openpifpaf_ros2/install/openpifpaf_ros2_msgs:/root/openpifpaf_ros2/install/rgbd_openpifpaf_ros2:/root/openpifpaf_ros2/install/pose_checker:/root/openpifpaf_ros2/install/openpifpaf_ros2_node:/opt/ros/foxy LD_LIBRARY_PATH=/root/openpifpaf_ros2/install/realsense2_camera_msgs/lib:/root/openpifpaf_ros2/install/realsense2_camera/lib:/root/openpifpaf_ros2/install/openpifpaf_ros2_msgs/lib:/usr/lib/x86_64-linux-gnu/gazebo-11/plugins:/opt/ros/foxy/opt/yaml_cpp_vendor/lib:/opt/ros/foxy/opt/rviz_ogre_vendor/lib:/opt/ros/foxy/lib/x86_64-linux-gnu:/opt/ros/foxy/lib:/usr/local/11.3.0/lib64:/usr/local/nvidia/lib:/usr/local/nvidia/lib64 PYTHONPATH=/root/openpifpaf_ros2/install/realsense2_camera_msgs/lib/python3.8/site-packages:/root/openpifpaf_ros2/install/rgbd_openpifpaf_ros2/lib/python3.8/site-packages:/root/openpifpaf_ros2/install/pose_checker/lib/python3.8/site-packages:/root/openpifpaf_ros2/install/openpifpaf_ros2_node/lib/python3.8/site-packages:/root/openpifpaf_ros2/install/openpifpaf_ros2_msgs/lib/python3.8/site-packages:/opt/ros/foxy/lib/python3.8/site-packages _=/usr/bin/env /usr/bin/cmake --build /root/openpifpaf_ros2/build/realsense2_camera -- -j12 -l12
[0.701s] [ 25%] Built target realsense2_camera_node
[0.830s] [100%] Built target realsense2_camera
[0.949s] Invoked command in '/root/openpifpaf_ros2/build/realsense2_camera' returned '0': CMAKE_PREFIX_PATH=/root/openpifpaf_ros2/install/realsense2_camera_msgs:/root/openpifpaf_ros2/install/realsense2_description:/root/openpifpaf_ros2/install/realsense2_camera:/root/openpifpaf_ros2/install/openpifpaf_ros2_msgs:/root/openpifpaf_ros2/install/rgbd_openpifpaf_ros2:/root/openpifpaf_ros2/install/pose_checker:/root/openpifpaf_ros2/install/openpifpaf_ros2_node:/opt/ros/foxy LD_LIBRARY_PATH=/root/openpifpaf_ros2/install/realsense2_camera_msgs/lib:/root/openpifpaf_ros2/install/realsense2_camera/lib:/root/openpifpaf_ros2/install/openpifpaf_ros2_msgs/lib:/usr/lib/x86_64-linux-gnu/gazebo-11/plugins:/opt/ros/foxy/opt/yaml_cpp_vendor/lib:/opt/ros/foxy/opt/rviz_ogre_vendor/lib:/opt/ros/foxy/lib/x86_64-linux-gnu:/opt/ros/foxy/lib:/usr/local/11.3.0/lib64:/usr/local/nvidia/lib:/usr/local/nvidia/lib64 PYTHONPATH=/root/openpifpaf_ros2/install/realsense2_camera_msgs/lib/python3.8/site-packages:/root/openpifpaf_ros2/install/rgbd_openpifpaf_ros2/lib/python3.8/site-packages:/root/openpifpaf_ros2/install/pose_checker/lib/python3.8/site-packages:/root/openpifpaf_ros2/install/openpifpaf_ros2_node/lib/python3.8/site-packages:/root/openpifpaf_ros2/install/openpifpaf_ros2_msgs/lib/python3.8/site-packages:/opt/ros/foxy/lib/python3.8/site-packages _=/usr/bin/env /usr/bin/cmake --build /root/openpifpaf_ros2/build/realsense2_camera -- -j12 -l12
[3.910s] Invoking command in '/root/openpifpaf_ros2/build/realsense2_camera': CMAKE_PREFIX_PATH=/root/openpifpaf_ros2/install/realsense2_camera_msgs:/root/openpifpaf_ros2/install/realsense2_description:/root/openpifpaf_ros2/install/realsense2_camera:/root/openpifpaf_ros2/install/openpifpaf_ros2_msgs:/root/openpifpaf_ros2/install/rgbd_openpifpaf_ros2:/root/openpifpaf_ros2/install/pose_checker:/root/openpifpaf_ros2/install/openpifpaf_ros2_node:/opt/ros/foxy LD_LIBRARY_PATH=/root/openpifpaf_ros2/install/realsense2_camera_msgs/lib:/root/openpifpaf_ros2/install/realsense2_camera/lib:/root/openpifpaf_ros2/install/openpifpaf_ros2_msgs/lib:/usr/lib/x86_64-linux-gnu/gazebo-11/plugins:/opt/ros/foxy/opt/yaml_cpp_vendor/lib:/opt/ros/foxy/opt/rviz_ogre_vendor/lib:/opt/ros/foxy/lib/x86_64-linux-gnu:/opt/ros/foxy/lib:/usr/local/11.3.0/lib64:/usr/local/nvidia/lib:/usr/local/nvidia/lib64 PYTHONPATH=/root/openpifpaf_ros2/install/realsense2_camera_msgs/lib/python3.8/site-packages:/root/openpifpaf_ros2/install/rgbd_openpifpaf_ros2/lib/python3.8/site-packages:/root/openpifpaf_ros2/install/pose_checker/lib/python3.8/site-packages:/root/openpifpaf_ros2/install/openpifpaf_ros2_node/lib/python3.8/site-packages:/root/openpifpaf_ros2/install/openpifpaf_ros2_msgs/lib/python3.8/site-packages:/opt/ros/foxy/lib/python3.8/site-packages _=/usr/bin/env /usr/bin/cmake --install /root/openpifpaf_ros2/build/realsense2_camera
[4.049s] -- Install configuration: "Release"
[4.050s] -- Up-to-date: /root/openpifpaf_ros2/install/realsense2_camera/lib/realsense2_camera/realsense2_camera_node
[4.054s] -- Up-to-date: /root/openpifpaf_ros2/install/realsense2_camera/lib/librealsense2_camera.so
[4.055s] -- Up-to-date: /root/openpifpaf_ros2/install/realsense2_camera/include
[4.055s] -- Up-to-date: /root/openpifpaf_ros2/install/realsense2_camera/include/dynamic_params.h
[4.056s] -- Up-to-date: /root/openpifpaf_ros2/install/realsense2_camera/include/realsense_node_factory.h
[4.057s] -- Up-to-date: /root/openpifpaf_ros2/install/realsense2_camera/include/t265_realsense_node.h
[4.058s] -- Up-to-date: /root/openpifpaf_ros2/install/realsense2_camera/include/constants.h
[4.059s] -- Up-to-date: /root/openpifpaf_ros2/install/realsense2_camera/include/ros_param_backend.h
[4.059s] -- Up-to-date: /root/openpifpaf_ros2/install/realsense2_camera/include/base_realsense_node.h
[4.060s] -- Up-to-date: /root/openpifpaf_ros2/install/realsense2_camera/share/realsense2_camera/launch
[4.061s] -- Up-to-date: /root/openpifpaf_ros2/install/realsense2_camera/share/realsense2_camera/launch/demo_t265_launch.py
[4.064s] -- Up-to-date: /root/openpifpaf_ros2/install/realsense2_camera/share/realsense2_camera/launch/default.rviz
[4.065s] -- Up-to-date: /root/openpifpaf_ros2/install/realsense2_camera/share/realsense2_camera/launch/rs_launch.py
[4.066s] -- Up-to-date: /root/openpifpaf_ros2/install/realsense2_camera/share/realsense2_camera/launch/rs_d400_and_t265_launch.py
[4.068s] -- Up-to-date: /root/openpifpaf_ros2/install/realsense2_camera/share/realsense2_camera/launch/rs_t265_launch.py
[4.079s] -- Up-to-date: /root/openpifpaf_ros2/install/realsense2_camera/share/realsense2_camera/launch/demo_pointcloud_launch.py
[4.080s] -- Up-to-date: /root/openpifpaf_ros2/install/realsense2_camera/share/realsense2_camera/launch/rs_multi_camera_launch.py
[4.081s] -- Up-to-date: /root/openpifpaf_ros2/install/realsense2_camera/share/realsense2_camera/config
[4.082s] -- Up-to-date: /root/openpifpaf_ros2/install/realsense2_camera/share/realsense2_camera/config/d435i.yaml
[4.083s] -- Up-to-date: /root/openpifpaf_ros2/install/realsense2_camera/share/realsense2_camera/rviz
[4.084s] -- Up-to-date: /root/openpifpaf_ros2/install/realsense2_camera/share/realsense2_camera/rviz/t265.rviz
[4.086s] -- Up-to-date: /root/openpifpaf_ros2/install/realsense2_camera/share/realsense2_camera/rviz/pointcloud.rviz
[4.087s] -- Up-to-date: /root/openpifpaf_ros2/install/realsense2_camera/share/realsense2_camera/environment/library_path.sh
[4.089s] -- Up-to-date: /root/openpifpaf_ros2/install/realsense2_camera/share/realsense2_camera/environment/library_path.dsv
[4.091s] -- Up-to-date: /root/openpifpaf_ros2/install/realsense2_camera/share/ament_index/resource_index/package_run_dependencies/realsense2_camera
[4.096s] -- Up-to-date: /root/openpifpaf_ros2/install/realsense2_camera/share/ament_index/resource_index/parent_prefix_path/realsense2_camera
[4.108s] -- Up-to-date: /root/openpifpaf_ros2/install/realsense2_camera/share/realsense2_camera/environment/ament_prefix_path.sh
[4.109s] -- Up-to-date: /root/openpifpaf_ros2/install/realsense2_camera/share/realsense2_camera/environment/ament_prefix_path.dsv
[4.109s] -- Up-to-date: /root/openpifpaf_ros2/install/realsense2_camera/share/realsense2_camera/environment/path.sh
[4.110s] -- Up-to-date: /root/openpifpaf_ros2/install/realsense2_camera/share/realsense2_camera/environment/path.dsv
[4.111s] -- Up-to-date: /root/openpifpaf_ros2/install/realsense2_camera/share/realsense2_camera/local_setup.bash
[4.111s] -- Up-to-date: /root/openpifpaf_ros2/install/realsense2_camera/share/realsense2_camera/local_setup.sh
[4.113s] -- Up-to-date: /root/openpifpaf_ros2/install/realsense2_camera/share/realsense2_camera/local_setup.zsh
[4.114s] -- Up-to-date: /root/openpifpaf_ros2/install/realsense2_camera/share/realsense2_camera/local_setup.dsv
[4.115s] -- Installing: /root/openpifpaf_ros2/install/realsense2_camera/share/realsense2_camera/package.dsv
[4.116s] -- Up-to-date: /root/openpifpaf_ros2/install/realsense2_camera/share/ament_index/resource_index/packages/realsense2_camera
[4.117s] -- Up-to-date: /root/openpifpaf_ros2/install/realsense2_camera/share/ament_index/resource_index/rclcpp_components/realsense2_camera
[4.118s] -- Up-to-date: /root/openpifpaf_ros2/install/realsense2_camera/share/realsense2_camera/cmake/ament_cmake_export_include_directories-extras.cmake
[4.120s] -- Up-to-date: /root/openpifpaf_ros2/install/realsense2_camera/share/realsense2_camera/cmake/ament_cmake_export_libraries-extras.cmake
[4.121s] -- Up-to-date: /root/openpifpaf_ros2/install/realsense2_camera/share/realsense2_camera/cmake/ament_cmake_export_dependencies-extras.cmake
[4.122s] -- Up-to-date: /root/openpifpaf_ros2/install/realsense2_camera/share/realsense2_camera/cmake/realsense2_cameraConfig.cmake
[4.126s] -- Up-to-date: /root/openpifpaf_ros2/install/realsense2_camera/share/realsense2_camera/cmake/realsense2_cameraConfig-version.cmake
[4.128s] -- Up-to-date: /root/openpifpaf_ros2/install/realsense2_camera/share/realsense2_camera/package.xml
[4.171s] Invoked command in '/root/openpifpaf_ros2/build/realsense2_camera' returned '0': CMAKE_PREFIX_PATH=/root/openpifpaf_ros2/install/realsense2_camera_msgs:/root/openpifpaf_ros2/install/realsense2_description:/root/openpifpaf_ros2/install/realsense2_camera:/root/openpifpaf_ros2/install/openpifpaf_ros2_msgs:/root/openpifpaf_ros2/install/rgbd_openpifpaf_ros2:/root/openpifpaf_ros2/install/pose_checker:/root/openpifpaf_ros2/install/openpifpaf_ros2_node:/opt/ros/foxy LD_LIBRARY_PATH=/root/openpifpaf_ros2/install/realsense2_camera_msgs/lib:/root/openpifpaf_ros2/install/realsense2_camera/lib:/root/openpifpaf_ros2/install/openpifpaf_ros2_msgs/lib:/usr/lib/x86_64-linux-gnu/gazebo-11/plugins:/opt/ros/foxy/opt/yaml_cpp_vendor/lib:/opt/ros/foxy/opt/rviz_ogre_vendor/lib:/opt/ros/foxy/lib/x86_64-linux-gnu:/opt/ros/foxy/lib:/usr/local/11.3.0/lib64:/usr/local/nvidia/lib:/usr/local/nvidia/lib64 PYTHONPATH=/root/openpifpaf_ros2/install/realsense2_camera_msgs/lib/python3.8/site-packages:/root/openpifpaf_ros2/install/rgbd_openpifpaf_ros2/lib/python3.8/site-packages:/root/openpifpaf_ros2/install/pose_checker/lib/python3.8/site-packages:/root/openpifpaf_ros2/install/openpifpaf_ros2_node/lib/python3.8/site-packages:/root/openpifpaf_ros2/install/openpifpaf_ros2_msgs/lib/python3.8/site-packages:/opt/ros/foxy/lib/python3.8/site-packages _=/usr/bin/env /usr/bin/cmake --install /root/openpifpaf_ros2/build/realsense2_camera
