[0.735s] Invoking command in '/root/openpifpaf_ros2/src/openpifpaf_ros2_node': AMENT_PREFIX_PATH=/root/openpifpaf_ros2/install/openpifpaf_ros2_msgs:${AMENT_PREFIX_PATH} CMAKE_PREFIX_PATH=/root/openpifpaf_ros2/install/openpifpaf_ros2_msgs LD_LIBRARY_PATH=/root/openpifpaf_ros2/install/openpifpaf_ros2_msgs/lib:${LD_LIBRARY_PATH} PYTHONPATH=/root/openpifpaf_ros2/install/openpifpaf_ros2_node/lib/python3.8/site-packages:/root/openpifpaf_ros2/install/openpifpaf_ros2_msgs/lib/python3.8/site-packages:${PYTHONPATH} _=/usr/bin/env /usr/bin/python3 setup.py egg_info --egg-base ../../build/openpifpaf_ros2_node build --build-base /root/openpifpaf_ros2/build/openpifpaf_ros2_node/build install --prefix /root/openpifpaf_ros2/install/openpifpaf_ros2_node --record /root/openpifpaf_ros2/build/openpifpaf_ros2_node/install.log --single-version-externally-managed
[0.879s] running egg_info
[0.879s] writing ../../build/openpifpaf_ros2_node/openpifpaf_ros2_node.egg-info/PKG-INFO
[0.880s] writing dependency_links to ../../build/openpifpaf_ros2_node/openpifpaf_ros2_node.egg-info/dependency_links.txt
[0.880s] writing entry points to ../../build/openpifpaf_ros2_node/openpifpaf_ros2_node.egg-info/entry_points.txt
[0.880s] writing requirements to ../../build/openpifpaf_ros2_node/openpifpaf_ros2_node.egg-info/requires.txt
[0.880s] writing top-level names to ../../build/openpifpaf_ros2_node/openpifpaf_ros2_node.egg-info/top_level.txt
[0.905s] reading manifest file '../../build/openpifpaf_ros2_node/openpifpaf_ros2_node.egg-info/SOURCES.txt'
[0.907s] writing manifest file '../../build/openpifpaf_ros2_node/openpifpaf_ros2_node.egg-info/SOURCES.txt'
[0.907s] running build
[0.907s] running build_py
[0.907s] running install
[0.908s] running install_lib
[0.908s] running install_data
[0.909s] running install_egg_info
[0.910s] removing '/root/openpifpaf_ros2/install/openpifpaf_ros2_node/lib/python3.8/site-packages/openpifpaf_ros2_node-0.0.0-py3.8.egg-info' (and everything under it)
[0.910s] Copying ../../build/openpifpaf_ros2_node/openpifpaf_ros2_node.egg-info to /root/openpifpaf_ros2/install/openpifpaf_ros2_node/lib/python3.8/site-packages/openpifpaf_ros2_node-0.0.0-py3.8.egg-info
[0.912s] running install_scripts
[0.924s] Installing openpifpaf_ros2_node script to /root/openpifpaf_ros2/install/openpifpaf_ros2_node/lib/openpifpaf_ros2_node
[0.924s] writing list of installed files to '/root/openpifpaf_ros2/build/openpifpaf_ros2_node/install.log'
[0.956s] Invoked command in '/root/openpifpaf_ros2/src/openpifpaf_ros2_node' returned '0': AMENT_PREFIX_PATH=/root/openpifpaf_ros2/install/openpifpaf_ros2_msgs:${AMENT_PREFIX_PATH} CMAKE_PREFIX_PATH=/root/openpifpaf_ros2/install/openpifpaf_ros2_msgs LD_LIBRARY_PATH=/root/openpifpaf_ros2/install/openpifpaf_ros2_msgs/lib:${LD_LIBRARY_PATH} PYTHONPATH=/root/openpifpaf_ros2/install/openpifpaf_ros2_node/lib/python3.8/site-packages:/root/openpifpaf_ros2/install/openpifpaf_ros2_msgs/lib/python3.8/site-packages:${PYTHONPATH} _=/usr/bin/env /usr/bin/python3 setup.py egg_info --egg-base ../../build/openpifpaf_ros2_node build --build-base /root/openpifpaf_ros2/build/openpifpaf_ros2_node/build install --prefix /root/openpifpaf_ros2/install/openpifpaf_ros2_node --record /root/openpifpaf_ros2/build/openpifpaf_ros2_node/install.log --single-version-externally-managed
