[1.595s] Invoking command in '/root/openpifpaf_ros2/src/openpifpaf_ros2_node': CMAKE_PREFIX_PATH=/root/openpifpaf_ros2/install/openpifpaf_ros2_msgs:/root/openpifpaf_ros2/install/realsense2_description:/root/openpifpaf_ros2/install/realsense2_camera:/root/openpifpaf_ros2/install/realsense2_camera_msgs LD_LIBRARY_PATH=/root/openpifpaf_ros2/install/openpifpaf_ros2_msgs/lib:/root/openpifpaf_ros2/install/realsense2_camera/lib:/root/openpifpaf_ros2/install/realsense2_camera_msgs/lib:/usr/lib/x86_64-linux-gnu/gazebo-11/plugins:/opt/ros/foxy/opt/yaml_cpp_vendor/lib:/opt/ros/foxy/opt/rviz_ogre_vendor/lib:/opt/ros/foxy/lib/x86_64-linux-gnu:/opt/ros/foxy/lib:/usr/local/11.3.0/lib64:/usr/local/nvidia/lib:/usr/local/nvidia/lib64 PYTHONPATH=/root/openpifpaf_ros2/install/openpifpaf_ros2_node/lib/python3.8/site-packages:/root/openpifpaf_ros2/install/openpifpaf_ros2_msgs/lib/python3.8/site-packages:/root/openpifpaf_ros2/install/rgbd_openpifpaf_ros2/lib/python3.8/site-packages:/root/openpifpaf_ros2/install/realsense2_camera_msgs/lib/python3.8/site-packages:/root/openpifpaf_ros2/install/pose_checker/lib/python3.8/site-packages:/root/openpifpaf_ros2/install/openpifpaf_ros2_node/lib/python3.8/site-packages:/opt/ros/foxy/lib/python3.8/site-packages _=/usr/bin/env /usr/bin/python3 setup.py egg_info --egg-base ../../build/openpifpaf_ros2_node build --build-base /root/openpifpaf_ros2/build/openpifpaf_ros2_node/build install --prefix /root/openpifpaf_ros2/install/openpifpaf_ros2_node --record /root/openpifpaf_ros2/build/openpifpaf_ros2_node/install.log --single-version-externally-managed
[1.978s] running egg_info
[1.978s] writing ../../build/openpifpaf_ros2_node/openpifpaf_ros2_node.egg-info/PKG-INFO
[1.979s] writing dependency_links to ../../build/openpifpaf_ros2_node/openpifpaf_ros2_node.egg-info/dependency_links.txt
[1.979s] writing entry points to ../../build/openpifpaf_ros2_node/openpifpaf_ros2_node.egg-info/entry_points.txt
[1.979s] writing requirements to ../../build/openpifpaf_ros2_node/openpifpaf_ros2_node.egg-info/requires.txt
[1.979s] writing top-level names to ../../build/openpifpaf_ros2_node/openpifpaf_ros2_node.egg-info/top_level.txt
[2.035s] reading manifest file '../../build/openpifpaf_ros2_node/openpifpaf_ros2_node.egg-info/SOURCES.txt'
[2.037s] writing manifest file '../../build/openpifpaf_ros2_node/openpifpaf_ros2_node.egg-info/SOURCES.txt'
[2.039s] running build
[2.039s] running build_py
[2.039s] running install
[2.041s] running install_lib
[2.043s] running install_data
[2.044s] running install_egg_info
[2.046s] removing '/root/openpifpaf_ros2/install/openpifpaf_ros2_node/lib/python3.8/site-packages/openpifpaf_ros2_node-0.0.0-py3.8.egg-info' (and everything under it)
[2.047s] Copying ../../build/openpifpaf_ros2_node/openpifpaf_ros2_node.egg-info to /root/openpifpaf_ros2/install/openpifpaf_ros2_node/lib/python3.8/site-packages/openpifpaf_ros2_node-0.0.0-py3.8.egg-info
[2.051s] running install_scripts
[2.080s] Installing openpifpaf_ros2_node script to /root/openpifpaf_ros2/install/openpifpaf_ros2_node/lib/openpifpaf_ros2_node
[2.081s] writing list of installed files to '/root/openpifpaf_ros2/build/openpifpaf_ros2_node/install.log'
[2.118s] Invoked command in '/root/openpifpaf_ros2/src/openpifpaf_ros2_node' returned '0': CMAKE_PREFIX_PATH=/root/openpifpaf_ros2/install/openpifpaf_ros2_msgs:/root/openpifpaf_ros2/install/realsense2_description:/root/openpifpaf_ros2/install/realsense2_camera:/root/openpifpaf_ros2/install/realsense2_camera_msgs LD_LIBRARY_PATH=/root/openpifpaf_ros2/install/openpifpaf_ros2_msgs/lib:/root/openpifpaf_ros2/install/realsense2_camera/lib:/root/openpifpaf_ros2/install/realsense2_camera_msgs/lib:/usr/lib/x86_64-linux-gnu/gazebo-11/plugins:/opt/ros/foxy/opt/yaml_cpp_vendor/lib:/opt/ros/foxy/opt/rviz_ogre_vendor/lib:/opt/ros/foxy/lib/x86_64-linux-gnu:/opt/ros/foxy/lib:/usr/local/11.3.0/lib64:/usr/local/nvidia/lib:/usr/local/nvidia/lib64 PYTHONPATH=/root/openpifpaf_ros2/install/openpifpaf_ros2_node/lib/python3.8/site-packages:/root/openpifpaf_ros2/install/openpifpaf_ros2_msgs/lib/python3.8/site-packages:/root/openpifpaf_ros2/install/rgbd_openpifpaf_ros2/lib/python3.8/site-packages:/root/openpifpaf_ros2/install/realsense2_camera_msgs/lib/python3.8/site-packages:/root/openpifpaf_ros2/install/pose_checker/lib/python3.8/site-packages:/root/openpifpaf_ros2/install/openpifpaf_ros2_node/lib/python3.8/site-packages:/opt/ros/foxy/lib/python3.8/site-packages _=/usr/bin/env /usr/bin/python3 setup.py egg_info --egg-base ../../build/openpifpaf_ros2_node build --build-base /root/openpifpaf_ros2/build/openpifpaf_ros2_node/build install --prefix /root/openpifpaf_ros2/install/openpifpaf_ros2_node --record /root/openpifpaf_ros2/build/openpifpaf_ros2_node/install.log --single-version-externally-managed
