[0.036s] Invoking command in '/root/openpifpaf_ros2/build/realsense2_camera': AMENT_PREFIX_PATH=/root/openpifpaf_ros2/install/realsense2_camera_msgs:${AMENT_PREFIX_PATH} CMAKE_PREFIX_PATH=/root/openpifpaf_ros2/install/realsense2_camera_msgs:/opt/ros/foxy LD_LIBRARY_PATH=/root/openpifpaf_ros2/install/realsense2_camera_msgs/lib:${LD_LIBRARY_PATH} PYTHONPATH=/root/openpifpaf_ros2/install/realsense2_camera_msgs/lib/python3.8/site-packages:${PYTHONPATH} _=/usr/bin/env /usr/bin/cmake --build /root/openpifpaf_ros2/build/realsense2_camera -- -j12 -l12
[0.085s] -- Create Release Build.
[0.085s] -- Found ament_cmake: 0.9.11 (/opt/ros/foxy/share/ament_cmake/cmake)
[0.115s] -- Using PYTHON_EXECUTABLE: /usr/bin/python3
[0.366s] -- Found builtin_interfaces: 1.0.0 (/opt/ros/foxy/share/builtin_interfaces/cmake)
[0.403s] -- Using all available rosidl_typesupport_c: rosidl_typesupport_fastrtps_c;rosidl_typesupport_introspection_c
[0.408s] -- Found rosidl_adapter: 1.3.0 (/opt/ros/foxy/share/rosidl_adapter/cmake)
[0.602s] -- Using all available rosidl_typesupport_cpp: rosidl_typesupport_fastrtps_cpp;rosidl_typesupport_introspection_cpp
[0.632s] -- Found cv_bridge: 3.0.6 (/opt/ros/foxy/share/cv_bridge/cmake)
[0.863s] -- Found image_transport: 2.4.0 (/opt/ros/foxy/share/image_transport/cmake)
[0.925s] -- Found rmw_implementation_cmake: 1.0.3 (/opt/ros/foxy/share/rmw_implementation_cmake/cmake)
[0.928s] -- Using RMW implementation 'rmw_fastrtps_cpp' as default
[1.162s] -- Found rclcpp_components: 2.4.2 (/opt/ros/foxy/share/rclcpp_components/cmake)
[1.223s] -- Found realsense2_camera_msgs: 3.2.3 (/root/openpifpaf_ros2/install/realsense2_camera_msgs/share/realsense2_camera_msgs/cmake)
[1.265s] -- Found std_srvs: 2.0.5 (/opt/ros/foxy/share/std_srvs/cmake)
[1.278s] -- Found nav_msgs: 2.0.5 (/opt/ros/foxy/share/nav_msgs/cmake)
[1.364s] -- Found tf2_ros: 0.13.13 (/opt/ros/foxy/share/tf2_ros/cmake)
[1.776s] CMake Error at CMakeLists.txt:100 (find_package):
[1.777s]   By not providing "Finddiagnostic_updater.cmake" in CMAKE_MODULE_PATH this
[1.777s]   project has asked CMake to find a package configuration file provided by
[1.777s]   "diagnostic_updater", but CMake did not find one.
[1.777s] 
[1.777s]   Could not find a package configuration file provided by
[1.777s]   "diagnostic_updater" with any of the following names:
[1.777s] 
[1.777s]     diagnostic_updaterConfig.cmake
[1.777s]     diagnostic_updater-config.cmake
[1.777s] 
[1.777s]   Add the installation prefix of "diagnostic_updater" to CMAKE_PREFIX_PATH or
[1.777s]   set "diagnostic_updater_DIR" to a directory containing one of the above
[1.777s]   files.  If "diagnostic_updater" provides a separate development package or
[1.777s]   SDK, be sure it has been installed.
[1.778s] 
[1.778s] 
[1.779s] -- Configuring incomplete, errors occurred!
[1.779s] See also "/root/openpifpaf_ros2/build/realsense2_camera/CMakeFiles/CMakeOutput.log".
[1.780s] See also "/root/openpifpaf_ros2/build/realsense2_camera/CMakeFiles/CMakeError.log".
[1.789s] make: *** [Makefile:430: cmake_check_build_system] Error 1
[1.789s] Invoked command in '/root/openpifpaf_ros2/build/realsense2_camera' returned '2': AMENT_PREFIX_PATH=/root/openpifpaf_ros2/install/realsense2_camera_msgs:${AMENT_PREFIX_PATH} CMAKE_PREFIX_PATH=/root/openpifpaf_ros2/install/realsense2_camera_msgs:/opt/ros/foxy LD_LIBRARY_PATH=/root/openpifpaf_ros2/install/realsense2_camera_msgs/lib:${LD_LIBRARY_PATH} PYTHONPATH=/root/openpifpaf_ros2/install/realsense2_camera_msgs/lib/python3.8/site-packages:${PYTHONPATH} _=/usr/bin/env /usr/bin/cmake --build /root/openpifpaf_ros2/build/realsense2_camera -- -j12 -l12
