[0.722s] Invoking command in '/root/openpifpaf_ros2/src/pose_checker': PYTHONPATH=/root/openpifpaf_ros2/build/pose_checker/prefix_override:/root/openpifpaf_ros2/install/pose_checker/lib/python3.8/site-packages:${PYTHONPATH} /usr/bin/python3 setup.py egg_info --egg-base ../../build/pose_checker build --build-base /root/openpifpaf_ros2/build/pose_checker/build install --record /root/openpifpaf_ros2/build/pose_checker/install.log --install-scripts $base/lib/pose_checker --single-version-externally-managed
[0.960s] running egg_info
[0.961s] writing ../../build/pose_checker/pose_checker.egg-info/PKG-INFO
[0.961s] writing dependency_links to ../../build/pose_checker/pose_checker.egg-info/dependency_links.txt
[0.961s] writing entry points to ../../build/pose_checker/pose_checker.egg-info/entry_points.txt
[0.962s] writing requirements to ../../build/pose_checker/pose_checker.egg-info/requires.txt
[0.962s] writing top-level names to ../../build/pose_checker/pose_checker.egg-info/top_level.txt
[0.994s] reading manifest file '../../build/pose_checker/pose_checker.egg-info/SOURCES.txt'
[0.995s] writing manifest file '../../build/pose_checker/pose_checker.egg-info/SOURCES.txt'
[0.995s] running build
[0.995s] running build_py
[0.995s] running install
[0.996s] running install_lib
[0.998s] running install_data
[0.998s] running install_egg_info
[1.000s] removing '/root/openpifpaf_ros2/install/pose_checker/lib/python3.8/site-packages/pose_checker-0.0.0-py3.8.egg-info' (and everything under it)
[1.001s] Copying ../../build/pose_checker/pose_checker.egg-info to /root/openpifpaf_ros2/install/pose_checker/lib/python3.8/site-packages/pose_checker-0.0.0-py3.8.egg-info
[1.002s] running install_scripts
[1.016s] Installing pose_checker script to /root/openpifpaf_ros2/install/pose_checker/lib/pose_checker
[1.016s] writing list of installed files to '/root/openpifpaf_ros2/build/pose_checker/install.log'
[1.034s] Invoked command in '/root/openpifpaf_ros2/src/pose_checker' returned '0': PYTHONPATH=/root/openpifpaf_ros2/build/pose_checker/prefix_override:/root/openpifpaf_ros2/install/pose_checker/lib/python3.8/site-packages:${PYTHONPATH} /usr/bin/python3 setup.py egg_info --egg-base ../../build/pose_checker build --build-base /root/openpifpaf_ros2/build/pose_checker/build install --record /root/openpifpaf_ros2/build/pose_checker/install.log --install-scripts $base/lib/pose_checker --single-version-externally-managed
