[1.052s] Invoking command in '/root/openpifpaf_ros2/src/rgbd_openpifpaf_ros2': AMENT_PREFIX_PATH=/root/openpifpaf_ros2/install/openpifpaf_ros2_msgs:${AMENT_PREFIX_PATH} CMAKE_PREFIX_PATH=/root/openpifpaf_ros2/install/openpifpaf_ros2_msgs LD_LIBRARY_PATH=/root/openpifpaf_ros2/install/openpifpaf_ros2_msgs/lib:${LD_LIBRARY_PATH} PYTHONPATH=/root/openpifpaf_ros2/build/rgbd_openpifpaf_ros2/prefix_override:/root/openpifpaf_ros2/install/rgbd_openpifpaf_ros2/lib/python3.8/site-packages:/root/openpifpaf_ros2/install/openpifpaf_ros2_msgs/lib/python3.8/site-packages:${PYTHONPATH} /usr/bin/python3 setup.py egg_info --egg-base ../../build/rgbd_openpifpaf_ros2 build --build-base /root/openpifpaf_ros2/build/rgbd_openpifpaf_ros2/build install --record /root/openpifpaf_ros2/build/rgbd_openpifpaf_ros2/install.log --install-scripts $base/lib/rgbd_openpifpaf_ros2 --single-version-externally-managed
[1.303s] running egg_info
[1.303s] writing ../../build/rgbd_openpifpaf_ros2/rgbd_openpifpaf_ros2.egg-info/PKG-INFO
[1.303s] writing dependency_links to ../../build/rgbd_openpifpaf_ros2/rgbd_openpifpaf_ros2.egg-info/dependency_links.txt
[1.303s] writing entry points to ../../build/rgbd_openpifpaf_ros2/rgbd_openpifpaf_ros2.egg-info/entry_points.txt
[1.304s] writing requirements to ../../build/rgbd_openpifpaf_ros2/rgbd_openpifpaf_ros2.egg-info/requires.txt
[1.304s] writing top-level names to ../../build/rgbd_openpifpaf_ros2/rgbd_openpifpaf_ros2.egg-info/top_level.txt
[1.332s] reading manifest file '../../build/rgbd_openpifpaf_ros2/rgbd_openpifpaf_ros2.egg-info/SOURCES.txt'
[1.334s] writing manifest file '../../build/rgbd_openpifpaf_ros2/rgbd_openpifpaf_ros2.egg-info/SOURCES.txt'
[1.334s] running build
[1.334s] running build_py
[1.335s] copying rgbd_openpifpaf_ros2/rgbd_openpifpaf_ros2_node.py -> /root/openpifpaf_ros2/build/rgbd_openpifpaf_ros2/build/lib/rgbd_openpifpaf_ros2
[1.335s] copying rgbd_openpifpaf_ros2/pose_checker_3d.py -> /root/openpifpaf_ros2/build/rgbd_openpifpaf_ros2/build/lib/rgbd_openpifpaf_ros2
[1.335s] copying rgbd_openpifpaf_ros2/check.py -> /root/openpifpaf_ros2/build/rgbd_openpifpaf_ros2/build/lib/rgbd_openpifpaf_ros2
[1.335s] copying rgbd_openpifpaf_ros2/person_information.py -> /root/openpifpaf_ros2/build/rgbd_openpifpaf_ros2/build/lib/rgbd_openpifpaf_ros2
[1.335s] copying rgbd_openpifpaf_ros2/__init__.py -> /root/openpifpaf_ros2/build/rgbd_openpifpaf_ros2/build/lib/rgbd_openpifpaf_ros2
[1.335s] running install
[1.336s] running install_lib
[1.337s] running install_data
[1.338s] running install_egg_info
[1.339s] removing '/root/openpifpaf_ros2/install/rgbd_openpifpaf_ros2/lib/python3.8/site-packages/rgbd_openpifpaf_ros2-0.0.0-py3.8.egg-info' (and everything under it)
[1.340s] Copying ../../build/rgbd_openpifpaf_ros2/rgbd_openpifpaf_ros2.egg-info to /root/openpifpaf_ros2/install/rgbd_openpifpaf_ros2/lib/python3.8/site-packages/rgbd_openpifpaf_ros2-0.0.0-py3.8.egg-info
[1.341s] running install_scripts
[1.355s] Installing check script to /root/openpifpaf_ros2/install/rgbd_openpifpaf_ros2/lib/rgbd_openpifpaf_ros2
[1.356s] Installing person_information script to /root/openpifpaf_ros2/install/rgbd_openpifpaf_ros2/lib/rgbd_openpifpaf_ros2
[1.356s] Installing pose_checker_3d script to /root/openpifpaf_ros2/install/rgbd_openpifpaf_ros2/lib/rgbd_openpifpaf_ros2
[1.356s] Installing rgbd_openpifpaf_ros2_node script to /root/openpifpaf_ros2/install/rgbd_openpifpaf_ros2/lib/rgbd_openpifpaf_ros2
[1.356s] writing list of installed files to '/root/openpifpaf_ros2/build/rgbd_openpifpaf_ros2/install.log'
[1.378s] Invoked command in '/root/openpifpaf_ros2/src/rgbd_openpifpaf_ros2' returned '0': AMENT_PREFIX_PATH=/root/openpifpaf_ros2/install/openpifpaf_ros2_msgs:${AMENT_PREFIX_PATH} CMAKE_PREFIX_PATH=/root/openpifpaf_ros2/install/openpifpaf_ros2_msgs LD_LIBRARY_PATH=/root/openpifpaf_ros2/install/openpifpaf_ros2_msgs/lib:${LD_LIBRARY_PATH} PYTHONPATH=/root/openpifpaf_ros2/build/rgbd_openpifpaf_ros2/prefix_override:/root/openpifpaf_ros2/install/rgbd_openpifpaf_ros2/lib/python3.8/site-packages:/root/openpifpaf_ros2/install/openpifpaf_ros2_msgs/lib/python3.8/site-packages:${PYTHONPATH} /usr/bin/python3 setup.py egg_info --egg-base ../../build/rgbd_openpifpaf_ros2 build --build-base /root/openpifpaf_ros2/build/rgbd_openpifpaf_ros2/build install --record /root/openpifpaf_ros2/build/rgbd_openpifpaf_ros2/install.log --install-scripts $base/lib/rgbd_openpifpaf_ros2 --single-version-externally-managed
