[0.037s] Invoking command in '/root/openpifpaf_ros2/build/realsense2_description': AMENT_PREFIX_PATH=/root/openpifpaf_ros2/install/realsense2_camera_msgs:${AMENT_PREFIX_PATH} CMAKE_PREFIX_PATH=/root/openpifpaf_ros2/install/realsense2_camera_msgs:/opt/ros/foxy LD_LIBRARY_PATH=/root/openpifpaf_ros2/install/realsense2_camera_msgs/lib:${LD_LIBRARY_PATH} PYTHONPATH=/root/openpifpaf_ros2/install/realsense2_camera_msgs/lib/python3.8/site-packages:${PYTHONPATH} _=/usr/bin/env /usr/bin/cmake --build /root/openpifpaf_ros2/build/realsense2_description -- -j16 -l16
[0.234s] Invoked command in '/root/openpifpaf_ros2/build/realsense2_description' returned '0': AMENT_PREFIX_PATH=/root/openpifpaf_ros2/install/realsense2_camera_msgs:${AMENT_PREFIX_PATH} CMAKE_PREFIX_PATH=/root/openpifpaf_ros2/install/realsense2_camera_msgs:/opt/ros/foxy LD_LIBRARY_PATH=/root/openpifpaf_ros2/install/realsense2_camera_msgs/lib:${LD_LIBRARY_PATH} PYTHONPATH=/root/openpifpaf_ros2/install/realsense2_camera_msgs/lib/python3.8/site-packages:${PYTHONPATH} _=/usr/bin/env /usr/bin/cmake --build /root/openpifpaf_ros2/build/realsense2_description -- -j16 -l16
[0.404s] Invoking command in '/root/openpifpaf_ros2/build/realsense2_description': AMENT_PREFIX_PATH=/root/openpifpaf_ros2/install/realsense2_camera_msgs:${AMENT_PREFIX_PATH} CMAKE_PREFIX_PATH=/root/openpifpaf_ros2/install/realsense2_camera_msgs:/opt/ros/foxy LD_LIBRARY_PATH=/root/openpifpaf_ros2/install/realsense2_camera_msgs/lib:${LD_LIBRARY_PATH} PYTHONPATH=/root/openpifpaf_ros2/install/realsense2_camera_msgs/lib/python3.8/site-packages:${PYTHONPATH} _=/usr/bin/env /usr/bin/cmake --install /root/openpifpaf_ros2/build/realsense2_description
[0.412s] -- Install configuration: ""
[0.413s] -- Up-to-date: /root/openpifpaf_ros2/install/realsense2_description/share/realsense2_description/launch
[0.413s] -- Up-to-date: /root/openpifpaf_ros2/install/realsense2_description/share/realsense2_description/launch/launch_utils.py
[0.413s] -- Up-to-date: /root/openpifpaf_ros2/install/realsense2_description/share/realsense2_description/launch/view_model.launch.py
[0.413s] -- Up-to-date: /root/openpifpaf_ros2/install/realsense2_description/share/realsense2_description/meshes
[0.413s] -- Up-to-date: /root/openpifpaf_ros2/install/realsense2_description/share/realsense2_description/meshes/d435.dae
[0.413s] -- Up-to-date: /root/openpifpaf_ros2/install/realsense2_description/share/realsense2_description/meshes/plug.stl
[0.414s] -- Up-to-date: /root/openpifpaf_ros2/install/realsense2_description/share/realsense2_description/meshes/l515.dae
[0.414s] -- Up-to-date: /root/openpifpaf_ros2/install/realsense2_description/share/realsense2_description/meshes/d415.stl
[0.414s] -- Up-to-date: /root/openpifpaf_ros2/install/realsense2_description/share/realsense2_description/meshes/plug_collision.stl
[0.414s] -- Up-to-date: /root/openpifpaf_ros2/install/realsense2_description/share/realsense2_description/meshes/d455.stl
[0.414s] -- Up-to-date: /root/openpifpaf_ros2/install/realsense2_description/share/realsense2_description/rviz
[0.415s] -- Up-to-date: /root/openpifpaf_ros2/install/realsense2_description/share/realsense2_description/rviz/urdf.rviz
[0.418s] -- Up-to-date: /root/openpifpaf_ros2/install/realsense2_description/share/realsense2_description/urdf
[0.418s] -- Up-to-date: /root/openpifpaf_ros2/install/realsense2_description/share/realsense2_description/urdf/test_l515_camera.urdf.xacro
[0.419s] -- Up-to-date: /root/openpifpaf_ros2/install/realsense2_description/share/realsense2_description/urdf/_d435i.urdf.xacro
[0.419s] -- Up-to-date: /root/openpifpaf_ros2/install/realsense2_description/share/realsense2_description/urdf/test_d435_camera.urdf.xacro
[0.419s] -- Up-to-date: /root/openpifpaf_ros2/install/realsense2_description/share/realsense2_description/urdf/_d415.urdf.xacro
[0.419s] -- Up-to-date: /root/openpifpaf_ros2/install/realsense2_description/share/realsense2_description/urdf/_materials.urdf.xacro
[0.420s] -- Up-to-date: /root/openpifpaf_ros2/install/realsense2_description/share/realsense2_description/urdf/test_r430_camera.urdf.xacro
[0.420s] -- Up-to-date: /root/openpifpaf_ros2/install/realsense2_description/share/realsense2_description/urdf/test_d435_multiple_cameras.urdf.xacro
[0.420s] -- Up-to-date: /root/openpifpaf_ros2/install/realsense2_description/share/realsense2_description/urdf/_r410.urdf.xacro
[0.420s] -- Up-to-date: /root/openpifpaf_ros2/install/realsense2_description/share/realsense2_description/urdf/test_d415_camera.urdf.xacro
[0.420s] -- Up-to-date: /root/openpifpaf_ros2/install/realsense2_description/share/realsense2_description/urdf/test_d435i_camera.urdf.xacro
[0.421s] -- Up-to-date: /root/openpifpaf_ros2/install/realsense2_description/share/realsense2_description/urdf/_d435.urdf.xacro
[0.421s] -- Up-to-date: /root/openpifpaf_ros2/install/realsense2_description/share/realsense2_description/urdf/test_d455_camera.urdf.xacro
[0.422s] -- Up-to-date: /root/openpifpaf_ros2/install/realsense2_description/share/realsense2_description/urdf/_d455.urdf.xacro
[0.423s] -- Up-to-date: /root/openpifpaf_ros2/install/realsense2_description/share/realsense2_description/urdf/test_r410_camera.urdf.xacro
[0.423s] -- Up-to-date: /root/openpifpaf_ros2/install/realsense2_description/share/realsense2_description/urdf/_d435i_imu_modules.urdf.xacro
[0.423s] -- Up-to-date: /root/openpifpaf_ros2/install/realsense2_description/share/realsense2_description/urdf/_usb_plug.urdf.xacro
[0.424s] -- Up-to-date: /root/openpifpaf_ros2/install/realsense2_description/share/realsense2_description/urdf/_l515.urdf.xacro
[0.424s] -- Up-to-date: /root/openpifpaf_ros2/install/realsense2_description/share/realsense2_description/urdf/_r430.urdf.xacro
[0.424s] -- Up-to-date: /root/openpifpaf_ros2/install/realsense2_description/share/ament_index/resource_index/package_run_dependencies/realsense2_description
[0.424s] -- Up-to-date: /root/openpifpaf_ros2/install/realsense2_description/share/ament_index/resource_index/parent_prefix_path/realsense2_description
[0.425s] -- Up-to-date: /root/openpifpaf_ros2/install/realsense2_description/share/realsense2_description/environment/ament_prefix_path.sh
[0.427s] -- Up-to-date: /root/openpifpaf_ros2/install/realsense2_description/share/realsense2_description/environment/ament_prefix_path.dsv
[0.427s] -- Up-to-date: /root/openpifpaf_ros2/install/realsense2_description/share/realsense2_description/environment/path.sh
[0.428s] -- Up-to-date: /root/openpifpaf_ros2/install/realsense2_description/share/realsense2_description/environment/path.dsv
[0.428s] -- Up-to-date: /root/openpifpaf_ros2/install/realsense2_description/share/realsense2_description/local_setup.bash
[0.428s] -- Up-to-date: /root/openpifpaf_ros2/install/realsense2_description/share/realsense2_description/local_setup.sh
[0.429s] -- Up-to-date: /root/openpifpaf_ros2/install/realsense2_description/share/realsense2_description/local_setup.zsh
[0.429s] -- Up-to-date: /root/openpifpaf_ros2/install/realsense2_description/share/realsense2_description/local_setup.dsv
[0.429s] -- Installing: /root/openpifpaf_ros2/install/realsense2_description/share/realsense2_description/package.dsv
[0.430s] -- Up-to-date: /root/openpifpaf_ros2/install/realsense2_description/share/ament_index/resource_index/packages/realsense2_description
[0.430s] -- Up-to-date: /root/openpifpaf_ros2/install/realsense2_description/share/realsense2_description/cmake/realsense2_descriptionConfig.cmake
[0.430s] -- Up-to-date: /root/openpifpaf_ros2/install/realsense2_description/share/realsense2_description/cmake/realsense2_descriptionConfig-version.cmake
[0.432s] -- Up-to-date: /root/openpifpaf_ros2/install/realsense2_description/share/realsense2_description/package.xml
[0.439s] Invoked command in '/root/openpifpaf_ros2/build/realsense2_description' returned '0': AMENT_PREFIX_PATH=/root/openpifpaf_ros2/install/realsense2_camera_msgs:${AMENT_PREFIX_PATH} CMAKE_PREFIX_PATH=/root/openpifpaf_ros2/install/realsense2_camera_msgs:/opt/ros/foxy LD_LIBRARY_PATH=/root/openpifpaf_ros2/install/realsense2_camera_msgs/lib:${LD_LIBRARY_PATH} PYTHONPATH=/root/openpifpaf_ros2/install/realsense2_camera_msgs/lib/python3.8/site-packages:${PYTHONPATH} _=/usr/bin/env /usr/bin/cmake --install /root/openpifpaf_ros2/build/realsense2_description
