[0.128s] DEBUG:colcon:Command line arguments: ['/usr/bin/colcon', 'build']
[0.128s] DEBUG:colcon:Parsed command line arguments: Namespace(ament_cmake_args=None, base_paths=['.'], build_base='build', catkin_cmake_args=None, catkin_skip_building_tests=False, cmake_args=None, cmake_clean_cache=False, cmake_clean_first=False, cmake_force_configure=False, cmake_target=None, cmake_target_skip_unavailable=False, continue_on_error=False, event_handlers=None, executor='parallel', ignore_user_meta=False, install_base='install', log_base=None, log_level=None, main=<bound method BuildVerb.main of <colcon_core.verb.build.BuildVerb object at 0x7fe63056d970>>, merge_install=False, metas=['./colcon.meta'], packages_above=None, packages_above_and_dependencies=None, packages_above_depth=None, packages_end=None, packages_ignore=None, packages_ignore_regex=None, packages_select=None, packages_select_build_failed=False, packages_select_by_dep=None, packages_select_regex=None, packages_select_test_failures=False, packages_skip=None, packages_skip_build_finished=False, packages_skip_by_dep=None, packages_skip_regex=None, packages_skip_test_passed=False, packages_skip_up_to=None, packages_start=None, packages_up_to=None, packages_up_to_regex=None, parallel_workers=12, paths=None, symlink_install=False, test_result_base=None, verb_extension=<colcon_core.verb.build.BuildVerb object at 0x7fe63056d970>, verb_name='build', verb_parser=<colcon_defaults.argument_parser.defaults.DefaultArgumentsDecorator object at 0x7fe63056dee0>)
[0.150s] Level 1:colcon.colcon_core.package_discovery:discover_packages(colcon_meta) check parameters
[0.150s] Level 1:colcon.colcon_core.package_discovery:discover_packages(recursive) check parameters
[0.150s] Level 1:colcon.colcon_core.package_discovery:discover_packages(ignore) check parameters
[0.150s] Level 1:colcon.colcon_core.package_discovery:discover_packages(path) check parameters
[0.150s] Level 1:colcon.colcon_core.package_discovery:discover_packages(colcon_meta) discover
[0.150s] Level 1:colcon.colcon_core.package_discovery:discover_packages(recursive) discover
[0.150s] INFO:colcon.colcon_core.package_discovery:Crawling recursively for packages in '/root/openpifpaf_ros2'
[0.150s] Level 1:colcon.colcon_core.package_identification:_identify(.) by extensions ['ignore', 'ignore_ament_install']
[0.150s] Level 1:colcon.colcon_core.package_identification:_identify(.) by extension 'ignore'
[0.150s] Level 1:colcon.colcon_core.package_identification:_identify(.) by extension 'ignore_ament_install'
[0.150s] Level 1:colcon.colcon_core.package_identification:_identify(.) by extensions ['colcon_pkg']
[0.150s] Level 1:colcon.colcon_core.package_identification:_identify(.) by extension 'colcon_pkg'
[0.151s] Level 1:colcon.colcon_core.package_identification:_identify(.) by extensions ['colcon_meta']
[0.151s] Level 1:colcon.colcon_core.package_identification:_identify(.) by extension 'colcon_meta'
[0.151s] Level 1:colcon.colcon_core.package_identification:_identify(.) by extensions ['ros']
[0.151s] Level 1:colcon.colcon_core.package_identification:_identify(.) by extension 'ros'
[0.163s] Level 1:colcon.colcon_core.package_identification:_identify(.) by extensions ['cmake', 'python']
[0.163s] Level 1:colcon.colcon_core.package_identification:_identify(.) by extension 'cmake'
[0.163s] Level 1:colcon.colcon_core.package_identification:_identify(.) by extension 'python'
[0.163s] Level 1:colcon.colcon_core.package_identification:_identify(.) by extensions ['python_setup_py']
[0.163s] Level 1:colcon.colcon_core.package_identification:_identify(.) by extension 'python_setup_py'
[0.164s] Level 1:colcon.colcon_core.package_identification:_identify(build) by extensions ['ignore', 'ignore_ament_install']
[0.164s] Level 1:colcon.colcon_core.package_identification:_identify(build) by extension 'ignore'
[0.164s] Level 1:colcon.colcon_core.package_identification:_identify(build) ignored
[0.164s] Level 1:colcon.colcon_core.package_identification:_identify(install) by extensions ['ignore', 'ignore_ament_install']
[0.164s] Level 1:colcon.colcon_core.package_identification:_identify(install) by extension 'ignore'
[0.164s] Level 1:colcon.colcon_core.package_identification:_identify(install) ignored
[0.164s] Level 1:colcon.colcon_core.package_identification:_identify(log) by extensions ['ignore', 'ignore_ament_install']
[0.164s] Level 1:colcon.colcon_core.package_identification:_identify(log) by extension 'ignore'
[0.164s] Level 1:colcon.colcon_core.package_identification:_identify(log) ignored
[0.164s] Level 1:colcon.colcon_core.package_identification:_identify(opencr_update) by extensions ['ignore', 'ignore_ament_install']
[0.165s] Level 1:colcon.colcon_core.package_identification:_identify(opencr_update) by extension 'ignore'
[0.165s] Level 1:colcon.colcon_core.package_identification:_identify(opencr_update) by extension 'ignore_ament_install'
[0.165s] Level 1:colcon.colcon_core.package_identification:_identify(opencr_update) by extensions ['colcon_pkg']
[0.165s] Level 1:colcon.colcon_core.package_identification:_identify(opencr_update) by extension 'colcon_pkg'
[0.165s] Level 1:colcon.colcon_core.package_identification:_identify(opencr_update) by extensions ['colcon_meta']
[0.165s] Level 1:colcon.colcon_core.package_identification:_identify(opencr_update) by extension 'colcon_meta'
[0.165s] Level 1:colcon.colcon_core.package_identification:_identify(opencr_update) by extensions ['ros']
[0.165s] Level 1:colcon.colcon_core.package_identification:_identify(opencr_update) by extension 'ros'
[0.165s] Level 1:colcon.colcon_core.package_identification:_identify(opencr_update) by extensions ['cmake', 'python']
[0.165s] Level 1:colcon.colcon_core.package_identification:_identify(opencr_update) by extension 'cmake'
[0.165s] Level 1:colcon.colcon_core.package_identification:_identify(opencr_update) by extension 'python'
[0.165s] Level 1:colcon.colcon_core.package_identification:_identify(opencr_update) by extensions ['python_setup_py']
[0.165s] Level 1:colcon.colcon_core.package_identification:_identify(opencr_update) by extension 'python_setup_py'
[0.165s] Level 1:colcon.colcon_core.package_identification:_identify(src) by extensions ['ignore', 'ignore_ament_install']
[0.165s] Level 1:colcon.colcon_core.package_identification:_identify(src) by extension 'ignore'
[0.165s] Level 1:colcon.colcon_core.package_identification:_identify(src) by extension 'ignore_ament_install'
[0.166s] Level 1:colcon.colcon_core.package_identification:_identify(src) by extensions ['colcon_pkg']
[0.166s] Level 1:colcon.colcon_core.package_identification:_identify(src) by extension 'colcon_pkg'
[0.166s] Level 1:colcon.colcon_core.package_identification:_identify(src) by extensions ['colcon_meta']
[0.166s] Level 1:colcon.colcon_core.package_identification:_identify(src) by extension 'colcon_meta'
[0.166s] Level 1:colcon.colcon_core.package_identification:_identify(src) by extensions ['ros']
[0.166s] Level 1:colcon.colcon_core.package_identification:_identify(src) by extension 'ros'
[0.166s] Level 1:colcon.colcon_core.package_identification:_identify(src) by extensions ['cmake', 'python']
[0.166s] Level 1:colcon.colcon_core.package_identification:_identify(src) by extension 'cmake'
[0.166s] Level 1:colcon.colcon_core.package_identification:_identify(src) by extension 'python'
[0.166s] Level 1:colcon.colcon_core.package_identification:_identify(src) by extensions ['python_setup_py']
[0.166s] Level 1:colcon.colcon_core.package_identification:_identify(src) by extension 'python_setup_py'
[0.166s] Level 1:colcon.colcon_core.package_identification:_identify(src/openpifpaf_ros2_msgs) by extensions ['ignore', 'ignore_ament_install']
[0.166s] Level 1:colcon.colcon_core.package_identification:_identify(src/openpifpaf_ros2_msgs) by extension 'ignore'
[0.166s] Level 1:colcon.colcon_core.package_identification:_identify(src/openpifpaf_ros2_msgs) by extension 'ignore_ament_install'
[0.166s] Level 1:colcon.colcon_core.package_identification:_identify(src/openpifpaf_ros2_msgs) by extensions ['colcon_pkg']
[0.167s] Level 1:colcon.colcon_core.package_identification:_identify(src/openpifpaf_ros2_msgs) by extension 'colcon_pkg'
[0.167s] Level 1:colcon.colcon_core.package_identification:_identify(src/openpifpaf_ros2_msgs) by extensions ['colcon_meta']
[0.167s] Level 1:colcon.colcon_core.package_identification:_identify(src/openpifpaf_ros2_msgs) by extension 'colcon_meta'
[0.167s] Level 1:colcon.colcon_core.package_identification:_identify(src/openpifpaf_ros2_msgs) by extensions ['ros']
[0.167s] Level 1:colcon.colcon_core.package_identification:_identify(src/openpifpaf_ros2_msgs) by extension 'ros'
[0.170s] DEBUG:colcon.colcon_core.package_identification:Package 'src/openpifpaf_ros2_msgs' with type 'ros.ament_cmake' and name 'openpifpaf_ros2_msgs'
[0.171s] Level 1:colcon.colcon_core.package_identification:_identify(src/openpifpaf_ros2_node) by extensions ['ignore', 'ignore_ament_install']
[0.171s] Level 1:colcon.colcon_core.package_identification:_identify(src/openpifpaf_ros2_node) by extension 'ignore'
[0.171s] Level 1:colcon.colcon_core.package_identification:_identify(src/openpifpaf_ros2_node) by extension 'ignore_ament_install'
[0.171s] Level 1:colcon.colcon_core.package_identification:_identify(src/openpifpaf_ros2_node) by extensions ['colcon_pkg']
[0.171s] Level 1:colcon.colcon_core.package_identification:_identify(src/openpifpaf_ros2_node) by extension 'colcon_pkg'
[0.171s] Level 1:colcon.colcon_core.package_identification:_identify(src/openpifpaf_ros2_node) by extensions ['colcon_meta']
[0.171s] Level 1:colcon.colcon_core.package_identification:_identify(src/openpifpaf_ros2_node) by extension 'colcon_meta'
[0.171s] Level 1:colcon.colcon_core.package_identification:_identify(src/openpifpaf_ros2_node) by extensions ['ros']
[0.171s] Level 1:colcon.colcon_core.package_identification:_identify(src/openpifpaf_ros2_node) by extension 'ros'
[0.171s] DEBUG:colcon.colcon_core.package_identification:Package 'src/openpifpaf_ros2_node' with type 'ros.ament_python' and name 'openpifpaf_ros2_node'
[0.172s] Level 1:colcon.colcon_core.package_identification:_identify(src/pose_checker) by extensions ['ignore', 'ignore_ament_install']
[0.172s] Level 1:colcon.colcon_core.package_identification:_identify(src/pose_checker) by extension 'ignore'
[0.172s] Level 1:colcon.colcon_core.package_identification:_identify(src/pose_checker) by extension 'ignore_ament_install'
[0.172s] Level 1:colcon.colcon_core.package_identification:_identify(src/pose_checker) by extensions ['colcon_pkg']
[0.172s] Level 1:colcon.colcon_core.package_identification:_identify(src/pose_checker) by extension 'colcon_pkg'
[0.172s] Level 1:colcon.colcon_core.package_identification:_identify(src/pose_checker) by extensions ['colcon_meta']
[0.172s] Level 1:colcon.colcon_core.package_identification:_identify(src/pose_checker) by extension 'colcon_meta'
[0.172s] Level 1:colcon.colcon_core.package_identification:_identify(src/pose_checker) by extensions ['ros']
[0.172s] Level 1:colcon.colcon_core.package_identification:_identify(src/pose_checker) by extension 'ros'
[0.173s] DEBUG:colcon.colcon_core.package_identification:Package 'src/pose_checker' with type 'ros.ament_python' and name 'pose_checker'
[0.173s] Level 1:colcon.colcon_core.package_identification:_identify(src/realsense-ros) by extensions ['ignore', 'ignore_ament_install']
[0.173s] Level 1:colcon.colcon_core.package_identification:_identify(src/realsense-ros) by extension 'ignore'
[0.173s] Level 1:colcon.colcon_core.package_identification:_identify(src/realsense-ros) by extension 'ignore_ament_install'
[0.173s] Level 1:colcon.colcon_core.package_identification:_identify(src/realsense-ros) by extensions ['colcon_pkg']
[0.173s] Level 1:colcon.colcon_core.package_identification:_identify(src/realsense-ros) by extension 'colcon_pkg'
[0.173s] Level 1:colcon.colcon_core.package_identification:_identify(src/realsense-ros) by extensions ['colcon_meta']
[0.174s] Level 1:colcon.colcon_core.package_identification:_identify(src/realsense-ros) by extension 'colcon_meta'
[0.174s] Level 1:colcon.colcon_core.package_identification:_identify(src/realsense-ros) by extensions ['ros']
[0.174s] Level 1:colcon.colcon_core.package_identification:_identify(src/realsense-ros) by extension 'ros'
[0.174s] Level 1:colcon.colcon_core.package_identification:_identify(src/realsense-ros) by extensions ['cmake', 'python']
[0.174s] Level 1:colcon.colcon_core.package_identification:_identify(src/realsense-ros) by extension 'cmake'
[0.174s] Level 1:colcon.colcon_core.package_identification:_identify(src/realsense-ros) by extension 'python'
[0.174s] Level 1:colcon.colcon_core.package_identification:_identify(src/realsense-ros) by extensions ['python_setup_py']
[0.174s] Level 1:colcon.colcon_core.package_identification:_identify(src/realsense-ros) by extension 'python_setup_py'
[0.174s] Level 1:colcon.colcon_core.package_identification:_identify(src/realsense-ros/realsense2_camera) by extensions ['ignore', 'ignore_ament_install']
[0.174s] Level 1:colcon.colcon_core.package_identification:_identify(src/realsense-ros/realsense2_camera) by extension 'ignore'
[0.174s] Level 1:colcon.colcon_core.package_identification:_identify(src/realsense-ros/realsense2_camera) by extension 'ignore_ament_install'
[0.174s] Level 1:colcon.colcon_core.package_identification:_identify(src/realsense-ros/realsense2_camera) by extensions ['colcon_pkg']
[0.174s] Level 1:colcon.colcon_core.package_identification:_identify(src/realsense-ros/realsense2_camera) by extension 'colcon_pkg'
[0.175s] Level 1:colcon.colcon_core.package_identification:_identify(src/realsense-ros/realsense2_camera) by extensions ['colcon_meta']
[0.175s] Level 1:colcon.colcon_core.package_identification:_identify(src/realsense-ros/realsense2_camera) by extension 'colcon_meta'
[0.175s] Level 1:colcon.colcon_core.package_identification:_identify(src/realsense-ros/realsense2_camera) by extensions ['ros']
[0.175s] Level 1:colcon.colcon_core.package_identification:_identify(src/realsense-ros/realsense2_camera) by extension 'ros'
[0.177s] DEBUG:colcon.colcon_core.package_identification:Package 'src/realsense-ros/realsense2_camera' with type 'ros.ament_cmake' and name 'realsense2_camera'
[0.177s] Level 1:colcon.colcon_core.package_identification:_identify(src/realsense-ros/realsense2_camera_msgs) by extensions ['ignore', 'ignore_ament_install']
[0.177s] Level 1:colcon.colcon_core.package_identification:_identify(src/realsense-ros/realsense2_camera_msgs) by extension 'ignore'
[0.177s] Level 1:colcon.colcon_core.package_identification:_identify(src/realsense-ros/realsense2_camera_msgs) by extension 'ignore_ament_install'
[0.177s] Level 1:colcon.colcon_core.package_identification:_identify(src/realsense-ros/realsense2_camera_msgs) by extensions ['colcon_pkg']
[0.177s] Level 1:colcon.colcon_core.package_identification:_identify(src/realsense-ros/realsense2_camera_msgs) by extension 'colcon_pkg'
[0.177s] Level 1:colcon.colcon_core.package_identification:_identify(src/realsense-ros/realsense2_camera_msgs) by extensions ['colcon_meta']
[0.177s] Level 1:colcon.colcon_core.package_identification:_identify(src/realsense-ros/realsense2_camera_msgs) by extension 'colcon_meta'
[0.177s] Level 1:colcon.colcon_core.package_identification:_identify(src/realsense-ros/realsense2_camera_msgs) by extensions ['ros']
[0.177s] Level 1:colcon.colcon_core.package_identification:_identify(src/realsense-ros/realsense2_camera_msgs) by extension 'ros'
[0.178s] DEBUG:colcon.colcon_core.package_identification:Package 'src/realsense-ros/realsense2_camera_msgs' with type 'ros.ament_cmake' and name 'realsense2_camera_msgs'
[0.178s] Level 1:colcon.colcon_core.package_identification:_identify(src/realsense-ros/realsense2_description) by extensions ['ignore', 'ignore_ament_install']
[0.178s] Level 1:colcon.colcon_core.package_identification:_identify(src/realsense-ros/realsense2_description) by extension 'ignore'
[0.179s] Level 1:colcon.colcon_core.package_identification:_identify(src/realsense-ros/realsense2_description) by extension 'ignore_ament_install'
[0.179s] Level 1:colcon.colcon_core.package_identification:_identify(src/realsense-ros/realsense2_description) by extensions ['colcon_pkg']
[0.179s] Level 1:colcon.colcon_core.package_identification:_identify(src/realsense-ros/realsense2_description) by extension 'colcon_pkg'
[0.179s] Level 1:colcon.colcon_core.package_identification:_identify(src/realsense-ros/realsense2_description) by extensions ['colcon_meta']
[0.179s] Level 1:colcon.colcon_core.package_identification:_identify(src/realsense-ros/realsense2_description) by extension 'colcon_meta'
[0.179s] Level 1:colcon.colcon_core.package_identification:_identify(src/realsense-ros/realsense2_description) by extensions ['ros']
[0.179s] Level 1:colcon.colcon_core.package_identification:_identify(src/realsense-ros/realsense2_description) by extension 'ros'
[0.180s] DEBUG:colcon.colcon_core.package_identification:Package 'src/realsense-ros/realsense2_description' with type 'ros.ament_cmake' and name 'realsense2_description'
[0.180s] Level 1:colcon.colcon_core.package_identification:_identify(src/rgbd_openpifpaf_ros2) by extensions ['ignore', 'ignore_ament_install']
[0.180s] Level 1:colcon.colcon_core.package_identification:_identify(src/rgbd_openpifpaf_ros2) by extension 'ignore'
[0.180s] Level 1:colcon.colcon_core.package_identification:_identify(src/rgbd_openpifpaf_ros2) by extension 'ignore_ament_install'
[0.181s] Level 1:colcon.colcon_core.package_identification:_identify(src/rgbd_openpifpaf_ros2) by extensions ['colcon_pkg']
[0.181s] Level 1:colcon.colcon_core.package_identification:_identify(src/rgbd_openpifpaf_ros2) by extension 'colcon_pkg'
[0.181s] Level 1:colcon.colcon_core.package_identification:_identify(src/rgbd_openpifpaf_ros2) by extensions ['colcon_meta']
[0.181s] Level 1:colcon.colcon_core.package_identification:_identify(src/rgbd_openpifpaf_ros2) by extension 'colcon_meta'
[0.181s] Level 1:colcon.colcon_core.package_identification:_identify(src/rgbd_openpifpaf_ros2) by extensions ['ros']
[0.181s] Level 1:colcon.colcon_core.package_identification:_identify(src/rgbd_openpifpaf_ros2) by extension 'ros'
[0.181s] DEBUG:colcon.colcon_core.package_identification:Package 'src/rgbd_openpifpaf_ros2' with type 'ros.ament_python' and name 'rgbd_openpifpaf_ros2'
[0.181s] Level 1:colcon.colcon_core.package_discovery:discover_packages(recursive) using defaults
[0.181s] Level 1:colcon.colcon_core.package_discovery:discover_packages(ignore) discover
[0.181s] Level 1:colcon.colcon_core.package_discovery:discover_packages(ignore) using defaults
[0.181s] Level 1:colcon.colcon_core.package_discovery:discover_packages(path) discover
[0.181s] Level 1:colcon.colcon_core.package_discovery:discover_packages(path) using defaults
[0.209s] Level 5:colcon.colcon_core.verb:set package 'openpifpaf_ros2_msgs' build argument 'cmake_args' from command line to 'None'
[0.209s] Level 5:colcon.colcon_core.verb:set package 'openpifpaf_ros2_msgs' build argument 'cmake_target' from command line to 'None'
[0.209s] Level 5:colcon.colcon_core.verb:set package 'openpifpaf_ros2_msgs' build argument 'cmake_target_skip_unavailable' from command line to 'False'
[0.209s] Level 5:colcon.colcon_core.verb:set package 'openpifpaf_ros2_msgs' build argument 'cmake_clean_cache' from command line to 'False'
[0.209s] Level 5:colcon.colcon_core.verb:set package 'openpifpaf_ros2_msgs' build argument 'cmake_clean_first' from command line to 'False'
[0.209s] Level 5:colcon.colcon_core.verb:set package 'openpifpaf_ros2_msgs' build argument 'cmake_force_configure' from command line to 'False'
[0.209s] Level 5:colcon.colcon_core.verb:set package 'openpifpaf_ros2_msgs' build argument 'ament_cmake_args' from command line to 'None'
[0.209s] Level 5:colcon.colcon_core.verb:set package 'openpifpaf_ros2_msgs' build argument 'catkin_cmake_args' from command line to 'None'
[0.209s] Level 5:colcon.colcon_core.verb:set package 'openpifpaf_ros2_msgs' build argument 'catkin_skip_building_tests' from command line to 'False'
[0.209s] DEBUG:colcon.colcon_core.verb:Building package 'openpifpaf_ros2_msgs' with the following arguments: {'ament_cmake_args': None, 'build_base': '/root/openpifpaf_ros2/build/openpifpaf_ros2_msgs', 'catkin_cmake_args': None, 'catkin_skip_building_tests': False, 'cmake_args': None, 'cmake_clean_cache': False, 'cmake_clean_first': False, 'cmake_force_configure': False, 'cmake_target': None, 'cmake_target_skip_unavailable': False, 'install_base': '/root/openpifpaf_ros2/install/openpifpaf_ros2_msgs', 'merge_install': False, 'path': '/root/openpifpaf_ros2/src/openpifpaf_ros2_msgs', 'symlink_install': False, 'test_result_base': None}
[0.210s] Level 5:colcon.colcon_core.verb:set package 'pose_checker' build argument 'cmake_args' from command line to 'None'
[0.210s] Level 5:colcon.colcon_core.verb:set package 'pose_checker' build argument 'cmake_target' from command line to 'None'
[0.210s] Level 5:colcon.colcon_core.verb:set package 'pose_checker' build argument 'cmake_target_skip_unavailable' from command line to 'False'
[0.210s] Level 5:colcon.colcon_core.verb:set package 'pose_checker' build argument 'cmake_clean_cache' from command line to 'False'
[0.210s] Level 5:colcon.colcon_core.verb:set package 'pose_checker' build argument 'cmake_clean_first' from command line to 'False'
[0.210s] Level 5:colcon.colcon_core.verb:set package 'pose_checker' build argument 'cmake_force_configure' from command line to 'False'
[0.210s] Level 5:colcon.colcon_core.verb:set package 'pose_checker' build argument 'ament_cmake_args' from command line to 'None'
[0.210s] Level 5:colcon.colcon_core.verb:set package 'pose_checker' build argument 'catkin_cmake_args' from command line to 'None'
[0.210s] Level 5:colcon.colcon_core.verb:set package 'pose_checker' build argument 'catkin_skip_building_tests' from command line to 'False'
[0.210s] DEBUG:colcon.colcon_core.verb:Building package 'pose_checker' with the following arguments: {'ament_cmake_args': None, 'build_base': '/root/openpifpaf_ros2/build/pose_checker', 'catkin_cmake_args': None, 'catkin_skip_building_tests': False, 'cmake_args': None, 'cmake_clean_cache': False, 'cmake_clean_first': False, 'cmake_force_configure': False, 'cmake_target': None, 'cmake_target_skip_unavailable': False, 'install_base': '/root/openpifpaf_ros2/install/pose_checker', 'merge_install': False, 'path': '/root/openpifpaf_ros2/src/pose_checker', 'symlink_install': False, 'test_result_base': None}
[0.212s] Level 5:colcon.colcon_core.verb:set package 'realsense2_camera_msgs' build argument 'cmake_args' from command line to 'None'
[0.212s] Level 5:colcon.colcon_core.verb:set package 'realsense2_camera_msgs' build argument 'cmake_target' from command line to 'None'
[0.212s] Level 5:colcon.colcon_core.verb:set package 'realsense2_camera_msgs' build argument 'cmake_target_skip_unavailable' from command line to 'False'
[0.212s] Level 5:colcon.colcon_core.verb:set package 'realsense2_camera_msgs' build argument 'cmake_clean_cache' from command line to 'False'
[0.212s] Level 5:colcon.colcon_core.verb:set package 'realsense2_camera_msgs' build argument 'cmake_clean_first' from command line to 'False'
[0.212s] Level 5:colcon.colcon_core.verb:set package 'realsense2_camera_msgs' build argument 'cmake_force_configure' from command line to 'False'
[0.212s] Level 5:colcon.colcon_core.verb:set package 'realsense2_camera_msgs' build argument 'ament_cmake_args' from command line to 'None'
[0.212s] Level 5:colcon.colcon_core.verb:set package 'realsense2_camera_msgs' build argument 'catkin_cmake_args' from command line to 'None'
[0.212s] Level 5:colcon.colcon_core.verb:set package 'realsense2_camera_msgs' build argument 'catkin_skip_building_tests' from command line to 'False'
[0.212s] DEBUG:colcon.colcon_core.verb:Building package 'realsense2_camera_msgs' with the following arguments: {'ament_cmake_args': None, 'build_base': '/root/openpifpaf_ros2/build/realsense2_camera_msgs', 'catkin_cmake_args': None, 'catkin_skip_building_tests': False, 'cmake_args': None, 'cmake_clean_cache': False, 'cmake_clean_first': False, 'cmake_force_configure': False, 'cmake_target': None, 'cmake_target_skip_unavailable': False, 'install_base': '/root/openpifpaf_ros2/install/realsense2_camera_msgs', 'merge_install': False, 'path': '/root/openpifpaf_ros2/src/realsense-ros/realsense2_camera_msgs', 'symlink_install': False, 'test_result_base': None}
[0.214s] Level 5:colcon.colcon_core.verb:set package 'openpifpaf_ros2_node' build argument 'cmake_args' from command line to 'None'
[0.214s] Level 5:colcon.colcon_core.verb:set package 'openpifpaf_ros2_node' build argument 'cmake_target' from command line to 'None'
[0.214s] Level 5:colcon.colcon_core.verb:set package 'openpifpaf_ros2_node' build argument 'cmake_target_skip_unavailable' from command line to 'False'
[0.214s] Level 5:colcon.colcon_core.verb:set package 'openpifpaf_ros2_node' build argument 'cmake_clean_cache' from command line to 'False'
[0.214s] Level 5:colcon.colcon_core.verb:set package 'openpifpaf_ros2_node' build argument 'cmake_clean_first' from command line to 'False'
[0.214s] Level 5:colcon.colcon_core.verb:set package 'openpifpaf_ros2_node' build argument 'cmake_force_configure' from command line to 'False'
[0.214s] Level 5:colcon.colcon_core.verb:set package 'openpifpaf_ros2_node' build argument 'ament_cmake_args' from command line to 'None'
[0.214s] Level 5:colcon.colcon_core.verb:set package 'openpifpaf_ros2_node' build argument 'catkin_cmake_args' from command line to 'None'
[0.214s] Level 5:colcon.colcon_core.verb:set package 'openpifpaf_ros2_node' build argument 'catkin_skip_building_tests' from command line to 'False'
[0.214s] DEBUG:colcon.colcon_core.verb:Building package 'openpifpaf_ros2_node' with the following arguments: {'ament_cmake_args': None, 'build_base': '/root/openpifpaf_ros2/build/openpifpaf_ros2_node', 'catkin_cmake_args': None, 'catkin_skip_building_tests': False, 'cmake_args': None, 'cmake_clean_cache': False, 'cmake_clean_first': False, 'cmake_force_configure': False, 'cmake_target': None, 'cmake_target_skip_unavailable': False, 'install_base': '/root/openpifpaf_ros2/install/openpifpaf_ros2_node', 'merge_install': False, 'path': '/root/openpifpaf_ros2/src/openpifpaf_ros2_node', 'symlink_install': False, 'test_result_base': None}
[0.216s] Level 5:colcon.colcon_core.verb:set package 'realsense2_camera' build argument 'cmake_args' from command line to 'None'
[0.216s] Level 5:colcon.colcon_core.verb:set package 'realsense2_camera' build argument 'cmake_target' from command line to 'None'
[0.216s] Level 5:colcon.colcon_core.verb:set package 'realsense2_camera' build argument 'cmake_target_skip_unavailable' from command line to 'False'
[0.216s] Level 5:colcon.colcon_core.verb:set package 'realsense2_camera' build argument 'cmake_clean_cache' from command line to 'False'
[0.216s] Level 5:colcon.colcon_core.verb:set package 'realsense2_camera' build argument 'cmake_clean_first' from command line to 'False'
[0.216s] Level 5:colcon.colcon_core.verb:set package 'realsense2_camera' build argument 'cmake_force_configure' from command line to 'False'
[0.216s] Level 5:colcon.colcon_core.verb:set package 'realsense2_camera' build argument 'ament_cmake_args' from command line to 'None'
[0.216s] Level 5:colcon.colcon_core.verb:set package 'realsense2_camera' build argument 'catkin_cmake_args' from command line to 'None'
[0.216s] Level 5:colcon.colcon_core.verb:set package 'realsense2_camera' build argument 'catkin_skip_building_tests' from command line to 'False'
[0.216s] DEBUG:colcon.colcon_core.verb:Building package 'realsense2_camera' with the following arguments: {'ament_cmake_args': None, 'build_base': '/root/openpifpaf_ros2/build/realsense2_camera', 'catkin_cmake_args': None, 'catkin_skip_building_tests': False, 'cmake_args': None, 'cmake_clean_cache': False, 'cmake_clean_first': False, 'cmake_force_configure': False, 'cmake_target': None, 'cmake_target_skip_unavailable': False, 'install_base': '/root/openpifpaf_ros2/install/realsense2_camera', 'merge_install': False, 'path': '/root/openpifpaf_ros2/src/realsense-ros/realsense2_camera', 'symlink_install': False, 'test_result_base': None}
[0.218s] Level 5:colcon.colcon_core.verb:set package 'realsense2_description' build argument 'cmake_args' from command line to 'None'
[0.218s] Level 5:colcon.colcon_core.verb:set package 'realsense2_description' build argument 'cmake_target' from command line to 'None'
[0.218s] Level 5:colcon.colcon_core.verb:set package 'realsense2_description' build argument 'cmake_target_skip_unavailable' from command line to 'False'
[0.218s] Level 5:colcon.colcon_core.verb:set package 'realsense2_description' build argument 'cmake_clean_cache' from command line to 'False'
[0.218s] Level 5:colcon.colcon_core.verb:set package 'realsense2_description' build argument 'cmake_clean_first' from command line to 'False'
[0.218s] Level 5:colcon.colcon_core.verb:set package 'realsense2_description' build argument 'cmake_force_configure' from command line to 'False'
[0.218s] Level 5:colcon.colcon_core.verb:set package 'realsense2_description' build argument 'ament_cmake_args' from command line to 'None'
[0.218s] Level 5:colcon.colcon_core.verb:set package 'realsense2_description' build argument 'catkin_cmake_args' from command line to 'None'
[0.218s] Level 5:colcon.colcon_core.verb:set package 'realsense2_description' build argument 'catkin_skip_building_tests' from command line to 'False'
[0.218s] DEBUG:colcon.colcon_core.verb:Building package 'realsense2_description' with the following arguments: {'ament_cmake_args': None, 'build_base': '/root/openpifpaf_ros2/build/realsense2_description', 'catkin_cmake_args': None, 'catkin_skip_building_tests': False, 'cmake_args': None, 'cmake_clean_cache': False, 'cmake_clean_first': False, 'cmake_force_configure': False, 'cmake_target': None, 'cmake_target_skip_unavailable': False, 'install_base': '/root/openpifpaf_ros2/install/realsense2_description', 'merge_install': False, 'path': '/root/openpifpaf_ros2/src/realsense-ros/realsense2_description', 'symlink_install': False, 'test_result_base': None}
[0.220s] Level 5:colcon.colcon_core.verb:set package 'rgbd_openpifpaf_ros2' build argument 'cmake_args' from command line to 'None'
[0.220s] Level 5:colcon.colcon_core.verb:set package 'rgbd_openpifpaf_ros2' build argument 'cmake_target' from command line to 'None'
[0.220s] Level 5:colcon.colcon_core.verb:set package 'rgbd_openpifpaf_ros2' build argument 'cmake_target_skip_unavailable' from command line to 'False'
[0.220s] Level 5:colcon.colcon_core.verb:set package 'rgbd_openpifpaf_ros2' build argument 'cmake_clean_cache' from command line to 'False'
[0.220s] Level 5:colcon.colcon_core.verb:set package 'rgbd_openpifpaf_ros2' build argument 'cmake_clean_first' from command line to 'False'
[0.220s] Level 5:colcon.colcon_core.verb:set package 'rgbd_openpifpaf_ros2' build argument 'cmake_force_configure' from command line to 'False'
[0.220s] Level 5:colcon.colcon_core.verb:set package 'rgbd_openpifpaf_ros2' build argument 'ament_cmake_args' from command line to 'None'
[0.220s] Level 5:colcon.colcon_core.verb:set package 'rgbd_openpifpaf_ros2' build argument 'catkin_cmake_args' from command line to 'None'
[0.220s] Level 5:colcon.colcon_core.verb:set package 'rgbd_openpifpaf_ros2' build argument 'catkin_skip_building_tests' from command line to 'False'
[0.220s] DEBUG:colcon.colcon_core.verb:Building package 'rgbd_openpifpaf_ros2' with the following arguments: {'ament_cmake_args': None, 'build_base': '/root/openpifpaf_ros2/build/rgbd_openpifpaf_ros2', 'catkin_cmake_args': None, 'catkin_skip_building_tests': False, 'cmake_args': None, 'cmake_clean_cache': False, 'cmake_clean_first': False, 'cmake_force_configure': False, 'cmake_target': None, 'cmake_target_skip_unavailable': False, 'install_base': '/root/openpifpaf_ros2/install/rgbd_openpifpaf_ros2', 'merge_install': False, 'path': '/root/openpifpaf_ros2/src/rgbd_openpifpaf_ros2', 'symlink_install': False, 'test_result_base': None}
[0.221s] INFO:colcon.colcon_core.executor:Executing jobs using 'parallel' executor
[0.225s] DEBUG:colcon.colcon_parallel_executor.executor.parallel:run_until_complete
[0.225s] INFO:colcon.colcon_ros.task.ament_cmake.build:Building ROS package in '/root/openpifpaf_ros2/src/openpifpaf_ros2_msgs' with build type 'ament_cmake'
[0.225s] INFO:colcon.colcon_cmake.task.cmake.build:Building CMake package in '/root/openpifpaf_ros2/src/openpifpaf_ros2_msgs'
[0.229s] INFO:colcon.colcon_core.plugin_system:Skipping extension 'colcon_core.shell.bat': Not used on non-Windows systems
[0.230s] INFO:colcon.colcon_core.shell:Skip shell extension 'powershell' for command environment: Not usable outside of PowerShell
[0.230s] DEBUG:colcon.colcon_core.shell:Skip shell extension 'dsv' for command environment
[0.238s] INFO:colcon.colcon_ros.task.ament_cmake.build:Building ROS package in '/root/openpifpaf_ros2/src/realsense-ros/realsense2_camera_msgs' with build type 'ament_cmake'
[0.238s] INFO:colcon.colcon_cmake.task.cmake.build:Building CMake package in '/root/openpifpaf_ros2/src/realsense-ros/realsense2_camera_msgs'
[0.240s] INFO:colcon.colcon_core.shell:Skip shell extension 'powershell' for command environment: Not usable outside of PowerShell
[0.240s] DEBUG:colcon.colcon_core.shell:Skip shell extension 'dsv' for command environment
[0.247s] INFO:colcon.colcon_ros.task.ament_python.build:Building ROS package in '/root/openpifpaf_ros2/src/pose_checker' with build type 'ament_python'
[0.247s] Level 1:colcon.colcon_core.shell:create_environment_hook('pose_checker', 'ament_prefix_path')
[0.249s] INFO:colcon.colcon_core.shell:Creating environment hook '/root/openpifpaf_ros2/install/pose_checker/share/pose_checker/hook/ament_prefix_path.ps1'
[0.250s] INFO:colcon.colcon_core.shell:Creating environment descriptor '/root/openpifpaf_ros2/install/pose_checker/share/pose_checker/hook/ament_prefix_path.dsv'
[0.251s] INFO:colcon.colcon_core.shell:Creating environment hook '/root/openpifpaf_ros2/install/pose_checker/share/pose_checker/hook/ament_prefix_path.sh'
[0.253s] INFO:colcon.colcon_core.shell:Skip shell extension 'powershell' for command environment: Not usable outside of PowerShell
[0.253s] DEBUG:colcon.colcon_core.shell:Skip shell extension 'dsv' for command environment
[0.265s] DEBUG:colcon.colcon_core.event_handler.log_command:Invoking command in '/root/openpifpaf_ros2/build/openpifpaf_ros2_msgs': CMAKE_PREFIX_PATH=${CMAKE_PREFIX_PATH}:/root/openpifpaf_ros2/install/rgbd_openpifpaf_ros2:/root/openpifpaf_ros2/install/pose_checker:/root/openpifpaf_ros2/install/openpifpaf_ros2_node:/opt/ros/foxy _=/usr/bin/env /usr/bin/cmake --build /root/openpifpaf_ros2/build/openpifpaf_ros2_msgs -- -j12 -l12
[0.274s] DEBUG:colcon.colcon_core.event_handler.log_command:Invoking command in '/root/openpifpaf_ros2/build/realsense2_camera_msgs': CMAKE_PREFIX_PATH=${CMAKE_PREFIX_PATH}:/root/openpifpaf_ros2/install/rgbd_openpifpaf_ros2:/root/openpifpaf_ros2/install/pose_checker:/root/openpifpaf_ros2/install/openpifpaf_ros2_node:/opt/ros/foxy _=/usr/bin/env /usr/bin/cmake --build /root/openpifpaf_ros2/build/realsense2_camera_msgs -- -j12 -l12
[0.530s] INFO:colcon.colcon_core.task.python.build:Building Python package in '/root/openpifpaf_ros2/src/pose_checker'
[0.532s] INFO:colcon.colcon_core.shell:Skip shell extension 'powershell' for command environment: Not usable outside of PowerShell
[0.532s] DEBUG:colcon.colcon_core.shell:Skip shell extension 'dsv' for command environment
[0.542s] DEBUG:colcon.colcon_core.event_handler.log_command:Invoked command in '/root/openpifpaf_ros2/build/openpifpaf_ros2_msgs' returned '0': CMAKE_PREFIX_PATH=${CMAKE_PREFIX_PATH}:/root/openpifpaf_ros2/install/rgbd_openpifpaf_ros2:/root/openpifpaf_ros2/install/pose_checker:/root/openpifpaf_ros2/install/openpifpaf_ros2_node:/opt/ros/foxy _=/usr/bin/env /usr/bin/cmake --build /root/openpifpaf_ros2/build/openpifpaf_ros2_msgs -- -j12 -l12
[0.545s] DEBUG:colcon.colcon_core.event_handler.log_command:Invoked command in '/root/openpifpaf_ros2/build/realsense2_camera_msgs' returned '0': CMAKE_PREFIX_PATH=${CMAKE_PREFIX_PATH}:/root/openpifpaf_ros2/install/rgbd_openpifpaf_ros2:/root/openpifpaf_ros2/install/pose_checker:/root/openpifpaf_ros2/install/openpifpaf_ros2_node:/opt/ros/foxy _=/usr/bin/env /usr/bin/cmake --build /root/openpifpaf_ros2/build/realsense2_camera_msgs -- -j12 -l12
[0.743s] DEBUG:colcon.colcon_core.event_handler.log_command:Invoking command in '/root/openpifpaf_ros2/build/realsense2_camera_msgs': CMAKE_PREFIX_PATH=${CMAKE_PREFIX_PATH}:/root/openpifpaf_ros2/install/rgbd_openpifpaf_ros2:/root/openpifpaf_ros2/install/pose_checker:/root/openpifpaf_ros2/install/openpifpaf_ros2_node:/opt/ros/foxy _=/usr/bin/env /usr/bin/cmake --install /root/openpifpaf_ros2/build/realsense2_camera_msgs
[0.771s] DEBUG:colcon.colcon_core.event_handler.log_command:Invoking command in '/root/openpifpaf_ros2/build/openpifpaf_ros2_msgs': CMAKE_PREFIX_PATH=${CMAKE_PREFIX_PATH}:/root/openpifpaf_ros2/install/rgbd_openpifpaf_ros2:/root/openpifpaf_ros2/install/pose_checker:/root/openpifpaf_ros2/install/openpifpaf_ros2_node:/opt/ros/foxy _=/usr/bin/env /usr/bin/cmake --install /root/openpifpaf_ros2/build/openpifpaf_ros2_msgs
[0.808s] Level 1:colcon.colcon_core.environment:create_environment_scripts_only(realsense2_camera_msgs)
[0.811s] DEBUG:colcon.colcon_core.event_handler.log_command:Invoked command in '/root/openpifpaf_ros2/build/realsense2_camera_msgs' returned '0': CMAKE_PREFIX_PATH=${CMAKE_PREFIX_PATH}:/root/openpifpaf_ros2/install/rgbd_openpifpaf_ros2:/root/openpifpaf_ros2/install/pose_checker:/root/openpifpaf_ros2/install/openpifpaf_ros2_node:/opt/ros/foxy _=/usr/bin/env /usr/bin/cmake --install /root/openpifpaf_ros2/build/realsense2_camera_msgs
[0.817s] Level 1:colcon.colcon_core.environment:checking '/root/openpifpaf_ros2/install/realsense2_camera_msgs' for CMake module files
[0.820s] Level 1:colcon.colcon_core.environment:checking '/root/openpifpaf_ros2/install/realsense2_camera_msgs' for CMake config files
[0.825s] Level 1:colcon.colcon_core.shell:create_environment_hook('realsense2_camera_msgs', 'cmake_prefix_path')
[0.827s] INFO:colcon.colcon_core.shell:Creating environment hook '/root/openpifpaf_ros2/install/realsense2_camera_msgs/share/realsense2_camera_msgs/hook/cmake_prefix_path.ps1'
[0.828s] INFO:colcon.colcon_core.shell:Creating environment descriptor '/root/openpifpaf_ros2/install/realsense2_camera_msgs/share/realsense2_camera_msgs/hook/cmake_prefix_path.dsv'
[0.829s] INFO:colcon.colcon_core.shell:Creating environment hook '/root/openpifpaf_ros2/install/realsense2_camera_msgs/share/realsense2_camera_msgs/hook/cmake_prefix_path.sh'
[0.830s] Level 1:colcon.colcon_core.environment:checking '/root/openpifpaf_ros2/install/realsense2_camera_msgs/lib'
[0.831s] Level 1:colcon.colcon_core.shell:create_environment_hook('realsense2_camera_msgs', 'ld_library_path_lib')
[0.832s] INFO:colcon.colcon_core.shell:Creating environment hook '/root/openpifpaf_ros2/install/realsense2_camera_msgs/share/realsense2_camera_msgs/hook/ld_library_path_lib.ps1'
[0.833s] INFO:colcon.colcon_core.shell:Creating environment descriptor '/root/openpifpaf_ros2/install/realsense2_camera_msgs/share/realsense2_camera_msgs/hook/ld_library_path_lib.dsv'
[0.834s] INFO:colcon.colcon_core.shell:Creating environment hook '/root/openpifpaf_ros2/install/realsense2_camera_msgs/share/realsense2_camera_msgs/hook/ld_library_path_lib.sh'
[0.834s] Level 1:colcon.colcon_core.environment:checking '/root/openpifpaf_ros2/install/realsense2_camera_msgs/bin'
[0.834s] Level 1:colcon.colcon_core.environment:checking '/root/openpifpaf_ros2/install/realsense2_camera_msgs/lib/pkgconfig/realsense2_camera_msgs.pc'
[0.834s] Level 1:colcon.colcon_core.environment:checking '/root/openpifpaf_ros2/install/realsense2_camera_msgs/lib/python3.8/site-packages'
[0.834s] Level 1:colcon.colcon_core.shell:create_environment_hook('realsense2_camera_msgs', 'pythonpath')
[0.835s] INFO:colcon.colcon_core.shell:Creating environment hook '/root/openpifpaf_ros2/install/realsense2_camera_msgs/share/realsense2_camera_msgs/hook/pythonpath.ps1'
[0.836s] INFO:colcon.colcon_core.shell:Creating environment descriptor '/root/openpifpaf_ros2/install/realsense2_camera_msgs/share/realsense2_camera_msgs/hook/pythonpath.dsv'
[0.836s] INFO:colcon.colcon_core.shell:Creating environment hook '/root/openpifpaf_ros2/install/realsense2_camera_msgs/share/realsense2_camera_msgs/hook/pythonpath.sh'
[0.836s] Level 1:colcon.colcon_core.environment:checking '/root/openpifpaf_ros2/install/realsense2_camera_msgs/bin'
[0.838s] INFO:colcon.colcon_core.shell:Creating package script '/root/openpifpaf_ros2/install/realsense2_camera_msgs/share/realsense2_camera_msgs/package.ps1'
[0.838s] INFO:colcon.colcon_core.shell:Creating package descriptor '/root/openpifpaf_ros2/install/realsense2_camera_msgs/share/realsense2_camera_msgs/package.dsv'
[0.839s] INFO:colcon.colcon_core.shell:Creating package script '/root/openpifpaf_ros2/install/realsense2_camera_msgs/share/realsense2_camera_msgs/package.sh'
[0.840s] INFO:colcon.colcon_core.shell:Creating package script '/root/openpifpaf_ros2/install/realsense2_camera_msgs/share/realsense2_camera_msgs/package.bash'
[0.840s] INFO:colcon.colcon_core.shell:Creating package script '/root/openpifpaf_ros2/install/realsense2_camera_msgs/share/realsense2_camera_msgs/package.zsh'
[0.841s] Level 1:colcon.colcon_core.environment:create_file_with_runtime_dependencies(/root/openpifpaf_ros2/install/realsense2_camera_msgs/share/colcon-core/packages/realsense2_camera_msgs)
[0.845s] Level 1:colcon.colcon_core.environment:create_environment_scripts_only(openpifpaf_ros2_msgs)
[0.848s] Level 1:colcon.colcon_core.environment:checking '/root/openpifpaf_ros2/install/openpifpaf_ros2_msgs' for CMake module files
[0.849s] DEBUG:colcon.colcon_core.event_handler.log_command:Invoked command in '/root/openpifpaf_ros2/build/openpifpaf_ros2_msgs' returned '0': CMAKE_PREFIX_PATH=${CMAKE_PREFIX_PATH}:/root/openpifpaf_ros2/install/rgbd_openpifpaf_ros2:/root/openpifpaf_ros2/install/pose_checker:/root/openpifpaf_ros2/install/openpifpaf_ros2_node:/opt/ros/foxy _=/usr/bin/env /usr/bin/cmake --install /root/openpifpaf_ros2/build/openpifpaf_ros2_msgs
[0.850s] Level 1:colcon.colcon_core.environment:checking '/root/openpifpaf_ros2/install/openpifpaf_ros2_msgs' for CMake config files
[0.850s] Level 1:colcon.colcon_core.shell:create_environment_hook('openpifpaf_ros2_msgs', 'cmake_prefix_path')
[0.852s] INFO:colcon.colcon_core.shell:Creating environment hook '/root/openpifpaf_ros2/install/openpifpaf_ros2_msgs/share/openpifpaf_ros2_msgs/hook/cmake_prefix_path.ps1'
[0.852s] INFO:colcon.colcon_core.shell:Creating environment descriptor '/root/openpifpaf_ros2/install/openpifpaf_ros2_msgs/share/openpifpaf_ros2_msgs/hook/cmake_prefix_path.dsv'
[0.853s] INFO:colcon.colcon_core.shell:Creating environment hook '/root/openpifpaf_ros2/install/openpifpaf_ros2_msgs/share/openpifpaf_ros2_msgs/hook/cmake_prefix_path.sh'
[0.853s] Level 1:colcon.colcon_core.environment:checking '/root/openpifpaf_ros2/install/openpifpaf_ros2_msgs/lib'
[0.853s] Level 1:colcon.colcon_core.shell:create_environment_hook('openpifpaf_ros2_msgs', 'ld_library_path_lib')
[0.855s] INFO:colcon.colcon_core.shell:Creating environment hook '/root/openpifpaf_ros2/install/openpifpaf_ros2_msgs/share/openpifpaf_ros2_msgs/hook/ld_library_path_lib.ps1'
[0.855s] INFO:colcon.colcon_core.shell:Creating environment descriptor '/root/openpifpaf_ros2/install/openpifpaf_ros2_msgs/share/openpifpaf_ros2_msgs/hook/ld_library_path_lib.dsv'
[0.855s] INFO:colcon.colcon_core.shell:Creating environment hook '/root/openpifpaf_ros2/install/openpifpaf_ros2_msgs/share/openpifpaf_ros2_msgs/hook/ld_library_path_lib.sh'
[0.856s] Level 1:colcon.colcon_core.environment:checking '/root/openpifpaf_ros2/install/openpifpaf_ros2_msgs/bin'
[0.856s] Level 1:colcon.colcon_core.environment:checking '/root/openpifpaf_ros2/install/openpifpaf_ros2_msgs/lib/pkgconfig/openpifpaf_ros2_msgs.pc'
[0.856s] Level 1:colcon.colcon_core.environment:checking '/root/openpifpaf_ros2/install/openpifpaf_ros2_msgs/lib/python3.8/site-packages'
[0.856s] Level 1:colcon.colcon_core.shell:create_environment_hook('openpifpaf_ros2_msgs', 'pythonpath')
[0.857s] INFO:colcon.colcon_core.shell:Creating environment hook '/root/openpifpaf_ros2/install/openpifpaf_ros2_msgs/share/openpifpaf_ros2_msgs/hook/pythonpath.ps1'
[0.858s] INFO:colcon.colcon_core.shell:Creating environment descriptor '/root/openpifpaf_ros2/install/openpifpaf_ros2_msgs/share/openpifpaf_ros2_msgs/hook/pythonpath.dsv'
[0.858s] INFO:colcon.colcon_core.shell:Creating environment hook '/root/openpifpaf_ros2/install/openpifpaf_ros2_msgs/share/openpifpaf_ros2_msgs/hook/pythonpath.sh'
[0.859s] Level 1:colcon.colcon_core.environment:checking '/root/openpifpaf_ros2/install/openpifpaf_ros2_msgs/bin'
[0.860s] INFO:colcon.colcon_core.shell:Creating package script '/root/openpifpaf_ros2/install/openpifpaf_ros2_msgs/share/openpifpaf_ros2_msgs/package.ps1'
[0.861s] INFO:colcon.colcon_core.shell:Creating package descriptor '/root/openpifpaf_ros2/install/openpifpaf_ros2_msgs/share/openpifpaf_ros2_msgs/package.dsv'
[0.861s] INFO:colcon.colcon_core.shell:Creating package script '/root/openpifpaf_ros2/install/openpifpaf_ros2_msgs/share/openpifpaf_ros2_msgs/package.sh'
[0.861s] INFO:colcon.colcon_core.shell:Creating package script '/root/openpifpaf_ros2/install/openpifpaf_ros2_msgs/share/openpifpaf_ros2_msgs/package.bash'
[0.862s] INFO:colcon.colcon_core.shell:Creating package script '/root/openpifpaf_ros2/install/openpifpaf_ros2_msgs/share/openpifpaf_ros2_msgs/package.zsh'
[0.862s] Level 1:colcon.colcon_core.environment:create_file_with_runtime_dependencies(/root/openpifpaf_ros2/install/openpifpaf_ros2_msgs/share/colcon-core/packages/openpifpaf_ros2_msgs)
[0.995s] DEBUG:colcon.colcon_core.event_handler.log_command:Invoking command in '/root/openpifpaf_ros2/src/pose_checker': PYTHONPATH=/root/openpifpaf_ros2/install/pose_checker/lib/python3.8/site-packages:${PYTHONPATH} _=/usr/bin/env /usr/bin/python3 setup.py egg_info --egg-base ../../build/pose_checker build --build-base /root/openpifpaf_ros2/build/pose_checker/build install --prefix /root/openpifpaf_ros2/install/pose_checker --record /root/openpifpaf_ros2/build/pose_checker/install.log --single-version-externally-managed
[1.032s] Level 1:colcon.colcon_core.environment:create_environment_scripts_only(realsense2_camera_msgs)
[1.034s] Level 1:colcon.colcon_core.environment:checking '/root/openpifpaf_ros2/install/realsense2_camera_msgs' for CMake module files
[1.034s] Level 1:colcon.colcon_core.environment:checking '/root/openpifpaf_ros2/install/realsense2_camera_msgs' for CMake config files
[1.035s] Level 1:colcon.colcon_core.shell:create_environment_hook('realsense2_camera_msgs', 'cmake_prefix_path')
[1.036s] INFO:colcon.colcon_core.shell:Creating environment hook '/root/openpifpaf_ros2/install/realsense2_camera_msgs/share/realsense2_camera_msgs/hook/cmake_prefix_path.ps1'
[1.037s] INFO:colcon.colcon_core.shell:Creating environment descriptor '/root/openpifpaf_ros2/install/realsense2_camera_msgs/share/realsense2_camera_msgs/hook/cmake_prefix_path.dsv'
[1.037s] INFO:colcon.colcon_core.shell:Creating environment hook '/root/openpifpaf_ros2/install/realsense2_camera_msgs/share/realsense2_camera_msgs/hook/cmake_prefix_path.sh'
[1.038s] Level 1:colcon.colcon_core.environment:checking '/root/openpifpaf_ros2/install/realsense2_camera_msgs/lib'
[1.038s] Level 1:colcon.colcon_core.shell:create_environment_hook('realsense2_camera_msgs', 'ld_library_path_lib')
[1.039s] INFO:colcon.colcon_core.shell:Creating environment hook '/root/openpifpaf_ros2/install/realsense2_camera_msgs/share/realsense2_camera_msgs/hook/ld_library_path_lib.ps1'
[1.039s] INFO:colcon.colcon_core.shell:Creating environment descriptor '/root/openpifpaf_ros2/install/realsense2_camera_msgs/share/realsense2_camera_msgs/hook/ld_library_path_lib.dsv'
[1.040s] INFO:colcon.colcon_core.shell:Creating environment hook '/root/openpifpaf_ros2/install/realsense2_camera_msgs/share/realsense2_camera_msgs/hook/ld_library_path_lib.sh'
[1.040s] Level 1:colcon.colcon_core.environment:checking '/root/openpifpaf_ros2/install/realsense2_camera_msgs/bin'
[1.040s] Level 1:colcon.colcon_core.environment:checking '/root/openpifpaf_ros2/install/realsense2_camera_msgs/lib/pkgconfig/realsense2_camera_msgs.pc'
[1.040s] Level 1:colcon.colcon_core.environment:checking '/root/openpifpaf_ros2/install/realsense2_camera_msgs/lib/python3.8/site-packages'
[1.040s] Level 1:colcon.colcon_core.shell:create_environment_hook('realsense2_camera_msgs', 'pythonpath')
[1.041s] INFO:colcon.colcon_core.shell:Creating environment hook '/root/openpifpaf_ros2/install/realsense2_camera_msgs/share/realsense2_camera_msgs/hook/pythonpath.ps1'
[1.042s] INFO:colcon.colcon_core.shell:Creating environment descriptor '/root/openpifpaf_ros2/install/realsense2_camera_msgs/share/realsense2_camera_msgs/hook/pythonpath.dsv'
[1.042s] INFO:colcon.colcon_core.shell:Creating environment hook '/root/openpifpaf_ros2/install/realsense2_camera_msgs/share/realsense2_camera_msgs/hook/pythonpath.sh'
[1.043s] Level 1:colcon.colcon_core.environment:checking '/root/openpifpaf_ros2/install/realsense2_camera_msgs/bin'
[1.044s] INFO:colcon.colcon_core.shell:Creating package script '/root/openpifpaf_ros2/install/realsense2_camera_msgs/share/realsense2_camera_msgs/package.ps1'
[1.045s] INFO:colcon.colcon_core.shell:Creating package descriptor '/root/openpifpaf_ros2/install/realsense2_camera_msgs/share/realsense2_camera_msgs/package.dsv'
[1.045s] INFO:colcon.colcon_core.shell:Creating package script '/root/openpifpaf_ros2/install/realsense2_camera_msgs/share/realsense2_camera_msgs/package.sh'
[1.046s] INFO:colcon.colcon_core.shell:Creating package script '/root/openpifpaf_ros2/install/realsense2_camera_msgs/share/realsense2_camera_msgs/package.bash'
[1.046s] INFO:colcon.colcon_core.shell:Creating package script '/root/openpifpaf_ros2/install/realsense2_camera_msgs/share/realsense2_camera_msgs/package.zsh'
[1.047s] Level 1:colcon.colcon_core.environment:create_file_with_runtime_dependencies(/root/openpifpaf_ros2/install/realsense2_camera_msgs/share/colcon-core/packages/realsense2_camera_msgs)
[1.047s] INFO:colcon.colcon_ros.task.ament_cmake.build:Building ROS package in '/root/openpifpaf_ros2/src/realsense-ros/realsense2_camera' with build type 'ament_cmake'
[1.047s] INFO:colcon.colcon_cmake.task.cmake.build:Building CMake package in '/root/openpifpaf_ros2/src/realsense-ros/realsense2_camera'
[1.049s] INFO:colcon.colcon_core.shell:Skip shell extension 'powershell' for command environment: Not usable outside of PowerShell
[1.049s] DEBUG:colcon.colcon_core.shell:Skip shell extension 'dsv' for command environment
[1.057s] INFO:colcon.colcon_ros.task.ament_cmake.build:Building ROS package in '/root/openpifpaf_ros2/src/realsense-ros/realsense2_description' with build type 'ament_cmake'
[1.058s] INFO:colcon.colcon_cmake.task.cmake.build:Building CMake package in '/root/openpifpaf_ros2/src/realsense-ros/realsense2_description'
[1.060s] INFO:colcon.colcon_core.shell:Skip shell extension 'powershell' for command environment: Not usable outside of PowerShell
[1.060s] DEBUG:colcon.colcon_core.shell:Skip shell extension 'dsv' for command environment
[1.076s] DEBUG:colcon.colcon_core.event_handler.log_command:Invoking command in '/root/openpifpaf_ros2/build/realsense2_camera': CMAKE_PREFIX_PATH=/root/openpifpaf_ros2/install/realsense2_camera_msgs:/root/openpifpaf_ros2/install/realsense2_description:/root/openpifpaf_ros2/install/realsense2_camera:/root/openpifpaf_ros2/install/openpifpaf_ros2_msgs:/root/openpifpaf_ros2/install/rgbd_openpifpaf_ros2:/root/openpifpaf_ros2/install/pose_checker:/root/openpifpaf_ros2/install/openpifpaf_ros2_node:/opt/ros/foxy LD_LIBRARY_PATH=/root/openpifpaf_ros2/install/realsense2_camera_msgs/lib:/root/openpifpaf_ros2/install/realsense2_camera/lib:/root/openpifpaf_ros2/install/openpifpaf_ros2_msgs/lib:/usr/lib/x86_64-linux-gnu/gazebo-11/plugins:/opt/ros/foxy/opt/yaml_cpp_vendor/lib:/opt/ros/foxy/opt/rviz_ogre_vendor/lib:/opt/ros/foxy/lib/x86_64-linux-gnu:/opt/ros/foxy/lib:/usr/local/11.3.0/lib64:/usr/local/nvidia/lib:/usr/local/nvidia/lib64 PYTHONPATH=/root/openpifpaf_ros2/install/realsense2_camera_msgs/lib/python3.8/site-packages:/root/openpifpaf_ros2/install/rgbd_openpifpaf_ros2/lib/python3.8/site-packages:/root/openpifpaf_ros2/install/pose_checker/lib/python3.8/site-packages:/root/openpifpaf_ros2/install/openpifpaf_ros2_node/lib/python3.8/site-packages:/root/openpifpaf_ros2/install/openpifpaf_ros2_msgs/lib/python3.8/site-packages:/opt/ros/foxy/lib/python3.8/site-packages _=/usr/bin/env /usr/bin/cmake --build /root/openpifpaf_ros2/build/realsense2_camera -- -j12 -l12
[1.083s] DEBUG:colcon.colcon_core.event_handler.log_command:Invoking command in '/root/openpifpaf_ros2/build/realsense2_description': CMAKE_PREFIX_PATH=/root/openpifpaf_ros2/install/realsense2_camera_msgs:/root/openpifpaf_ros2/install/realsense2_description:/root/openpifpaf_ros2/install/realsense2_camera:/root/openpifpaf_ros2/install/openpifpaf_ros2_msgs:/root/openpifpaf_ros2/install/rgbd_openpifpaf_ros2:/root/openpifpaf_ros2/install/pose_checker:/root/openpifpaf_ros2/install/openpifpaf_ros2_node:/opt/ros/foxy LD_LIBRARY_PATH=/root/openpifpaf_ros2/install/realsense2_camera_msgs/lib:/root/openpifpaf_ros2/install/realsense2_camera/lib:/root/openpifpaf_ros2/install/openpifpaf_ros2_msgs/lib:/usr/lib/x86_64-linux-gnu/gazebo-11/plugins:/opt/ros/foxy/opt/yaml_cpp_vendor/lib:/opt/ros/foxy/opt/rviz_ogre_vendor/lib:/opt/ros/foxy/lib/x86_64-linux-gnu:/opt/ros/foxy/lib:/usr/local/11.3.0/lib64:/usr/local/nvidia/lib:/usr/local/nvidia/lib64 PYTHONPATH=/root/openpifpaf_ros2/install/realsense2_camera_msgs/lib/python3.8/site-packages:/root/openpifpaf_ros2/install/rgbd_openpifpaf_ros2/lib/python3.8/site-packages:/root/openpifpaf_ros2/install/pose_checker/lib/python3.8/site-packages:/root/openpifpaf_ros2/install/openpifpaf_ros2_node/lib/python3.8/site-packages:/root/openpifpaf_ros2/install/openpifpaf_ros2_msgs/lib/python3.8/site-packages:/opt/ros/foxy/lib/python3.8/site-packages _=/usr/bin/env /usr/bin/cmake --build /root/openpifpaf_ros2/build/realsense2_description -- -j12 -l12
[1.089s] Level 1:colcon.colcon_core.environment:create_environment_scripts_only(openpifpaf_ros2_msgs)
[1.092s] Level 1:colcon.colcon_core.environment:checking '/root/openpifpaf_ros2/install/openpifpaf_ros2_msgs' for CMake module files
[1.093s] Level 1:colcon.colcon_core.environment:checking '/root/openpifpaf_ros2/install/openpifpaf_ros2_msgs' for CMake config files
[1.095s] Level 1:colcon.colcon_core.shell:create_environment_hook('openpifpaf_ros2_msgs', 'cmake_prefix_path')
[1.096s] INFO:colcon.colcon_core.shell:Creating environment hook '/root/openpifpaf_ros2/install/openpifpaf_ros2_msgs/share/openpifpaf_ros2_msgs/hook/cmake_prefix_path.ps1'
[1.097s] INFO:colcon.colcon_core.shell:Creating environment descriptor '/root/openpifpaf_ros2/install/openpifpaf_ros2_msgs/share/openpifpaf_ros2_msgs/hook/cmake_prefix_path.dsv'
[1.097s] INFO:colcon.colcon_core.shell:Creating environment hook '/root/openpifpaf_ros2/install/openpifpaf_ros2_msgs/share/openpifpaf_ros2_msgs/hook/cmake_prefix_path.sh'
[1.098s] Level 1:colcon.colcon_core.environment:checking '/root/openpifpaf_ros2/install/openpifpaf_ros2_msgs/lib'
[1.098s] Level 1:colcon.colcon_core.shell:create_environment_hook('openpifpaf_ros2_msgs', 'ld_library_path_lib')
[1.099s] INFO:colcon.colcon_core.shell:Creating environment hook '/root/openpifpaf_ros2/install/openpifpaf_ros2_msgs/share/openpifpaf_ros2_msgs/hook/ld_library_path_lib.ps1'
[1.099s] INFO:colcon.colcon_core.shell:Creating environment descriptor '/root/openpifpaf_ros2/install/openpifpaf_ros2_msgs/share/openpifpaf_ros2_msgs/hook/ld_library_path_lib.dsv'
[1.100s] INFO:colcon.colcon_core.shell:Creating environment hook '/root/openpifpaf_ros2/install/openpifpaf_ros2_msgs/share/openpifpaf_ros2_msgs/hook/ld_library_path_lib.sh'
[1.100s] Level 1:colcon.colcon_core.environment:checking '/root/openpifpaf_ros2/install/openpifpaf_ros2_msgs/bin'
[1.100s] Level 1:colcon.colcon_core.environment:checking '/root/openpifpaf_ros2/install/openpifpaf_ros2_msgs/lib/pkgconfig/openpifpaf_ros2_msgs.pc'
[1.100s] Level 1:colcon.colcon_core.environment:checking '/root/openpifpaf_ros2/install/openpifpaf_ros2_msgs/lib/python3.8/site-packages'
[1.100s] Level 1:colcon.colcon_core.shell:create_environment_hook('openpifpaf_ros2_msgs', 'pythonpath')
[1.102s] INFO:colcon.colcon_core.shell:Creating environment hook '/root/openpifpaf_ros2/install/openpifpaf_ros2_msgs/share/openpifpaf_ros2_msgs/hook/pythonpath.ps1'
[1.102s] INFO:colcon.colcon_core.shell:Creating environment descriptor '/root/openpifpaf_ros2/install/openpifpaf_ros2_msgs/share/openpifpaf_ros2_msgs/hook/pythonpath.dsv'
[1.102s] INFO:colcon.colcon_core.shell:Creating environment hook '/root/openpifpaf_ros2/install/openpifpaf_ros2_msgs/share/openpifpaf_ros2_msgs/hook/pythonpath.sh'
[1.103s] Level 1:colcon.colcon_core.environment:checking '/root/openpifpaf_ros2/install/openpifpaf_ros2_msgs/bin'
[1.104s] INFO:colcon.colcon_core.shell:Creating package script '/root/openpifpaf_ros2/install/openpifpaf_ros2_msgs/share/openpifpaf_ros2_msgs/package.ps1'
[1.105s] INFO:colcon.colcon_core.shell:Creating package descriptor '/root/openpifpaf_ros2/install/openpifpaf_ros2_msgs/share/openpifpaf_ros2_msgs/package.dsv'
[1.105s] INFO:colcon.colcon_core.shell:Creating package script '/root/openpifpaf_ros2/install/openpifpaf_ros2_msgs/share/openpifpaf_ros2_msgs/package.sh'
[1.106s] INFO:colcon.colcon_core.shell:Creating package script '/root/openpifpaf_ros2/install/openpifpaf_ros2_msgs/share/openpifpaf_ros2_msgs/package.bash'
[1.106s] INFO:colcon.colcon_core.shell:Creating package script '/root/openpifpaf_ros2/install/openpifpaf_ros2_msgs/share/openpifpaf_ros2_msgs/package.zsh'
[1.108s] Level 1:colcon.colcon_core.environment:create_file_with_runtime_dependencies(/root/openpifpaf_ros2/install/openpifpaf_ros2_msgs/share/colcon-core/packages/openpifpaf_ros2_msgs)
[1.108s] INFO:colcon.colcon_ros.task.ament_python.build:Building ROS package in '/root/openpifpaf_ros2/src/openpifpaf_ros2_node' with build type 'ament_python'
[1.108s] Level 1:colcon.colcon_core.shell:create_environment_hook('openpifpaf_ros2_node', 'ament_prefix_path')
[1.110s] INFO:colcon.colcon_core.shell:Creating environment hook '/root/openpifpaf_ros2/install/openpifpaf_ros2_node/share/openpifpaf_ros2_node/hook/ament_prefix_path.ps1'
[1.110s] INFO:colcon.colcon_core.shell:Creating environment descriptor '/root/openpifpaf_ros2/install/openpifpaf_ros2_node/share/openpifpaf_ros2_node/hook/ament_prefix_path.dsv'
[1.111s] INFO:colcon.colcon_core.shell:Creating environment hook '/root/openpifpaf_ros2/install/openpifpaf_ros2_node/share/openpifpaf_ros2_node/hook/ament_prefix_path.sh'
[1.114s] INFO:colcon.colcon_core.shell:Skip shell extension 'powershell' for command environment: Not usable outside of PowerShell
[1.114s] DEBUG:colcon.colcon_core.shell:Skip shell extension 'dsv' for command environment
[1.124s] INFO:colcon.colcon_ros.task.ament_python.build:Building ROS package in '/root/openpifpaf_ros2/src/rgbd_openpifpaf_ros2' with build type 'ament_python'
[1.125s] Level 1:colcon.colcon_core.shell:create_environment_hook('rgbd_openpifpaf_ros2', 'ament_prefix_path')
[1.127s] INFO:colcon.colcon_core.shell:Creating environment hook '/root/openpifpaf_ros2/install/rgbd_openpifpaf_ros2/share/rgbd_openpifpaf_ros2/hook/ament_prefix_path.ps1'
[1.128s] INFO:colcon.colcon_core.shell:Creating environment descriptor '/root/openpifpaf_ros2/install/rgbd_openpifpaf_ros2/share/rgbd_openpifpaf_ros2/hook/ament_prefix_path.dsv'
[1.128s] INFO:colcon.colcon_core.shell:Creating environment hook '/root/openpifpaf_ros2/install/rgbd_openpifpaf_ros2/share/rgbd_openpifpaf_ros2/hook/ament_prefix_path.sh'
[1.131s] INFO:colcon.colcon_core.shell:Skip shell extension 'powershell' for command environment: Not usable outside of PowerShell
[1.132s] DEBUG:colcon.colcon_core.shell:Skip shell extension 'dsv' for command environment
[1.148s] DEBUG:colcon.colcon_core.event_handler.log_command:Invoked command in '/root/openpifpaf_ros2/build/realsense2_description' returned '0': CMAKE_PREFIX_PATH=/root/openpifpaf_ros2/install/realsense2_camera_msgs:/root/openpifpaf_ros2/install/realsense2_description:/root/openpifpaf_ros2/install/realsense2_camera:/root/openpifpaf_ros2/install/openpifpaf_ros2_msgs:/root/openpifpaf_ros2/install/rgbd_openpifpaf_ros2:/root/openpifpaf_ros2/install/pose_checker:/root/openpifpaf_ros2/install/openpifpaf_ros2_node:/opt/ros/foxy LD_LIBRARY_PATH=/root/openpifpaf_ros2/install/realsense2_camera_msgs/lib:/root/openpifpaf_ros2/install/realsense2_camera/lib:/root/openpifpaf_ros2/install/openpifpaf_ros2_msgs/lib:/usr/lib/x86_64-linux-gnu/gazebo-11/plugins:/opt/ros/foxy/opt/yaml_cpp_vendor/lib:/opt/ros/foxy/opt/rviz_ogre_vendor/lib:/opt/ros/foxy/lib/x86_64-linux-gnu:/opt/ros/foxy/lib:/usr/local/11.3.0/lib64:/usr/local/nvidia/lib:/usr/local/nvidia/lib64 PYTHONPATH=/root/openpifpaf_ros2/install/realsense2_camera_msgs/lib/python3.8/site-packages:/root/openpifpaf_ros2/install/rgbd_openpifpaf_ros2/lib/python3.8/site-packages:/root/openpifpaf_ros2/install/pose_checker/lib/python3.8/site-packages:/root/openpifpaf_ros2/install/openpifpaf_ros2_node/lib/python3.8/site-packages:/root/openpifpaf_ros2/install/openpifpaf_ros2_msgs/lib/python3.8/site-packages:/opt/ros/foxy/lib/python3.8/site-packages _=/usr/bin/env /usr/bin/cmake --build /root/openpifpaf_ros2/build/realsense2_description -- -j12 -l12
[1.400s] INFO:colcon.colcon_core.task.python.build:Building Python package in '/root/openpifpaf_ros2/src/openpifpaf_ros2_node'
[1.402s] INFO:colcon.colcon_core.shell:Skip shell extension 'powershell' for command environment: Not usable outside of PowerShell
[1.402s] DEBUG:colcon.colcon_core.shell:Skip shell extension 'dsv' for command environment
[1.411s] DEBUG:colcon.colcon_core.event_handler.log_command:Invoked command in '/root/openpifpaf_ros2/build/realsense2_camera' returned '0': CMAKE_PREFIX_PATH=/root/openpifpaf_ros2/install/realsense2_camera_msgs:/root/openpifpaf_ros2/install/realsense2_description:/root/openpifpaf_ros2/install/realsense2_camera:/root/openpifpaf_ros2/install/openpifpaf_ros2_msgs:/root/openpifpaf_ros2/install/rgbd_openpifpaf_ros2:/root/openpifpaf_ros2/install/pose_checker:/root/openpifpaf_ros2/install/openpifpaf_ros2_node:/opt/ros/foxy LD_LIBRARY_PATH=/root/openpifpaf_ros2/install/realsense2_camera_msgs/lib:/root/openpifpaf_ros2/install/realsense2_camera/lib:/root/openpifpaf_ros2/install/openpifpaf_ros2_msgs/lib:/usr/lib/x86_64-linux-gnu/gazebo-11/plugins:/opt/ros/foxy/opt/yaml_cpp_vendor/lib:/opt/ros/foxy/opt/rviz_ogre_vendor/lib:/opt/ros/foxy/lib/x86_64-linux-gnu:/opt/ros/foxy/lib:/usr/local/11.3.0/lib64:/usr/local/nvidia/lib:/usr/local/nvidia/lib64 PYTHONPATH=/root/openpifpaf_ros2/install/realsense2_camera_msgs/lib/python3.8/site-packages:/root/openpifpaf_ros2/install/rgbd_openpifpaf_ros2/lib/python3.8/site-packages:/root/openpifpaf_ros2/install/pose_checker/lib/python3.8/site-packages:/root/openpifpaf_ros2/install/openpifpaf_ros2_node/lib/python3.8/site-packages:/root/openpifpaf_ros2/install/openpifpaf_ros2_msgs/lib/python3.8/site-packages:/opt/ros/foxy/lib/python3.8/site-packages _=/usr/bin/env /usr/bin/cmake --build /root/openpifpaf_ros2/build/realsense2_camera -- -j12 -l12
[1.416s] Level 1:colcon.colcon_core.environment:checking '/root/openpifpaf_ros2/install/pose_checker' for CMake module files
[1.417s] DEBUG:colcon.colcon_core.event_handler.log_command:Invoked command in '/root/openpifpaf_ros2/src/pose_checker' returned '0': PYTHONPATH=/root/openpifpaf_ros2/install/pose_checker/lib/python3.8/site-packages:${PYTHONPATH} _=/usr/bin/env /usr/bin/python3 setup.py egg_info --egg-base ../../build/pose_checker build --build-base /root/openpifpaf_ros2/build/pose_checker/build install --prefix /root/openpifpaf_ros2/install/pose_checker --record /root/openpifpaf_ros2/build/pose_checker/install.log --single-version-externally-managed
[1.417s] Level 1:colcon.colcon_core.environment:checking '/root/openpifpaf_ros2/install/pose_checker' for CMake config files
[1.418s] Level 1:colcon.colcon_core.environment:checking '/root/openpifpaf_ros2/install/pose_checker/lib'
[1.418s] Level 1:colcon.colcon_core.environment:checking '/root/openpifpaf_ros2/install/pose_checker/bin'
[1.418s] Level 1:colcon.colcon_core.environment:checking '/root/openpifpaf_ros2/install/pose_checker/lib/pkgconfig/pose_checker.pc'
[1.418s] Level 1:colcon.colcon_core.environment:checking '/root/openpifpaf_ros2/install/pose_checker/lib/python3.8/site-packages'
[1.418s] Level 1:colcon.colcon_core.shell:create_environment_hook('pose_checker', 'pythonpath')
[1.419s] INFO:colcon.colcon_core.shell:Creating environment hook '/root/openpifpaf_ros2/install/pose_checker/share/pose_checker/hook/pythonpath.ps1'
[1.420s] INFO:colcon.colcon_core.shell:Creating environment descriptor '/root/openpifpaf_ros2/install/pose_checker/share/pose_checker/hook/pythonpath.dsv'
[1.420s] INFO:colcon.colcon_core.shell:Creating environment hook '/root/openpifpaf_ros2/install/pose_checker/share/pose_checker/hook/pythonpath.sh'
[1.421s] Level 1:colcon.colcon_core.environment:checking '/root/openpifpaf_ros2/install/pose_checker/bin'
[1.421s] Level 1:colcon.colcon_core.environment:create_environment_scripts_only(pose_checker)
[1.422s] INFO:colcon.colcon_core.shell:Creating package script '/root/openpifpaf_ros2/install/pose_checker/share/pose_checker/package.ps1'
[1.422s] INFO:colcon.colcon_core.shell:Creating package descriptor '/root/openpifpaf_ros2/install/pose_checker/share/pose_checker/package.dsv'
[1.423s] INFO:colcon.colcon_core.shell:Creating package script '/root/openpifpaf_ros2/install/pose_checker/share/pose_checker/package.sh'
[1.423s] INFO:colcon.colcon_core.shell:Creating package script '/root/openpifpaf_ros2/install/pose_checker/share/pose_checker/package.bash'
[1.423s] INFO:colcon.colcon_core.shell:Creating package script '/root/openpifpaf_ros2/install/pose_checker/share/pose_checker/package.zsh'
[1.424s] Level 1:colcon.colcon_core.environment:create_file_with_runtime_dependencies(/root/openpifpaf_ros2/install/pose_checker/share/colcon-core/packages/pose_checker)
[1.655s] INFO:colcon.colcon_core.task.python.build:Building Python package in '/root/openpifpaf_ros2/src/rgbd_openpifpaf_ros2'
[1.657s] INFO:colcon.colcon_core.shell:Skip shell extension 'powershell' for command environment: Not usable outside of PowerShell
[1.657s] DEBUG:colcon.colcon_core.shell:Skip shell extension 'dsv' for command environment
[1.667s] DEBUG:colcon.colcon_core.event_handler.log_command:Invoking command in '/root/openpifpaf_ros2/build/realsense2_description': CMAKE_PREFIX_PATH=/root/openpifpaf_ros2/install/realsense2_camera_msgs:/root/openpifpaf_ros2/install/realsense2_description:/root/openpifpaf_ros2/install/realsense2_camera:/root/openpifpaf_ros2/install/openpifpaf_ros2_msgs:/root/openpifpaf_ros2/install/rgbd_openpifpaf_ros2:/root/openpifpaf_ros2/install/pose_checker:/root/openpifpaf_ros2/install/openpifpaf_ros2_node:/opt/ros/foxy LD_LIBRARY_PATH=/root/openpifpaf_ros2/install/realsense2_camera_msgs/lib:/root/openpifpaf_ros2/install/realsense2_camera/lib:/root/openpifpaf_ros2/install/openpifpaf_ros2_msgs/lib:/usr/lib/x86_64-linux-gnu/gazebo-11/plugins:/opt/ros/foxy/opt/yaml_cpp_vendor/lib:/opt/ros/foxy/opt/rviz_ogre_vendor/lib:/opt/ros/foxy/lib/x86_64-linux-gnu:/opt/ros/foxy/lib:/usr/local/11.3.0/lib64:/usr/local/nvidia/lib:/usr/local/nvidia/lib64 PYTHONPATH=/root/openpifpaf_ros2/install/realsense2_camera_msgs/lib/python3.8/site-packages:/root/openpifpaf_ros2/install/rgbd_openpifpaf_ros2/lib/python3.8/site-packages:/root/openpifpaf_ros2/install/pose_checker/lib/python3.8/site-packages:/root/openpifpaf_ros2/install/openpifpaf_ros2_node/lib/python3.8/site-packages:/root/openpifpaf_ros2/install/openpifpaf_ros2_msgs/lib/python3.8/site-packages:/opt/ros/foxy/lib/python3.8/site-packages _=/usr/bin/env /usr/bin/cmake --install /root/openpifpaf_ros2/build/realsense2_description
[1.678s] DEBUG:colcon.colcon_core.event_handler.log_command:Invoking command in '/root/openpifpaf_ros2/build/realsense2_camera': CMAKE_PREFIX_PATH=/root/openpifpaf_ros2/install/realsense2_camera_msgs:/root/openpifpaf_ros2/install/realsense2_description:/root/openpifpaf_ros2/install/realsense2_camera:/root/openpifpaf_ros2/install/openpifpaf_ros2_msgs:/root/openpifpaf_ros2/install/rgbd_openpifpaf_ros2:/root/openpifpaf_ros2/install/pose_checker:/root/openpifpaf_ros2/install/openpifpaf_ros2_node:/opt/ros/foxy LD_LIBRARY_PATH=/root/openpifpaf_ros2/install/realsense2_camera_msgs/lib:/root/openpifpaf_ros2/install/realsense2_camera/lib:/root/openpifpaf_ros2/install/openpifpaf_ros2_msgs/lib:/usr/lib/x86_64-linux-gnu/gazebo-11/plugins:/opt/ros/foxy/opt/yaml_cpp_vendor/lib:/opt/ros/foxy/opt/rviz_ogre_vendor/lib:/opt/ros/foxy/lib/x86_64-linux-gnu:/opt/ros/foxy/lib:/usr/local/11.3.0/lib64:/usr/local/nvidia/lib:/usr/local/nvidia/lib64 PYTHONPATH=/root/openpifpaf_ros2/install/realsense2_camera_msgs/lib/python3.8/site-packages:/root/openpifpaf_ros2/install/rgbd_openpifpaf_ros2/lib/python3.8/site-packages:/root/openpifpaf_ros2/install/pose_checker/lib/python3.8/site-packages:/root/openpifpaf_ros2/install/openpifpaf_ros2_node/lib/python3.8/site-packages:/root/openpifpaf_ros2/install/openpifpaf_ros2_msgs/lib/python3.8/site-packages:/opt/ros/foxy/lib/python3.8/site-packages _=/usr/bin/env /usr/bin/cmake --install /root/openpifpaf_ros2/build/realsense2_camera
[1.692s] Level 1:colcon.colcon_core.environment:create_environment_scripts_only(realsense2_description)
[1.696s] Level 1:colcon.colcon_core.environment:checking '/root/openpifpaf_ros2/install/realsense2_description' for CMake module files
[1.699s] Level 1:colcon.colcon_core.environment:checking '/root/openpifpaf_ros2/install/realsense2_description' for CMake config files
[1.701s] Level 1:colcon.colcon_core.shell:create_environment_hook('realsense2_description', 'cmake_prefix_path')
[1.703s] INFO:colcon.colcon_core.shell:Creating environment hook '/root/openpifpaf_ros2/install/realsense2_description/share/realsense2_description/hook/cmake_prefix_path.ps1'
[1.705s] INFO:colcon.colcon_core.shell:Creating environment descriptor '/root/openpifpaf_ros2/install/realsense2_description/share/realsense2_description/hook/cmake_prefix_path.dsv'
[1.705s] INFO:colcon.colcon_core.shell:Creating environment hook '/root/openpifpaf_ros2/install/realsense2_description/share/realsense2_description/hook/cmake_prefix_path.sh'
[1.707s] DEBUG:colcon.colcon_core.event_handler.log_command:Invoked command in '/root/openpifpaf_ros2/build/realsense2_description' returned '0': CMAKE_PREFIX_PATH=/root/openpifpaf_ros2/install/realsense2_camera_msgs:/root/openpifpaf_ros2/install/realsense2_description:/root/openpifpaf_ros2/install/realsense2_camera:/root/openpifpaf_ros2/install/openpifpaf_ros2_msgs:/root/openpifpaf_ros2/install/rgbd_openpifpaf_ros2:/root/openpifpaf_ros2/install/pose_checker:/root/openpifpaf_ros2/install/openpifpaf_ros2_node:/opt/ros/foxy LD_LIBRARY_PATH=/root/openpifpaf_ros2/install/realsense2_camera_msgs/lib:/root/openpifpaf_ros2/install/realsense2_camera/lib:/root/openpifpaf_ros2/install/openpifpaf_ros2_msgs/lib:/usr/lib/x86_64-linux-gnu/gazebo-11/plugins:/opt/ros/foxy/opt/yaml_cpp_vendor/lib:/opt/ros/foxy/opt/rviz_ogre_vendor/lib:/opt/ros/foxy/lib/x86_64-linux-gnu:/opt/ros/foxy/lib:/usr/local/11.3.0/lib64:/usr/local/nvidia/lib:/usr/local/nvidia/lib64 PYTHONPATH=/root/openpifpaf_ros2/install/realsense2_camera_msgs/lib/python3.8/site-packages:/root/openpifpaf_ros2/install/rgbd_openpifpaf_ros2/lib/python3.8/site-packages:/root/openpifpaf_ros2/install/pose_checker/lib/python3.8/site-packages:/root/openpifpaf_ros2/install/openpifpaf_ros2_node/lib/python3.8/site-packages:/root/openpifpaf_ros2/install/openpifpaf_ros2_msgs/lib/python3.8/site-packages:/opt/ros/foxy/lib/python3.8/site-packages _=/usr/bin/env /usr/bin/cmake --install /root/openpifpaf_ros2/build/realsense2_description
[1.707s] Level 1:colcon.colcon_core.environment:checking '/root/openpifpaf_ros2/install/realsense2_description/bin'
[1.707s] Level 1:colcon.colcon_core.environment:checking '/root/openpifpaf_ros2/install/realsense2_description/lib/pkgconfig/realsense2_description.pc'
[1.708s] Level 1:colcon.colcon_core.environment:checking '/root/openpifpaf_ros2/install/realsense2_description/lib/python3.8/site-packages'
[1.708s] Level 1:colcon.colcon_core.environment:checking '/root/openpifpaf_ros2/install/realsense2_description/bin'
[1.711s] INFO:colcon.colcon_core.shell:Creating package script '/root/openpifpaf_ros2/install/realsense2_description/share/realsense2_description/package.ps1'
[1.712s] INFO:colcon.colcon_core.shell:Creating package descriptor '/root/openpifpaf_ros2/install/realsense2_description/share/realsense2_description/package.dsv'
[1.713s] INFO:colcon.colcon_core.shell:Creating package script '/root/openpifpaf_ros2/install/realsense2_description/share/realsense2_description/package.sh'
[1.714s] INFO:colcon.colcon_core.shell:Creating package script '/root/openpifpaf_ros2/install/realsense2_description/share/realsense2_description/package.bash'
[1.715s] INFO:colcon.colcon_core.shell:Creating package script '/root/openpifpaf_ros2/install/realsense2_description/share/realsense2_description/package.zsh'
[1.716s] Level 1:colcon.colcon_core.environment:create_file_with_runtime_dependencies(/root/openpifpaf_ros2/install/realsense2_description/share/colcon-core/packages/realsense2_description)
[1.724s] Level 1:colcon.colcon_core.environment:create_environment_scripts_only(realsense2_camera)
[1.727s] Level 1:colcon.colcon_core.environment:checking '/root/openpifpaf_ros2/install/realsense2_camera' for CMake module files
[1.728s] DEBUG:colcon.colcon_core.event_handler.log_command:Invoked command in '/root/openpifpaf_ros2/build/realsense2_camera' returned '0': CMAKE_PREFIX_PATH=/root/openpifpaf_ros2/install/realsense2_camera_msgs:/root/openpifpaf_ros2/install/realsense2_description:/root/openpifpaf_ros2/install/realsense2_camera:/root/openpifpaf_ros2/install/openpifpaf_ros2_msgs:/root/openpifpaf_ros2/install/rgbd_openpifpaf_ros2:/root/openpifpaf_ros2/install/pose_checker:/root/openpifpaf_ros2/install/openpifpaf_ros2_node:/opt/ros/foxy LD_LIBRARY_PATH=/root/openpifpaf_ros2/install/realsense2_camera_msgs/lib:/root/openpifpaf_ros2/install/realsense2_camera/lib:/root/openpifpaf_ros2/install/openpifpaf_ros2_msgs/lib:/usr/lib/x86_64-linux-gnu/gazebo-11/plugins:/opt/ros/foxy/opt/yaml_cpp_vendor/lib:/opt/ros/foxy/opt/rviz_ogre_vendor/lib:/opt/ros/foxy/lib/x86_64-linux-gnu:/opt/ros/foxy/lib:/usr/local/11.3.0/lib64:/usr/local/nvidia/lib:/usr/local/nvidia/lib64 PYTHONPATH=/root/openpifpaf_ros2/install/realsense2_camera_msgs/lib/python3.8/site-packages:/root/openpifpaf_ros2/install/rgbd_openpifpaf_ros2/lib/python3.8/site-packages:/root/openpifpaf_ros2/install/pose_checker/lib/python3.8/site-packages:/root/openpifpaf_ros2/install/openpifpaf_ros2_node/lib/python3.8/site-packages:/root/openpifpaf_ros2/install/openpifpaf_ros2_msgs/lib/python3.8/site-packages:/opt/ros/foxy/lib/python3.8/site-packages _=/usr/bin/env /usr/bin/cmake --install /root/openpifpaf_ros2/build/realsense2_camera
[1.729s] Level 1:colcon.colcon_core.environment:checking '/root/openpifpaf_ros2/install/realsense2_camera' for CMake config files
[1.730s] Level 1:colcon.colcon_core.shell:create_environment_hook('realsense2_camera', 'cmake_prefix_path')
[1.732s] INFO:colcon.colcon_core.shell:Creating environment hook '/root/openpifpaf_ros2/install/realsense2_camera/share/realsense2_camera/hook/cmake_prefix_path.ps1'
[1.733s] INFO:colcon.colcon_core.shell:Creating environment descriptor '/root/openpifpaf_ros2/install/realsense2_camera/share/realsense2_camera/hook/cmake_prefix_path.dsv'
[1.733s] INFO:colcon.colcon_core.shell:Creating environment hook '/root/openpifpaf_ros2/install/realsense2_camera/share/realsense2_camera/hook/cmake_prefix_path.sh'
[1.734s] Level 1:colcon.colcon_core.environment:checking '/root/openpifpaf_ros2/install/realsense2_camera/lib'
[1.734s] Level 1:colcon.colcon_core.shell:create_environment_hook('realsense2_camera', 'ld_library_path_lib')
[1.736s] INFO:colcon.colcon_core.shell:Creating environment hook '/root/openpifpaf_ros2/install/realsense2_camera/share/realsense2_camera/hook/ld_library_path_lib.ps1'
[1.737s] INFO:colcon.colcon_core.shell:Creating environment descriptor '/root/openpifpaf_ros2/install/realsense2_camera/share/realsense2_camera/hook/ld_library_path_lib.dsv'
[1.737s] INFO:colcon.colcon_core.shell:Creating environment hook '/root/openpifpaf_ros2/install/realsense2_camera/share/realsense2_camera/hook/ld_library_path_lib.sh'
[1.738s] Level 1:colcon.colcon_core.environment:checking '/root/openpifpaf_ros2/install/realsense2_camera/bin'
[1.738s] Level 1:colcon.colcon_core.environment:checking '/root/openpifpaf_ros2/install/realsense2_camera/lib/pkgconfig/realsense2_camera.pc'
[1.738s] Level 1:colcon.colcon_core.environment:checking '/root/openpifpaf_ros2/install/realsense2_camera/lib/python3.8/site-packages'
[1.738s] Level 1:colcon.colcon_core.environment:checking '/root/openpifpaf_ros2/install/realsense2_camera/bin'
[1.741s] INFO:colcon.colcon_core.shell:Creating package script '/root/openpifpaf_ros2/install/realsense2_camera/share/realsense2_camera/package.ps1'
[1.741s] INFO:colcon.colcon_core.shell:Creating package descriptor '/root/openpifpaf_ros2/install/realsense2_camera/share/realsense2_camera/package.dsv'
[1.742s] INFO:colcon.colcon_core.shell:Creating package script '/root/openpifpaf_ros2/install/realsense2_camera/share/realsense2_camera/package.sh'
[1.743s] INFO:colcon.colcon_core.shell:Creating package script '/root/openpifpaf_ros2/install/realsense2_camera/share/realsense2_camera/package.bash'
[1.743s] INFO:colcon.colcon_core.shell:Creating package script '/root/openpifpaf_ros2/install/realsense2_camera/share/realsense2_camera/package.zsh'
[1.743s] Level 1:colcon.colcon_core.environment:create_file_with_runtime_dependencies(/root/openpifpaf_ros2/install/realsense2_camera/share/colcon-core/packages/realsense2_camera)
[1.765s] Level 1:colcon.colcon_core.environment:create_environment_scripts_only(realsense2_description)
[1.767s] Level 1:colcon.colcon_core.environment:checking '/root/openpifpaf_ros2/install/realsense2_description' for CMake module files
[1.768s] Level 1:colcon.colcon_core.environment:checking '/root/openpifpaf_ros2/install/realsense2_description' for CMake config files
[1.768s] Level 1:colcon.colcon_core.shell:create_environment_hook('realsense2_description', 'cmake_prefix_path')
[1.770s] INFO:colcon.colcon_core.shell:Creating environment hook '/root/openpifpaf_ros2/install/realsense2_description/share/realsense2_description/hook/cmake_prefix_path.ps1'
[1.770s] INFO:colcon.colcon_core.shell:Creating environment descriptor '/root/openpifpaf_ros2/install/realsense2_description/share/realsense2_description/hook/cmake_prefix_path.dsv'
[1.771s] INFO:colcon.colcon_core.shell:Creating environment hook '/root/openpifpaf_ros2/install/realsense2_description/share/realsense2_description/hook/cmake_prefix_path.sh'
[1.771s] Level 1:colcon.colcon_core.environment:checking '/root/openpifpaf_ros2/install/realsense2_description/bin'
[1.771s] Level 1:colcon.colcon_core.environment:checking '/root/openpifpaf_ros2/install/realsense2_description/lib/pkgconfig/realsense2_description.pc'
[1.772s] Level 1:colcon.colcon_core.environment:checking '/root/openpifpaf_ros2/install/realsense2_description/lib/python3.8/site-packages'
[1.772s] Level 1:colcon.colcon_core.environment:checking '/root/openpifpaf_ros2/install/realsense2_description/bin'
[1.773s] INFO:colcon.colcon_core.shell:Creating package script '/root/openpifpaf_ros2/install/realsense2_description/share/realsense2_description/package.ps1'
[1.774s] INFO:colcon.colcon_core.shell:Creating package descriptor '/root/openpifpaf_ros2/install/realsense2_description/share/realsense2_description/package.dsv'
[1.774s] INFO:colcon.colcon_core.shell:Creating package script '/root/openpifpaf_ros2/install/realsense2_description/share/realsense2_description/package.sh'
[1.775s] INFO:colcon.colcon_core.shell:Creating package script '/root/openpifpaf_ros2/install/realsense2_description/share/realsense2_description/package.bash'
[1.775s] INFO:colcon.colcon_core.shell:Creating package script '/root/openpifpaf_ros2/install/realsense2_description/share/realsense2_description/package.zsh'
[1.776s] Level 1:colcon.colcon_core.environment:create_file_with_runtime_dependencies(/root/openpifpaf_ros2/install/realsense2_description/share/colcon-core/packages/realsense2_description)
[1.814s] Level 1:colcon.colcon_core.environment:create_environment_scripts_only(realsense2_camera)
[1.816s] Level 1:colcon.colcon_core.environment:checking '/root/openpifpaf_ros2/install/realsense2_camera' for CMake module files
[1.816s] Level 1:colcon.colcon_core.environment:checking '/root/openpifpaf_ros2/install/realsense2_camera' for CMake config files
[1.817s] Level 1:colcon.colcon_core.shell:create_environment_hook('realsense2_camera', 'cmake_prefix_path')
[1.818s] INFO:colcon.colcon_core.shell:Creating environment hook '/root/openpifpaf_ros2/install/realsense2_camera/share/realsense2_camera/hook/cmake_prefix_path.ps1'
[1.818s] INFO:colcon.colcon_core.shell:Creating environment descriptor '/root/openpifpaf_ros2/install/realsense2_camera/share/realsense2_camera/hook/cmake_prefix_path.dsv'
[1.819s] INFO:colcon.colcon_core.shell:Creating environment hook '/root/openpifpaf_ros2/install/realsense2_camera/share/realsense2_camera/hook/cmake_prefix_path.sh'
[1.819s] Level 1:colcon.colcon_core.environment:checking '/root/openpifpaf_ros2/install/realsense2_camera/lib'
[1.819s] Level 1:colcon.colcon_core.shell:create_environment_hook('realsense2_camera', 'ld_library_path_lib')
[1.820s] INFO:colcon.colcon_core.shell:Creating environment hook '/root/openpifpaf_ros2/install/realsense2_camera/share/realsense2_camera/hook/ld_library_path_lib.ps1'
[1.821s] INFO:colcon.colcon_core.shell:Creating environment descriptor '/root/openpifpaf_ros2/install/realsense2_camera/share/realsense2_camera/hook/ld_library_path_lib.dsv'
[1.821s] INFO:colcon.colcon_core.shell:Creating environment hook '/root/openpifpaf_ros2/install/realsense2_camera/share/realsense2_camera/hook/ld_library_path_lib.sh'
[1.821s] Level 1:colcon.colcon_core.environment:checking '/root/openpifpaf_ros2/install/realsense2_camera/bin'
[1.821s] Level 1:colcon.colcon_core.environment:checking '/root/openpifpaf_ros2/install/realsense2_camera/lib/pkgconfig/realsense2_camera.pc'
[1.822s] Level 1:colcon.colcon_core.environment:checking '/root/openpifpaf_ros2/install/realsense2_camera/lib/python3.8/site-packages'
[1.822s] Level 1:colcon.colcon_core.environment:checking '/root/openpifpaf_ros2/install/realsense2_camera/bin'
[1.825s] INFO:colcon.colcon_core.shell:Creating package script '/root/openpifpaf_ros2/install/realsense2_camera/share/realsense2_camera/package.ps1'
[1.825s] INFO:colcon.colcon_core.shell:Creating package descriptor '/root/openpifpaf_ros2/install/realsense2_camera/share/realsense2_camera/package.dsv'
[1.826s] INFO:colcon.colcon_core.shell:Creating package script '/root/openpifpaf_ros2/install/realsense2_camera/share/realsense2_camera/package.sh'
[1.826s] INFO:colcon.colcon_core.shell:Creating package script '/root/openpifpaf_ros2/install/realsense2_camera/share/realsense2_camera/package.bash'
[1.826s] INFO:colcon.colcon_core.shell:Creating package script '/root/openpifpaf_ros2/install/realsense2_camera/share/realsense2_camera/package.zsh'
[1.827s] Level 1:colcon.colcon_core.environment:create_file_with_runtime_dependencies(/root/openpifpaf_ros2/install/realsense2_camera/share/colcon-core/packages/realsense2_camera)
[2.127s] DEBUG:colcon.colcon_core.event_handler.log_command:Invoking command in '/root/openpifpaf_ros2/src/openpifpaf_ros2_node': CMAKE_PREFIX_PATH=/root/openpifpaf_ros2/install/openpifpaf_ros2_msgs:/root/openpifpaf_ros2/install/realsense2_description:/root/openpifpaf_ros2/install/realsense2_camera:/root/openpifpaf_ros2/install/realsense2_camera_msgs LD_LIBRARY_PATH=/root/openpifpaf_ros2/install/openpifpaf_ros2_msgs/lib:/root/openpifpaf_ros2/install/realsense2_camera/lib:/root/openpifpaf_ros2/install/realsense2_camera_msgs/lib:/usr/lib/x86_64-linux-gnu/gazebo-11/plugins:/opt/ros/foxy/opt/yaml_cpp_vendor/lib:/opt/ros/foxy/opt/rviz_ogre_vendor/lib:/opt/ros/foxy/lib/x86_64-linux-gnu:/opt/ros/foxy/lib:/usr/local/11.3.0/lib64:/usr/local/nvidia/lib:/usr/local/nvidia/lib64 PYTHONPATH=/root/openpifpaf_ros2/install/openpifpaf_ros2_node/lib/python3.8/site-packages:/root/openpifpaf_ros2/install/openpifpaf_ros2_msgs/lib/python3.8/site-packages:/root/openpifpaf_ros2/install/rgbd_openpifpaf_ros2/lib/python3.8/site-packages:/root/openpifpaf_ros2/install/realsense2_camera_msgs/lib/python3.8/site-packages:/root/openpifpaf_ros2/install/pose_checker/lib/python3.8/site-packages:/root/openpifpaf_ros2/install/openpifpaf_ros2_node/lib/python3.8/site-packages:/opt/ros/foxy/lib/python3.8/site-packages _=/usr/bin/env /usr/bin/python3 setup.py egg_info --egg-base ../../build/openpifpaf_ros2_node build --build-base /root/openpifpaf_ros2/build/openpifpaf_ros2_node/build install --prefix /root/openpifpaf_ros2/install/openpifpaf_ros2_node --record /root/openpifpaf_ros2/build/openpifpaf_ros2_node/install.log --single-version-externally-managed
[2.148s] DEBUG:colcon.colcon_core.event_handler.log_command:Invoking command in '/root/openpifpaf_ros2/src/rgbd_openpifpaf_ros2': CMAKE_PREFIX_PATH=/root/openpifpaf_ros2/install/openpifpaf_ros2_msgs:/root/openpifpaf_ros2/install/realsense2_description:/root/openpifpaf_ros2/install/realsense2_camera:/root/openpifpaf_ros2/install/realsense2_camera_msgs LD_LIBRARY_PATH=/root/openpifpaf_ros2/install/openpifpaf_ros2_msgs/lib:/root/openpifpaf_ros2/install/realsense2_camera/lib:/root/openpifpaf_ros2/install/realsense2_camera_msgs/lib:/usr/lib/x86_64-linux-gnu/gazebo-11/plugins:/opt/ros/foxy/opt/yaml_cpp_vendor/lib:/opt/ros/foxy/opt/rviz_ogre_vendor/lib:/opt/ros/foxy/lib/x86_64-linux-gnu:/opt/ros/foxy/lib:/usr/local/11.3.0/lib64:/usr/local/nvidia/lib:/usr/local/nvidia/lib64 PYTHONPATH=/root/openpifpaf_ros2/install/rgbd_openpifpaf_ros2/lib/python3.8/site-packages:/root/openpifpaf_ros2/install/openpifpaf_ros2_msgs/lib/python3.8/site-packages:/root/openpifpaf_ros2/install/rgbd_openpifpaf_ros2/lib/python3.8/site-packages:/root/openpifpaf_ros2/install/realsense2_camera_msgs/lib/python3.8/site-packages:/root/openpifpaf_ros2/install/pose_checker/lib/python3.8/site-packages:/root/openpifpaf_ros2/install/openpifpaf_ros2_node/lib/python3.8/site-packages:/opt/ros/foxy/lib/python3.8/site-packages _=/usr/bin/env /usr/bin/python3 setup.py egg_info --egg-base ../../build/rgbd_openpifpaf_ros2 build --build-base /root/openpifpaf_ros2/build/rgbd_openpifpaf_ros2/build install --prefix /root/openpifpaf_ros2/install/rgbd_openpifpaf_ros2 --record /root/openpifpaf_ros2/build/rgbd_openpifpaf_ros2/install.log --single-version-externally-managed
[2.448s] Level 1:colcon.colcon_core.environment:checking '/root/openpifpaf_ros2/install/openpifpaf_ros2_node' for CMake module files
[2.449s] DEBUG:colcon.colcon_core.event_handler.log_command:Invoked command in '/root/openpifpaf_ros2/src/openpifpaf_ros2_node' returned '0': CMAKE_PREFIX_PATH=/root/openpifpaf_ros2/install/openpifpaf_ros2_msgs:/root/openpifpaf_ros2/install/realsense2_description:/root/openpifpaf_ros2/install/realsense2_camera:/root/openpifpaf_ros2/install/realsense2_camera_msgs LD_LIBRARY_PATH=/root/openpifpaf_ros2/install/openpifpaf_ros2_msgs/lib:/root/openpifpaf_ros2/install/realsense2_camera/lib:/root/openpifpaf_ros2/install/realsense2_camera_msgs/lib:/usr/lib/x86_64-linux-gnu/gazebo-11/plugins:/opt/ros/foxy/opt/yaml_cpp_vendor/lib:/opt/ros/foxy/opt/rviz_ogre_vendor/lib:/opt/ros/foxy/lib/x86_64-linux-gnu:/opt/ros/foxy/lib:/usr/local/11.3.0/lib64:/usr/local/nvidia/lib:/usr/local/nvidia/lib64 PYTHONPATH=/root/openpifpaf_ros2/install/openpifpaf_ros2_node/lib/python3.8/site-packages:/root/openpifpaf_ros2/install/openpifpaf_ros2_msgs/lib/python3.8/site-packages:/root/openpifpaf_ros2/install/rgbd_openpifpaf_ros2/lib/python3.8/site-packages:/root/openpifpaf_ros2/install/realsense2_camera_msgs/lib/python3.8/site-packages:/root/openpifpaf_ros2/install/pose_checker/lib/python3.8/site-packages:/root/openpifpaf_ros2/install/openpifpaf_ros2_node/lib/python3.8/site-packages:/opt/ros/foxy/lib/python3.8/site-packages _=/usr/bin/env /usr/bin/python3 setup.py egg_info --egg-base ../../build/openpifpaf_ros2_node build --build-base /root/openpifpaf_ros2/build/openpifpaf_ros2_node/build install --prefix /root/openpifpaf_ros2/install/openpifpaf_ros2_node --record /root/openpifpaf_ros2/build/openpifpaf_ros2_node/install.log --single-version-externally-managed
[2.449s] Level 1:colcon.colcon_core.environment:checking '/root/openpifpaf_ros2/install/openpifpaf_ros2_node' for CMake config files
[2.450s] Level 1:colcon.colcon_core.environment:checking '/root/openpifpaf_ros2/install/openpifpaf_ros2_node/lib'
[2.451s] Level 1:colcon.colcon_core.environment:checking '/root/openpifpaf_ros2/install/openpifpaf_ros2_node/bin'
[2.451s] Level 1:colcon.colcon_core.environment:checking '/root/openpifpaf_ros2/install/openpifpaf_ros2_node/lib/pkgconfig/openpifpaf_ros2_node.pc'
[2.451s] Level 1:colcon.colcon_core.environment:checking '/root/openpifpaf_ros2/install/openpifpaf_ros2_node/lib/python3.8/site-packages'
[2.451s] Level 1:colcon.colcon_core.shell:create_environment_hook('openpifpaf_ros2_node', 'pythonpath')
[2.454s] INFO:colcon.colcon_core.shell:Creating environment hook '/root/openpifpaf_ros2/install/openpifpaf_ros2_node/share/openpifpaf_ros2_node/hook/pythonpath.ps1'
[2.455s] INFO:colcon.colcon_core.shell:Creating environment descriptor '/root/openpifpaf_ros2/install/openpifpaf_ros2_node/share/openpifpaf_ros2_node/hook/pythonpath.dsv'
[2.455s] INFO:colcon.colcon_core.shell:Creating environment hook '/root/openpifpaf_ros2/install/openpifpaf_ros2_node/share/openpifpaf_ros2_node/hook/pythonpath.sh'
[2.456s] Level 1:colcon.colcon_core.environment:checking '/root/openpifpaf_ros2/install/openpifpaf_ros2_node/bin'
[2.456s] Level 1:colcon.colcon_core.environment:create_environment_scripts_only(openpifpaf_ros2_node)
[2.458s] INFO:colcon.colcon_core.shell:Creating package script '/root/openpifpaf_ros2/install/openpifpaf_ros2_node/share/openpifpaf_ros2_node/package.ps1'
[2.459s] INFO:colcon.colcon_core.shell:Creating package descriptor '/root/openpifpaf_ros2/install/openpifpaf_ros2_node/share/openpifpaf_ros2_node/package.dsv'
[2.460s] INFO:colcon.colcon_core.shell:Creating package script '/root/openpifpaf_ros2/install/openpifpaf_ros2_node/share/openpifpaf_ros2_node/package.sh'
[2.460s] INFO:colcon.colcon_core.shell:Creating package script '/root/openpifpaf_ros2/install/openpifpaf_ros2_node/share/openpifpaf_ros2_node/package.bash'
[2.461s] INFO:colcon.colcon_core.shell:Creating package script '/root/openpifpaf_ros2/install/openpifpaf_ros2_node/share/openpifpaf_ros2_node/package.zsh'
[2.461s] Level 1:colcon.colcon_core.environment:create_file_with_runtime_dependencies(/root/openpifpaf_ros2/install/openpifpaf_ros2_node/share/colcon-core/packages/openpifpaf_ros2_node)
[2.466s] Level 1:colcon.colcon_core.environment:checking '/root/openpifpaf_ros2/install/rgbd_openpifpaf_ros2' for CMake module files
[2.467s] DEBUG:colcon.colcon_core.event_handler.log_command:Invoked command in '/root/openpifpaf_ros2/src/rgbd_openpifpaf_ros2' returned '0': CMAKE_PREFIX_PATH=/root/openpifpaf_ros2/install/openpifpaf_ros2_msgs:/root/openpifpaf_ros2/install/realsense2_description:/root/openpifpaf_ros2/install/realsense2_camera:/root/openpifpaf_ros2/install/realsense2_camera_msgs LD_LIBRARY_PATH=/root/openpifpaf_ros2/install/openpifpaf_ros2_msgs/lib:/root/openpifpaf_ros2/install/realsense2_camera/lib:/root/openpifpaf_ros2/install/realsense2_camera_msgs/lib:/usr/lib/x86_64-linux-gnu/gazebo-11/plugins:/opt/ros/foxy/opt/yaml_cpp_vendor/lib:/opt/ros/foxy/opt/rviz_ogre_vendor/lib:/opt/ros/foxy/lib/x86_64-linux-gnu:/opt/ros/foxy/lib:/usr/local/11.3.0/lib64:/usr/local/nvidia/lib:/usr/local/nvidia/lib64 PYTHONPATH=/root/openpifpaf_ros2/install/rgbd_openpifpaf_ros2/lib/python3.8/site-packages:/root/openpifpaf_ros2/install/openpifpaf_ros2_msgs/lib/python3.8/site-packages:/root/openpifpaf_ros2/install/rgbd_openpifpaf_ros2/lib/python3.8/site-packages:/root/openpifpaf_ros2/install/realsense2_camera_msgs/lib/python3.8/site-packages:/root/openpifpaf_ros2/install/pose_checker/lib/python3.8/site-packages:/root/openpifpaf_ros2/install/openpifpaf_ros2_node/lib/python3.8/site-packages:/opt/ros/foxy/lib/python3.8/site-packages _=/usr/bin/env /usr/bin/python3 setup.py egg_info --egg-base ../../build/rgbd_openpifpaf_ros2 build --build-base /root/openpifpaf_ros2/build/rgbd_openpifpaf_ros2/build install --prefix /root/openpifpaf_ros2/install/rgbd_openpifpaf_ros2 --record /root/openpifpaf_ros2/build/rgbd_openpifpaf_ros2/install.log --single-version-externally-managed
[2.467s] Level 1:colcon.colcon_core.environment:checking '/root/openpifpaf_ros2/install/rgbd_openpifpaf_ros2' for CMake config files
[2.468s] Level 1:colcon.colcon_core.environment:checking '/root/openpifpaf_ros2/install/rgbd_openpifpaf_ros2/lib'
[2.468s] Level 1:colcon.colcon_core.environment:checking '/root/openpifpaf_ros2/install/rgbd_openpifpaf_ros2/bin'
[2.468s] Level 1:colcon.colcon_core.environment:checking '/root/openpifpaf_ros2/install/rgbd_openpifpaf_ros2/lib/pkgconfig/rgbd_openpifpaf_ros2.pc'
[2.468s] Level 1:colcon.colcon_core.environment:checking '/root/openpifpaf_ros2/install/rgbd_openpifpaf_ros2/lib/python3.8/site-packages'
[2.468s] Level 1:colcon.colcon_core.shell:create_environment_hook('rgbd_openpifpaf_ros2', 'pythonpath')
[2.470s] INFO:colcon.colcon_core.shell:Creating environment hook '/root/openpifpaf_ros2/install/rgbd_openpifpaf_ros2/share/rgbd_openpifpaf_ros2/hook/pythonpath.ps1'
[2.470s] INFO:colcon.colcon_core.shell:Creating environment descriptor '/root/openpifpaf_ros2/install/rgbd_openpifpaf_ros2/share/rgbd_openpifpaf_ros2/hook/pythonpath.dsv'
[2.471s] INFO:colcon.colcon_core.shell:Creating environment hook '/root/openpifpaf_ros2/install/rgbd_openpifpaf_ros2/share/rgbd_openpifpaf_ros2/hook/pythonpath.sh'
[2.471s] Level 1:colcon.colcon_core.environment:checking '/root/openpifpaf_ros2/install/rgbd_openpifpaf_ros2/bin'
[2.471s] Level 1:colcon.colcon_core.environment:create_environment_scripts_only(rgbd_openpifpaf_ros2)
[2.472s] INFO:colcon.colcon_core.shell:Creating package script '/root/openpifpaf_ros2/install/rgbd_openpifpaf_ros2/share/rgbd_openpifpaf_ros2/package.ps1'
[2.473s] INFO:colcon.colcon_core.shell:Creating package descriptor '/root/openpifpaf_ros2/install/rgbd_openpifpaf_ros2/share/rgbd_openpifpaf_ros2/package.dsv'
[2.473s] INFO:colcon.colcon_core.shell:Creating package script '/root/openpifpaf_ros2/install/rgbd_openpifpaf_ros2/share/rgbd_openpifpaf_ros2/package.sh'
[2.474s] INFO:colcon.colcon_core.shell:Creating package script '/root/openpifpaf_ros2/install/rgbd_openpifpaf_ros2/share/rgbd_openpifpaf_ros2/package.bash'
[2.474s] INFO:colcon.colcon_core.shell:Creating package script '/root/openpifpaf_ros2/install/rgbd_openpifpaf_ros2/share/rgbd_openpifpaf_ros2/package.zsh'
[2.474s] Level 1:colcon.colcon_core.environment:create_file_with_runtime_dependencies(/root/openpifpaf_ros2/install/rgbd_openpifpaf_ros2/share/colcon-core/packages/rgbd_openpifpaf_ros2)
[2.475s] DEBUG:colcon.colcon_parallel_executor.executor.parallel:closing loop
[2.475s] DEBUG:colcon.colcon_parallel_executor.executor.parallel:loop closed
[2.475s] DEBUG:colcon.colcon_parallel_executor.executor.parallel:run_until_complete finished with '0'
[2.475s] DEBUG:colcon.colcon_core.event_reactor:joining thread
[2.483s] INFO:colcon.colcon_core.plugin_system:Skipping extension 'colcon_notification.desktop_notification.notify_send': Could not find 'notify-send'
[2.483s] INFO:colcon.colcon_core.plugin_system:Skipping extension 'colcon_notification.desktop_notification.terminal_notifier': Not used on non-Darwin systems
[2.483s] INFO:colcon.colcon_core.plugin_system:Skipping extension 'colcon_notification.desktop_notification.win32': Not used on non-Windows systems
[2.483s] INFO:colcon.colcon_notification.desktop_notification:Sending desktop notification using 'notify2'
[2.489s] DEBUG:colcon.colcon_notification.desktop_notification.notify2:Failed to initialize notify2: org.freedesktop.DBus.Error.ServiceUnknown: The name org.freedesktop.Notifications was not provided by any .service files
[2.490s] DEBUG:colcon.colcon_core.event_reactor:joined thread
[2.492s] INFO:colcon.colcon_core.shell:Creating prefix script '/root/openpifpaf_ros2/install/local_setup.ps1'
[2.493s] INFO:colcon.colcon_core.shell:Creating prefix util module '/root/openpifpaf_ros2/install/_local_setup_util_ps1.py'
[2.494s] INFO:colcon.colcon_core.shell:Creating prefix chain script '/root/openpifpaf_ros2/install/setup.ps1'
[2.496s] INFO:colcon.colcon_core.shell:Creating prefix script '/root/openpifpaf_ros2/install/local_setup.sh'
[2.497s] INFO:colcon.colcon_core.shell:Creating prefix util module '/root/openpifpaf_ros2/install/_local_setup_util_sh.py'
[2.497s] INFO:colcon.colcon_core.shell:Creating prefix chain script '/root/openpifpaf_ros2/install/setup.sh'
[2.499s] INFO:colcon.colcon_core.shell:Creating prefix script '/root/openpifpaf_ros2/install/local_setup.bash'
[2.499s] INFO:colcon.colcon_core.shell:Creating prefix chain script '/root/openpifpaf_ros2/install/setup.bash'
[2.501s] INFO:colcon.colcon_core.shell:Creating prefix script '/root/openpifpaf_ros2/install/local_setup.zsh'
[2.501s] INFO:colcon.colcon_core.shell:Creating prefix chain script '/root/openpifpaf_ros2/install/setup.zsh'
