[0.703s] Invoking command in '/root/openpifpaf_ros2/src/pose_checker': PYTHONPATH=/root/openpifpaf_ros2/install/pose_checker/lib/python3.8/site-packages:${PYTHONPATH} _=/usr/bin/env /usr/bin/python3 setup.py egg_info --egg-base ../../build/pose_checker build --build-base /root/openpifpaf_ros2/build/pose_checker/build install --prefix /root/openpifpaf_ros2/install/pose_checker --record /root/openpifpaf_ros2/build/pose_checker/install.log --single-version-externally-managed
[0.907s] running egg_info
[0.907s] writing ../../build/pose_checker/pose_checker.egg-info/PKG-INFO
[0.907s] writing dependency_links to ../../build/pose_checker/pose_checker.egg-info/dependency_links.txt
[0.908s] writing entry points to ../../build/pose_checker/pose_checker.egg-info/entry_points.txt
[0.908s] writing requirements to ../../build/pose_checker/pose_checker.egg-info/requires.txt
[0.908s] writing top-level names to ../../build/pose_checker/pose_checker.egg-info/top_level.txt
[0.942s] reading manifest file '../../build/pose_checker/pose_checker.egg-info/SOURCES.txt'
[0.943s] writing manifest file '../../build/pose_checker/pose_checker.egg-info/SOURCES.txt'
[0.943s] running build
[0.943s] running build_py
[0.943s] running install
[0.944s] running install_lib
[0.945s] running install_data
[0.946s] running install_egg_info
[0.947s] removing '/root/openpifpaf_ros2/install/pose_checker/lib/python3.8/site-packages/pose_checker-0.0.0-py3.8.egg-info' (and everything under it)
[0.948s] Copying ../../build/pose_checker/pose_checker.egg-info to /root/openpifpaf_ros2/install/pose_checker/lib/python3.8/site-packages/pose_checker-0.0.0-py3.8.egg-info
[0.949s] running install_scripts
[0.964s] Installing pose_checker script to /root/openpifpaf_ros2/install/pose_checker/lib/pose_checker
[0.964s] writing list of installed files to '/root/openpifpaf_ros2/build/pose_checker/install.log'
[1.329s] Invoked command in '/root/openpifpaf_ros2/src/pose_checker' returned '0': PYTHONPATH=/root/openpifpaf_ros2/install/pose_checker/lib/python3.8/site-packages:${PYTHONPATH} _=/usr/bin/env /usr/bin/python3 setup.py egg_info --egg-base ../../build/pose_checker build --build-base /root/openpifpaf_ros2/build/pose_checker/build install --prefix /root/openpifpaf_ros2/install/pose_checker --record /root/openpifpaf_ros2/build/pose_checker/install.log --single-version-externally-managed
