[0.128s] DEBUG:colcon:Command line arguments: ['/usr/bin/colcon', 'build']
[0.128s] DEBUG:colcon:Parsed command line arguments: Namespace(ament_cmake_args=None, base_paths=['.'], build_base='build', catkin_cmake_args=None, catkin_skip_building_tests=False, cmake_args=None, cmake_clean_cache=False, cmake_clean_first=False, cmake_force_configure=False, cmake_target=None, cmake_target_skip_unavailable=False, continue_on_error=False, event_handlers=None, executor='parallel', ignore_user_meta=False, install_base='install', log_base=None, log_level=None, main=<bound method BuildVerb.main of <colcon_core.verb.build.BuildVerb object at 0x7f896a7a2b20>>, merge_install=False, metas=['./colcon.meta'], packages_above=None, packages_above_and_dependencies=None, packages_above_depth=None, packages_end=None, packages_ignore=None, packages_ignore_regex=None, packages_select=None, packages_select_build_failed=False, packages_select_by_dep=None, packages_select_regex=None, packages_select_test_failures=False, packages_skip=None, packages_skip_build_finished=False, packages_skip_by_dep=None, packages_skip_regex=None, packages_skip_test_passed=False, packages_skip_up_to=None, packages_start=None, packages_up_to=None, packages_up_to_regex=None, parallel_workers=12, paths=None, symlink_install=False, test_result_base=None, verb_extension=<colcon_core.verb.build.BuildVerb object at 0x7f896a7a2b20>, verb_name='build', verb_parser=<colcon_defaults.argument_parser.defaults.DefaultArgumentsDecorator object at 0x7f896a7ad0d0>)
[0.150s] Level 1:colcon.colcon_core.package_discovery:discover_packages(colcon_meta) check parameters
[0.151s] Level 1:colcon.colcon_core.package_discovery:discover_packages(recursive) check parameters
[0.151s] Level 1:colcon.colcon_core.package_discovery:discover_packages(ignore) check parameters
[0.151s] Level 1:colcon.colcon_core.package_discovery:discover_packages(path) check parameters
[0.151s] Level 1:colcon.colcon_core.package_discovery:discover_packages(colcon_meta) discover
[0.151s] Level 1:colcon.colcon_core.package_discovery:discover_packages(recursive) discover
[0.151s] INFO:colcon.colcon_core.package_discovery:Crawling recursively for packages in '/root/openpifpaf_ros2'
[0.151s] Level 1:colcon.colcon_core.package_identification:_identify(.) by extensions ['ignore', 'ignore_ament_install']
[0.151s] Level 1:colcon.colcon_core.package_identification:_identify(.) by extension 'ignore'
[0.151s] Level 1:colcon.colcon_core.package_identification:_identify(.) by extension 'ignore_ament_install'
[0.151s] Level 1:colcon.colcon_core.package_identification:_identify(.) by extensions ['colcon_pkg']
[0.151s] Level 1:colcon.colcon_core.package_identification:_identify(.) by extension 'colcon_pkg'
[0.151s] Level 1:colcon.colcon_core.package_identification:_identify(.) by extensions ['colcon_meta']
[0.151s] Level 1:colcon.colcon_core.package_identification:_identify(.) by extension 'colcon_meta'
[0.151s] Level 1:colcon.colcon_core.package_identification:_identify(.) by extensions ['ros']
[0.151s] Level 1:colcon.colcon_core.package_identification:_identify(.) by extension 'ros'
[0.161s] Level 1:colcon.colcon_core.package_identification:_identify(.) by extensions ['cmake', 'python']
[0.161s] Level 1:colcon.colcon_core.package_identification:_identify(.) by extension 'cmake'
[0.161s] Level 1:colcon.colcon_core.package_identification:_identify(.) by extension 'python'
[0.161s] Level 1:colcon.colcon_core.package_identification:_identify(.) by extensions ['python_setup_py']
[0.161s] Level 1:colcon.colcon_core.package_identification:_identify(.) by extension 'python_setup_py'
[0.161s] Level 1:colcon.colcon_core.package_identification:_identify(build) by extensions ['ignore', 'ignore_ament_install']
[0.162s] Level 1:colcon.colcon_core.package_identification:_identify(build) by extension 'ignore'
[0.162s] Level 1:colcon.colcon_core.package_identification:_identify(build) ignored
[0.162s] Level 1:colcon.colcon_core.package_identification:_identify(install) by extensions ['ignore', 'ignore_ament_install']
[0.162s] Level 1:colcon.colcon_core.package_identification:_identify(install) by extension 'ignore'
[0.162s] Level 1:colcon.colcon_core.package_identification:_identify(install) ignored
[0.162s] Level 1:colcon.colcon_core.package_identification:_identify(log) by extensions ['ignore', 'ignore_ament_install']
[0.162s] Level 1:colcon.colcon_core.package_identification:_identify(log) by extension 'ignore'
[0.162s] Level 1:colcon.colcon_core.package_identification:_identify(log) ignored
[0.162s] Level 1:colcon.colcon_core.package_identification:_identify(opencr_update) by extensions ['ignore', 'ignore_ament_install']
[0.162s] Level 1:colcon.colcon_core.package_identification:_identify(opencr_update) by extension 'ignore'
[0.162s] Level 1:colcon.colcon_core.package_identification:_identify(opencr_update) by extension 'ignore_ament_install'
[0.162s] Level 1:colcon.colcon_core.package_identification:_identify(opencr_update) by extensions ['colcon_pkg']
[0.162s] Level 1:colcon.colcon_core.package_identification:_identify(opencr_update) by extension 'colcon_pkg'
[0.162s] Level 1:colcon.colcon_core.package_identification:_identify(opencr_update) by extensions ['colcon_meta']
[0.162s] Level 1:colcon.colcon_core.package_identification:_identify(opencr_update) by extension 'colcon_meta'
[0.162s] Level 1:colcon.colcon_core.package_identification:_identify(opencr_update) by extensions ['ros']
[0.163s] Level 1:colcon.colcon_core.package_identification:_identify(opencr_update) by extension 'ros'
[0.163s] Level 1:colcon.colcon_core.package_identification:_identify(opencr_update) by extensions ['cmake', 'python']
[0.163s] Level 1:colcon.colcon_core.package_identification:_identify(opencr_update) by extension 'cmake'
[0.163s] Level 1:colcon.colcon_core.package_identification:_identify(opencr_update) by extension 'python'
[0.163s] Level 1:colcon.colcon_core.package_identification:_identify(opencr_update) by extensions ['python_setup_py']
[0.163s] Level 1:colcon.colcon_core.package_identification:_identify(opencr_update) by extension 'python_setup_py'
[0.163s] Level 1:colcon.colcon_core.package_identification:_identify(src) by extensions ['ignore', 'ignore_ament_install']
[0.163s] Level 1:colcon.colcon_core.package_identification:_identify(src) by extension 'ignore'
[0.163s] Level 1:colcon.colcon_core.package_identification:_identify(src) by extension 'ignore_ament_install'
[0.163s] Level 1:colcon.colcon_core.package_identification:_identify(src) by extensions ['colcon_pkg']
[0.163s] Level 1:colcon.colcon_core.package_identification:_identify(src) by extension 'colcon_pkg'
[0.163s] Level 1:colcon.colcon_core.package_identification:_identify(src) by extensions ['colcon_meta']
[0.163s] Level 1:colcon.colcon_core.package_identification:_identify(src) by extension 'colcon_meta'
[0.163s] Level 1:colcon.colcon_core.package_identification:_identify(src) by extensions ['ros']
[0.163s] Level 1:colcon.colcon_core.package_identification:_identify(src) by extension 'ros'
[0.163s] Level 1:colcon.colcon_core.package_identification:_identify(src) by extensions ['cmake', 'python']
[0.163s] Level 1:colcon.colcon_core.package_identification:_identify(src) by extension 'cmake'
[0.163s] Level 1:colcon.colcon_core.package_identification:_identify(src) by extension 'python'
[0.163s] Level 1:colcon.colcon_core.package_identification:_identify(src) by extensions ['python_setup_py']
[0.163s] Level 1:colcon.colcon_core.package_identification:_identify(src) by extension 'python_setup_py'
[0.163s] Level 1:colcon.colcon_core.package_identification:_identify(src/openpifpaf_ros2_msgs) by extensions ['ignore', 'ignore_ament_install']
[0.164s] Level 1:colcon.colcon_core.package_identification:_identify(src/openpifpaf_ros2_msgs) by extension 'ignore'
[0.164s] Level 1:colcon.colcon_core.package_identification:_identify(src/openpifpaf_ros2_msgs) by extension 'ignore_ament_install'
[0.164s] Level 1:colcon.colcon_core.package_identification:_identify(src/openpifpaf_ros2_msgs) by extensions ['colcon_pkg']
[0.164s] Level 1:colcon.colcon_core.package_identification:_identify(src/openpifpaf_ros2_msgs) by extension 'colcon_pkg'
[0.164s] Level 1:colcon.colcon_core.package_identification:_identify(src/openpifpaf_ros2_msgs) by extensions ['colcon_meta']
[0.164s] Level 1:colcon.colcon_core.package_identification:_identify(src/openpifpaf_ros2_msgs) by extension 'colcon_meta'
[0.164s] Level 1:colcon.colcon_core.package_identification:_identify(src/openpifpaf_ros2_msgs) by extensions ['ros']
[0.164s] Level 1:colcon.colcon_core.package_identification:_identify(src/openpifpaf_ros2_msgs) by extension 'ros'
[0.166s] DEBUG:colcon.colcon_core.package_identification:Package 'src/openpifpaf_ros2_msgs' with type 'ros.ament_cmake' and name 'openpifpaf_ros2_msgs'
[0.166s] Level 1:colcon.colcon_core.package_identification:_identify(src/openpifpaf_ros2_node) by extensions ['ignore', 'ignore_ament_install']
[0.166s] Level 1:colcon.colcon_core.package_identification:_identify(src/openpifpaf_ros2_node) by extension 'ignore'
[0.166s] Level 1:colcon.colcon_core.package_identification:_identify(src/openpifpaf_ros2_node) by extension 'ignore_ament_install'
[0.166s] Level 1:colcon.colcon_core.package_identification:_identify(src/openpifpaf_ros2_node) by extensions ['colcon_pkg']
[0.166s] Level 1:colcon.colcon_core.package_identification:_identify(src/openpifpaf_ros2_node) by extension 'colcon_pkg'
[0.167s] Level 1:colcon.colcon_core.package_identification:_identify(src/openpifpaf_ros2_node) by extensions ['colcon_meta']
[0.167s] Level 1:colcon.colcon_core.package_identification:_identify(src/openpifpaf_ros2_node) by extension 'colcon_meta'
[0.167s] Level 1:colcon.colcon_core.package_identification:_identify(src/openpifpaf_ros2_node) by extensions ['ros']
[0.167s] Level 1:colcon.colcon_core.package_identification:_identify(src/openpifpaf_ros2_node) by extension 'ros'
[0.167s] DEBUG:colcon.colcon_core.package_identification:Package 'src/openpifpaf_ros2_node' with type 'ros.ament_python' and name 'openpifpaf_ros2_node'
[0.167s] Level 1:colcon.colcon_core.package_identification:_identify(src/pose_checker) by extensions ['ignore', 'ignore_ament_install']
[0.167s] Level 1:colcon.colcon_core.package_identification:_identify(src/pose_checker) by extension 'ignore'
[0.167s] Level 1:colcon.colcon_core.package_identification:_identify(src/pose_checker) by extension 'ignore_ament_install'
[0.167s] Level 1:colcon.colcon_core.package_identification:_identify(src/pose_checker) by extensions ['colcon_pkg']
[0.168s] Level 1:colcon.colcon_core.package_identification:_identify(src/pose_checker) by extension 'colcon_pkg'
[0.168s] Level 1:colcon.colcon_core.package_identification:_identify(src/pose_checker) by extensions ['colcon_meta']
[0.168s] Level 1:colcon.colcon_core.package_identification:_identify(src/pose_checker) by extension 'colcon_meta'
[0.168s] Level 1:colcon.colcon_core.package_identification:_identify(src/pose_checker) by extensions ['ros']
[0.168s] Level 1:colcon.colcon_core.package_identification:_identify(src/pose_checker) by extension 'ros'
[0.168s] DEBUG:colcon.colcon_core.package_identification:Package 'src/pose_checker' with type 'ros.ament_python' and name 'pose_checker'
[0.168s] Level 1:colcon.colcon_core.package_identification:_identify(src/realsense-ros) by extensions ['ignore', 'ignore_ament_install']
[0.168s] Level 1:colcon.colcon_core.package_identification:_identify(src/realsense-ros) by extension 'ignore'
[0.168s] Level 1:colcon.colcon_core.package_identification:_identify(src/realsense-ros) by extension 'ignore_ament_install'
[0.168s] Level 1:colcon.colcon_core.package_identification:_identify(src/realsense-ros) by extensions ['colcon_pkg']
[0.168s] Level 1:colcon.colcon_core.package_identification:_identify(src/realsense-ros) by extension 'colcon_pkg'
[0.168s] Level 1:colcon.colcon_core.package_identification:_identify(src/realsense-ros) by extensions ['colcon_meta']
[0.169s] Level 1:colcon.colcon_core.package_identification:_identify(src/realsense-ros) by extension 'colcon_meta'
[0.169s] Level 1:colcon.colcon_core.package_identification:_identify(src/realsense-ros) by extensions ['ros']
[0.169s] Level 1:colcon.colcon_core.package_identification:_identify(src/realsense-ros) by extension 'ros'
[0.169s] Level 1:colcon.colcon_core.package_identification:_identify(src/realsense-ros) by extensions ['cmake', 'python']
[0.169s] Level 1:colcon.colcon_core.package_identification:_identify(src/realsense-ros) by extension 'cmake'
[0.169s] Level 1:colcon.colcon_core.package_identification:_identify(src/realsense-ros) by extension 'python'
[0.169s] Level 1:colcon.colcon_core.package_identification:_identify(src/realsense-ros) by extensions ['python_setup_py']
[0.169s] Level 1:colcon.colcon_core.package_identification:_identify(src/realsense-ros) by extension 'python_setup_py'
[0.169s] Level 1:colcon.colcon_core.package_identification:_identify(src/realsense-ros/realsense2_camera) by extensions ['ignore', 'ignore_ament_install']
[0.169s] Level 1:colcon.colcon_core.package_identification:_identify(src/realsense-ros/realsense2_camera) by extension 'ignore'
[0.169s] Level 1:colcon.colcon_core.package_identification:_identify(src/realsense-ros/realsense2_camera) by extension 'ignore_ament_install'
[0.169s] Level 1:colcon.colcon_core.package_identification:_identify(src/realsense-ros/realsense2_camera) by extensions ['colcon_pkg']
[0.169s] Level 1:colcon.colcon_core.package_identification:_identify(src/realsense-ros/realsense2_camera) by extension 'colcon_pkg'
[0.169s] Level 1:colcon.colcon_core.package_identification:_identify(src/realsense-ros/realsense2_camera) by extensions ['colcon_meta']
[0.169s] Level 1:colcon.colcon_core.package_identification:_identify(src/realsense-ros/realsense2_camera) by extension 'colcon_meta'
[0.169s] Level 1:colcon.colcon_core.package_identification:_identify(src/realsense-ros/realsense2_camera) by extensions ['ros']
[0.169s] Level 1:colcon.colcon_core.package_identification:_identify(src/realsense-ros/realsense2_camera) by extension 'ros'
[0.171s] DEBUG:colcon.colcon_core.package_identification:Package 'src/realsense-ros/realsense2_camera' with type 'ros.ament_cmake' and name 'realsense2_camera'
[0.171s] Level 1:colcon.colcon_core.package_identification:_identify(src/realsense-ros/realsense2_camera_msgs) by extensions ['ignore', 'ignore_ament_install']
[0.171s] Level 1:colcon.colcon_core.package_identification:_identify(src/realsense-ros/realsense2_camera_msgs) by extension 'ignore'
[0.171s] Level 1:colcon.colcon_core.package_identification:_identify(src/realsense-ros/realsense2_camera_msgs) by extension 'ignore_ament_install'
[0.171s] Level 1:colcon.colcon_core.package_identification:_identify(src/realsense-ros/realsense2_camera_msgs) by extensions ['colcon_pkg']
[0.171s] Level 1:colcon.colcon_core.package_identification:_identify(src/realsense-ros/realsense2_camera_msgs) by extension 'colcon_pkg'
[0.171s] Level 1:colcon.colcon_core.package_identification:_identify(src/realsense-ros/realsense2_camera_msgs) by extensions ['colcon_meta']
[0.171s] Level 1:colcon.colcon_core.package_identification:_identify(src/realsense-ros/realsense2_camera_msgs) by extension 'colcon_meta'
[0.171s] Level 1:colcon.colcon_core.package_identification:_identify(src/realsense-ros/realsense2_camera_msgs) by extensions ['ros']
[0.171s] Level 1:colcon.colcon_core.package_identification:_identify(src/realsense-ros/realsense2_camera_msgs) by extension 'ros'
[0.172s] DEBUG:colcon.colcon_core.package_identification:Package 'src/realsense-ros/realsense2_camera_msgs' with type 'ros.ament_cmake' and name 'realsense2_camera_msgs'
[0.172s] Level 1:colcon.colcon_core.package_identification:_identify(src/realsense-ros/realsense2_description) by extensions ['ignore', 'ignore_ament_install']
[0.172s] Level 1:colcon.colcon_core.package_identification:_identify(src/realsense-ros/realsense2_description) by extension 'ignore'
[0.172s] Level 1:colcon.colcon_core.package_identification:_identify(src/realsense-ros/realsense2_description) by extension 'ignore_ament_install'
[0.172s] Level 1:colcon.colcon_core.package_identification:_identify(src/realsense-ros/realsense2_description) by extensions ['colcon_pkg']
[0.172s] Level 1:colcon.colcon_core.package_identification:_identify(src/realsense-ros/realsense2_description) by extension 'colcon_pkg'
[0.172s] Level 1:colcon.colcon_core.package_identification:_identify(src/realsense-ros/realsense2_description) by extensions ['colcon_meta']
[0.172s] Level 1:colcon.colcon_core.package_identification:_identify(src/realsense-ros/realsense2_description) by extension 'colcon_meta'
[0.172s] Level 1:colcon.colcon_core.package_identification:_identify(src/realsense-ros/realsense2_description) by extensions ['ros']
[0.172s] Level 1:colcon.colcon_core.package_identification:_identify(src/realsense-ros/realsense2_description) by extension 'ros'
[0.173s] DEBUG:colcon.colcon_core.package_identification:Package 'src/realsense-ros/realsense2_description' with type 'ros.ament_cmake' and name 'realsense2_description'
[0.173s] Level 1:colcon.colcon_core.package_identification:_identify(src/rgbd_openpifpaf_ros2) by extensions ['ignore', 'ignore_ament_install']
[0.173s] Level 1:colcon.colcon_core.package_identification:_identify(src/rgbd_openpifpaf_ros2) by extension 'ignore'
[0.173s] Level 1:colcon.colcon_core.package_identification:_identify(src/rgbd_openpifpaf_ros2) by extension 'ignore_ament_install'
[0.173s] Level 1:colcon.colcon_core.package_identification:_identify(src/rgbd_openpifpaf_ros2) by extensions ['colcon_pkg']
[0.173s] Level 1:colcon.colcon_core.package_identification:_identify(src/rgbd_openpifpaf_ros2) by extension 'colcon_pkg'
[0.173s] Level 1:colcon.colcon_core.package_identification:_identify(src/rgbd_openpifpaf_ros2) by extensions ['colcon_meta']
[0.173s] Level 1:colcon.colcon_core.package_identification:_identify(src/rgbd_openpifpaf_ros2) by extension 'colcon_meta'
[0.174s] Level 1:colcon.colcon_core.package_identification:_identify(src/rgbd_openpifpaf_ros2) by extensions ['ros']
[0.174s] Level 1:colcon.colcon_core.package_identification:_identify(src/rgbd_openpifpaf_ros2) by extension 'ros'
[0.174s] DEBUG:colcon.colcon_core.package_identification:Package 'src/rgbd_openpifpaf_ros2' with type 'ros.ament_python' and name 'rgbd_openpifpaf_ros2'
[0.174s] Level 1:colcon.colcon_core.package_discovery:discover_packages(recursive) using defaults
[0.174s] Level 1:colcon.colcon_core.package_discovery:discover_packages(ignore) discover
[0.174s] Level 1:colcon.colcon_core.package_discovery:discover_packages(ignore) using defaults
[0.174s] Level 1:colcon.colcon_core.package_discovery:discover_packages(path) discover
[0.174s] Level 1:colcon.colcon_core.package_discovery:discover_packages(path) using defaults
[0.200s] Level 5:colcon.colcon_core.verb:set package 'openpifpaf_ros2_msgs' build argument 'cmake_args' from command line to 'None'
[0.200s] Level 5:colcon.colcon_core.verb:set package 'openpifpaf_ros2_msgs' build argument 'cmake_target' from command line to 'None'
[0.200s] Level 5:colcon.colcon_core.verb:set package 'openpifpaf_ros2_msgs' build argument 'cmake_target_skip_unavailable' from command line to 'False'
[0.200s] Level 5:colcon.colcon_core.verb:set package 'openpifpaf_ros2_msgs' build argument 'cmake_clean_cache' from command line to 'False'
[0.200s] Level 5:colcon.colcon_core.verb:set package 'openpifpaf_ros2_msgs' build argument 'cmake_clean_first' from command line to 'False'
[0.200s] Level 5:colcon.colcon_core.verb:set package 'openpifpaf_ros2_msgs' build argument 'cmake_force_configure' from command line to 'False'
[0.200s] Level 5:colcon.colcon_core.verb:set package 'openpifpaf_ros2_msgs' build argument 'ament_cmake_args' from command line to 'None'
[0.200s] Level 5:colcon.colcon_core.verb:set package 'openpifpaf_ros2_msgs' build argument 'catkin_cmake_args' from command line to 'None'
[0.200s] Level 5:colcon.colcon_core.verb:set package 'openpifpaf_ros2_msgs' build argument 'catkin_skip_building_tests' from command line to 'False'
[0.200s] DEBUG:colcon.colcon_core.verb:Building package 'openpifpaf_ros2_msgs' with the following arguments: {'ament_cmake_args': None, 'build_base': '/root/openpifpaf_ros2/build/openpifpaf_ros2_msgs', 'catkin_cmake_args': None, 'catkin_skip_building_tests': False, 'cmake_args': None, 'cmake_clean_cache': False, 'cmake_clean_first': False, 'cmake_force_configure': False, 'cmake_target': None, 'cmake_target_skip_unavailable': False, 'install_base': '/root/openpifpaf_ros2/install/openpifpaf_ros2_msgs', 'merge_install': False, 'path': '/root/openpifpaf_ros2/src/openpifpaf_ros2_msgs', 'symlink_install': False, 'test_result_base': None}
[0.201s] Level 5:colcon.colcon_core.verb:set package 'pose_checker' build argument 'cmake_args' from command line to 'None'
[0.201s] Level 5:colcon.colcon_core.verb:set package 'pose_checker' build argument 'cmake_target' from command line to 'None'
[0.201s] Level 5:colcon.colcon_core.verb:set package 'pose_checker' build argument 'cmake_target_skip_unavailable' from command line to 'False'
[0.201s] Level 5:colcon.colcon_core.verb:set package 'pose_checker' build argument 'cmake_clean_cache' from command line to 'False'
[0.201s] Level 5:colcon.colcon_core.verb:set package 'pose_checker' build argument 'cmake_clean_first' from command line to 'False'
[0.201s] Level 5:colcon.colcon_core.verb:set package 'pose_checker' build argument 'cmake_force_configure' from command line to 'False'
[0.201s] Level 5:colcon.colcon_core.verb:set package 'pose_checker' build argument 'ament_cmake_args' from command line to 'None'
[0.201s] Level 5:colcon.colcon_core.verb:set package 'pose_checker' build argument 'catkin_cmake_args' from command line to 'None'
[0.201s] Level 5:colcon.colcon_core.verb:set package 'pose_checker' build argument 'catkin_skip_building_tests' from command line to 'False'
[0.201s] DEBUG:colcon.colcon_core.verb:Building package 'pose_checker' with the following arguments: {'ament_cmake_args': None, 'build_base': '/root/openpifpaf_ros2/build/pose_checker', 'catkin_cmake_args': None, 'catkin_skip_building_tests': False, 'cmake_args': None, 'cmake_clean_cache': False, 'cmake_clean_first': False, 'cmake_force_configure': False, 'cmake_target': None, 'cmake_target_skip_unavailable': False, 'install_base': '/root/openpifpaf_ros2/install/pose_checker', 'merge_install': False, 'path': '/root/openpifpaf_ros2/src/pose_checker', 'symlink_install': False, 'test_result_base': None}
[0.202s] Level 5:colcon.colcon_core.verb:set package 'realsense2_camera_msgs' build argument 'cmake_args' from command line to 'None'
[0.202s] Level 5:colcon.colcon_core.verb:set package 'realsense2_camera_msgs' build argument 'cmake_target' from command line to 'None'
[0.202s] Level 5:colcon.colcon_core.verb:set package 'realsense2_camera_msgs' build argument 'cmake_target_skip_unavailable' from command line to 'False'
[0.202s] Level 5:colcon.colcon_core.verb:set package 'realsense2_camera_msgs' build argument 'cmake_clean_cache' from command line to 'False'
[0.202s] Level 5:colcon.colcon_core.verb:set package 'realsense2_camera_msgs' build argument 'cmake_clean_first' from command line to 'False'
[0.202s] Level 5:colcon.colcon_core.verb:set package 'realsense2_camera_msgs' build argument 'cmake_force_configure' from command line to 'False'
[0.202s] Level 5:colcon.colcon_core.verb:set package 'realsense2_camera_msgs' build argument 'ament_cmake_args' from command line to 'None'
[0.202s] Level 5:colcon.colcon_core.verb:set package 'realsense2_camera_msgs' build argument 'catkin_cmake_args' from command line to 'None'
[0.202s] Level 5:colcon.colcon_core.verb:set package 'realsense2_camera_msgs' build argument 'catkin_skip_building_tests' from command line to 'False'
[0.202s] DEBUG:colcon.colcon_core.verb:Building package 'realsense2_camera_msgs' with the following arguments: {'ament_cmake_args': None, 'build_base': '/root/openpifpaf_ros2/build/realsense2_camera_msgs', 'catkin_cmake_args': None, 'catkin_skip_building_tests': False, 'cmake_args': None, 'cmake_clean_cache': False, 'cmake_clean_first': False, 'cmake_force_configure': False, 'cmake_target': None, 'cmake_target_skip_unavailable': False, 'install_base': '/root/openpifpaf_ros2/install/realsense2_camera_msgs', 'merge_install': False, 'path': '/root/openpifpaf_ros2/src/realsense-ros/realsense2_camera_msgs', 'symlink_install': False, 'test_result_base': None}
[0.203s] Level 5:colcon.colcon_core.verb:set package 'openpifpaf_ros2_node' build argument 'cmake_args' from command line to 'None'
[0.203s] Level 5:colcon.colcon_core.verb:set package 'openpifpaf_ros2_node' build argument 'cmake_target' from command line to 'None'
[0.203s] Level 5:colcon.colcon_core.verb:set package 'openpifpaf_ros2_node' build argument 'cmake_target_skip_unavailable' from command line to 'False'
[0.203s] Level 5:colcon.colcon_core.verb:set package 'openpifpaf_ros2_node' build argument 'cmake_clean_cache' from command line to 'False'
[0.203s] Level 5:colcon.colcon_core.verb:set package 'openpifpaf_ros2_node' build argument 'cmake_clean_first' from command line to 'False'
[0.203s] Level 5:colcon.colcon_core.verb:set package 'openpifpaf_ros2_node' build argument 'cmake_force_configure' from command line to 'False'
[0.203s] Level 5:colcon.colcon_core.verb:set package 'openpifpaf_ros2_node' build argument 'ament_cmake_args' from command line to 'None'
[0.203s] Level 5:colcon.colcon_core.verb:set package 'openpifpaf_ros2_node' build argument 'catkin_cmake_args' from command line to 'None'
[0.203s] Level 5:colcon.colcon_core.verb:set package 'openpifpaf_ros2_node' build argument 'catkin_skip_building_tests' from command line to 'False'
[0.203s] DEBUG:colcon.colcon_core.verb:Building package 'openpifpaf_ros2_node' with the following arguments: {'ament_cmake_args': None, 'build_base': '/root/openpifpaf_ros2/build/openpifpaf_ros2_node', 'catkin_cmake_args': None, 'catkin_skip_building_tests': False, 'cmake_args': None, 'cmake_clean_cache': False, 'cmake_clean_first': False, 'cmake_force_configure': False, 'cmake_target': None, 'cmake_target_skip_unavailable': False, 'install_base': '/root/openpifpaf_ros2/install/openpifpaf_ros2_node', 'merge_install': False, 'path': '/root/openpifpaf_ros2/src/openpifpaf_ros2_node', 'symlink_install': False, 'test_result_base': None}
[0.204s] Level 5:colcon.colcon_core.verb:set package 'realsense2_camera' build argument 'cmake_args' from command line to 'None'
[0.204s] Level 5:colcon.colcon_core.verb:set package 'realsense2_camera' build argument 'cmake_target' from command line to 'None'
[0.204s] Level 5:colcon.colcon_core.verb:set package 'realsense2_camera' build argument 'cmake_target_skip_unavailable' from command line to 'False'
[0.204s] Level 5:colcon.colcon_core.verb:set package 'realsense2_camera' build argument 'cmake_clean_cache' from command line to 'False'
[0.204s] Level 5:colcon.colcon_core.verb:set package 'realsense2_camera' build argument 'cmake_clean_first' from command line to 'False'
[0.204s] Level 5:colcon.colcon_core.verb:set package 'realsense2_camera' build argument 'cmake_force_configure' from command line to 'False'
[0.204s] Level 5:colcon.colcon_core.verb:set package 'realsense2_camera' build argument 'ament_cmake_args' from command line to 'None'
[0.204s] Level 5:colcon.colcon_core.verb:set package 'realsense2_camera' build argument 'catkin_cmake_args' from command line to 'None'
[0.204s] Level 5:colcon.colcon_core.verb:set package 'realsense2_camera' build argument 'catkin_skip_building_tests' from command line to 'False'
[0.204s] DEBUG:colcon.colcon_core.verb:Building package 'realsense2_camera' with the following arguments: {'ament_cmake_args': None, 'build_base': '/root/openpifpaf_ros2/build/realsense2_camera', 'catkin_cmake_args': None, 'catkin_skip_building_tests': False, 'cmake_args': None, 'cmake_clean_cache': False, 'cmake_clean_first': False, 'cmake_force_configure': False, 'cmake_target': None, 'cmake_target_skip_unavailable': False, 'install_base': '/root/openpifpaf_ros2/install/realsense2_camera', 'merge_install': False, 'path': '/root/openpifpaf_ros2/src/realsense-ros/realsense2_camera', 'symlink_install': False, 'test_result_base': None}
[0.205s] Level 5:colcon.colcon_core.verb:set package 'realsense2_description' build argument 'cmake_args' from command line to 'None'
[0.205s] Level 5:colcon.colcon_core.verb:set package 'realsense2_description' build argument 'cmake_target' from command line to 'None'
[0.205s] Level 5:colcon.colcon_core.verb:set package 'realsense2_description' build argument 'cmake_target_skip_unavailable' from command line to 'False'
[0.205s] Level 5:colcon.colcon_core.verb:set package 'realsense2_description' build argument 'cmake_clean_cache' from command line to 'False'
[0.205s] Level 5:colcon.colcon_core.verb:set package 'realsense2_description' build argument 'cmake_clean_first' from command line to 'False'
[0.205s] Level 5:colcon.colcon_core.verb:set package 'realsense2_description' build argument 'cmake_force_configure' from command line to 'False'
[0.205s] Level 5:colcon.colcon_core.verb:set package 'realsense2_description' build argument 'ament_cmake_args' from command line to 'None'
[0.205s] Level 5:colcon.colcon_core.verb:set package 'realsense2_description' build argument 'catkin_cmake_args' from command line to 'None'
[0.205s] Level 5:colcon.colcon_core.verb:set package 'realsense2_description' build argument 'catkin_skip_building_tests' from command line to 'False'
[0.205s] DEBUG:colcon.colcon_core.verb:Building package 'realsense2_description' with the following arguments: {'ament_cmake_args': None, 'build_base': '/root/openpifpaf_ros2/build/realsense2_description', 'catkin_cmake_args': None, 'catkin_skip_building_tests': False, 'cmake_args': None, 'cmake_clean_cache': False, 'cmake_clean_first': False, 'cmake_force_configure': False, 'cmake_target': None, 'cmake_target_skip_unavailable': False, 'install_base': '/root/openpifpaf_ros2/install/realsense2_description', 'merge_install': False, 'path': '/root/openpifpaf_ros2/src/realsense-ros/realsense2_description', 'symlink_install': False, 'test_result_base': None}
[0.206s] Level 5:colcon.colcon_core.verb:set package 'rgbd_openpifpaf_ros2' build argument 'cmake_args' from command line to 'None'
[0.206s] Level 5:colcon.colcon_core.verb:set package 'rgbd_openpifpaf_ros2' build argument 'cmake_target' from command line to 'None'
[0.206s] Level 5:colcon.colcon_core.verb:set package 'rgbd_openpifpaf_ros2' build argument 'cmake_target_skip_unavailable' from command line to 'False'
[0.206s] Level 5:colcon.colcon_core.verb:set package 'rgbd_openpifpaf_ros2' build argument 'cmake_clean_cache' from command line to 'False'
[0.206s] Level 5:colcon.colcon_core.verb:set package 'rgbd_openpifpaf_ros2' build argument 'cmake_clean_first' from command line to 'False'
[0.206s] Level 5:colcon.colcon_core.verb:set package 'rgbd_openpifpaf_ros2' build argument 'cmake_force_configure' from command line to 'False'
[0.206s] Level 5:colcon.colcon_core.verb:set package 'rgbd_openpifpaf_ros2' build argument 'ament_cmake_args' from command line to 'None'
[0.206s] Level 5:colcon.colcon_core.verb:set package 'rgbd_openpifpaf_ros2' build argument 'catkin_cmake_args' from command line to 'None'
[0.206s] Level 5:colcon.colcon_core.verb:set package 'rgbd_openpifpaf_ros2' build argument 'catkin_skip_building_tests' from command line to 'False'
[0.207s] DEBUG:colcon.colcon_core.verb:Building package 'rgbd_openpifpaf_ros2' with the following arguments: {'ament_cmake_args': None, 'build_base': '/root/openpifpaf_ros2/build/rgbd_openpifpaf_ros2', 'catkin_cmake_args': None, 'catkin_skip_building_tests': False, 'cmake_args': None, 'cmake_clean_cache': False, 'cmake_clean_first': False, 'cmake_force_configure': False, 'cmake_target': None, 'cmake_target_skip_unavailable': False, 'install_base': '/root/openpifpaf_ros2/install/rgbd_openpifpaf_ros2', 'merge_install': False, 'path': '/root/openpifpaf_ros2/src/rgbd_openpifpaf_ros2', 'symlink_install': False, 'test_result_base': None}
[0.207s] INFO:colcon.colcon_core.executor:Executing jobs using 'parallel' executor
[0.211s] DEBUG:colcon.colcon_parallel_executor.executor.parallel:run_until_complete
[0.211s] INFO:colcon.colcon_ros.task.ament_cmake.build:Building ROS package in '/root/openpifpaf_ros2/src/openpifpaf_ros2_msgs' with build type 'ament_cmake'
[0.211s] INFO:colcon.colcon_cmake.task.cmake.build:Building CMake package in '/root/openpifpaf_ros2/src/openpifpaf_ros2_msgs'
[0.215s] INFO:colcon.colcon_core.plugin_system:Skipping extension 'colcon_core.shell.bat': Not used on non-Windows systems
[0.215s] INFO:colcon.colcon_core.shell:Skip shell extension 'powershell' for command environment: Not usable outside of PowerShell
[0.216s] DEBUG:colcon.colcon_core.shell:Skip shell extension 'dsv' for command environment
[0.224s] INFO:colcon.colcon_ros.task.ament_cmake.build:Building ROS package in '/root/openpifpaf_ros2/src/realsense-ros/realsense2_camera_msgs' with build type 'ament_cmake'
[0.224s] INFO:colcon.colcon_cmake.task.cmake.build:Building CMake package in '/root/openpifpaf_ros2/src/realsense-ros/realsense2_camera_msgs'
[0.226s] INFO:colcon.colcon_core.shell:Skip shell extension 'powershell' for command environment: Not usable outside of PowerShell
[0.226s] DEBUG:colcon.colcon_core.shell:Skip shell extension 'dsv' for command environment
[0.233s] INFO:colcon.colcon_ros.task.ament_python.build:Building ROS package in '/root/openpifpaf_ros2/src/pose_checker' with build type 'ament_python'
[0.233s] Level 1:colcon.colcon_core.shell:create_environment_hook('pose_checker', 'ament_prefix_path')
[0.235s] INFO:colcon.colcon_core.shell:Creating environment hook '/root/openpifpaf_ros2/install/pose_checker/share/pose_checker/hook/ament_prefix_path.ps1'
[0.236s] INFO:colcon.colcon_core.shell:Creating environment descriptor '/root/openpifpaf_ros2/install/pose_checker/share/pose_checker/hook/ament_prefix_path.dsv'
[0.236s] INFO:colcon.colcon_core.shell:Creating environment hook '/root/openpifpaf_ros2/install/pose_checker/share/pose_checker/hook/ament_prefix_path.sh'
[0.238s] INFO:colcon.colcon_core.shell:Skip shell extension 'powershell' for command environment: Not usable outside of PowerShell
[0.238s] DEBUG:colcon.colcon_core.shell:Skip shell extension 'dsv' for command environment
[0.250s] DEBUG:colcon.colcon_core.event_handler.log_command:Invoking command in '/root/openpifpaf_ros2/build/openpifpaf_ros2_msgs': CMAKE_PREFIX_PATH=${CMAKE_PREFIX_PATH}:/root/openpifpaf_ros2/install/rgbd_openpifpaf_ros2:/root/openpifpaf_ros2/install/pose_checker:/root/openpifpaf_ros2/install/openpifpaf_ros2_node:/opt/ros/foxy _=/usr/bin/env /usr/bin/cmake --build /root/openpifpaf_ros2/build/openpifpaf_ros2_msgs -- -j12 -l12
[0.259s] DEBUG:colcon.colcon_core.event_handler.log_command:Invoking command in '/root/openpifpaf_ros2/build/realsense2_camera_msgs': CMAKE_PREFIX_PATH=${CMAKE_PREFIX_PATH}:/root/openpifpaf_ros2/install/rgbd_openpifpaf_ros2:/root/openpifpaf_ros2/install/pose_checker:/root/openpifpaf_ros2/install/openpifpaf_ros2_node:/opt/ros/foxy _=/usr/bin/env /usr/bin/cmake --build /root/openpifpaf_ros2/build/realsense2_camera_msgs -- -j12 -l12
[0.510s] INFO:colcon.colcon_core.task.python.build:Building Python package in '/root/openpifpaf_ros2/src/pose_checker'
[0.512s] INFO:colcon.colcon_core.shell:Skip shell extension 'powershell' for command environment: Not usable outside of PowerShell
[0.512s] DEBUG:colcon.colcon_core.shell:Skip shell extension 'dsv' for command environment
[0.528s] DEBUG:colcon.colcon_core.event_handler.log_command:Invoked command in '/root/openpifpaf_ros2/build/openpifpaf_ros2_msgs' returned '0': CMAKE_PREFIX_PATH=${CMAKE_PREFIX_PATH}:/root/openpifpaf_ros2/install/rgbd_openpifpaf_ros2:/root/openpifpaf_ros2/install/pose_checker:/root/openpifpaf_ros2/install/openpifpaf_ros2_node:/opt/ros/foxy _=/usr/bin/env /usr/bin/cmake --build /root/openpifpaf_ros2/build/openpifpaf_ros2_msgs -- -j12 -l12
[0.532s] DEBUG:colcon.colcon_core.event_handler.log_command:Invoked command in '/root/openpifpaf_ros2/build/realsense2_camera_msgs' returned '0': CMAKE_PREFIX_PATH=${CMAKE_PREFIX_PATH}:/root/openpifpaf_ros2/install/rgbd_openpifpaf_ros2:/root/openpifpaf_ros2/install/pose_checker:/root/openpifpaf_ros2/install/openpifpaf_ros2_node:/opt/ros/foxy _=/usr/bin/env /usr/bin/cmake --build /root/openpifpaf_ros2/build/realsense2_camera_msgs -- -j12 -l12
[0.740s] DEBUG:colcon.colcon_core.event_handler.log_command:Invoking command in '/root/openpifpaf_ros2/build/realsense2_camera_msgs': CMAKE_PREFIX_PATH=${CMAKE_PREFIX_PATH}:/root/openpifpaf_ros2/install/rgbd_openpifpaf_ros2:/root/openpifpaf_ros2/install/pose_checker:/root/openpifpaf_ros2/install/openpifpaf_ros2_node:/opt/ros/foxy _=/usr/bin/env /usr/bin/cmake --install /root/openpifpaf_ros2/build/realsense2_camera_msgs
[0.770s] DEBUG:colcon.colcon_core.event_handler.log_command:Invoking command in '/root/openpifpaf_ros2/build/openpifpaf_ros2_msgs': CMAKE_PREFIX_PATH=${CMAKE_PREFIX_PATH}:/root/openpifpaf_ros2/install/rgbd_openpifpaf_ros2:/root/openpifpaf_ros2/install/pose_checker:/root/openpifpaf_ros2/install/openpifpaf_ros2_node:/opt/ros/foxy _=/usr/bin/env /usr/bin/cmake --install /root/openpifpaf_ros2/build/openpifpaf_ros2_msgs
[0.817s] Level 1:colcon.colcon_core.environment:create_environment_scripts_only(realsense2_camera_msgs)
[0.820s] DEBUG:colcon.colcon_core.event_handler.log_command:Invoked command in '/root/openpifpaf_ros2/build/realsense2_camera_msgs' returned '0': CMAKE_PREFIX_PATH=${CMAKE_PREFIX_PATH}:/root/openpifpaf_ros2/install/rgbd_openpifpaf_ros2:/root/openpifpaf_ros2/install/pose_checker:/root/openpifpaf_ros2/install/openpifpaf_ros2_node:/opt/ros/foxy _=/usr/bin/env /usr/bin/cmake --install /root/openpifpaf_ros2/build/realsense2_camera_msgs
[0.827s] Level 1:colcon.colcon_core.environment:checking '/root/openpifpaf_ros2/install/realsense2_camera_msgs' for CMake module files
[0.830s] Level 1:colcon.colcon_core.environment:checking '/root/openpifpaf_ros2/install/realsense2_camera_msgs' for CMake config files
[0.836s] Level 1:colcon.colcon_core.shell:create_environment_hook('realsense2_camera_msgs', 'cmake_prefix_path')
[0.838s] INFO:colcon.colcon_core.shell:Creating environment hook '/root/openpifpaf_ros2/install/realsense2_camera_msgs/share/realsense2_camera_msgs/hook/cmake_prefix_path.ps1'
[0.839s] INFO:colcon.colcon_core.shell:Creating environment descriptor '/root/openpifpaf_ros2/install/realsense2_camera_msgs/share/realsense2_camera_msgs/hook/cmake_prefix_path.dsv'
[0.840s] INFO:colcon.colcon_core.shell:Creating environment hook '/root/openpifpaf_ros2/install/realsense2_camera_msgs/share/realsense2_camera_msgs/hook/cmake_prefix_path.sh'
[0.841s] Level 1:colcon.colcon_core.environment:checking '/root/openpifpaf_ros2/install/realsense2_camera_msgs/lib'
[0.841s] Level 1:colcon.colcon_core.shell:create_environment_hook('realsense2_camera_msgs', 'ld_library_path_lib')
[0.842s] INFO:colcon.colcon_core.shell:Creating environment hook '/root/openpifpaf_ros2/install/realsense2_camera_msgs/share/realsense2_camera_msgs/hook/ld_library_path_lib.ps1'
[0.843s] INFO:colcon.colcon_core.shell:Creating environment descriptor '/root/openpifpaf_ros2/install/realsense2_camera_msgs/share/realsense2_camera_msgs/hook/ld_library_path_lib.dsv'
[0.844s] INFO:colcon.colcon_core.shell:Creating environment hook '/root/openpifpaf_ros2/install/realsense2_camera_msgs/share/realsense2_camera_msgs/hook/ld_library_path_lib.sh'
[0.844s] Level 1:colcon.colcon_core.environment:checking '/root/openpifpaf_ros2/install/realsense2_camera_msgs/bin'
[0.845s] Level 1:colcon.colcon_core.environment:checking '/root/openpifpaf_ros2/install/realsense2_camera_msgs/lib/pkgconfig/realsense2_camera_msgs.pc'
[0.845s] Level 1:colcon.colcon_core.environment:checking '/root/openpifpaf_ros2/install/realsense2_camera_msgs/lib/python3.8/site-packages'
[0.845s] Level 1:colcon.colcon_core.shell:create_environment_hook('realsense2_camera_msgs', 'pythonpath')
[0.846s] INFO:colcon.colcon_core.shell:Creating environment hook '/root/openpifpaf_ros2/install/realsense2_camera_msgs/share/realsense2_camera_msgs/hook/pythonpath.ps1'
[0.847s] INFO:colcon.colcon_core.shell:Creating environment descriptor '/root/openpifpaf_ros2/install/realsense2_camera_msgs/share/realsense2_camera_msgs/hook/pythonpath.dsv'
[0.847s] INFO:colcon.colcon_core.shell:Creating environment hook '/root/openpifpaf_ros2/install/realsense2_camera_msgs/share/realsense2_camera_msgs/hook/pythonpath.sh'
[0.847s] Level 1:colcon.colcon_core.environment:checking '/root/openpifpaf_ros2/install/realsense2_camera_msgs/bin'
[0.849s] INFO:colcon.colcon_core.shell:Creating package script '/root/openpifpaf_ros2/install/realsense2_camera_msgs/share/realsense2_camera_msgs/package.ps1'
[0.850s] INFO:colcon.colcon_core.shell:Creating package descriptor '/root/openpifpaf_ros2/install/realsense2_camera_msgs/share/realsense2_camera_msgs/package.dsv'
[0.850s] INFO:colcon.colcon_core.shell:Creating package script '/root/openpifpaf_ros2/install/realsense2_camera_msgs/share/realsense2_camera_msgs/package.sh'
[0.852s] INFO:colcon.colcon_core.shell:Creating package script '/root/openpifpaf_ros2/install/realsense2_camera_msgs/share/realsense2_camera_msgs/package.bash'
[0.852s] INFO:colcon.colcon_core.shell:Creating package script '/root/openpifpaf_ros2/install/realsense2_camera_msgs/share/realsense2_camera_msgs/package.zsh'
[0.853s] Level 1:colcon.colcon_core.environment:create_file_with_runtime_dependencies(/root/openpifpaf_ros2/install/realsense2_camera_msgs/share/colcon-core/packages/realsense2_camera_msgs)
[0.857s] Level 1:colcon.colcon_core.environment:create_environment_scripts_only(openpifpaf_ros2_msgs)
[0.859s] Level 1:colcon.colcon_core.environment:checking '/root/openpifpaf_ros2/install/openpifpaf_ros2_msgs' for CMake module files
[0.860s] DEBUG:colcon.colcon_core.event_handler.log_command:Invoked command in '/root/openpifpaf_ros2/build/openpifpaf_ros2_msgs' returned '0': CMAKE_PREFIX_PATH=${CMAKE_PREFIX_PATH}:/root/openpifpaf_ros2/install/rgbd_openpifpaf_ros2:/root/openpifpaf_ros2/install/pose_checker:/root/openpifpaf_ros2/install/openpifpaf_ros2_node:/opt/ros/foxy _=/usr/bin/env /usr/bin/cmake --install /root/openpifpaf_ros2/build/openpifpaf_ros2_msgs
[0.861s] Level 1:colcon.colcon_core.environment:checking '/root/openpifpaf_ros2/install/openpifpaf_ros2_msgs' for CMake config files
[0.861s] Level 1:colcon.colcon_core.shell:create_environment_hook('openpifpaf_ros2_msgs', 'cmake_prefix_path')
[0.863s] INFO:colcon.colcon_core.shell:Creating environment hook '/root/openpifpaf_ros2/install/openpifpaf_ros2_msgs/share/openpifpaf_ros2_msgs/hook/cmake_prefix_path.ps1'
[0.863s] INFO:colcon.colcon_core.shell:Creating environment descriptor '/root/openpifpaf_ros2/install/openpifpaf_ros2_msgs/share/openpifpaf_ros2_msgs/hook/cmake_prefix_path.dsv'
[0.864s] INFO:colcon.colcon_core.shell:Creating environment hook '/root/openpifpaf_ros2/install/openpifpaf_ros2_msgs/share/openpifpaf_ros2_msgs/hook/cmake_prefix_path.sh'
[0.864s] Level 1:colcon.colcon_core.environment:checking '/root/openpifpaf_ros2/install/openpifpaf_ros2_msgs/lib'
[0.864s] Level 1:colcon.colcon_core.shell:create_environment_hook('openpifpaf_ros2_msgs', 'ld_library_path_lib')
[0.866s] INFO:colcon.colcon_core.shell:Creating environment hook '/root/openpifpaf_ros2/install/openpifpaf_ros2_msgs/share/openpifpaf_ros2_msgs/hook/ld_library_path_lib.ps1'
[0.866s] INFO:colcon.colcon_core.shell:Creating environment descriptor '/root/openpifpaf_ros2/install/openpifpaf_ros2_msgs/share/openpifpaf_ros2_msgs/hook/ld_library_path_lib.dsv'
[0.866s] INFO:colcon.colcon_core.shell:Creating environment hook '/root/openpifpaf_ros2/install/openpifpaf_ros2_msgs/share/openpifpaf_ros2_msgs/hook/ld_library_path_lib.sh'
[0.867s] Level 1:colcon.colcon_core.environment:checking '/root/openpifpaf_ros2/install/openpifpaf_ros2_msgs/bin'
[0.867s] Level 1:colcon.colcon_core.environment:checking '/root/openpifpaf_ros2/install/openpifpaf_ros2_msgs/lib/pkgconfig/openpifpaf_ros2_msgs.pc'
[0.867s] Level 1:colcon.colcon_core.environment:checking '/root/openpifpaf_ros2/install/openpifpaf_ros2_msgs/lib/python3.8/site-packages'
[0.867s] Level 1:colcon.colcon_core.shell:create_environment_hook('openpifpaf_ros2_msgs', 'pythonpath')
[0.869s] INFO:colcon.colcon_core.shell:Creating environment hook '/root/openpifpaf_ros2/install/openpifpaf_ros2_msgs/share/openpifpaf_ros2_msgs/hook/pythonpath.ps1'
[0.869s] INFO:colcon.colcon_core.shell:Creating environment descriptor '/root/openpifpaf_ros2/install/openpifpaf_ros2_msgs/share/openpifpaf_ros2_msgs/hook/pythonpath.dsv'
[0.869s] INFO:colcon.colcon_core.shell:Creating environment hook '/root/openpifpaf_ros2/install/openpifpaf_ros2_msgs/share/openpifpaf_ros2_msgs/hook/pythonpath.sh'
[0.870s] Level 1:colcon.colcon_core.environment:checking '/root/openpifpaf_ros2/install/openpifpaf_ros2_msgs/bin'
[0.871s] INFO:colcon.colcon_core.shell:Creating package script '/root/openpifpaf_ros2/install/openpifpaf_ros2_msgs/share/openpifpaf_ros2_msgs/package.ps1'
[0.872s] INFO:colcon.colcon_core.shell:Creating package descriptor '/root/openpifpaf_ros2/install/openpifpaf_ros2_msgs/share/openpifpaf_ros2_msgs/package.dsv'
[0.872s] INFO:colcon.colcon_core.shell:Creating package script '/root/openpifpaf_ros2/install/openpifpaf_ros2_msgs/share/openpifpaf_ros2_msgs/package.sh'
[0.873s] INFO:colcon.colcon_core.shell:Creating package script '/root/openpifpaf_ros2/install/openpifpaf_ros2_msgs/share/openpifpaf_ros2_msgs/package.bash'
[0.873s] INFO:colcon.colcon_core.shell:Creating package script '/root/openpifpaf_ros2/install/openpifpaf_ros2_msgs/share/openpifpaf_ros2_msgs/package.zsh'
[0.873s] Level 1:colcon.colcon_core.environment:create_file_with_runtime_dependencies(/root/openpifpaf_ros2/install/openpifpaf_ros2_msgs/share/colcon-core/packages/openpifpaf_ros2_msgs)
[0.969s] DEBUG:colcon.colcon_core.event_handler.log_command:Invoking command in '/root/openpifpaf_ros2/src/pose_checker': PYTHONPATH=/root/openpifpaf_ros2/install/pose_checker/lib/python3.8/site-packages:${PYTHONPATH} _=/usr/bin/env /usr/bin/python3 setup.py egg_info --egg-base ../../build/pose_checker build --build-base /root/openpifpaf_ros2/build/pose_checker/build install --prefix /root/openpifpaf_ros2/install/pose_checker --record /root/openpifpaf_ros2/build/pose_checker/install.log --single-version-externally-managed
[1.054s] Level 1:colcon.colcon_core.environment:create_environment_scripts_only(realsense2_camera_msgs)
[1.056s] Level 1:colcon.colcon_core.environment:checking '/root/openpifpaf_ros2/install/realsense2_camera_msgs' for CMake module files
[1.056s] Level 1:colcon.colcon_core.environment:checking '/root/openpifpaf_ros2/install/realsense2_camera_msgs' for CMake config files
[1.057s] Level 1:colcon.colcon_core.shell:create_environment_hook('realsense2_camera_msgs', 'cmake_prefix_path')
[1.058s] INFO:colcon.colcon_core.shell:Creating environment hook '/root/openpifpaf_ros2/install/realsense2_camera_msgs/share/realsense2_camera_msgs/hook/cmake_prefix_path.ps1'
[1.059s] INFO:colcon.colcon_core.shell:Creating environment descriptor '/root/openpifpaf_ros2/install/realsense2_camera_msgs/share/realsense2_camera_msgs/hook/cmake_prefix_path.dsv'
[1.059s] INFO:colcon.colcon_core.shell:Creating environment hook '/root/openpifpaf_ros2/install/realsense2_camera_msgs/share/realsense2_camera_msgs/hook/cmake_prefix_path.sh'
[1.060s] Level 1:colcon.colcon_core.environment:checking '/root/openpifpaf_ros2/install/realsense2_camera_msgs/lib'
[1.060s] Level 1:colcon.colcon_core.shell:create_environment_hook('realsense2_camera_msgs', 'ld_library_path_lib')
[1.061s] INFO:colcon.colcon_core.shell:Creating environment hook '/root/openpifpaf_ros2/install/realsense2_camera_msgs/share/realsense2_camera_msgs/hook/ld_library_path_lib.ps1'
[1.061s] INFO:colcon.colcon_core.shell:Creating environment descriptor '/root/openpifpaf_ros2/install/realsense2_camera_msgs/share/realsense2_camera_msgs/hook/ld_library_path_lib.dsv'
[1.062s] INFO:colcon.colcon_core.shell:Creating environment hook '/root/openpifpaf_ros2/install/realsense2_camera_msgs/share/realsense2_camera_msgs/hook/ld_library_path_lib.sh'
[1.062s] Level 1:colcon.colcon_core.environment:checking '/root/openpifpaf_ros2/install/realsense2_camera_msgs/bin'
[1.062s] Level 1:colcon.colcon_core.environment:checking '/root/openpifpaf_ros2/install/realsense2_camera_msgs/lib/pkgconfig/realsense2_camera_msgs.pc'
[1.062s] Level 1:colcon.colcon_core.environment:checking '/root/openpifpaf_ros2/install/realsense2_camera_msgs/lib/python3.8/site-packages'
[1.062s] Level 1:colcon.colcon_core.shell:create_environment_hook('realsense2_camera_msgs', 'pythonpath')
[1.064s] INFO:colcon.colcon_core.shell:Creating environment hook '/root/openpifpaf_ros2/install/realsense2_camera_msgs/share/realsense2_camera_msgs/hook/pythonpath.ps1'
[1.065s] INFO:colcon.colcon_core.shell:Creating environment descriptor '/root/openpifpaf_ros2/install/realsense2_camera_msgs/share/realsense2_camera_msgs/hook/pythonpath.dsv'
[1.065s] INFO:colcon.colcon_core.shell:Creating environment hook '/root/openpifpaf_ros2/install/realsense2_camera_msgs/share/realsense2_camera_msgs/hook/pythonpath.sh'
[1.065s] Level 1:colcon.colcon_core.environment:checking '/root/openpifpaf_ros2/install/realsense2_camera_msgs/bin'
[1.068s] INFO:colcon.colcon_core.shell:Creating package script '/root/openpifpaf_ros2/install/realsense2_camera_msgs/share/realsense2_camera_msgs/package.ps1'
[1.069s] INFO:colcon.colcon_core.shell:Creating package descriptor '/root/openpifpaf_ros2/install/realsense2_camera_msgs/share/realsense2_camera_msgs/package.dsv'
[1.069s] INFO:colcon.colcon_core.shell:Creating package script '/root/openpifpaf_ros2/install/realsense2_camera_msgs/share/realsense2_camera_msgs/package.sh'
[1.070s] INFO:colcon.colcon_core.shell:Creating package script '/root/openpifpaf_ros2/install/realsense2_camera_msgs/share/realsense2_camera_msgs/package.bash'
[1.070s] INFO:colcon.colcon_core.shell:Creating package script '/root/openpifpaf_ros2/install/realsense2_camera_msgs/share/realsense2_camera_msgs/package.zsh'
[1.071s] Level 1:colcon.colcon_core.environment:create_file_with_runtime_dependencies(/root/openpifpaf_ros2/install/realsense2_camera_msgs/share/colcon-core/packages/realsense2_camera_msgs)
[1.071s] INFO:colcon.colcon_ros.task.ament_cmake.build:Building ROS package in '/root/openpifpaf_ros2/src/realsense-ros/realsense2_camera' with build type 'ament_cmake'
[1.072s] INFO:colcon.colcon_cmake.task.cmake.build:Building CMake package in '/root/openpifpaf_ros2/src/realsense-ros/realsense2_camera'
[1.073s] INFO:colcon.colcon_core.shell:Skip shell extension 'powershell' for command environment: Not usable outside of PowerShell
[1.074s] DEBUG:colcon.colcon_core.shell:Skip shell extension 'dsv' for command environment
[1.082s] INFO:colcon.colcon_ros.task.ament_cmake.build:Building ROS package in '/root/openpifpaf_ros2/src/realsense-ros/realsense2_description' with build type 'ament_cmake'
[1.083s] INFO:colcon.colcon_cmake.task.cmake.build:Building CMake package in '/root/openpifpaf_ros2/src/realsense-ros/realsense2_description'
[1.087s] INFO:colcon.colcon_core.shell:Skip shell extension 'powershell' for command environment: Not usable outside of PowerShell
[1.087s] DEBUG:colcon.colcon_core.shell:Skip shell extension 'dsv' for command environment
[1.111s] DEBUG:colcon.colcon_core.event_handler.log_command:Invoking command in '/root/openpifpaf_ros2/build/realsense2_camera': CMAKE_PREFIX_PATH=/root/openpifpaf_ros2/install/realsense2_camera_msgs:/root/openpifpaf_ros2/install/realsense2_description:/root/openpifpaf_ros2/install/realsense2_camera:/root/openpifpaf_ros2/install/openpifpaf_ros2_msgs:/root/openpifpaf_ros2/install/rgbd_openpifpaf_ros2:/root/openpifpaf_ros2/install/pose_checker:/root/openpifpaf_ros2/install/openpifpaf_ros2_node:/opt/ros/foxy LD_LIBRARY_PATH=/root/openpifpaf_ros2/install/realsense2_camera_msgs/lib:/root/openpifpaf_ros2/install/realsense2_camera/lib:/root/openpifpaf_ros2/install/openpifpaf_ros2_msgs/lib:/usr/lib/x86_64-linux-gnu/gazebo-11/plugins:/opt/ros/foxy/opt/yaml_cpp_vendor/lib:/opt/ros/foxy/opt/rviz_ogre_vendor/lib:/opt/ros/foxy/lib/x86_64-linux-gnu:/opt/ros/foxy/lib:/usr/local/11.3.0/lib64:/usr/local/nvidia/lib:/usr/local/nvidia/lib64 PYTHONPATH=/root/openpifpaf_ros2/install/realsense2_camera_msgs/lib/python3.8/site-packages:/root/openpifpaf_ros2/install/rgbd_openpifpaf_ros2/lib/python3.8/site-packages:/root/openpifpaf_ros2/install/pose_checker/lib/python3.8/site-packages:/root/openpifpaf_ros2/install/openpifpaf_ros2_node/lib/python3.8/site-packages:/root/openpifpaf_ros2/install/openpifpaf_ros2_msgs/lib/python3.8/site-packages:/opt/ros/foxy/lib/python3.8/site-packages _=/usr/bin/env /usr/bin/cmake --build /root/openpifpaf_ros2/build/realsense2_camera -- -j12 -l12
[1.116s] Level 1:colcon.colcon_core.environment:create_environment_scripts_only(openpifpaf_ros2_msgs)
[1.121s] Level 1:colcon.colcon_core.environment:checking '/root/openpifpaf_ros2/install/openpifpaf_ros2_msgs' for CMake module files
[1.123s] Level 1:colcon.colcon_core.environment:checking '/root/openpifpaf_ros2/install/openpifpaf_ros2_msgs' for CMake config files
[1.124s] Level 1:colcon.colcon_core.shell:create_environment_hook('openpifpaf_ros2_msgs', 'cmake_prefix_path')
[1.127s] INFO:colcon.colcon_core.shell:Creating environment hook '/root/openpifpaf_ros2/install/openpifpaf_ros2_msgs/share/openpifpaf_ros2_msgs/hook/cmake_prefix_path.ps1'
[1.128s] INFO:colcon.colcon_core.shell:Creating environment descriptor '/root/openpifpaf_ros2/install/openpifpaf_ros2_msgs/share/openpifpaf_ros2_msgs/hook/cmake_prefix_path.dsv'
[1.128s] INFO:colcon.colcon_core.shell:Creating environment hook '/root/openpifpaf_ros2/install/openpifpaf_ros2_msgs/share/openpifpaf_ros2_msgs/hook/cmake_prefix_path.sh'
[1.129s] Level 1:colcon.colcon_core.environment:checking '/root/openpifpaf_ros2/install/openpifpaf_ros2_msgs/lib'
[1.130s] Level 1:colcon.colcon_core.shell:create_environment_hook('openpifpaf_ros2_msgs', 'ld_library_path_lib')
[1.132s] INFO:colcon.colcon_core.shell:Creating environment hook '/root/openpifpaf_ros2/install/openpifpaf_ros2_msgs/share/openpifpaf_ros2_msgs/hook/ld_library_path_lib.ps1'
[1.133s] INFO:colcon.colcon_core.shell:Creating environment descriptor '/root/openpifpaf_ros2/install/openpifpaf_ros2_msgs/share/openpifpaf_ros2_msgs/hook/ld_library_path_lib.dsv'
[1.133s] INFO:colcon.colcon_core.shell:Creating environment hook '/root/openpifpaf_ros2/install/openpifpaf_ros2_msgs/share/openpifpaf_ros2_msgs/hook/ld_library_path_lib.sh'
[1.134s] Level 1:colcon.colcon_core.environment:checking '/root/openpifpaf_ros2/install/openpifpaf_ros2_msgs/bin'
[1.134s] Level 1:colcon.colcon_core.environment:checking '/root/openpifpaf_ros2/install/openpifpaf_ros2_msgs/lib/pkgconfig/openpifpaf_ros2_msgs.pc'
[1.135s] Level 1:colcon.colcon_core.environment:checking '/root/openpifpaf_ros2/install/openpifpaf_ros2_msgs/lib/python3.8/site-packages'
[1.135s] Level 1:colcon.colcon_core.shell:create_environment_hook('openpifpaf_ros2_msgs', 'pythonpath')
[1.137s] INFO:colcon.colcon_core.shell:Creating environment hook '/root/openpifpaf_ros2/install/openpifpaf_ros2_msgs/share/openpifpaf_ros2_msgs/hook/pythonpath.ps1'
[1.138s] INFO:colcon.colcon_core.shell:Creating environment descriptor '/root/openpifpaf_ros2/install/openpifpaf_ros2_msgs/share/openpifpaf_ros2_msgs/hook/pythonpath.dsv'
[1.138s] INFO:colcon.colcon_core.shell:Creating environment hook '/root/openpifpaf_ros2/install/openpifpaf_ros2_msgs/share/openpifpaf_ros2_msgs/hook/pythonpath.sh'
[1.139s] Level 1:colcon.colcon_core.environment:checking '/root/openpifpaf_ros2/install/openpifpaf_ros2_msgs/bin'
[1.142s] INFO:colcon.colcon_core.shell:Creating package script '/root/openpifpaf_ros2/install/openpifpaf_ros2_msgs/share/openpifpaf_ros2_msgs/package.ps1'
[1.144s] INFO:colcon.colcon_core.shell:Creating package descriptor '/root/openpifpaf_ros2/install/openpifpaf_ros2_msgs/share/openpifpaf_ros2_msgs/package.dsv'
[1.145s] INFO:colcon.colcon_core.shell:Creating package script '/root/openpifpaf_ros2/install/openpifpaf_ros2_msgs/share/openpifpaf_ros2_msgs/package.sh'
[1.145s] INFO:colcon.colcon_core.shell:Creating package script '/root/openpifpaf_ros2/install/openpifpaf_ros2_msgs/share/openpifpaf_ros2_msgs/package.bash'
[1.146s] INFO:colcon.colcon_core.shell:Creating package script '/root/openpifpaf_ros2/install/openpifpaf_ros2_msgs/share/openpifpaf_ros2_msgs/package.zsh'
[1.147s] Level 1:colcon.colcon_core.environment:create_file_with_runtime_dependencies(/root/openpifpaf_ros2/install/openpifpaf_ros2_msgs/share/colcon-core/packages/openpifpaf_ros2_msgs)
[1.154s] DEBUG:colcon.colcon_core.event_handler.log_command:Invoking command in '/root/openpifpaf_ros2/build/realsense2_description': CMAKE_PREFIX_PATH=/root/openpifpaf_ros2/install/realsense2_camera_msgs:/root/openpifpaf_ros2/install/realsense2_description:/root/openpifpaf_ros2/install/realsense2_camera:/root/openpifpaf_ros2/install/openpifpaf_ros2_msgs:/root/openpifpaf_ros2/install/rgbd_openpifpaf_ros2:/root/openpifpaf_ros2/install/pose_checker:/root/openpifpaf_ros2/install/openpifpaf_ros2_node:/opt/ros/foxy LD_LIBRARY_PATH=/root/openpifpaf_ros2/install/realsense2_camera_msgs/lib:/root/openpifpaf_ros2/install/realsense2_camera/lib:/root/openpifpaf_ros2/install/openpifpaf_ros2_msgs/lib:/usr/lib/x86_64-linux-gnu/gazebo-11/plugins:/opt/ros/foxy/opt/yaml_cpp_vendor/lib:/opt/ros/foxy/opt/rviz_ogre_vendor/lib:/opt/ros/foxy/lib/x86_64-linux-gnu:/opt/ros/foxy/lib:/usr/local/11.3.0/lib64:/usr/local/nvidia/lib:/usr/local/nvidia/lib64 PYTHONPATH=/root/openpifpaf_ros2/install/realsense2_camera_msgs/lib/python3.8/site-packages:/root/openpifpaf_ros2/install/rgbd_openpifpaf_ros2/lib/python3.8/site-packages:/root/openpifpaf_ros2/install/pose_checker/lib/python3.8/site-packages:/root/openpifpaf_ros2/install/openpifpaf_ros2_node/lib/python3.8/site-packages:/root/openpifpaf_ros2/install/openpifpaf_ros2_msgs/lib/python3.8/site-packages:/opt/ros/foxy/lib/python3.8/site-packages _=/usr/bin/env /usr/bin/cmake --build /root/openpifpaf_ros2/build/realsense2_description -- -j12 -l12
[1.155s] INFO:colcon.colcon_ros.task.ament_python.build:Building ROS package in '/root/openpifpaf_ros2/src/openpifpaf_ros2_node' with build type 'ament_python'
[1.156s] Level 1:colcon.colcon_core.shell:create_environment_hook('openpifpaf_ros2_node', 'ament_prefix_path')
[1.159s] INFO:colcon.colcon_core.shell:Creating environment hook '/root/openpifpaf_ros2/install/openpifpaf_ros2_node/share/openpifpaf_ros2_node/hook/ament_prefix_path.ps1'
[1.160s] INFO:colcon.colcon_core.shell:Creating environment descriptor '/root/openpifpaf_ros2/install/openpifpaf_ros2_node/share/openpifpaf_ros2_node/hook/ament_prefix_path.dsv'
[1.161s] INFO:colcon.colcon_core.shell:Creating environment hook '/root/openpifpaf_ros2/install/openpifpaf_ros2_node/share/openpifpaf_ros2_node/hook/ament_prefix_path.sh'
[1.163s] INFO:colcon.colcon_core.shell:Skip shell extension 'powershell' for command environment: Not usable outside of PowerShell
[1.164s] DEBUG:colcon.colcon_core.shell:Skip shell extension 'dsv' for command environment
[1.174s] INFO:colcon.colcon_ros.task.ament_python.build:Building ROS package in '/root/openpifpaf_ros2/src/rgbd_openpifpaf_ros2' with build type 'ament_python'
[1.175s] Level 1:colcon.colcon_core.shell:create_environment_hook('rgbd_openpifpaf_ros2', 'ament_prefix_path')
[1.178s] INFO:colcon.colcon_core.shell:Creating environment hook '/root/openpifpaf_ros2/install/rgbd_openpifpaf_ros2/share/rgbd_openpifpaf_ros2/hook/ament_prefix_path.ps1'
[1.179s] INFO:colcon.colcon_core.shell:Creating environment descriptor '/root/openpifpaf_ros2/install/rgbd_openpifpaf_ros2/share/rgbd_openpifpaf_ros2/hook/ament_prefix_path.dsv'
[1.180s] INFO:colcon.colcon_core.shell:Creating environment hook '/root/openpifpaf_ros2/install/rgbd_openpifpaf_ros2/share/rgbd_openpifpaf_ros2/hook/ament_prefix_path.sh'
[1.184s] INFO:colcon.colcon_core.shell:Skip shell extension 'powershell' for command environment: Not usable outside of PowerShell
[1.184s] DEBUG:colcon.colcon_core.shell:Skip shell extension 'dsv' for command environment
[1.487s] INFO:colcon.colcon_core.task.python.build:Building Python package in '/root/openpifpaf_ros2/src/openpifpaf_ros2_node'
[1.488s] INFO:colcon.colcon_core.shell:Skip shell extension 'powershell' for command environment: Not usable outside of PowerShell
[1.488s] DEBUG:colcon.colcon_core.shell:Skip shell extension 'dsv' for command environment
[1.500s] DEBUG:colcon.colcon_core.event_handler.log_command:Invoked command in '/root/openpifpaf_ros2/build/realsense2_camera' returned '0': CMAKE_PREFIX_PATH=/root/openpifpaf_ros2/install/realsense2_camera_msgs:/root/openpifpaf_ros2/install/realsense2_description:/root/openpifpaf_ros2/install/realsense2_camera:/root/openpifpaf_ros2/install/openpifpaf_ros2_msgs:/root/openpifpaf_ros2/install/rgbd_openpifpaf_ros2:/root/openpifpaf_ros2/install/pose_checker:/root/openpifpaf_ros2/install/openpifpaf_ros2_node:/opt/ros/foxy LD_LIBRARY_PATH=/root/openpifpaf_ros2/install/realsense2_camera_msgs/lib:/root/openpifpaf_ros2/install/realsense2_camera/lib:/root/openpifpaf_ros2/install/openpifpaf_ros2_msgs/lib:/usr/lib/x86_64-linux-gnu/gazebo-11/plugins:/opt/ros/foxy/opt/yaml_cpp_vendor/lib:/opt/ros/foxy/opt/rviz_ogre_vendor/lib:/opt/ros/foxy/lib/x86_64-linux-gnu:/opt/ros/foxy/lib:/usr/local/11.3.0/lib64:/usr/local/nvidia/lib:/usr/local/nvidia/lib64 PYTHONPATH=/root/openpifpaf_ros2/install/realsense2_camera_msgs/lib/python3.8/site-packages:/root/openpifpaf_ros2/install/rgbd_openpifpaf_ros2/lib/python3.8/site-packages:/root/openpifpaf_ros2/install/pose_checker/lib/python3.8/site-packages:/root/openpifpaf_ros2/install/openpifpaf_ros2_node/lib/python3.8/site-packages:/root/openpifpaf_ros2/install/openpifpaf_ros2_msgs/lib/python3.8/site-packages:/opt/ros/foxy/lib/python3.8/site-packages _=/usr/bin/env /usr/bin/cmake --build /root/openpifpaf_ros2/build/realsense2_camera -- -j12 -l12
[1.501s] DEBUG:colcon.colcon_core.event_handler.log_command:Invoked command in '/root/openpifpaf_ros2/build/realsense2_description' returned '0': CMAKE_PREFIX_PATH=/root/openpifpaf_ros2/install/realsense2_camera_msgs:/root/openpifpaf_ros2/install/realsense2_description:/root/openpifpaf_ros2/install/realsense2_camera:/root/openpifpaf_ros2/install/openpifpaf_ros2_msgs:/root/openpifpaf_ros2/install/rgbd_openpifpaf_ros2:/root/openpifpaf_ros2/install/pose_checker:/root/openpifpaf_ros2/install/openpifpaf_ros2_node:/opt/ros/foxy LD_LIBRARY_PATH=/root/openpifpaf_ros2/install/realsense2_camera_msgs/lib:/root/openpifpaf_ros2/install/realsense2_camera/lib:/root/openpifpaf_ros2/install/openpifpaf_ros2_msgs/lib:/usr/lib/x86_64-linux-gnu/gazebo-11/plugins:/opt/ros/foxy/opt/yaml_cpp_vendor/lib:/opt/ros/foxy/opt/rviz_ogre_vendor/lib:/opt/ros/foxy/lib/x86_64-linux-gnu:/opt/ros/foxy/lib:/usr/local/11.3.0/lib64:/usr/local/nvidia/lib:/usr/local/nvidia/lib64 PYTHONPATH=/root/openpifpaf_ros2/install/realsense2_camera_msgs/lib/python3.8/site-packages:/root/openpifpaf_ros2/install/rgbd_openpifpaf_ros2/lib/python3.8/site-packages:/root/openpifpaf_ros2/install/pose_checker/lib/python3.8/site-packages:/root/openpifpaf_ros2/install/openpifpaf_ros2_node/lib/python3.8/site-packages:/root/openpifpaf_ros2/install/openpifpaf_ros2_msgs/lib/python3.8/site-packages:/opt/ros/foxy/lib/python3.8/site-packages _=/usr/bin/env /usr/bin/cmake --build /root/openpifpaf_ros2/build/realsense2_description -- -j12 -l12
[1.506s] Level 1:colcon.colcon_core.environment:checking '/root/openpifpaf_ros2/install/pose_checker' for CMake module files
[1.507s] DEBUG:colcon.colcon_core.event_handler.log_command:Invoked command in '/root/openpifpaf_ros2/src/pose_checker' returned '0': PYTHONPATH=/root/openpifpaf_ros2/install/pose_checker/lib/python3.8/site-packages:${PYTHONPATH} _=/usr/bin/env /usr/bin/python3 setup.py egg_info --egg-base ../../build/pose_checker build --build-base /root/openpifpaf_ros2/build/pose_checker/build install --prefix /root/openpifpaf_ros2/install/pose_checker --record /root/openpifpaf_ros2/build/pose_checker/install.log --single-version-externally-managed
[1.508s] Level 1:colcon.colcon_core.environment:checking '/root/openpifpaf_ros2/install/pose_checker' for CMake config files
[1.508s] Level 1:colcon.colcon_core.environment:checking '/root/openpifpaf_ros2/install/pose_checker/lib'
[1.508s] Level 1:colcon.colcon_core.environment:checking '/root/openpifpaf_ros2/install/pose_checker/bin'
[1.508s] Level 1:colcon.colcon_core.environment:checking '/root/openpifpaf_ros2/install/pose_checker/lib/pkgconfig/pose_checker.pc'
[1.509s] Level 1:colcon.colcon_core.environment:checking '/root/openpifpaf_ros2/install/pose_checker/lib/python3.8/site-packages'
[1.509s] Level 1:colcon.colcon_core.shell:create_environment_hook('pose_checker', 'pythonpath')
[1.510s] INFO:colcon.colcon_core.shell:Creating environment hook '/root/openpifpaf_ros2/install/pose_checker/share/pose_checker/hook/pythonpath.ps1'
[1.511s] INFO:colcon.colcon_core.shell:Creating environment descriptor '/root/openpifpaf_ros2/install/pose_checker/share/pose_checker/hook/pythonpath.dsv'
[1.511s] INFO:colcon.colcon_core.shell:Creating environment hook '/root/openpifpaf_ros2/install/pose_checker/share/pose_checker/hook/pythonpath.sh'
[1.511s] Level 1:colcon.colcon_core.environment:checking '/root/openpifpaf_ros2/install/pose_checker/bin'
[1.512s] Level 1:colcon.colcon_core.environment:create_environment_scripts_only(pose_checker)
[1.513s] INFO:colcon.colcon_core.shell:Creating package script '/root/openpifpaf_ros2/install/pose_checker/share/pose_checker/package.ps1'
[1.513s] INFO:colcon.colcon_core.shell:Creating package descriptor '/root/openpifpaf_ros2/install/pose_checker/share/pose_checker/package.dsv'
[1.514s] INFO:colcon.colcon_core.shell:Creating package script '/root/openpifpaf_ros2/install/pose_checker/share/pose_checker/package.sh'
[1.514s] INFO:colcon.colcon_core.shell:Creating package script '/root/openpifpaf_ros2/install/pose_checker/share/pose_checker/package.bash'
[1.515s] INFO:colcon.colcon_core.shell:Creating package script '/root/openpifpaf_ros2/install/pose_checker/share/pose_checker/package.zsh'
[1.515s] Level 1:colcon.colcon_core.environment:create_file_with_runtime_dependencies(/root/openpifpaf_ros2/install/pose_checker/share/colcon-core/packages/pose_checker)
[1.787s] INFO:colcon.colcon_core.task.python.build:Building Python package in '/root/openpifpaf_ros2/src/rgbd_openpifpaf_ros2'
[1.789s] INFO:colcon.colcon_core.shell:Skip shell extension 'powershell' for command environment: Not usable outside of PowerShell
[1.790s] DEBUG:colcon.colcon_core.shell:Skip shell extension 'dsv' for command environment
[1.812s] DEBUG:colcon.colcon_core.event_handler.log_command:Invoking command in '/root/openpifpaf_ros2/build/realsense2_camera': CMAKE_PREFIX_PATH=/root/openpifpaf_ros2/install/realsense2_camera_msgs:/root/openpifpaf_ros2/install/realsense2_description:/root/openpifpaf_ros2/install/realsense2_camera:/root/openpifpaf_ros2/install/openpifpaf_ros2_msgs:/root/openpifpaf_ros2/install/rgbd_openpifpaf_ros2:/root/openpifpaf_ros2/install/pose_checker:/root/openpifpaf_ros2/install/openpifpaf_ros2_node:/opt/ros/foxy LD_LIBRARY_PATH=/root/openpifpaf_ros2/install/realsense2_camera_msgs/lib:/root/openpifpaf_ros2/install/realsense2_camera/lib:/root/openpifpaf_ros2/install/openpifpaf_ros2_msgs/lib:/usr/lib/x86_64-linux-gnu/gazebo-11/plugins:/opt/ros/foxy/opt/yaml_cpp_vendor/lib:/opt/ros/foxy/opt/rviz_ogre_vendor/lib:/opt/ros/foxy/lib/x86_64-linux-gnu:/opt/ros/foxy/lib:/usr/local/11.3.0/lib64:/usr/local/nvidia/lib:/usr/local/nvidia/lib64 PYTHONPATH=/root/openpifpaf_ros2/install/realsense2_camera_msgs/lib/python3.8/site-packages:/root/openpifpaf_ros2/install/rgbd_openpifpaf_ros2/lib/python3.8/site-packages:/root/openpifpaf_ros2/install/pose_checker/lib/python3.8/site-packages:/root/openpifpaf_ros2/install/openpifpaf_ros2_node/lib/python3.8/site-packages:/root/openpifpaf_ros2/install/openpifpaf_ros2_msgs/lib/python3.8/site-packages:/opt/ros/foxy/lib/python3.8/site-packages _=/usr/bin/env /usr/bin/cmake --install /root/openpifpaf_ros2/build/realsense2_camera
[1.817s] DEBUG:colcon.colcon_core.event_handler.log_command:Invoking command in '/root/openpifpaf_ros2/build/realsense2_description': CMAKE_PREFIX_PATH=/root/openpifpaf_ros2/install/realsense2_camera_msgs:/root/openpifpaf_ros2/install/realsense2_description:/root/openpifpaf_ros2/install/realsense2_camera:/root/openpifpaf_ros2/install/openpifpaf_ros2_msgs:/root/openpifpaf_ros2/install/rgbd_openpifpaf_ros2:/root/openpifpaf_ros2/install/pose_checker:/root/openpifpaf_ros2/install/openpifpaf_ros2_node:/opt/ros/foxy LD_LIBRARY_PATH=/root/openpifpaf_ros2/install/realsense2_camera_msgs/lib:/root/openpifpaf_ros2/install/realsense2_camera/lib:/root/openpifpaf_ros2/install/openpifpaf_ros2_msgs/lib:/usr/lib/x86_64-linux-gnu/gazebo-11/plugins:/opt/ros/foxy/opt/yaml_cpp_vendor/lib:/opt/ros/foxy/opt/rviz_ogre_vendor/lib:/opt/ros/foxy/lib/x86_64-linux-gnu:/opt/ros/foxy/lib:/usr/local/11.3.0/lib64:/usr/local/nvidia/lib:/usr/local/nvidia/lib64 PYTHONPATH=/root/openpifpaf_ros2/install/realsense2_camera_msgs/lib/python3.8/site-packages:/root/openpifpaf_ros2/install/rgbd_openpifpaf_ros2/lib/python3.8/site-packages:/root/openpifpaf_ros2/install/pose_checker/lib/python3.8/site-packages:/root/openpifpaf_ros2/install/openpifpaf_ros2_node/lib/python3.8/site-packages:/root/openpifpaf_ros2/install/openpifpaf_ros2_msgs/lib/python3.8/site-packages:/opt/ros/foxy/lib/python3.8/site-packages _=/usr/bin/env /usr/bin/cmake --install /root/openpifpaf_ros2/build/realsense2_description
[1.828s] Level 1:colcon.colcon_core.environment:create_environment_scripts_only(realsense2_camera)
[1.832s] Level 1:colcon.colcon_core.environment:checking '/root/openpifpaf_ros2/install/realsense2_camera' for CMake module files
[1.834s] Level 1:colcon.colcon_core.environment:checking '/root/openpifpaf_ros2/install/realsense2_camera' for CMake config files
[1.837s] Level 1:colcon.colcon_core.shell:create_environment_hook('realsense2_camera', 'cmake_prefix_path')
[1.839s] INFO:colcon.colcon_core.shell:Creating environment hook '/root/openpifpaf_ros2/install/realsense2_camera/share/realsense2_camera/hook/cmake_prefix_path.ps1'
[1.840s] INFO:colcon.colcon_core.shell:Creating environment descriptor '/root/openpifpaf_ros2/install/realsense2_camera/share/realsense2_camera/hook/cmake_prefix_path.dsv'
[1.841s] INFO:colcon.colcon_core.shell:Creating environment hook '/root/openpifpaf_ros2/install/realsense2_camera/share/realsense2_camera/hook/cmake_prefix_path.sh'
[1.842s] Level 1:colcon.colcon_core.environment:checking '/root/openpifpaf_ros2/install/realsense2_camera/lib'
[1.843s] Level 1:colcon.colcon_core.shell:create_environment_hook('realsense2_camera', 'ld_library_path_lib')
[1.844s] INFO:colcon.colcon_core.shell:Creating environment hook '/root/openpifpaf_ros2/install/realsense2_camera/share/realsense2_camera/hook/ld_library_path_lib.ps1'
[1.845s] INFO:colcon.colcon_core.shell:Creating environment descriptor '/root/openpifpaf_ros2/install/realsense2_camera/share/realsense2_camera/hook/ld_library_path_lib.dsv'
[1.846s] INFO:colcon.colcon_core.shell:Creating environment hook '/root/openpifpaf_ros2/install/realsense2_camera/share/realsense2_camera/hook/ld_library_path_lib.sh'
[1.846s] Level 1:colcon.colcon_core.environment:checking '/root/openpifpaf_ros2/install/realsense2_camera/bin'
[1.847s] Level 1:colcon.colcon_core.environment:checking '/root/openpifpaf_ros2/install/realsense2_camera/lib/pkgconfig/realsense2_camera.pc'
[1.847s] Level 1:colcon.colcon_core.environment:checking '/root/openpifpaf_ros2/install/realsense2_camera/lib/python3.8/site-packages'
[1.847s] Level 1:colcon.colcon_core.environment:checking '/root/openpifpaf_ros2/install/realsense2_camera/bin'
[1.849s] INFO:colcon.colcon_core.shell:Creating package script '/root/openpifpaf_ros2/install/realsense2_camera/share/realsense2_camera/package.ps1'
[1.850s] INFO:colcon.colcon_core.shell:Creating package descriptor '/root/openpifpaf_ros2/install/realsense2_camera/share/realsense2_camera/package.dsv'
[1.851s] INFO:colcon.colcon_core.shell:Creating package script '/root/openpifpaf_ros2/install/realsense2_camera/share/realsense2_camera/package.sh'
[1.852s] INFO:colcon.colcon_core.shell:Creating package script '/root/openpifpaf_ros2/install/realsense2_camera/share/realsense2_camera/package.bash'
[1.853s] DEBUG:colcon.colcon_core.event_handler.log_command:Invoked command in '/root/openpifpaf_ros2/build/realsense2_camera' returned '0': CMAKE_PREFIX_PATH=/root/openpifpaf_ros2/install/realsense2_camera_msgs:/root/openpifpaf_ros2/install/realsense2_description:/root/openpifpaf_ros2/install/realsense2_camera:/root/openpifpaf_ros2/install/openpifpaf_ros2_msgs:/root/openpifpaf_ros2/install/rgbd_openpifpaf_ros2:/root/openpifpaf_ros2/install/pose_checker:/root/openpifpaf_ros2/install/openpifpaf_ros2_node:/opt/ros/foxy LD_LIBRARY_PATH=/root/openpifpaf_ros2/install/realsense2_camera_msgs/lib:/root/openpifpaf_ros2/install/realsense2_camera/lib:/root/openpifpaf_ros2/install/openpifpaf_ros2_msgs/lib:/usr/lib/x86_64-linux-gnu/gazebo-11/plugins:/opt/ros/foxy/opt/yaml_cpp_vendor/lib:/opt/ros/foxy/opt/rviz_ogre_vendor/lib:/opt/ros/foxy/lib/x86_64-linux-gnu:/opt/ros/foxy/lib:/usr/local/11.3.0/lib64:/usr/local/nvidia/lib:/usr/local/nvidia/lib64 PYTHONPATH=/root/openpifpaf_ros2/install/realsense2_camera_msgs/lib/python3.8/site-packages:/root/openpifpaf_ros2/install/rgbd_openpifpaf_ros2/lib/python3.8/site-packages:/root/openpifpaf_ros2/install/pose_checker/lib/python3.8/site-packages:/root/openpifpaf_ros2/install/openpifpaf_ros2_node/lib/python3.8/site-packages:/root/openpifpaf_ros2/install/openpifpaf_ros2_msgs/lib/python3.8/site-packages:/opt/ros/foxy/lib/python3.8/site-packages _=/usr/bin/env /usr/bin/cmake --install /root/openpifpaf_ros2/build/realsense2_camera
[1.853s] INFO:colcon.colcon_core.shell:Creating package script '/root/openpifpaf_ros2/install/realsense2_camera/share/realsense2_camera/package.zsh'
[1.854s] Level 1:colcon.colcon_core.environment:create_file_with_runtime_dependencies(/root/openpifpaf_ros2/install/realsense2_camera/share/colcon-core/packages/realsense2_camera)
[1.859s] Level 1:colcon.colcon_core.environment:create_environment_scripts_only(realsense2_description)
[1.862s] Level 1:colcon.colcon_core.environment:checking '/root/openpifpaf_ros2/install/realsense2_description' for CMake module files
[1.864s] Level 1:colcon.colcon_core.environment:checking '/root/openpifpaf_ros2/install/realsense2_description' for CMake config files
[1.865s] DEBUG:colcon.colcon_core.event_handler.log_command:Invoked command in '/root/openpifpaf_ros2/build/realsense2_description' returned '0': CMAKE_PREFIX_PATH=/root/openpifpaf_ros2/install/realsense2_camera_msgs:/root/openpifpaf_ros2/install/realsense2_description:/root/openpifpaf_ros2/install/realsense2_camera:/root/openpifpaf_ros2/install/openpifpaf_ros2_msgs:/root/openpifpaf_ros2/install/rgbd_openpifpaf_ros2:/root/openpifpaf_ros2/install/pose_checker:/root/openpifpaf_ros2/install/openpifpaf_ros2_node:/opt/ros/foxy LD_LIBRARY_PATH=/root/openpifpaf_ros2/install/realsense2_camera_msgs/lib:/root/openpifpaf_ros2/install/realsense2_camera/lib:/root/openpifpaf_ros2/install/openpifpaf_ros2_msgs/lib:/usr/lib/x86_64-linux-gnu/gazebo-11/plugins:/opt/ros/foxy/opt/yaml_cpp_vendor/lib:/opt/ros/foxy/opt/rviz_ogre_vendor/lib:/opt/ros/foxy/lib/x86_64-linux-gnu:/opt/ros/foxy/lib:/usr/local/11.3.0/lib64:/usr/local/nvidia/lib:/usr/local/nvidia/lib64 PYTHONPATH=/root/openpifpaf_ros2/install/realsense2_camera_msgs/lib/python3.8/site-packages:/root/openpifpaf_ros2/install/rgbd_openpifpaf_ros2/lib/python3.8/site-packages:/root/openpifpaf_ros2/install/pose_checker/lib/python3.8/site-packages:/root/openpifpaf_ros2/install/openpifpaf_ros2_node/lib/python3.8/site-packages:/root/openpifpaf_ros2/install/openpifpaf_ros2_msgs/lib/python3.8/site-packages:/opt/ros/foxy/lib/python3.8/site-packages _=/usr/bin/env /usr/bin/cmake --install /root/openpifpaf_ros2/build/realsense2_description
[1.865s] Level 1:colcon.colcon_core.shell:create_environment_hook('realsense2_description', 'cmake_prefix_path')
[1.868s] INFO:colcon.colcon_core.shell:Creating environment hook '/root/openpifpaf_ros2/install/realsense2_description/share/realsense2_description/hook/cmake_prefix_path.ps1'
[1.868s] INFO:colcon.colcon_core.shell:Creating environment descriptor '/root/openpifpaf_ros2/install/realsense2_description/share/realsense2_description/hook/cmake_prefix_path.dsv'
[1.869s] INFO:colcon.colcon_core.shell:Creating environment hook '/root/openpifpaf_ros2/install/realsense2_description/share/realsense2_description/hook/cmake_prefix_path.sh'
[1.870s] Level 1:colcon.colcon_core.environment:checking '/root/openpifpaf_ros2/install/realsense2_description/bin'
[1.870s] Level 1:colcon.colcon_core.environment:checking '/root/openpifpaf_ros2/install/realsense2_description/lib/pkgconfig/realsense2_description.pc'
[1.870s] Level 1:colcon.colcon_core.environment:checking '/root/openpifpaf_ros2/install/realsense2_description/lib/python3.8/site-packages'
[1.870s] Level 1:colcon.colcon_core.environment:checking '/root/openpifpaf_ros2/install/realsense2_description/bin'
[1.872s] INFO:colcon.colcon_core.shell:Creating package script '/root/openpifpaf_ros2/install/realsense2_description/share/realsense2_description/package.ps1'
[1.873s] INFO:colcon.colcon_core.shell:Creating package descriptor '/root/openpifpaf_ros2/install/realsense2_description/share/realsense2_description/package.dsv'
[1.873s] INFO:colcon.colcon_core.shell:Creating package script '/root/openpifpaf_ros2/install/realsense2_description/share/realsense2_description/package.sh'
[1.874s] INFO:colcon.colcon_core.shell:Creating package script '/root/openpifpaf_ros2/install/realsense2_description/share/realsense2_description/package.bash'
[1.874s] INFO:colcon.colcon_core.shell:Creating package script '/root/openpifpaf_ros2/install/realsense2_description/share/realsense2_description/package.zsh'
[1.875s] Level 1:colcon.colcon_core.environment:create_file_with_runtime_dependencies(/root/openpifpaf_ros2/install/realsense2_description/share/colcon-core/packages/realsense2_description)
[1.917s] Level 1:colcon.colcon_core.environment:create_environment_scripts_only(realsense2_description)
[1.919s] Level 1:colcon.colcon_core.environment:checking '/root/openpifpaf_ros2/install/realsense2_description' for CMake module files
[1.920s] Level 1:colcon.colcon_core.environment:checking '/root/openpifpaf_ros2/install/realsense2_description' for CMake config files
[1.921s] Level 1:colcon.colcon_core.shell:create_environment_hook('realsense2_description', 'cmake_prefix_path')
[1.922s] INFO:colcon.colcon_core.shell:Creating environment hook '/root/openpifpaf_ros2/install/realsense2_description/share/realsense2_description/hook/cmake_prefix_path.ps1'
[1.923s] INFO:colcon.colcon_core.shell:Creating environment descriptor '/root/openpifpaf_ros2/install/realsense2_description/share/realsense2_description/hook/cmake_prefix_path.dsv'
[1.923s] INFO:colcon.colcon_core.shell:Creating environment hook '/root/openpifpaf_ros2/install/realsense2_description/share/realsense2_description/hook/cmake_prefix_path.sh'
[1.924s] Level 1:colcon.colcon_core.environment:checking '/root/openpifpaf_ros2/install/realsense2_description/bin'
[1.924s] Level 1:colcon.colcon_core.environment:checking '/root/openpifpaf_ros2/install/realsense2_description/lib/pkgconfig/realsense2_description.pc'
[1.924s] Level 1:colcon.colcon_core.environment:checking '/root/openpifpaf_ros2/install/realsense2_description/lib/python3.8/site-packages'
[1.925s] Level 1:colcon.colcon_core.environment:checking '/root/openpifpaf_ros2/install/realsense2_description/bin'
[1.926s] INFO:colcon.colcon_core.shell:Creating package script '/root/openpifpaf_ros2/install/realsense2_description/share/realsense2_description/package.ps1'
[1.927s] INFO:colcon.colcon_core.shell:Creating package descriptor '/root/openpifpaf_ros2/install/realsense2_description/share/realsense2_description/package.dsv'
[1.928s] INFO:colcon.colcon_core.shell:Creating package script '/root/openpifpaf_ros2/install/realsense2_description/share/realsense2_description/package.sh'
[1.928s] INFO:colcon.colcon_core.shell:Creating package script '/root/openpifpaf_ros2/install/realsense2_description/share/realsense2_description/package.bash'
[1.929s] INFO:colcon.colcon_core.shell:Creating package script '/root/openpifpaf_ros2/install/realsense2_description/share/realsense2_description/package.zsh'
[1.929s] Level 1:colcon.colcon_core.environment:create_file_with_runtime_dependencies(/root/openpifpaf_ros2/install/realsense2_description/share/colcon-core/packages/realsense2_description)
[1.932s] Level 1:colcon.colcon_core.environment:create_environment_scripts_only(realsense2_camera)
[1.934s] Level 1:colcon.colcon_core.environment:checking '/root/openpifpaf_ros2/install/realsense2_camera' for CMake module files
[1.935s] Level 1:colcon.colcon_core.environment:checking '/root/openpifpaf_ros2/install/realsense2_camera' for CMake config files
[1.936s] Level 1:colcon.colcon_core.shell:create_environment_hook('realsense2_camera', 'cmake_prefix_path')
[1.937s] INFO:colcon.colcon_core.shell:Creating environment hook '/root/openpifpaf_ros2/install/realsense2_camera/share/realsense2_camera/hook/cmake_prefix_path.ps1'
[1.937s] INFO:colcon.colcon_core.shell:Creating environment descriptor '/root/openpifpaf_ros2/install/realsense2_camera/share/realsense2_camera/hook/cmake_prefix_path.dsv'
[1.938s] INFO:colcon.colcon_core.shell:Creating environment hook '/root/openpifpaf_ros2/install/realsense2_camera/share/realsense2_camera/hook/cmake_prefix_path.sh'
[1.938s] Level 1:colcon.colcon_core.environment:checking '/root/openpifpaf_ros2/install/realsense2_camera/lib'
[1.938s] Level 1:colcon.colcon_core.shell:create_environment_hook('realsense2_camera', 'ld_library_path_lib')
[1.941s] INFO:colcon.colcon_core.shell:Creating environment hook '/root/openpifpaf_ros2/install/realsense2_camera/share/realsense2_camera/hook/ld_library_path_lib.ps1'
[1.941s] INFO:colcon.colcon_core.shell:Creating environment descriptor '/root/openpifpaf_ros2/install/realsense2_camera/share/realsense2_camera/hook/ld_library_path_lib.dsv'
[1.941s] INFO:colcon.colcon_core.shell:Creating environment hook '/root/openpifpaf_ros2/install/realsense2_camera/share/realsense2_camera/hook/ld_library_path_lib.sh'
[1.942s] Level 1:colcon.colcon_core.environment:checking '/root/openpifpaf_ros2/install/realsense2_camera/bin'
[1.942s] Level 1:colcon.colcon_core.environment:checking '/root/openpifpaf_ros2/install/realsense2_camera/lib/pkgconfig/realsense2_camera.pc'
[1.942s] Level 1:colcon.colcon_core.environment:checking '/root/openpifpaf_ros2/install/realsense2_camera/lib/python3.8/site-packages'
[1.942s] Level 1:colcon.colcon_core.environment:checking '/root/openpifpaf_ros2/install/realsense2_camera/bin'
[1.944s] INFO:colcon.colcon_core.shell:Creating package script '/root/openpifpaf_ros2/install/realsense2_camera/share/realsense2_camera/package.ps1'
[1.945s] INFO:colcon.colcon_core.shell:Creating package descriptor '/root/openpifpaf_ros2/install/realsense2_camera/share/realsense2_camera/package.dsv'
[1.945s] INFO:colcon.colcon_core.shell:Creating package script '/root/openpifpaf_ros2/install/realsense2_camera/share/realsense2_camera/package.sh'
[1.946s] INFO:colcon.colcon_core.shell:Creating package script '/root/openpifpaf_ros2/install/realsense2_camera/share/realsense2_camera/package.bash'
[1.946s] INFO:colcon.colcon_core.shell:Creating package script '/root/openpifpaf_ros2/install/realsense2_camera/share/realsense2_camera/package.zsh'
[1.947s] Level 1:colcon.colcon_core.environment:create_file_with_runtime_dependencies(/root/openpifpaf_ros2/install/realsense2_camera/share/colcon-core/packages/realsense2_camera)
[2.293s] DEBUG:colcon.colcon_core.event_handler.log_command:Invoking command in '/root/openpifpaf_ros2/src/rgbd_openpifpaf_ros2': CMAKE_PREFIX_PATH=/root/openpifpaf_ros2/install/openpifpaf_ros2_msgs:/root/openpifpaf_ros2/install/realsense2_description:/root/openpifpaf_ros2/install/realsense2_camera:/root/openpifpaf_ros2/install/realsense2_camera_msgs LD_LIBRARY_PATH=/root/openpifpaf_ros2/install/openpifpaf_ros2_msgs/lib:/root/openpifpaf_ros2/install/realsense2_camera/lib:/root/openpifpaf_ros2/install/realsense2_camera_msgs/lib:/usr/lib/x86_64-linux-gnu/gazebo-11/plugins:/opt/ros/foxy/opt/yaml_cpp_vendor/lib:/opt/ros/foxy/opt/rviz_ogre_vendor/lib:/opt/ros/foxy/lib/x86_64-linux-gnu:/opt/ros/foxy/lib:/usr/local/11.3.0/lib64:/usr/local/nvidia/lib:/usr/local/nvidia/lib64 PYTHONPATH=/root/openpifpaf_ros2/install/rgbd_openpifpaf_ros2/lib/python3.8/site-packages:/root/openpifpaf_ros2/install/openpifpaf_ros2_msgs/lib/python3.8/site-packages:/root/openpifpaf_ros2/install/rgbd_openpifpaf_ros2/lib/python3.8/site-packages:/root/openpifpaf_ros2/install/realsense2_camera_msgs/lib/python3.8/site-packages:/root/openpifpaf_ros2/install/pose_checker/lib/python3.8/site-packages:/root/openpifpaf_ros2/install/openpifpaf_ros2_node/lib/python3.8/site-packages:/opt/ros/foxy/lib/python3.8/site-packages _=/usr/bin/env /usr/bin/python3 setup.py egg_info --egg-base ../../build/rgbd_openpifpaf_ros2 build --build-base /root/openpifpaf_ros2/build/rgbd_openpifpaf_ros2/build install --prefix /root/openpifpaf_ros2/install/rgbd_openpifpaf_ros2 --record /root/openpifpaf_ros2/build/rgbd_openpifpaf_ros2/install.log --single-version-externally-managed
[2.304s] DEBUG:colcon.colcon_core.event_handler.log_command:Invoking command in '/root/openpifpaf_ros2/src/openpifpaf_ros2_node': CMAKE_PREFIX_PATH=/root/openpifpaf_ros2/install/openpifpaf_ros2_msgs:/root/openpifpaf_ros2/install/realsense2_description:/root/openpifpaf_ros2/install/realsense2_camera:/root/openpifpaf_ros2/install/realsense2_camera_msgs LD_LIBRARY_PATH=/root/openpifpaf_ros2/install/openpifpaf_ros2_msgs/lib:/root/openpifpaf_ros2/install/realsense2_camera/lib:/root/openpifpaf_ros2/install/realsense2_camera_msgs/lib:/usr/lib/x86_64-linux-gnu/gazebo-11/plugins:/opt/ros/foxy/opt/yaml_cpp_vendor/lib:/opt/ros/foxy/opt/rviz_ogre_vendor/lib:/opt/ros/foxy/lib/x86_64-linux-gnu:/opt/ros/foxy/lib:/usr/local/11.3.0/lib64:/usr/local/nvidia/lib:/usr/local/nvidia/lib64 PYTHONPATH=/root/openpifpaf_ros2/install/openpifpaf_ros2_node/lib/python3.8/site-packages:/root/openpifpaf_ros2/install/openpifpaf_ros2_msgs/lib/python3.8/site-packages:/root/openpifpaf_ros2/install/rgbd_openpifpaf_ros2/lib/python3.8/site-packages:/root/openpifpaf_ros2/install/realsense2_camera_msgs/lib/python3.8/site-packages:/root/openpifpaf_ros2/install/pose_checker/lib/python3.8/site-packages:/root/openpifpaf_ros2/install/openpifpaf_ros2_node/lib/python3.8/site-packages:/opt/ros/foxy/lib/python3.8/site-packages _=/usr/bin/env /usr/bin/python3 setup.py egg_info --egg-base ../../build/openpifpaf_ros2_node build --build-base /root/openpifpaf_ros2/build/openpifpaf_ros2_node/build install --prefix /root/openpifpaf_ros2/install/openpifpaf_ros2_node --record /root/openpifpaf_ros2/build/openpifpaf_ros2_node/install.log --single-version-externally-managed
[2.601s] Level 1:colcon.colcon_core.environment:checking '/root/openpifpaf_ros2/install/rgbd_openpifpaf_ros2' for CMake module files
[2.603s] DEBUG:colcon.colcon_core.event_handler.log_command:Invoked command in '/root/openpifpaf_ros2/src/rgbd_openpifpaf_ros2' returned '0': CMAKE_PREFIX_PATH=/root/openpifpaf_ros2/install/openpifpaf_ros2_msgs:/root/openpifpaf_ros2/install/realsense2_description:/root/openpifpaf_ros2/install/realsense2_camera:/root/openpifpaf_ros2/install/realsense2_camera_msgs LD_LIBRARY_PATH=/root/openpifpaf_ros2/install/openpifpaf_ros2_msgs/lib:/root/openpifpaf_ros2/install/realsense2_camera/lib:/root/openpifpaf_ros2/install/realsense2_camera_msgs/lib:/usr/lib/x86_64-linux-gnu/gazebo-11/plugins:/opt/ros/foxy/opt/yaml_cpp_vendor/lib:/opt/ros/foxy/opt/rviz_ogre_vendor/lib:/opt/ros/foxy/lib/x86_64-linux-gnu:/opt/ros/foxy/lib:/usr/local/11.3.0/lib64:/usr/local/nvidia/lib:/usr/local/nvidia/lib64 PYTHONPATH=/root/openpifpaf_ros2/install/rgbd_openpifpaf_ros2/lib/python3.8/site-packages:/root/openpifpaf_ros2/install/openpifpaf_ros2_msgs/lib/python3.8/site-packages:/root/openpifpaf_ros2/install/rgbd_openpifpaf_ros2/lib/python3.8/site-packages:/root/openpifpaf_ros2/install/realsense2_camera_msgs/lib/python3.8/site-packages:/root/openpifpaf_ros2/install/pose_checker/lib/python3.8/site-packages:/root/openpifpaf_ros2/install/openpifpaf_ros2_node/lib/python3.8/site-packages:/opt/ros/foxy/lib/python3.8/site-packages _=/usr/bin/env /usr/bin/python3 setup.py egg_info --egg-base ../../build/rgbd_openpifpaf_ros2 build --build-base /root/openpifpaf_ros2/build/rgbd_openpifpaf_ros2/build install --prefix /root/openpifpaf_ros2/install/rgbd_openpifpaf_ros2 --record /root/openpifpaf_ros2/build/rgbd_openpifpaf_ros2/install.log --single-version-externally-managed
[2.604s] Level 1:colcon.colcon_core.environment:checking '/root/openpifpaf_ros2/install/rgbd_openpifpaf_ros2' for CMake config files
[2.606s] Level 1:colcon.colcon_core.environment:checking '/root/openpifpaf_ros2/install/rgbd_openpifpaf_ros2/lib'
[2.606s] Level 1:colcon.colcon_core.environment:checking '/root/openpifpaf_ros2/install/rgbd_openpifpaf_ros2/bin'
[2.606s] Level 1:colcon.colcon_core.environment:checking '/root/openpifpaf_ros2/install/rgbd_openpifpaf_ros2/lib/pkgconfig/rgbd_openpifpaf_ros2.pc'
[2.606s] Level 1:colcon.colcon_core.environment:checking '/root/openpifpaf_ros2/install/rgbd_openpifpaf_ros2/lib/python3.8/site-packages'
[2.607s] Level 1:colcon.colcon_core.shell:create_environment_hook('rgbd_openpifpaf_ros2', 'pythonpath')
[2.609s] INFO:colcon.colcon_core.shell:Creating environment hook '/root/openpifpaf_ros2/install/rgbd_openpifpaf_ros2/share/rgbd_openpifpaf_ros2/hook/pythonpath.ps1'
[2.610s] INFO:colcon.colcon_core.shell:Creating environment descriptor '/root/openpifpaf_ros2/install/rgbd_openpifpaf_ros2/share/rgbd_openpifpaf_ros2/hook/pythonpath.dsv'
[2.610s] INFO:colcon.colcon_core.shell:Creating environment hook '/root/openpifpaf_ros2/install/rgbd_openpifpaf_ros2/share/rgbd_openpifpaf_ros2/hook/pythonpath.sh'
[2.610s] Level 1:colcon.colcon_core.environment:checking '/root/openpifpaf_ros2/install/rgbd_openpifpaf_ros2/bin'
[2.611s] Level 1:colcon.colcon_core.environment:create_environment_scripts_only(rgbd_openpifpaf_ros2)
[2.612s] INFO:colcon.colcon_core.shell:Creating package script '/root/openpifpaf_ros2/install/rgbd_openpifpaf_ros2/share/rgbd_openpifpaf_ros2/package.ps1'
[2.613s] INFO:colcon.colcon_core.shell:Creating package descriptor '/root/openpifpaf_ros2/install/rgbd_openpifpaf_ros2/share/rgbd_openpifpaf_ros2/package.dsv'
[2.613s] INFO:colcon.colcon_core.shell:Creating package script '/root/openpifpaf_ros2/install/rgbd_openpifpaf_ros2/share/rgbd_openpifpaf_ros2/package.sh'
[2.613s] INFO:colcon.colcon_core.shell:Creating package script '/root/openpifpaf_ros2/install/rgbd_openpifpaf_ros2/share/rgbd_openpifpaf_ros2/package.bash'
[2.614s] INFO:colcon.colcon_core.shell:Creating package script '/root/openpifpaf_ros2/install/rgbd_openpifpaf_ros2/share/rgbd_openpifpaf_ros2/package.zsh'
[2.614s] Level 1:colcon.colcon_core.environment:create_file_with_runtime_dependencies(/root/openpifpaf_ros2/install/rgbd_openpifpaf_ros2/share/colcon-core/packages/rgbd_openpifpaf_ros2)
[2.649s] Level 1:colcon.colcon_core.environment:checking '/root/openpifpaf_ros2/install/openpifpaf_ros2_node' for CMake module files
[2.650s] DEBUG:colcon.colcon_core.event_handler.log_command:Invoked command in '/root/openpifpaf_ros2/src/openpifpaf_ros2_node' returned '0': CMAKE_PREFIX_PATH=/root/openpifpaf_ros2/install/openpifpaf_ros2_msgs:/root/openpifpaf_ros2/install/realsense2_description:/root/openpifpaf_ros2/install/realsense2_camera:/root/openpifpaf_ros2/install/realsense2_camera_msgs LD_LIBRARY_PATH=/root/openpifpaf_ros2/install/openpifpaf_ros2_msgs/lib:/root/openpifpaf_ros2/install/realsense2_camera/lib:/root/openpifpaf_ros2/install/realsense2_camera_msgs/lib:/usr/lib/x86_64-linux-gnu/gazebo-11/plugins:/opt/ros/foxy/opt/yaml_cpp_vendor/lib:/opt/ros/foxy/opt/rviz_ogre_vendor/lib:/opt/ros/foxy/lib/x86_64-linux-gnu:/opt/ros/foxy/lib:/usr/local/11.3.0/lib64:/usr/local/nvidia/lib:/usr/local/nvidia/lib64 PYTHONPATH=/root/openpifpaf_ros2/install/openpifpaf_ros2_node/lib/python3.8/site-packages:/root/openpifpaf_ros2/install/openpifpaf_ros2_msgs/lib/python3.8/site-packages:/root/openpifpaf_ros2/install/rgbd_openpifpaf_ros2/lib/python3.8/site-packages:/root/openpifpaf_ros2/install/realsense2_camera_msgs/lib/python3.8/site-packages:/root/openpifpaf_ros2/install/pose_checker/lib/python3.8/site-packages:/root/openpifpaf_ros2/install/openpifpaf_ros2_node/lib/python3.8/site-packages:/opt/ros/foxy/lib/python3.8/site-packages _=/usr/bin/env /usr/bin/python3 setup.py egg_info --egg-base ../../build/openpifpaf_ros2_node build --build-base /root/openpifpaf_ros2/build/openpifpaf_ros2_node/build install --prefix /root/openpifpaf_ros2/install/openpifpaf_ros2_node --record /root/openpifpaf_ros2/build/openpifpaf_ros2_node/install.log --single-version-externally-managed
[2.650s] Level 1:colcon.colcon_core.environment:checking '/root/openpifpaf_ros2/install/openpifpaf_ros2_node' for CMake config files
[2.651s] Level 1:colcon.colcon_core.environment:checking '/root/openpifpaf_ros2/install/openpifpaf_ros2_node/lib'
[2.651s] Level 1:colcon.colcon_core.environment:checking '/root/openpifpaf_ros2/install/openpifpaf_ros2_node/bin'
[2.651s] Level 1:colcon.colcon_core.environment:checking '/root/openpifpaf_ros2/install/openpifpaf_ros2_node/lib/pkgconfig/openpifpaf_ros2_node.pc'
[2.651s] Level 1:colcon.colcon_core.environment:checking '/root/openpifpaf_ros2/install/openpifpaf_ros2_node/lib/python3.8/site-packages'
[2.651s] Level 1:colcon.colcon_core.shell:create_environment_hook('openpifpaf_ros2_node', 'pythonpath')
[2.652s] INFO:colcon.colcon_core.shell:Creating environment hook '/root/openpifpaf_ros2/install/openpifpaf_ros2_node/share/openpifpaf_ros2_node/hook/pythonpath.ps1'
[2.653s] INFO:colcon.colcon_core.shell:Creating environment descriptor '/root/openpifpaf_ros2/install/openpifpaf_ros2_node/share/openpifpaf_ros2_node/hook/pythonpath.dsv'
[2.653s] INFO:colcon.colcon_core.shell:Creating environment hook '/root/openpifpaf_ros2/install/openpifpaf_ros2_node/share/openpifpaf_ros2_node/hook/pythonpath.sh'
[2.654s] Level 1:colcon.colcon_core.environment:checking '/root/openpifpaf_ros2/install/openpifpaf_ros2_node/bin'
[2.654s] Level 1:colcon.colcon_core.environment:create_environment_scripts_only(openpifpaf_ros2_node)
[2.655s] INFO:colcon.colcon_core.shell:Creating package script '/root/openpifpaf_ros2/install/openpifpaf_ros2_node/share/openpifpaf_ros2_node/package.ps1'
[2.656s] INFO:colcon.colcon_core.shell:Creating package descriptor '/root/openpifpaf_ros2/install/openpifpaf_ros2_node/share/openpifpaf_ros2_node/package.dsv'
[2.656s] INFO:colcon.colcon_core.shell:Creating package script '/root/openpifpaf_ros2/install/openpifpaf_ros2_node/share/openpifpaf_ros2_node/package.sh'
[2.657s] INFO:colcon.colcon_core.shell:Creating package script '/root/openpifpaf_ros2/install/openpifpaf_ros2_node/share/openpifpaf_ros2_node/package.bash'
[2.657s] INFO:colcon.colcon_core.shell:Creating package script '/root/openpifpaf_ros2/install/openpifpaf_ros2_node/share/openpifpaf_ros2_node/package.zsh'
[2.657s] Level 1:colcon.colcon_core.environment:create_file_with_runtime_dependencies(/root/openpifpaf_ros2/install/openpifpaf_ros2_node/share/colcon-core/packages/openpifpaf_ros2_node)
[2.657s] DEBUG:colcon.colcon_parallel_executor.executor.parallel:closing loop
[2.658s] DEBUG:colcon.colcon_parallel_executor.executor.parallel:loop closed
[2.658s] DEBUG:colcon.colcon_parallel_executor.executor.parallel:run_until_complete finished with '0'
[2.658s] DEBUG:colcon.colcon_core.event_reactor:joining thread
[2.666s] INFO:colcon.colcon_core.plugin_system:Skipping extension 'colcon_notification.desktop_notification.notify_send': Could not find 'notify-send'
[2.666s] INFO:colcon.colcon_core.plugin_system:Skipping extension 'colcon_notification.desktop_notification.terminal_notifier': Not used on non-Darwin systems
[2.666s] INFO:colcon.colcon_core.plugin_system:Skipping extension 'colcon_notification.desktop_notification.win32': Not used on non-Windows systems
[2.666s] INFO:colcon.colcon_notification.desktop_notification:Sending desktop notification using 'notify2'
[2.677s] DEBUG:colcon.colcon_notification.desktop_notification.notify2:Failed to initialize notify2: org.freedesktop.DBus.Error.ServiceUnknown: The name org.freedesktop.Notifications was not provided by any .service files
[2.677s] DEBUG:colcon.colcon_core.event_reactor:joined thread
[2.679s] INFO:colcon.colcon_core.shell:Creating prefix script '/root/openpifpaf_ros2/install/local_setup.ps1'
[2.680s] INFO:colcon.colcon_core.shell:Creating prefix util module '/root/openpifpaf_ros2/install/_local_setup_util_ps1.py'
[2.681s] INFO:colcon.colcon_core.shell:Creating prefix chain script '/root/openpifpaf_ros2/install/setup.ps1'
[2.684s] INFO:colcon.colcon_core.shell:Creating prefix script '/root/openpifpaf_ros2/install/local_setup.sh'
[2.684s] INFO:colcon.colcon_core.shell:Creating prefix util module '/root/openpifpaf_ros2/install/_local_setup_util_sh.py'
[2.685s] INFO:colcon.colcon_core.shell:Creating prefix chain script '/root/openpifpaf_ros2/install/setup.sh'
[2.688s] INFO:colcon.colcon_core.shell:Creating prefix script '/root/openpifpaf_ros2/install/local_setup.bash'
[2.688s] INFO:colcon.colcon_core.shell:Creating prefix chain script '/root/openpifpaf_ros2/install/setup.bash'
[2.691s] INFO:colcon.colcon_core.shell:Creating prefix script '/root/openpifpaf_ros2/install/local_setup.zsh'
[2.691s] INFO:colcon.colcon_core.shell:Creating prefix chain script '/root/openpifpaf_ros2/install/setup.zsh'
