[0.042s] Invoking command in '/root/openpifpaf_ros2/build/realsense2_camera_msgs': CMAKE_PREFIX_PATH=${CMAKE_PREFIX_PATH}:/root/openpifpaf_ros2/install/rgbd_openpifpaf_ros2:/root/openpifpaf_ros2/install/pose_checker:/root/openpifpaf_ros2/install/openpifpaf_ros2_node:/opt/ros/foxy _=/usr/bin/env /usr/bin/cmake --build /root/openpifpaf_ros2/build/realsense2_camera_msgs -- -j12 -l12
[0.111s] [  1%] Built target realsense2_camera_msgs__cpp
[0.117s] [ 12%] Built target realsense2_camera_msgs__rosidl_generator_c
[0.161s] [ 27%] Built target realsense2_camera_msgs__rosidl_typesupport_introspection_cpp
[0.162s] [ 34%] Built target realsense2_camera_msgs__rosidl_typesupport_cpp
[0.176s] [ 45%] Built target realsense2_camera_msgs__rosidl_typesupport_fastrtps_cpp
[0.205s] [ 56%] Built target realsense2_camera_msgs__rosidl_typesupport_introspection_c
[0.207s] [ 67%] Built target realsense2_camera_msgs__rosidl_typesupport_c
[0.220s] [ 78%] Built target realsense2_camera_msgs__rosidl_typesupport_fastrtps_c
[0.246s] [ 78%] Built target realsense2_camera_msgs
[0.276s] [ 80%] Built target realsense2_camera_msgs__py
[0.319s] [ 89%] Built target realsense2_camera_msgs__python
[0.368s] [ 92%] Built target realsense2_camera_msgs__rosidl_typesupport_fastrtps_c__pyext
[0.370s] [ 96%] Built target realsense2_camera_msgs__rosidl_typesupport_c__pyext
[0.375s] [100%] Built target realsense2_camera_msgs__rosidl_typesupport_introspection_c__pyext
[0.400s] Invoked command in '/root/openpifpaf_ros2/build/realsense2_camera_msgs' returned '0': CMAKE_PREFIX_PATH=${CMAKE_PREFIX_PATH}:/root/openpifpaf_ros2/install/rgbd_openpifpaf_ros2:/root/openpifpaf_ros2/install/pose_checker:/root/openpifpaf_ros2/install/openpifpaf_ros2_node:/opt/ros/foxy _=/usr/bin/env /usr/bin/cmake --build /root/openpifpaf_ros2/build/realsense2_camera_msgs -- -j12 -l12
[0.683s] Invoking command in '/root/openpifpaf_ros2/build/realsense2_camera_msgs': CMAKE_PREFIX_PATH=${CMAKE_PREFIX_PATH}:/root/openpifpaf_ros2/install/rgbd_openpifpaf_ros2:/root/openpifpaf_ros2/install/pose_checker:/root/openpifpaf_ros2/install/openpifpaf_ros2_node:/opt/ros/foxy _=/usr/bin/env /usr/bin/cmake --install /root/openpifpaf_ros2/build/realsense2_camera_msgs
[0.695s] -- Install configuration: ""
[0.695s] -- Up-to-date: /root/openpifpaf_ros2/install/realsense2_camera_msgs/share/ament_index/resource_index/rosidl_interfaces/realsense2_camera_msgs
[0.695s] -- Up-to-date: /root/openpifpaf_ros2/install/realsense2_camera_msgs/include/realsense2_camera_msgs
[0.696s] -- Up-to-date: /root/openpifpaf_ros2/install/realsense2_camera_msgs/include/realsense2_camera_msgs/srv
[0.696s] -- Up-to-date: /root/openpifpaf_ros2/install/realsense2_camera_msgs/include/realsense2_camera_msgs/srv/detail
[0.696s] -- Up-to-date: /root/openpifpaf_ros2/install/realsense2_camera_msgs/include/realsense2_camera_msgs/srv/detail/device_info__struct.h
[0.696s] -- Up-to-date: /root/openpifpaf_ros2/install/realsense2_camera_msgs/include/realsense2_camera_msgs/srv/detail/device_info__type_support.h
[0.696s] -- Up-to-date: /root/openpifpaf_ros2/install/realsense2_camera_msgs/include/realsense2_camera_msgs/srv/detail/device_info__functions.c
[0.696s] -- Up-to-date: /root/openpifpaf_ros2/install/realsense2_camera_msgs/include/realsense2_camera_msgs/srv/detail/device_info__functions.h
[0.697s] -- Up-to-date: /root/openpifpaf_ros2/install/realsense2_camera_msgs/include/realsense2_camera_msgs/srv/device_info.h
[0.697s] -- Up-to-date: /root/openpifpaf_ros2/install/realsense2_camera_msgs/include/realsense2_camera_msgs/msg
[0.697s] -- Up-to-date: /root/openpifpaf_ros2/install/realsense2_camera_msgs/include/realsense2_camera_msgs/msg/rosidl_generator_c__visibility_control.h
[0.697s] -- Up-to-date: /root/openpifpaf_ros2/install/realsense2_camera_msgs/include/realsense2_camera_msgs/msg/detail
[0.697s] -- Up-to-date: /root/openpifpaf_ros2/install/realsense2_camera_msgs/include/realsense2_camera_msgs/msg/detail/imu_info__functions.c
[0.697s] -- Up-to-date: /root/openpifpaf_ros2/install/realsense2_camera_msgs/include/realsense2_camera_msgs/msg/detail/extrinsics__struct.h
[0.698s] -- Up-to-date: /root/openpifpaf_ros2/install/realsense2_camera_msgs/include/realsense2_camera_msgs/msg/detail/extrinsics__functions.h
[0.698s] -- Up-to-date: /root/openpifpaf_ros2/install/realsense2_camera_msgs/include/realsense2_camera_msgs/msg/detail/imu_info__functions.h
[0.698s] -- Up-to-date: /root/openpifpaf_ros2/install/realsense2_camera_msgs/include/realsense2_camera_msgs/msg/detail/imu_info__struct.h
[0.698s] -- Up-to-date: /root/openpifpaf_ros2/install/realsense2_camera_msgs/include/realsense2_camera_msgs/msg/detail/metadata__type_support.h
[0.698s] -- Up-to-date: /root/openpifpaf_ros2/install/realsense2_camera_msgs/include/realsense2_camera_msgs/msg/detail/extrinsics__functions.c
[0.698s] -- Up-to-date: /root/openpifpaf_ros2/install/realsense2_camera_msgs/include/realsense2_camera_msgs/msg/detail/extrinsics__type_support.h
[0.698s] -- Up-to-date: /root/openpifpaf_ros2/install/realsense2_camera_msgs/include/realsense2_camera_msgs/msg/detail/metadata__struct.h
[0.699s] -- Up-to-date: /root/openpifpaf_ros2/install/realsense2_camera_msgs/include/realsense2_camera_msgs/msg/detail/imu_info__type_support.h
[0.699s] -- Up-to-date: /root/openpifpaf_ros2/install/realsense2_camera_msgs/include/realsense2_camera_msgs/msg/detail/metadata__functions.h
[0.699s] -- Up-to-date: /root/openpifpaf_ros2/install/realsense2_camera_msgs/include/realsense2_camera_msgs/msg/detail/metadata__functions.c
[0.699s] -- Up-to-date: /root/openpifpaf_ros2/install/realsense2_camera_msgs/include/realsense2_camera_msgs/msg/metadata.h
[0.699s] -- Up-to-date: /root/openpifpaf_ros2/install/realsense2_camera_msgs/include/realsense2_camera_msgs/msg/imu_info.h
[0.700s] -- Up-to-date: /root/openpifpaf_ros2/install/realsense2_camera_msgs/include/realsense2_camera_msgs/msg/extrinsics.h
[0.700s] -- Up-to-date: /root/openpifpaf_ros2/install/realsense2_camera_msgs/share/realsense2_camera_msgs/environment/library_path.sh
[0.700s] -- Up-to-date: /root/openpifpaf_ros2/install/realsense2_camera_msgs/share/realsense2_camera_msgs/environment/library_path.dsv
[0.700s] -- Up-to-date: /root/openpifpaf_ros2/install/realsense2_camera_msgs/lib/librealsense2_camera_msgs__rosidl_generator_c.so
[0.700s] -- Up-to-date: /root/openpifpaf_ros2/install/realsense2_camera_msgs/include/realsense2_camera_msgs
[0.700s] -- Up-to-date: /root/openpifpaf_ros2/install/realsense2_camera_msgs/include/realsense2_camera_msgs/srv
[0.701s] -- Up-to-date: /root/openpifpaf_ros2/install/realsense2_camera_msgs/include/realsense2_camera_msgs/srv/detail
[0.701s] -- Up-to-date: /root/openpifpaf_ros2/install/realsense2_camera_msgs/include/realsense2_camera_msgs/srv/detail/device_info__rosidl_typesupport_fastrtps_c.h
[0.701s] -- Up-to-date: /root/openpifpaf_ros2/install/realsense2_camera_msgs/include/realsense2_camera_msgs/msg
[0.701s] -- Up-to-date: /root/openpifpaf_ros2/install/realsense2_camera_msgs/include/realsense2_camera_msgs/msg/detail
[0.701s] -- Up-to-date: /root/openpifpaf_ros2/install/realsense2_camera_msgs/include/realsense2_camera_msgs/msg/detail/extrinsics__rosidl_typesupport_fastrtps_c.h
[0.701s] -- Up-to-date: /root/openpifpaf_ros2/install/realsense2_camera_msgs/include/realsense2_camera_msgs/msg/detail/metadata__rosidl_typesupport_fastrtps_c.h
[0.701s] -- Up-to-date: /root/openpifpaf_ros2/install/realsense2_camera_msgs/include/realsense2_camera_msgs/msg/detail/imu_info__rosidl_typesupport_fastrtps_c.h
[0.702s] -- Up-to-date: /root/openpifpaf_ros2/install/realsense2_camera_msgs/include/realsense2_camera_msgs/msg/rosidl_typesupport_fastrtps_c__visibility_control.h
[0.702s] -- Up-to-date: /root/openpifpaf_ros2/install/realsense2_camera_msgs/lib/librealsense2_camera_msgs__rosidl_typesupport_fastrtps_c.so
[0.702s] -- Up-to-date: /root/openpifpaf_ros2/install/realsense2_camera_msgs/include/realsense2_camera_msgs
[0.702s] -- Up-to-date: /root/openpifpaf_ros2/install/realsense2_camera_msgs/include/realsense2_camera_msgs/srv
[0.702s] -- Up-to-date: /root/openpifpaf_ros2/install/realsense2_camera_msgs/include/realsense2_camera_msgs/srv/detail
[0.702s] -- Up-to-date: /root/openpifpaf_ros2/install/realsense2_camera_msgs/include/realsense2_camera_msgs/srv/detail/dds_fastrtps
[0.702s] -- Up-to-date: /root/openpifpaf_ros2/install/realsense2_camera_msgs/include/realsense2_camera_msgs/srv/detail/device_info__rosidl_typesupport_fastrtps_cpp.hpp
[0.703s] -- Up-to-date: /root/openpifpaf_ros2/install/realsense2_camera_msgs/include/realsense2_camera_msgs/msg
[0.703s] -- Up-to-date: /root/openpifpaf_ros2/install/realsense2_camera_msgs/include/realsense2_camera_msgs/msg/detail
[0.703s] -- Up-to-date: /root/openpifpaf_ros2/install/realsense2_camera_msgs/include/realsense2_camera_msgs/msg/detail/imu_info__rosidl_typesupport_fastrtps_cpp.hpp
[0.703s] -- Up-to-date: /root/openpifpaf_ros2/install/realsense2_camera_msgs/include/realsense2_camera_msgs/msg/detail/extrinsics__rosidl_typesupport_fastrtps_cpp.hpp
[0.704s] -- Up-to-date: /root/openpifpaf_ros2/install/realsense2_camera_msgs/include/realsense2_camera_msgs/msg/detail/metadata__rosidl_typesupport_fastrtps_cpp.hpp
[0.704s] -- Up-to-date: /root/openpifpaf_ros2/install/realsense2_camera_msgs/include/realsense2_camera_msgs/msg/detail/dds_fastrtps
[0.704s] -- Up-to-date: /root/openpifpaf_ros2/install/realsense2_camera_msgs/include/realsense2_camera_msgs/msg/rosidl_typesupport_fastrtps_cpp__visibility_control.h
[0.704s] -- Up-to-date: /root/openpifpaf_ros2/install/realsense2_camera_msgs/lib/librealsense2_camera_msgs__rosidl_typesupport_fastrtps_cpp.so
[0.704s] -- Up-to-date: /root/openpifpaf_ros2/install/realsense2_camera_msgs/include/realsense2_camera_msgs
[0.705s] -- Up-to-date: /root/openpifpaf_ros2/install/realsense2_camera_msgs/include/realsense2_camera_msgs/srv
[0.705s] -- Up-to-date: /root/openpifpaf_ros2/install/realsense2_camera_msgs/include/realsense2_camera_msgs/srv/detail
[0.705s] -- Up-to-date: /root/openpifpaf_ros2/install/realsense2_camera_msgs/include/realsense2_camera_msgs/srv/detail/device_info__type_support.c
[0.705s] -- Up-to-date: /root/openpifpaf_ros2/install/realsense2_camera_msgs/include/realsense2_camera_msgs/srv/detail/device_info__rosidl_typesupport_introspection_c.h
[0.705s] -- Up-to-date: /root/openpifpaf_ros2/install/realsense2_camera_msgs/include/realsense2_camera_msgs/msg
[0.706s] -- Up-to-date: /root/openpifpaf_ros2/install/realsense2_camera_msgs/include/realsense2_camera_msgs/msg/detail
[0.706s] -- Up-to-date: /root/openpifpaf_ros2/install/realsense2_camera_msgs/include/realsense2_camera_msgs/msg/detail/metadata__rosidl_typesupport_introspection_c.h
[0.706s] -- Up-to-date: /root/openpifpaf_ros2/install/realsense2_camera_msgs/include/realsense2_camera_msgs/msg/detail/metadata__type_support.c
[0.707s] -- Up-to-date: /root/openpifpaf_ros2/install/realsense2_camera_msgs/include/realsense2_camera_msgs/msg/detail/extrinsics__rosidl_typesupport_introspection_c.h
[0.707s] -- Up-to-date: /root/openpifpaf_ros2/install/realsense2_camera_msgs/include/realsense2_camera_msgs/msg/detail/imu_info__rosidl_typesupport_introspection_c.h
[0.710s] -- Up-to-date: /root/openpifpaf_ros2/install/realsense2_camera_msgs/include/realsense2_camera_msgs/msg/detail/imu_info__type_support.c
[0.711s] -- Up-to-date: /root/openpifpaf_ros2/install/realsense2_camera_msgs/include/realsense2_camera_msgs/msg/detail/extrinsics__type_support.c
[0.712s] -- Up-to-date: /root/openpifpaf_ros2/install/realsense2_camera_msgs/include/realsense2_camera_msgs/msg/rosidl_typesupport_introspection_c__visibility_control.h
[0.713s] -- Up-to-date: /root/openpifpaf_ros2/install/realsense2_camera_msgs/lib/librealsense2_camera_msgs__rosidl_typesupport_introspection_c.so
[0.713s] -- Up-to-date: /root/openpifpaf_ros2/install/realsense2_camera_msgs/lib/librealsense2_camera_msgs__rosidl_typesupport_c.so
[0.713s] -- Up-to-date: /root/openpifpaf_ros2/install/realsense2_camera_msgs/include/realsense2_camera_msgs
[0.713s] -- Up-to-date: /root/openpifpaf_ros2/install/realsense2_camera_msgs/include/realsense2_camera_msgs/srv
[0.713s] -- Up-to-date: /root/openpifpaf_ros2/install/realsense2_camera_msgs/include/realsense2_camera_msgs/srv/device_info.hpp
[0.714s] -- Up-to-date: /root/openpifpaf_ros2/install/realsense2_camera_msgs/include/realsense2_camera_msgs/srv/detail
[0.714s] -- Up-to-date: /root/openpifpaf_ros2/install/realsense2_camera_msgs/include/realsense2_camera_msgs/srv/detail/device_info__struct.hpp
[0.714s] -- Up-to-date: /root/openpifpaf_ros2/install/realsense2_camera_msgs/include/realsense2_camera_msgs/srv/detail/device_info__traits.hpp
[0.714s] -- Up-to-date: /root/openpifpaf_ros2/install/realsense2_camera_msgs/include/realsense2_camera_msgs/srv/detail/device_info__builder.hpp
[0.715s] -- Up-to-date: /root/openpifpaf_ros2/install/realsense2_camera_msgs/include/realsense2_camera_msgs/msg
[0.715s] -- Up-to-date: /root/openpifpaf_ros2/install/realsense2_camera_msgs/include/realsense2_camera_msgs/msg/detail
[0.715s] -- Up-to-date: /root/openpifpaf_ros2/install/realsense2_camera_msgs/include/realsense2_camera_msgs/msg/detail/metadata__builder.hpp
[0.715s] -- Up-to-date: /root/openpifpaf_ros2/install/realsense2_camera_msgs/include/realsense2_camera_msgs/msg/detail/extrinsics__struct.hpp
[0.715s] -- Up-to-date: /root/openpifpaf_ros2/install/realsense2_camera_msgs/include/realsense2_camera_msgs/msg/detail/metadata__struct.hpp
[0.715s] -- Up-to-date: /root/openpifpaf_ros2/install/realsense2_camera_msgs/include/realsense2_camera_msgs/msg/detail/metadata__traits.hpp
[0.716s] -- Up-to-date: /root/openpifpaf_ros2/install/realsense2_camera_msgs/include/realsense2_camera_msgs/msg/detail/imu_info__builder.hpp
[0.716s] -- Up-to-date: /root/openpifpaf_ros2/install/realsense2_camera_msgs/include/realsense2_camera_msgs/msg/detail/imu_info__struct.hpp
[0.716s] -- Up-to-date: /root/openpifpaf_ros2/install/realsense2_camera_msgs/include/realsense2_camera_msgs/msg/detail/extrinsics__builder.hpp
[0.716s] -- Up-to-date: /root/openpifpaf_ros2/install/realsense2_camera_msgs/include/realsense2_camera_msgs/msg/detail/extrinsics__traits.hpp
[0.716s] -- Up-to-date: /root/openpifpaf_ros2/install/realsense2_camera_msgs/include/realsense2_camera_msgs/msg/detail/imu_info__traits.hpp
[0.717s] -- Up-to-date: /root/openpifpaf_ros2/install/realsense2_camera_msgs/include/realsense2_camera_msgs/msg/metadata.hpp
[0.717s] -- Up-to-date: /root/openpifpaf_ros2/install/realsense2_camera_msgs/include/realsense2_camera_msgs/msg/imu_info.hpp
[0.717s] -- Up-to-date: /root/openpifpaf_ros2/install/realsense2_camera_msgs/include/realsense2_camera_msgs/msg/extrinsics.hpp
[0.717s] -- Up-to-date: /root/openpifpaf_ros2/install/realsense2_camera_msgs/include/realsense2_camera_msgs
[0.717s] -- Up-to-date: /root/openpifpaf_ros2/install/realsense2_camera_msgs/include/realsense2_camera_msgs/srv
[0.717s] -- Up-to-date: /root/openpifpaf_ros2/install/realsense2_camera_msgs/include/realsense2_camera_msgs/srv/detail
[0.718s] -- Up-to-date: /root/openpifpaf_ros2/install/realsense2_camera_msgs/include/realsense2_camera_msgs/srv/detail/device_info__type_support.cpp
[0.718s] -- Up-to-date: /root/openpifpaf_ros2/install/realsense2_camera_msgs/include/realsense2_camera_msgs/srv/detail/device_info__rosidl_typesupport_introspection_cpp.hpp
[0.718s] -- Up-to-date: /root/openpifpaf_ros2/install/realsense2_camera_msgs/include/realsense2_camera_msgs/msg
[0.718s] -- Up-to-date: /root/openpifpaf_ros2/install/realsense2_camera_msgs/include/realsense2_camera_msgs/msg/detail
[0.718s] -- Up-to-date: /root/openpifpaf_ros2/install/realsense2_camera_msgs/include/realsense2_camera_msgs/msg/detail/imu_info__type_support.cpp
[0.718s] -- Up-to-date: /root/openpifpaf_ros2/install/realsense2_camera_msgs/include/realsense2_camera_msgs/msg/detail/metadata__type_support.cpp
[0.719s] -- Up-to-date: /root/openpifpaf_ros2/install/realsense2_camera_msgs/include/realsense2_camera_msgs/msg/detail/metadata__rosidl_typesupport_introspection_cpp.hpp
[0.719s] -- Up-to-date: /root/openpifpaf_ros2/install/realsense2_camera_msgs/include/realsense2_camera_msgs/msg/detail/extrinsics__type_support.cpp
[0.719s] -- Up-to-date: /root/openpifpaf_ros2/install/realsense2_camera_msgs/include/realsense2_camera_msgs/msg/detail/imu_info__rosidl_typesupport_introspection_cpp.hpp
[0.719s] -- Up-to-date: /root/openpifpaf_ros2/install/realsense2_camera_msgs/include/realsense2_camera_msgs/msg/detail/extrinsics__rosidl_typesupport_introspection_cpp.hpp
[0.719s] -- Up-to-date: /root/openpifpaf_ros2/install/realsense2_camera_msgs/lib/librealsense2_camera_msgs__rosidl_typesupport_introspection_cpp.so
[0.720s] -- Up-to-date: /root/openpifpaf_ros2/install/realsense2_camera_msgs/lib/librealsense2_camera_msgs__rosidl_typesupport_cpp.so
[0.720s] -- Up-to-date: /root/openpifpaf_ros2/install/realsense2_camera_msgs/share/realsense2_camera_msgs/environment/pythonpath.sh
[0.720s] -- Up-to-date: /root/openpifpaf_ros2/install/realsense2_camera_msgs/share/realsense2_camera_msgs/environment/pythonpath.dsv
[0.720s] -- Up-to-date: /root/openpifpaf_ros2/install/realsense2_camera_msgs/lib/python3.8/site-packages/realsense2_camera_msgs/__init__.py
[0.764s] -- Up-to-date: /root/openpifpaf_ros2/install/realsense2_camera_msgs/lib/python3.8/site-packages/realsense2_camera_msgs/msg
[0.764s] -- Up-to-date: /root/openpifpaf_ros2/install/realsense2_camera_msgs/lib/python3.8/site-packages/realsense2_camera_msgs/msg/_extrinsics.py
[0.764s] -- Up-to-date: /root/openpifpaf_ros2/install/realsense2_camera_msgs/lib/python3.8/site-packages/realsense2_camera_msgs/msg/_metadata.py
[0.765s] -- Up-to-date: /root/openpifpaf_ros2/install/realsense2_camera_msgs/lib/python3.8/site-packages/realsense2_camera_msgs/msg/_metadata_s.c
[0.765s] -- Up-to-date: /root/openpifpaf_ros2/install/realsense2_camera_msgs/lib/python3.8/site-packages/realsense2_camera_msgs/msg/_imu_info_s.c
[0.765s] -- Up-to-date: /root/openpifpaf_ros2/install/realsense2_camera_msgs/lib/python3.8/site-packages/realsense2_camera_msgs/msg/_extrinsics_s.c
[0.765s] -- Up-to-date: /root/openpifpaf_ros2/install/realsense2_camera_msgs/lib/python3.8/site-packages/realsense2_camera_msgs/msg/__init__.py
[0.766s] -- Up-to-date: /root/openpifpaf_ros2/install/realsense2_camera_msgs/lib/python3.8/site-packages/realsense2_camera_msgs/msg/_imu_info.py
[0.766s] -- Up-to-date: /root/openpifpaf_ros2/install/realsense2_camera_msgs/lib/python3.8/site-packages/realsense2_camera_msgs/srv
[0.766s] -- Up-to-date: /root/openpifpaf_ros2/install/realsense2_camera_msgs/lib/python3.8/site-packages/realsense2_camera_msgs/srv/_device_info.py
[0.766s] -- Up-to-date: /root/openpifpaf_ros2/install/realsense2_camera_msgs/lib/python3.8/site-packages/realsense2_camera_msgs/srv/_device_info_s.c
[0.767s] -- Up-to-date: /root/openpifpaf_ros2/install/realsense2_camera_msgs/lib/python3.8/site-packages/realsense2_camera_msgs/srv/__init__.py
[0.767s] -- Up-to-date: /root/openpifpaf_ros2/install/realsense2_camera_msgs/lib/python3.8/site-packages/realsense2_camera_msgs/realsense2_camera_msgs_s__rosidl_typesupport_fastrtps_c.cpython-38-x86_64-linux-gnu.so
[0.767s] -- Up-to-date: /root/openpifpaf_ros2/install/realsense2_camera_msgs/lib/python3.8/site-packages/realsense2_camera_msgs/realsense2_camera_msgs_s__rosidl_typesupport_introspection_c.cpython-38-x86_64-linux-gnu.so
[0.768s] -- Up-to-date: /root/openpifpaf_ros2/install/realsense2_camera_msgs/lib/python3.8/site-packages/realsense2_camera_msgs/realsense2_camera_msgs_s__rosidl_typesupport_c.cpython-38-x86_64-linux-gnu.so
[0.770s] -- Up-to-date: /root/openpifpaf_ros2/install/realsense2_camera_msgs/lib/librealsense2_camera_msgs__python.so
[0.770s] -- Up-to-date: /root/openpifpaf_ros2/install/realsense2_camera_msgs/share/realsense2_camera_msgs/msg/IMUInfo.idl
[0.771s] -- Up-to-date: /root/openpifpaf_ros2/install/realsense2_camera_msgs/share/realsense2_camera_msgs/msg/Extrinsics.idl
[0.771s] -- Up-to-date: /root/openpifpaf_ros2/install/realsense2_camera_msgs/share/realsense2_camera_msgs/msg/Metadata.idl
[0.771s] -- Up-to-date: /root/openpifpaf_ros2/install/realsense2_camera_msgs/share/realsense2_camera_msgs/srv/DeviceInfo.idl
[0.771s] -- Up-to-date: /root/openpifpaf_ros2/install/realsense2_camera_msgs/share/realsense2_camera_msgs/msg/IMUInfo.msg
[0.772s] -- Up-to-date: /root/openpifpaf_ros2/install/realsense2_camera_msgs/share/realsense2_camera_msgs/msg/Extrinsics.msg
[0.772s] -- Up-to-date: /root/openpifpaf_ros2/install/realsense2_camera_msgs/share/realsense2_camera_msgs/msg/Metadata.msg
[0.772s] -- Up-to-date: /root/openpifpaf_ros2/install/realsense2_camera_msgs/share/realsense2_camera_msgs/srv/DeviceInfo.srv
[0.773s] -- Up-to-date: /root/openpifpaf_ros2/install/realsense2_camera_msgs/share/realsense2_camera_msgs/srv/DeviceInfo_Request.msg
[0.773s] -- Up-to-date: /root/openpifpaf_ros2/install/realsense2_camera_msgs/share/realsense2_camera_msgs/srv/DeviceInfo_Response.msg
[0.774s] -- Up-to-date: /root/openpifpaf_ros2/install/realsense2_camera_msgs/share/ament_index/resource_index/package_run_dependencies/realsense2_camera_msgs
[0.774s] -- Up-to-date: /root/openpifpaf_ros2/install/realsense2_camera_msgs/share/ament_index/resource_index/parent_prefix_path/realsense2_camera_msgs
[0.774s] -- Up-to-date: /root/openpifpaf_ros2/install/realsense2_camera_msgs/share/realsense2_camera_msgs/environment/ament_prefix_path.sh
[0.774s] -- Up-to-date: /root/openpifpaf_ros2/install/realsense2_camera_msgs/share/realsense2_camera_msgs/environment/ament_prefix_path.dsv
[0.775s] -- Up-to-date: /root/openpifpaf_ros2/install/realsense2_camera_msgs/share/realsense2_camera_msgs/environment/path.sh
[0.775s] -- Up-to-date: /root/openpifpaf_ros2/install/realsense2_camera_msgs/share/realsense2_camera_msgs/environment/path.dsv
[0.775s] -- Up-to-date: /root/openpifpaf_ros2/install/realsense2_camera_msgs/share/realsense2_camera_msgs/local_setup.bash
[0.775s] -- Up-to-date: /root/openpifpaf_ros2/install/realsense2_camera_msgs/share/realsense2_camera_msgs/local_setup.sh
[0.775s] -- Up-to-date: /root/openpifpaf_ros2/install/realsense2_camera_msgs/share/realsense2_camera_msgs/local_setup.zsh
[0.775s] -- Up-to-date: /root/openpifpaf_ros2/install/realsense2_camera_msgs/share/realsense2_camera_msgs/local_setup.dsv
[0.776s] -- Installing: /root/openpifpaf_ros2/install/realsense2_camera_msgs/share/realsense2_camera_msgs/package.dsv
[0.776s] -- Up-to-date: /root/openpifpaf_ros2/install/realsense2_camera_msgs/share/ament_index/resource_index/packages/realsense2_camera_msgs
[0.776s] -- Up-to-date: /root/openpifpaf_ros2/install/realsense2_camera_msgs/share/realsense2_camera_msgs/cmake/realsense2_camera_msgs__rosidl_generator_cExport.cmake
[0.776s] -- Up-to-date: /root/openpifpaf_ros2/install/realsense2_camera_msgs/share/realsense2_camera_msgs/cmake/realsense2_camera_msgs__rosidl_generator_cExport-noconfig.cmake
[0.776s] -- Up-to-date: /root/openpifpaf_ros2/install/realsense2_camera_msgs/share/realsense2_camera_msgs/cmake/realsense2_camera_msgs__rosidl_typesupport_introspection_cExport.cmake
[0.776s] -- Up-to-date: /root/openpifpaf_ros2/install/realsense2_camera_msgs/share/realsense2_camera_msgs/cmake/realsense2_camera_msgs__rosidl_typesupport_introspection_cExport-noconfig.cmake
[0.777s] -- Up-to-date: /root/openpifpaf_ros2/install/realsense2_camera_msgs/share/realsense2_camera_msgs/cmake/realsense2_camera_msgs__rosidl_typesupport_cExport.cmake
[0.777s] -- Up-to-date: /root/openpifpaf_ros2/install/realsense2_camera_msgs/share/realsense2_camera_msgs/cmake/realsense2_camera_msgs__rosidl_typesupport_cExport-noconfig.cmake
[0.777s] -- Up-to-date: /root/openpifpaf_ros2/install/realsense2_camera_msgs/share/realsense2_camera_msgs/cmake/realsense2_camera_msgs__rosidl_generator_cppExport.cmake
[0.777s] -- Up-to-date: /root/openpifpaf_ros2/install/realsense2_camera_msgs/share/realsense2_camera_msgs/cmake/realsense2_camera_msgs__rosidl_typesupport_introspection_cppExport.cmake
[0.777s] -- Up-to-date: /root/openpifpaf_ros2/install/realsense2_camera_msgs/share/realsense2_camera_msgs/cmake/realsense2_camera_msgs__rosidl_typesupport_introspection_cppExport-noconfig.cmake
[0.777s] -- Up-to-date: /root/openpifpaf_ros2/install/realsense2_camera_msgs/share/realsense2_camera_msgs/cmake/realsense2_camera_msgs__rosidl_typesupport_cppExport.cmake
[0.777s] -- Up-to-date: /root/openpifpaf_ros2/install/realsense2_camera_msgs/share/realsense2_camera_msgs/cmake/realsense2_camera_msgs__rosidl_typesupport_cppExport-noconfig.cmake
[0.777s] -- Up-to-date: /root/openpifpaf_ros2/install/realsense2_camera_msgs/share/realsense2_camera_msgs/cmake/rosidl_cmake-extras.cmake
[0.777s] -- Up-to-date: /root/openpifpaf_ros2/install/realsense2_camera_msgs/share/realsense2_camera_msgs/cmake/ament_cmake_export_dependencies-extras.cmake
[0.778s] -- Up-to-date: /root/openpifpaf_ros2/install/realsense2_camera_msgs/share/realsense2_camera_msgs/cmake/ament_cmake_export_libraries-extras.cmake
[0.778s] -- Up-to-date: /root/openpifpaf_ros2/install/realsense2_camera_msgs/share/realsense2_camera_msgs/cmake/ament_cmake_export_targets-extras.cmake
[0.778s] -- Up-to-date: /root/openpifpaf_ros2/install/realsense2_camera_msgs/share/realsense2_camera_msgs/cmake/ament_cmake_export_include_directories-extras.cmake
[0.778s] -- Up-to-date: /root/openpifpaf_ros2/install/realsense2_camera_msgs/share/realsense2_camera_msgs/cmake/rosidl_cmake_export_typesupport_libraries-extras.cmake
[0.778s] -- Up-to-date: /root/openpifpaf_ros2/install/realsense2_camera_msgs/share/realsense2_camera_msgs/cmake/rosidl_cmake_export_typesupport_targets-extras.cmake
[0.778s] -- Up-to-date: /root/openpifpaf_ros2/install/realsense2_camera_msgs/share/realsense2_camera_msgs/cmake/realsense2_camera_msgsConfig.cmake
[0.778s] -- Up-to-date: /root/openpifpaf_ros2/install/realsense2_camera_msgs/share/realsense2_camera_msgs/cmake/realsense2_camera_msgsConfig-version.cmake
[0.778s] -- Up-to-date: /root/openpifpaf_ros2/install/realsense2_camera_msgs/share/realsense2_camera_msgs/package.xml
[0.783s] Invoked command in '/root/openpifpaf_ros2/build/realsense2_camera_msgs' returned '0': CMAKE_PREFIX_PATH=${CMAKE_PREFIX_PATH}:/root/openpifpaf_ros2/install/rgbd_openpifpaf_ros2:/root/openpifpaf_ros2/install/pose_checker:/root/openpifpaf_ros2/install/openpifpaf_ros2_node:/opt/ros/foxy _=/usr/bin/env /usr/bin/cmake --install /root/openpifpaf_ros2/build/realsense2_camera_msgs
