[0.167s] Invoking command in '/root/openpifpaf_ros2/build/realsense2_camera_msgs': CMAKE_PREFIX_PATH=${CMAKE_PREFIX_PATH}:/root/openpifpaf_ros2/install/rgbd_openpifpaf_ros2:/root/openpifpaf_ros2/install/pose_checker:/root/openpifpaf_ros2/install/openpifpaf_ros2_node:/opt/ros/foxy _=/usr/bin/env /usr/bin/cmake --build /root/openpifpaf_ros2/build/realsense2_camera_msgs -- -j12 -l12
[0.515s] [  1%] Built target realsense2_camera_msgs__cpp
[0.560s] [ 12%] Built target realsense2_camera_msgs__rosidl_generator_c
[0.873s] [ 23%] Built target realsense2_camera_msgs__rosidl_typesupport_cpp
[0.891s] [ 34%] Built target realsense2_camera_msgs__rosidl_typesupport_introspection_cpp
[0.908s] [ 45%] Built target realsense2_camera_msgs__rosidl_typesupport_introspection_c
[0.923s] [ 56%] Built target realsense2_camera_msgs__rosidl_typesupport_fastrtps_cpp
[0.936s] [ 67%] Built target realsense2_camera_msgs__rosidl_typesupport_c
[1.197s] [ 78%] Built target realsense2_camera_msgs__rosidl_typesupport_fastrtps_c
[1.336s] [ 78%] Built target realsense2_camera_msgs
[1.467s] [ 80%] Built target realsense2_camera_msgs__py
[1.701s] [ 89%] Built target realsense2_camera_msgs__python
[1.899s] [ 92%] Built target realsense2_camera_msgs__rosidl_typesupport_c__pyext
[1.923s] [ 96%] Built target realsense2_camera_msgs__rosidl_typesupport_introspection_c__pyext
[1.966s] [100%] Built target realsense2_camera_msgs__rosidl_typesupport_fastrtps_c__pyext
[2.051s] Invoked command in '/root/openpifpaf_ros2/build/realsense2_camera_msgs' returned '0': CMAKE_PREFIX_PATH=${CMAKE_PREFIX_PATH}:/root/openpifpaf_ros2/install/rgbd_openpifpaf_ros2:/root/openpifpaf_ros2/install/pose_checker:/root/openpifpaf_ros2/install/openpifpaf_ros2_node:/opt/ros/foxy _=/usr/bin/env /usr/bin/cmake --build /root/openpifpaf_ros2/build/realsense2_camera_msgs -- -j12 -l12
[3.305s] Invoking command in '/root/openpifpaf_ros2/build/realsense2_camera_msgs': CMAKE_PREFIX_PATH=${CMAKE_PREFIX_PATH}:/root/openpifpaf_ros2/install/rgbd_openpifpaf_ros2:/root/openpifpaf_ros2/install/pose_checker:/root/openpifpaf_ros2/install/openpifpaf_ros2_node:/opt/ros/foxy _=/usr/bin/env /usr/bin/cmake --install /root/openpifpaf_ros2/build/realsense2_camera_msgs
[3.361s] -- Install configuration: ""
[3.363s] -- Up-to-date: /root/openpifpaf_ros2/install/realsense2_camera_msgs/share/ament_index/resource_index/rosidl_interfaces/realsense2_camera_msgs
[3.365s] -- Up-to-date: /root/openpifpaf_ros2/install/realsense2_camera_msgs/include/realsense2_camera_msgs
[3.367s] -- Up-to-date: /root/openpifpaf_ros2/install/realsense2_camera_msgs/include/realsense2_camera_msgs/srv
[3.369s] -- Up-to-date: /root/openpifpaf_ros2/install/realsense2_camera_msgs/include/realsense2_camera_msgs/srv/detail
[3.371s] -- Up-to-date: /root/openpifpaf_ros2/install/realsense2_camera_msgs/include/realsense2_camera_msgs/srv/detail/device_info__struct.h
[3.373s] -- Up-to-date: /root/openpifpaf_ros2/install/realsense2_camera_msgs/include/realsense2_camera_msgs/srv/detail/device_info__type_support.h
[3.375s] -- Up-to-date: /root/openpifpaf_ros2/install/realsense2_camera_msgs/include/realsense2_camera_msgs/srv/detail/device_info__functions.c
[3.376s] -- Up-to-date: /root/openpifpaf_ros2/install/realsense2_camera_msgs/include/realsense2_camera_msgs/srv/detail/device_info__functions.h
[3.378s] -- Up-to-date: /root/openpifpaf_ros2/install/realsense2_camera_msgs/include/realsense2_camera_msgs/srv/device_info.h
[3.380s] -- Up-to-date: /root/openpifpaf_ros2/install/realsense2_camera_msgs/include/realsense2_camera_msgs/msg
[3.382s] -- Up-to-date: /root/openpifpaf_ros2/install/realsense2_camera_msgs/include/realsense2_camera_msgs/msg/rosidl_generator_c__visibility_control.h
[3.384s] -- Up-to-date: /root/openpifpaf_ros2/install/realsense2_camera_msgs/include/realsense2_camera_msgs/msg/detail
[3.387s] -- Up-to-date: /root/openpifpaf_ros2/install/realsense2_camera_msgs/include/realsense2_camera_msgs/msg/detail/imu_info__functions.c
[3.392s] -- Up-to-date: /root/openpifpaf_ros2/install/realsense2_camera_msgs/include/realsense2_camera_msgs/msg/detail/extrinsics__struct.h
[3.393s] -- Up-to-date: /root/openpifpaf_ros2/install/realsense2_camera_msgs/include/realsense2_camera_msgs/msg/detail/extrinsics__functions.h
[3.394s] -- Up-to-date: /root/openpifpaf_ros2/install/realsense2_camera_msgs/include/realsense2_camera_msgs/msg/detail/imu_info__functions.h
[3.397s] -- Up-to-date: /root/openpifpaf_ros2/install/realsense2_camera_msgs/include/realsense2_camera_msgs/msg/detail/imu_info__struct.h
[3.398s] -- Up-to-date: /root/openpifpaf_ros2/install/realsense2_camera_msgs/include/realsense2_camera_msgs/msg/detail/metadata__type_support.h
[3.400s] -- Up-to-date: /root/openpifpaf_ros2/install/realsense2_camera_msgs/include/realsense2_camera_msgs/msg/detail/extrinsics__functions.c
[3.400s] -- Up-to-date: /root/openpifpaf_ros2/install/realsense2_camera_msgs/include/realsense2_camera_msgs/msg/detail/extrinsics__type_support.h
[3.400s] -- Up-to-date: /root/openpifpaf_ros2/install/realsense2_camera_msgs/include/realsense2_camera_msgs/msg/detail/metadata__struct.h
[3.414s] -- Up-to-date: /root/openpifpaf_ros2/install/realsense2_camera_msgs/include/realsense2_camera_msgs/msg/detail/imu_info__type_support.h
[3.415s] -- Up-to-date: /root/openpifpaf_ros2/install/realsense2_camera_msgs/include/realsense2_camera_msgs/msg/detail/metadata__functions.h
[3.418s] -- Up-to-date: /root/openpifpaf_ros2/install/realsense2_camera_msgs/include/realsense2_camera_msgs/msg/detail/metadata__functions.c
[3.419s] -- Up-to-date: /root/openpifpaf_ros2/install/realsense2_camera_msgs/include/realsense2_camera_msgs/msg/metadata.h
[3.420s] -- Up-to-date: /root/openpifpaf_ros2/install/realsense2_camera_msgs/include/realsense2_camera_msgs/msg/imu_info.h
[3.421s] -- Up-to-date: /root/openpifpaf_ros2/install/realsense2_camera_msgs/include/realsense2_camera_msgs/msg/extrinsics.h
[3.422s] -- Up-to-date: /root/openpifpaf_ros2/install/realsense2_camera_msgs/share/realsense2_camera_msgs/environment/library_path.sh
[3.432s] -- Up-to-date: /root/openpifpaf_ros2/install/realsense2_camera_msgs/share/realsense2_camera_msgs/environment/library_path.dsv
[3.433s] -- Up-to-date: /root/openpifpaf_ros2/install/realsense2_camera_msgs/lib/librealsense2_camera_msgs__rosidl_generator_c.so
[3.436s] -- Up-to-date: /root/openpifpaf_ros2/install/realsense2_camera_msgs/include/realsense2_camera_msgs
[3.437s] -- Up-to-date: /root/openpifpaf_ros2/install/realsense2_camera_msgs/include/realsense2_camera_msgs/srv
[3.437s] -- Up-to-date: /root/openpifpaf_ros2/install/realsense2_camera_msgs/include/realsense2_camera_msgs/srv/detail
[3.438s] -- Up-to-date: /root/openpifpaf_ros2/install/realsense2_camera_msgs/include/realsense2_camera_msgs/srv/detail/device_info__rosidl_typesupport_fastrtps_c.h
[3.439s] -- Up-to-date: /root/openpifpaf_ros2/install/realsense2_camera_msgs/include/realsense2_camera_msgs/msg
[3.439s] -- Up-to-date: /root/openpifpaf_ros2/install/realsense2_camera_msgs/include/realsense2_camera_msgs/msg/detail
[3.444s] -- Up-to-date: /root/openpifpaf_ros2/install/realsense2_camera_msgs/include/realsense2_camera_msgs/msg/detail/extrinsics__rosidl_typesupport_fastrtps_c.h
[3.445s] -- Up-to-date: /root/openpifpaf_ros2/install/realsense2_camera_msgs/include/realsense2_camera_msgs/msg/detail/metadata__rosidl_typesupport_fastrtps_c.h
[3.446s] -- Up-to-date: /root/openpifpaf_ros2/install/realsense2_camera_msgs/include/realsense2_camera_msgs/msg/detail/imu_info__rosidl_typesupport_fastrtps_c.h
[3.446s] -- Up-to-date: /root/openpifpaf_ros2/install/realsense2_camera_msgs/include/realsense2_camera_msgs/msg/rosidl_typesupport_fastrtps_c__visibility_control.h
[3.447s] -- Up-to-date: /root/openpifpaf_ros2/install/realsense2_camera_msgs/lib/librealsense2_camera_msgs__rosidl_typesupport_fastrtps_c.so
[3.447s] -- Up-to-date: /root/openpifpaf_ros2/install/realsense2_camera_msgs/include/realsense2_camera_msgs
[3.448s] -- Up-to-date: /root/openpifpaf_ros2/install/realsense2_camera_msgs/include/realsense2_camera_msgs/srv
[3.448s] -- Up-to-date: /root/openpifpaf_ros2/install/realsense2_camera_msgs/include/realsense2_camera_msgs/srv/detail
[3.449s] -- Up-to-date: /root/openpifpaf_ros2/install/realsense2_camera_msgs/include/realsense2_camera_msgs/srv/detail/dds_fastrtps
[3.449s] -- Up-to-date: /root/openpifpaf_ros2/install/realsense2_camera_msgs/include/realsense2_camera_msgs/srv/detail/device_info__rosidl_typesupport_fastrtps_cpp.hpp
[3.450s] -- Up-to-date: /root/openpifpaf_ros2/install/realsense2_camera_msgs/include/realsense2_camera_msgs/msg
[3.450s] -- Up-to-date: /root/openpifpaf_ros2/install/realsense2_camera_msgs/include/realsense2_camera_msgs/msg/detail
[3.451s] -- Up-to-date: /root/openpifpaf_ros2/install/realsense2_camera_msgs/include/realsense2_camera_msgs/msg/detail/imu_info__rosidl_typesupport_fastrtps_cpp.hpp
[3.451s] -- Up-to-date: /root/openpifpaf_ros2/install/realsense2_camera_msgs/include/realsense2_camera_msgs/msg/detail/extrinsics__rosidl_typesupport_fastrtps_cpp.hpp
[3.452s] -- Up-to-date: /root/openpifpaf_ros2/install/realsense2_camera_msgs/include/realsense2_camera_msgs/msg/detail/metadata__rosidl_typesupport_fastrtps_cpp.hpp
[3.452s] -- Up-to-date: /root/openpifpaf_ros2/install/realsense2_camera_msgs/include/realsense2_camera_msgs/msg/detail/dds_fastrtps
[3.453s] -- Up-to-date: /root/openpifpaf_ros2/install/realsense2_camera_msgs/include/realsense2_camera_msgs/msg/rosidl_typesupport_fastrtps_cpp__visibility_control.h
[3.463s] -- Up-to-date: /root/openpifpaf_ros2/install/realsense2_camera_msgs/lib/librealsense2_camera_msgs__rosidl_typesupport_fastrtps_cpp.so
[3.467s] -- Up-to-date: /root/openpifpaf_ros2/install/realsense2_camera_msgs/include/realsense2_camera_msgs
[3.468s] -- Up-to-date: /root/openpifpaf_ros2/install/realsense2_camera_msgs/include/realsense2_camera_msgs/srv
[3.469s] -- Up-to-date: /root/openpifpaf_ros2/install/realsense2_camera_msgs/include/realsense2_camera_msgs/srv/detail
[3.469s] -- Up-to-date: /root/openpifpaf_ros2/install/realsense2_camera_msgs/include/realsense2_camera_msgs/srv/detail/device_info__type_support.c
[3.470s] -- Up-to-date: /root/openpifpaf_ros2/install/realsense2_camera_msgs/include/realsense2_camera_msgs/srv/detail/device_info__rosidl_typesupport_introspection_c.h
[3.470s] -- Up-to-date: /root/openpifpaf_ros2/install/realsense2_camera_msgs/include/realsense2_camera_msgs/msg
[3.471s] -- Up-to-date: /root/openpifpaf_ros2/install/realsense2_camera_msgs/include/realsense2_camera_msgs/msg/detail
[3.471s] -- Up-to-date: /root/openpifpaf_ros2/install/realsense2_camera_msgs/include/realsense2_camera_msgs/msg/detail/metadata__rosidl_typesupport_introspection_c.h
[3.472s] -- Up-to-date: /root/openpifpaf_ros2/install/realsense2_camera_msgs/include/realsense2_camera_msgs/msg/detail/metadata__type_support.c
[3.472s] -- Up-to-date: /root/openpifpaf_ros2/install/realsense2_camera_msgs/include/realsense2_camera_msgs/msg/detail/extrinsics__rosidl_typesupport_introspection_c.h
[3.473s] -- Up-to-date: /root/openpifpaf_ros2/install/realsense2_camera_msgs/include/realsense2_camera_msgs/msg/detail/imu_info__rosidl_typesupport_introspection_c.h
[3.473s] -- Up-to-date: /root/openpifpaf_ros2/install/realsense2_camera_msgs/include/realsense2_camera_msgs/msg/detail/imu_info__type_support.c
[3.474s] -- Up-to-date: /root/openpifpaf_ros2/install/realsense2_camera_msgs/include/realsense2_camera_msgs/msg/detail/extrinsics__type_support.c
[3.474s] -- Up-to-date: /root/openpifpaf_ros2/install/realsense2_camera_msgs/include/realsense2_camera_msgs/msg/rosidl_typesupport_introspection_c__visibility_control.h
[3.480s] -- Up-to-date: /root/openpifpaf_ros2/install/realsense2_camera_msgs/lib/librealsense2_camera_msgs__rosidl_typesupport_introspection_c.so
[3.488s] -- Up-to-date: /root/openpifpaf_ros2/install/realsense2_camera_msgs/lib/librealsense2_camera_msgs__rosidl_typesupport_c.so
[3.492s] -- Up-to-date: /root/openpifpaf_ros2/install/realsense2_camera_msgs/include/realsense2_camera_msgs
[3.493s] -- Up-to-date: /root/openpifpaf_ros2/install/realsense2_camera_msgs/include/realsense2_camera_msgs/srv
[3.496s] -- Up-to-date: /root/openpifpaf_ros2/install/realsense2_camera_msgs/include/realsense2_camera_msgs/srv/device_info.hpp
[3.497s] -- Up-to-date: /root/openpifpaf_ros2/install/realsense2_camera_msgs/include/realsense2_camera_msgs/srv/detail
[3.498s] -- Up-to-date: /root/openpifpaf_ros2/install/realsense2_camera_msgs/include/realsense2_camera_msgs/srv/detail/device_info__struct.hpp
[3.498s] -- Up-to-date: /root/openpifpaf_ros2/install/realsense2_camera_msgs/include/realsense2_camera_msgs/srv/detail/device_info__traits.hpp
[3.498s] -- Up-to-date: /root/openpifpaf_ros2/install/realsense2_camera_msgs/include/realsense2_camera_msgs/srv/detail/device_info__builder.hpp
[3.499s] -- Up-to-date: /root/openpifpaf_ros2/install/realsense2_camera_msgs/include/realsense2_camera_msgs/msg
[3.499s] -- Up-to-date: /root/openpifpaf_ros2/install/realsense2_camera_msgs/include/realsense2_camera_msgs/msg/detail
[3.500s] -- Up-to-date: /root/openpifpaf_ros2/install/realsense2_camera_msgs/include/realsense2_camera_msgs/msg/detail/metadata__builder.hpp
[3.500s] -- Up-to-date: /root/openpifpaf_ros2/install/realsense2_camera_msgs/include/realsense2_camera_msgs/msg/detail/extrinsics__struct.hpp
[3.501s] -- Up-to-date: /root/openpifpaf_ros2/install/realsense2_camera_msgs/include/realsense2_camera_msgs/msg/detail/metadata__struct.hpp
[3.501s] -- Up-to-date: /root/openpifpaf_ros2/install/realsense2_camera_msgs/include/realsense2_camera_msgs/msg/detail/metadata__traits.hpp
[3.502s] -- Up-to-date: /root/openpifpaf_ros2/install/realsense2_camera_msgs/include/realsense2_camera_msgs/msg/detail/imu_info__builder.hpp
[3.503s] -- Up-to-date: /root/openpifpaf_ros2/install/realsense2_camera_msgs/include/realsense2_camera_msgs/msg/detail/imu_info__struct.hpp
[3.504s] -- Up-to-date: /root/openpifpaf_ros2/install/realsense2_camera_msgs/include/realsense2_camera_msgs/msg/detail/extrinsics__builder.hpp
[3.504s] -- Up-to-date: /root/openpifpaf_ros2/install/realsense2_camera_msgs/include/realsense2_camera_msgs/msg/detail/extrinsics__traits.hpp
[3.505s] -- Up-to-date: /root/openpifpaf_ros2/install/realsense2_camera_msgs/include/realsense2_camera_msgs/msg/detail/imu_info__traits.hpp
[3.505s] -- Up-to-date: /root/openpifpaf_ros2/install/realsense2_camera_msgs/include/realsense2_camera_msgs/msg/metadata.hpp
[3.506s] -- Up-to-date: /root/openpifpaf_ros2/install/realsense2_camera_msgs/include/realsense2_camera_msgs/msg/imu_info.hpp
[3.506s] -- Up-to-date: /root/openpifpaf_ros2/install/realsense2_camera_msgs/include/realsense2_camera_msgs/msg/extrinsics.hpp
[3.507s] -- Up-to-date: /root/openpifpaf_ros2/install/realsense2_camera_msgs/include/realsense2_camera_msgs
[3.507s] -- Up-to-date: /root/openpifpaf_ros2/install/realsense2_camera_msgs/include/realsense2_camera_msgs/srv
[3.508s] -- Up-to-date: /root/openpifpaf_ros2/install/realsense2_camera_msgs/include/realsense2_camera_msgs/srv/detail
[3.508s] -- Up-to-date: /root/openpifpaf_ros2/install/realsense2_camera_msgs/include/realsense2_camera_msgs/srv/detail/device_info__type_support.cpp
[3.509s] -- Up-to-date: /root/openpifpaf_ros2/install/realsense2_camera_msgs/include/realsense2_camera_msgs/srv/detail/device_info__rosidl_typesupport_introspection_cpp.hpp
[3.509s] -- Up-to-date: /root/openpifpaf_ros2/install/realsense2_camera_msgs/include/realsense2_camera_msgs/msg
[3.510s] -- Up-to-date: /root/openpifpaf_ros2/install/realsense2_camera_msgs/include/realsense2_camera_msgs/msg/detail
[3.511s] -- Up-to-date: /root/openpifpaf_ros2/install/realsense2_camera_msgs/include/realsense2_camera_msgs/msg/detail/imu_info__type_support.cpp
[3.511s] -- Up-to-date: /root/openpifpaf_ros2/install/realsense2_camera_msgs/include/realsense2_camera_msgs/msg/detail/metadata__type_support.cpp
[3.512s] -- Up-to-date: /root/openpifpaf_ros2/install/realsense2_camera_msgs/include/realsense2_camera_msgs/msg/detail/metadata__rosidl_typesupport_introspection_cpp.hpp
[3.512s] -- Up-to-date: /root/openpifpaf_ros2/install/realsense2_camera_msgs/include/realsense2_camera_msgs/msg/detail/extrinsics__type_support.cpp
[3.513s] -- Up-to-date: /root/openpifpaf_ros2/install/realsense2_camera_msgs/include/realsense2_camera_msgs/msg/detail/imu_info__rosidl_typesupport_introspection_cpp.hpp
[3.513s] -- Up-to-date: /root/openpifpaf_ros2/install/realsense2_camera_msgs/include/realsense2_camera_msgs/msg/detail/extrinsics__rosidl_typesupport_introspection_cpp.hpp
[3.515s] -- Up-to-date: /root/openpifpaf_ros2/install/realsense2_camera_msgs/lib/librealsense2_camera_msgs__rosidl_typesupport_introspection_cpp.so
[3.515s] -- Up-to-date: /root/openpifpaf_ros2/install/realsense2_camera_msgs/lib/librealsense2_camera_msgs__rosidl_typesupport_cpp.so
[3.516s] -- Up-to-date: /root/openpifpaf_ros2/install/realsense2_camera_msgs/share/realsense2_camera_msgs/environment/pythonpath.sh
[3.516s] -- Up-to-date: /root/openpifpaf_ros2/install/realsense2_camera_msgs/share/realsense2_camera_msgs/environment/pythonpath.dsv
[3.517s] -- Up-to-date: /root/openpifpaf_ros2/install/realsense2_camera_msgs/lib/python3.8/site-packages/realsense2_camera_msgs/__init__.py
[3.649s] -- Up-to-date: /root/openpifpaf_ros2/install/realsense2_camera_msgs/lib/python3.8/site-packages/realsense2_camera_msgs/msg
[3.650s] -- Up-to-date: /root/openpifpaf_ros2/install/realsense2_camera_msgs/lib/python3.8/site-packages/realsense2_camera_msgs/msg/_extrinsics.py
[3.651s] -- Up-to-date: /root/openpifpaf_ros2/install/realsense2_camera_msgs/lib/python3.8/site-packages/realsense2_camera_msgs/msg/_metadata.py
[3.652s] -- Up-to-date: /root/openpifpaf_ros2/install/realsense2_camera_msgs/lib/python3.8/site-packages/realsense2_camera_msgs/msg/_metadata_s.c
[3.652s] -- Up-to-date: /root/openpifpaf_ros2/install/realsense2_camera_msgs/lib/python3.8/site-packages/realsense2_camera_msgs/msg/_imu_info_s.c
[3.653s] -- Up-to-date: /root/openpifpaf_ros2/install/realsense2_camera_msgs/lib/python3.8/site-packages/realsense2_camera_msgs/msg/_extrinsics_s.c
[3.654s] -- Up-to-date: /root/openpifpaf_ros2/install/realsense2_camera_msgs/lib/python3.8/site-packages/realsense2_camera_msgs/msg/__init__.py
[3.654s] -- Up-to-date: /root/openpifpaf_ros2/install/realsense2_camera_msgs/lib/python3.8/site-packages/realsense2_camera_msgs/msg/_imu_info.py
[3.655s] -- Up-to-date: /root/openpifpaf_ros2/install/realsense2_camera_msgs/lib/python3.8/site-packages/realsense2_camera_msgs/srv
[3.656s] -- Up-to-date: /root/openpifpaf_ros2/install/realsense2_camera_msgs/lib/python3.8/site-packages/realsense2_camera_msgs/srv/_device_info.py
[3.656s] -- Up-to-date: /root/openpifpaf_ros2/install/realsense2_camera_msgs/lib/python3.8/site-packages/realsense2_camera_msgs/srv/_device_info_s.c
[3.657s] -- Up-to-date: /root/openpifpaf_ros2/install/realsense2_camera_msgs/lib/python3.8/site-packages/realsense2_camera_msgs/srv/__init__.py
[3.658s] -- Up-to-date: /root/openpifpaf_ros2/install/realsense2_camera_msgs/lib/python3.8/site-packages/realsense2_camera_msgs/realsense2_camera_msgs_s__rosidl_typesupport_fastrtps_c.cpython-38-x86_64-linux-gnu.so
[3.660s] -- Up-to-date: /root/openpifpaf_ros2/install/realsense2_camera_msgs/lib/python3.8/site-packages/realsense2_camera_msgs/realsense2_camera_msgs_s__rosidl_typesupport_introspection_c.cpython-38-x86_64-linux-gnu.so
[3.666s] -- Up-to-date: /root/openpifpaf_ros2/install/realsense2_camera_msgs/lib/python3.8/site-packages/realsense2_camera_msgs/realsense2_camera_msgs_s__rosidl_typesupport_c.cpython-38-x86_64-linux-gnu.so
[3.670s] -- Up-to-date: /root/openpifpaf_ros2/install/realsense2_camera_msgs/lib/librealsense2_camera_msgs__python.so
[3.672s] -- Up-to-date: /root/openpifpaf_ros2/install/realsense2_camera_msgs/share/realsense2_camera_msgs/msg/IMUInfo.idl
[3.673s] -- Up-to-date: /root/openpifpaf_ros2/install/realsense2_camera_msgs/share/realsense2_camera_msgs/msg/Extrinsics.idl
[3.675s] -- Up-to-date: /root/openpifpaf_ros2/install/realsense2_camera_msgs/share/realsense2_camera_msgs/msg/Metadata.idl
[3.675s] -- Up-to-date: /root/openpifpaf_ros2/install/realsense2_camera_msgs/share/realsense2_camera_msgs/srv/DeviceInfo.idl
[3.677s] -- Up-to-date: /root/openpifpaf_ros2/install/realsense2_camera_msgs/share/realsense2_camera_msgs/msg/IMUInfo.msg
[3.678s] -- Up-to-date: /root/openpifpaf_ros2/install/realsense2_camera_msgs/share/realsense2_camera_msgs/msg/Extrinsics.msg
[3.679s] -- Up-to-date: /root/openpifpaf_ros2/install/realsense2_camera_msgs/share/realsense2_camera_msgs/msg/Metadata.msg
[3.680s] -- Up-to-date: /root/openpifpaf_ros2/install/realsense2_camera_msgs/share/realsense2_camera_msgs/srv/DeviceInfo.srv
[3.681s] -- Up-to-date: /root/openpifpaf_ros2/install/realsense2_camera_msgs/share/realsense2_camera_msgs/srv/DeviceInfo_Request.msg
[3.682s] -- Up-to-date: /root/openpifpaf_ros2/install/realsense2_camera_msgs/share/realsense2_camera_msgs/srv/DeviceInfo_Response.msg
[3.683s] -- Up-to-date: /root/openpifpaf_ros2/install/realsense2_camera_msgs/share/ament_index/resource_index/package_run_dependencies/realsense2_camera_msgs
[3.684s] -- Up-to-date: /root/openpifpaf_ros2/install/realsense2_camera_msgs/share/ament_index/resource_index/parent_prefix_path/realsense2_camera_msgs
[3.685s] -- Up-to-date: /root/openpifpaf_ros2/install/realsense2_camera_msgs/share/realsense2_camera_msgs/environment/ament_prefix_path.sh
[3.685s] -- Up-to-date: /root/openpifpaf_ros2/install/realsense2_camera_msgs/share/realsense2_camera_msgs/environment/ament_prefix_path.dsv
[3.686s] -- Up-to-date: /root/openpifpaf_ros2/install/realsense2_camera_msgs/share/realsense2_camera_msgs/environment/path.sh
[3.687s] -- Up-to-date: /root/openpifpaf_ros2/install/realsense2_camera_msgs/share/realsense2_camera_msgs/environment/path.dsv
[3.687s] -- Up-to-date: /root/openpifpaf_ros2/install/realsense2_camera_msgs/share/realsense2_camera_msgs/local_setup.bash
[3.688s] -- Up-to-date: /root/openpifpaf_ros2/install/realsense2_camera_msgs/share/realsense2_camera_msgs/local_setup.sh
[3.689s] -- Up-to-date: /root/openpifpaf_ros2/install/realsense2_camera_msgs/share/realsense2_camera_msgs/local_setup.zsh
[3.690s] -- Up-to-date: /root/openpifpaf_ros2/install/realsense2_camera_msgs/share/realsense2_camera_msgs/local_setup.dsv
[3.691s] -- Installing: /root/openpifpaf_ros2/install/realsense2_camera_msgs/share/realsense2_camera_msgs/package.dsv
[3.691s] -- Up-to-date: /root/openpifpaf_ros2/install/realsense2_camera_msgs/share/ament_index/resource_index/packages/realsense2_camera_msgs
[3.692s] -- Up-to-date: /root/openpifpaf_ros2/install/realsense2_camera_msgs/share/realsense2_camera_msgs/cmake/realsense2_camera_msgs__rosidl_generator_cExport.cmake
[3.692s] -- Up-to-date: /root/openpifpaf_ros2/install/realsense2_camera_msgs/share/realsense2_camera_msgs/cmake/realsense2_camera_msgs__rosidl_generator_cExport-noconfig.cmake
[3.693s] -- Up-to-date: /root/openpifpaf_ros2/install/realsense2_camera_msgs/share/realsense2_camera_msgs/cmake/realsense2_camera_msgs__rosidl_typesupport_introspection_cExport.cmake
[3.694s] -- Up-to-date: /root/openpifpaf_ros2/install/realsense2_camera_msgs/share/realsense2_camera_msgs/cmake/realsense2_camera_msgs__rosidl_typesupport_introspection_cExport-noconfig.cmake
[3.695s] -- Up-to-date: /root/openpifpaf_ros2/install/realsense2_camera_msgs/share/realsense2_camera_msgs/cmake/realsense2_camera_msgs__rosidl_typesupport_cExport.cmake
[3.696s] -- Up-to-date: /root/openpifpaf_ros2/install/realsense2_camera_msgs/share/realsense2_camera_msgs/cmake/realsense2_camera_msgs__rosidl_typesupport_cExport-noconfig.cmake
[3.696s] -- Up-to-date: /root/openpifpaf_ros2/install/realsense2_camera_msgs/share/realsense2_camera_msgs/cmake/realsense2_camera_msgs__rosidl_generator_cppExport.cmake
[3.698s] -- Up-to-date: /root/openpifpaf_ros2/install/realsense2_camera_msgs/share/realsense2_camera_msgs/cmake/realsense2_camera_msgs__rosidl_typesupport_introspection_cppExport.cmake
[3.698s] -- Up-to-date: /root/openpifpaf_ros2/install/realsense2_camera_msgs/share/realsense2_camera_msgs/cmake/realsense2_camera_msgs__rosidl_typesupport_introspection_cppExport-noconfig.cmake
[3.699s] -- Up-to-date: /root/openpifpaf_ros2/install/realsense2_camera_msgs/share/realsense2_camera_msgs/cmake/realsense2_camera_msgs__rosidl_typesupport_cppExport.cmake
[3.700s] -- Up-to-date: /root/openpifpaf_ros2/install/realsense2_camera_msgs/share/realsense2_camera_msgs/cmake/realsense2_camera_msgs__rosidl_typesupport_cppExport-noconfig.cmake
[3.701s] -- Up-to-date: /root/openpifpaf_ros2/install/realsense2_camera_msgs/share/realsense2_camera_msgs/cmake/rosidl_cmake-extras.cmake
[3.701s] -- Up-to-date: /root/openpifpaf_ros2/install/realsense2_camera_msgs/share/realsense2_camera_msgs/cmake/ament_cmake_export_dependencies-extras.cmake
[3.702s] -- Up-to-date: /root/openpifpaf_ros2/install/realsense2_camera_msgs/share/realsense2_camera_msgs/cmake/ament_cmake_export_libraries-extras.cmake
[3.703s] -- Up-to-date: /root/openpifpaf_ros2/install/realsense2_camera_msgs/share/realsense2_camera_msgs/cmake/ament_cmake_export_targets-extras.cmake
[3.716s] -- Up-to-date: /root/openpifpaf_ros2/install/realsense2_camera_msgs/share/realsense2_camera_msgs/cmake/ament_cmake_export_include_directories-extras.cmake
[3.723s] -- Up-to-date: /root/openpifpaf_ros2/install/realsense2_camera_msgs/share/realsense2_camera_msgs/cmake/rosidl_cmake_export_typesupport_libraries-extras.cmake
[3.730s] -- Up-to-date: /root/openpifpaf_ros2/install/realsense2_camera_msgs/share/realsense2_camera_msgs/cmake/rosidl_cmake_export_typesupport_targets-extras.cmake
[3.755s] -- Up-to-date: /root/openpifpaf_ros2/install/realsense2_camera_msgs/share/realsense2_camera_msgs/cmake/realsense2_camera_msgsConfig.cmake
[3.756s] -- Up-to-date: /root/openpifpaf_ros2/install/realsense2_camera_msgs/share/realsense2_camera_msgs/cmake/realsense2_camera_msgsConfig-version.cmake
[3.756s] -- Up-to-date: /root/openpifpaf_ros2/install/realsense2_camera_msgs/share/realsense2_camera_msgs/package.xml
[3.758s] Invoked command in '/root/openpifpaf_ros2/build/realsense2_camera_msgs' returned '0': CMAKE_PREFIX_PATH=${CMAKE_PREFIX_PATH}:/root/openpifpaf_ros2/install/rgbd_openpifpaf_ros2:/root/openpifpaf_ros2/install/pose_checker:/root/openpifpaf_ros2/install/openpifpaf_ros2_node:/opt/ros/foxy _=/usr/bin/env /usr/bin/cmake --install /root/openpifpaf_ros2/build/realsense2_camera_msgs
