[0.026s] Invoking command in '/root/openpifpaf_ros2/build/realsense2_camera': AMENT_PREFIX_PATH=/root/openpifpaf_ros2/install/realsense2_camera_msgs:${AMENT_PREFIX_PATH} CMAKE_PREFIX_PATH=/root/openpifpaf_ros2/install/realsense2_camera_msgs:/opt/ros/foxy LD_LIBRARY_PATH=/root/openpifpaf_ros2/install/realsense2_camera_msgs/lib:${LD_LIBRARY_PATH} PYTHONPATH=/root/openpifpaf_ros2/install/realsense2_camera_msgs/lib/python3.8/site-packages:${PYTHONPATH} /usr/bin/cmake /root/openpifpaf_ros2/src/realsense-ros/realsense2_camera -DCMAKE_INSTALL_PREFIX=/root/openpifpaf_ros2/install/realsense2_camera
[0.131s] -- The C compiler identification is GNU 9.4.0
[0.196s] -- The CXX compiler identification is GNU 9.4.0
[0.202s] -- Check for working C compiler: /usr/bin/cc
[0.299s] -- Check for working C compiler: /usr/bin/cc -- works
[0.301s] -- Detecting C compiler ABI info
[0.405s] -- Detecting C compiler ABI info - done
[0.428s] -- Detecting C compile features
[0.428s] -- Detecting C compile features - done
[0.433s] -- Check for working CXX compiler: /usr/bin/c++
[0.536s] -- Check for working CXX compiler: /usr/bin/c++ -- works
[0.538s] -- Detecting CXX compiler ABI info
[0.634s] -- Detecting CXX compiler ABI info - done
[0.650s] -- Detecting CXX compile features
[0.651s] -- Detecting CXX compile features - done
[0.653s] -- Create Release Build.
[0.656s] -- Found ament_cmake: 0.9.11 (/opt/ros/foxy/share/ament_cmake/cmake)
[0.694s] -- Found PythonInterp: /usr/bin/python3 (found suitable version "3.8.10", minimum required is "3") 
[0.694s] -- Using PYTHON_EXECUTABLE: /usr/bin/python3
[1.008s] -- Found builtin_interfaces: 1.0.0 (/opt/ros/foxy/share/builtin_interfaces/cmake)
[1.050s] -- Using all available rosidl_typesupport_c: rosidl_typesupport_fastrtps_c;rosidl_typesupport_introspection_c
[1.062s] -- Found rosidl_adapter: 1.3.0 (/opt/ros/foxy/share/rosidl_adapter/cmake)
[1.183s] -- Found OpenSSL: /usr/lib/x86_64-linux-gnu/libcrypto.so (found version "1.1.1f")  
[1.226s] -- Found FastRTPS: /opt/ros/foxy/include  
[1.325s] -- Using all available rosidl_typesupport_cpp: rosidl_typesupport_fastrtps_cpp;rosidl_typesupport_introspection_cpp
[1.351s] -- Found cv_bridge: 3.0.7 (/opt/ros/foxy/share/cv_bridge/cmake)
[1.561s] -- Found image_transport: 2.4.0 (/opt/ros/foxy/share/image_transport/cmake)
[1.850s] -- Found rmw_implementation_cmake: 1.0.3 (/opt/ros/foxy/share/rmw_implementation_cmake/cmake)
[1.855s] -- Using RMW implementation 'rmw_fastrtps_cpp' as default
[1.858s] -- Looking for pthread.h
[1.949s] -- Looking for pthread.h - found
[1.950s] -- Performing Test CMAKE_HAVE_LIBC_PTHREAD
[2.036s] -- Performing Test CMAKE_HAVE_LIBC_PTHREAD - Failed
[2.036s] -- Looking for pthread_create in pthreads
[2.110s] -- Looking for pthread_create in pthreads - not found
[2.110s] -- Looking for pthread_create in pthread
[2.189s] -- Looking for pthread_create in pthread - found
[2.190s] -- Found Threads: TRUE  
[2.467s] -- Found rclcpp_components: 2.4.2 (/opt/ros/foxy/share/rclcpp_components/cmake)
[2.538s] -- Found realsense2_camera_msgs: 3.2.3 (/root/openpifpaf_ros2/install/realsense2_camera_msgs/share/realsense2_camera_msgs/cmake)
[2.582s] -- Found std_srvs: 2.0.5 (/opt/ros/foxy/share/std_srvs/cmake)
[2.598s] -- Found nav_msgs: 2.0.5 (/opt/ros/foxy/share/nav_msgs/cmake)
[2.678s] -- Found tf2_ros: 0.13.13 (/opt/ros/foxy/share/tf2_ros/cmake)
[2.989s] -- Found diagnostic_updater: 2.0.8 (/opt/ros/foxy/share/diagnostic_updater/cmake)
[3.061s] -- Build for ROS2 Foxy
[3.141s] -- Found ament_lint_auto: 0.9.7 (/opt/ros/foxy/share/ament_lint_auto/cmake)
[3.146s] -- Found OpenCV: /usr (found version "4.2.0") 
[3.253s] -- Added test 'copyright' to check source files copyright and LICENSE
[3.257s] -- Added test 'cppcheck' to perform static code analysis on C / C++ code
[3.257s] -- Configured cppcheck include dirs: /root/openpifpaf_ros2/src/realsense-ros/realsense2_camera/include
[3.257s] -- Configured cppcheck exclude dirs and/or files: 
[3.260s] -- Added test 'cpplint' to check C / C++ code against the Google style
[3.260s] -- Configured cpplint exclude dirs and/or files: 
[3.261s] -- Added test 'flake8' to check Python code syntax and style conventions
[3.262s] -- Added test 'lint_cmake' to check CMake code style
[3.262s] -- Added test 'pep257' to check Python code against some of the style conventions in PEP 257
[3.265s] -- Added test 'uncrustify' to check C / C++ code style
[3.265s] -- Configured uncrustify additional arguments: 
[3.266s] -- Added test 'xmllint' to check XML markup files
[3.273s] -- Configuring done
[3.323s] -- Generating done
[3.325s] -- Build files have been written to: /root/openpifpaf_ros2/build/realsense2_camera
[3.333s] Invoked command in '/root/openpifpaf_ros2/build/realsense2_camera' returned '0': AMENT_PREFIX_PATH=/root/openpifpaf_ros2/install/realsense2_camera_msgs:${AMENT_PREFIX_PATH} CMAKE_PREFIX_PATH=/root/openpifpaf_ros2/install/realsense2_camera_msgs:/opt/ros/foxy LD_LIBRARY_PATH=/root/openpifpaf_ros2/install/realsense2_camera_msgs/lib:${LD_LIBRARY_PATH} PYTHONPATH=/root/openpifpaf_ros2/install/realsense2_camera_msgs/lib/python3.8/site-packages:${PYTHONPATH} /usr/bin/cmake /root/openpifpaf_ros2/src/realsense-ros/realsense2_camera -DCMAKE_INSTALL_PREFIX=/root/openpifpaf_ros2/install/realsense2_camera
[3.335s] Invoking command in '/root/openpifpaf_ros2/build/realsense2_camera': AMENT_PREFIX_PATH=/root/openpifpaf_ros2/install/realsense2_camera_msgs:${AMENT_PREFIX_PATH} CMAKE_PREFIX_PATH=/root/openpifpaf_ros2/install/realsense2_camera_msgs:/opt/ros/foxy LD_LIBRARY_PATH=/root/openpifpaf_ros2/install/realsense2_camera_msgs/lib:${LD_LIBRARY_PATH} PYTHONPATH=/root/openpifpaf_ros2/install/realsense2_camera_msgs/lib/python3.8/site-packages:${PYTHONPATH} /usr/bin/cmake --build /root/openpifpaf_ros2/build/realsense2_camera -- -j12 -l12
[3.376s] [35m[1mScanning dependencies of target realsense2_camera[0m
[3.376s] [35m[1mScanning dependencies of target realsense2_camera_node[0m
[3.469s] [ 12%] [32mBuilding CXX object CMakeFiles/realsense2_camera.dir/src/realsense_node_factory.cpp.o[0m
[3.470s] [ 25%] [32mBuilding CXX object CMakeFiles/realsense2_camera.dir/src/t265_realsense_node.cpp.o[0m
[3.472s] [ 37%] [32mBuilding CXX object CMakeFiles/realsense2_camera.dir/src/base_realsense_node.cpp.o[0m
[3.473s] [ 50%] [32mBuilding CXX object CMakeFiles/realsense2_camera.dir/src/ros_param_backend_foxy.cpp.o[0m
[3.474s] [ 62%] [32mBuilding CXX object CMakeFiles/realsense2_camera.dir/src/dynamic_params.cpp.o[0m
[3.502s] [ 75%] [32mBuilding CXX object CMakeFiles/realsense2_camera_node.dir/rclcpp_components/node_main_realsense2_camera_node.cpp.o[0m
[6.793s] [ 87%] [32m[1mLinking CXX executable realsense2_camera_node[0m
[6.930s] [ 87%] Built target realsense2_camera_node
[25.653s] [100%] [32m[1mLinking CXX shared library librealsense2_camera.so[0m
[26.339s] [100%] Built target realsense2_camera
[26.350s] Invoked command in '/root/openpifpaf_ros2/build/realsense2_camera' returned '0': AMENT_PREFIX_PATH=/root/openpifpaf_ros2/install/realsense2_camera_msgs:${AMENT_PREFIX_PATH} CMAKE_PREFIX_PATH=/root/openpifpaf_ros2/install/realsense2_camera_msgs:/opt/ros/foxy LD_LIBRARY_PATH=/root/openpifpaf_ros2/install/realsense2_camera_msgs/lib:${LD_LIBRARY_PATH} PYTHONPATH=/root/openpifpaf_ros2/install/realsense2_camera_msgs/lib/python3.8/site-packages:${PYTHONPATH} /usr/bin/cmake --build /root/openpifpaf_ros2/build/realsense2_camera -- -j12 -l12
[26.390s] Invoking command in '/root/openpifpaf_ros2/build/realsense2_camera': AMENT_PREFIX_PATH=/root/openpifpaf_ros2/install/realsense2_camera_msgs:${AMENT_PREFIX_PATH} CMAKE_PREFIX_PATH=/root/openpifpaf_ros2/install/realsense2_camera_msgs:/opt/ros/foxy LD_LIBRARY_PATH=/root/openpifpaf_ros2/install/realsense2_camera_msgs/lib:${LD_LIBRARY_PATH} PYTHONPATH=/root/openpifpaf_ros2/install/realsense2_camera_msgs/lib/python3.8/site-packages:${PYTHONPATH} /usr/bin/cmake --install /root/openpifpaf_ros2/build/realsense2_camera
[26.399s] -- Install configuration: "Release"
[26.400s] -- Installing: /root/openpifpaf_ros2/install/realsense2_camera/lib/realsense2_camera/realsense2_camera_node
[26.400s] -- Set runtime path of "/root/openpifpaf_ros2/install/realsense2_camera/lib/realsense2_camera/realsense2_camera_node" to ""
[26.403s] -- Installing: /root/openpifpaf_ros2/install/realsense2_camera/lib/librealsense2_camera.so
[26.407s] -- Set runtime path of "/root/openpifpaf_ros2/install/realsense2_camera/lib/librealsense2_camera.so" to ""
[26.407s] -- Installing: /root/openpifpaf_ros2/install/realsense2_camera/include
[26.407s] -- Installing: /root/openpifpaf_ros2/install/realsense2_camera/include/dynamic_params.h
[26.407s] -- Installing: /root/openpifpaf_ros2/install/realsense2_camera/include/realsense_node_factory.h
[26.407s] -- Installing: /root/openpifpaf_ros2/install/realsense2_camera/include/t265_realsense_node.h
[26.407s] -- Installing: /root/openpifpaf_ros2/install/realsense2_camera/include/constants.h
[26.407s] -- Installing: /root/openpifpaf_ros2/install/realsense2_camera/include/ros_param_backend.h
[26.407s] -- Installing: /root/openpifpaf_ros2/install/realsense2_camera/include/base_realsense_node.h
[26.408s] -- Up-to-date: /root/openpifpaf_ros2/install/realsense2_camera/share/realsense2_camera/launch
[26.408s] -- Installing: /root/openpifpaf_ros2/install/realsense2_camera/share/realsense2_camera/launch/demo_t265_launch.py
[26.408s] -- Installing: /root/openpifpaf_ros2/install/realsense2_camera/share/realsense2_camera/launch/default.rviz
[26.409s] -- Installing: /root/openpifpaf_ros2/install/realsense2_camera/share/realsense2_camera/launch/rs_launch.py
[26.409s] -- Installing: /root/openpifpaf_ros2/install/realsense2_camera/share/realsense2_camera/launch/rs_d400_and_t265_launch.py
[26.410s] -- Installing: /root/openpifpaf_ros2/install/realsense2_camera/share/realsense2_camera/launch/rs_t265_launch.py
[26.410s] -- Installing: /root/openpifpaf_ros2/install/realsense2_camera/share/realsense2_camera/launch/demo_pointcloud_launch.py
[26.411s] -- Installing: /root/openpifpaf_ros2/install/realsense2_camera/share/realsense2_camera/launch/rs_multi_camera_launch.py
[26.411s] -- Installing: /root/openpifpaf_ros2/install/realsense2_camera/share/realsense2_camera/config
[26.411s] -- Installing: /root/openpifpaf_ros2/install/realsense2_camera/share/realsense2_camera/config/d435i.yaml
[26.412s] -- Installing: /root/openpifpaf_ros2/install/realsense2_camera/share/realsense2_camera/rviz
[26.412s] -- Installing: /root/openpifpaf_ros2/install/realsense2_camera/share/realsense2_camera/rviz/t265.rviz
[26.412s] -- Installing: /root/openpifpaf_ros2/install/realsense2_camera/share/realsense2_camera/rviz/pointcloud.rviz
[26.413s] -- Installing: /root/openpifpaf_ros2/install/realsense2_camera/share/realsense2_camera/environment/library_path.sh
[26.413s] -- Installing: /root/openpifpaf_ros2/install/realsense2_camera/share/realsense2_camera/environment/library_path.dsv
[26.414s] -- Installing: /root/openpifpaf_ros2/install/realsense2_camera/share/ament_index/resource_index/package_run_dependencies/realsense2_camera
[26.414s] -- Installing: /root/openpifpaf_ros2/install/realsense2_camera/share/ament_index/resource_index/parent_prefix_path/realsense2_camera
[26.414s] -- Installing: /root/openpifpaf_ros2/install/realsense2_camera/share/realsense2_camera/environment/ament_prefix_path.sh
[26.414s] -- Installing: /root/openpifpaf_ros2/install/realsense2_camera/share/realsense2_camera/environment/ament_prefix_path.dsv
[26.414s] -- Installing: /root/openpifpaf_ros2/install/realsense2_camera/share/realsense2_camera/environment/path.sh
[26.415s] -- Installing: /root/openpifpaf_ros2/install/realsense2_camera/share/realsense2_camera/environment/path.dsv
[26.415s] -- Installing: /root/openpifpaf_ros2/install/realsense2_camera/share/realsense2_camera/local_setup.bash
[26.415s] -- Installing: /root/openpifpaf_ros2/install/realsense2_camera/share/realsense2_camera/local_setup.sh
[26.415s] -- Installing: /root/openpifpaf_ros2/install/realsense2_camera/share/realsense2_camera/local_setup.zsh
[26.416s] -- Installing: /root/openpifpaf_ros2/install/realsense2_camera/share/realsense2_camera/local_setup.dsv
[26.416s] -- Installing: /root/openpifpaf_ros2/install/realsense2_camera/share/realsense2_camera/package.dsv
[26.416s] -- Installing: /root/openpifpaf_ros2/install/realsense2_camera/share/ament_index/resource_index/packages/realsense2_camera
[26.416s] -- Installing: /root/openpifpaf_ros2/install/realsense2_camera/share/ament_index/resource_index/rclcpp_components/realsense2_camera
[26.417s] -- Installing: /root/openpifpaf_ros2/install/realsense2_camera/share/realsense2_camera/cmake/ament_cmake_export_include_directories-extras.cmake
[26.417s] -- Installing: /root/openpifpaf_ros2/install/realsense2_camera/share/realsense2_camera/cmake/ament_cmake_export_libraries-extras.cmake
[26.417s] -- Installing: /root/openpifpaf_ros2/install/realsense2_camera/share/realsense2_camera/cmake/ament_cmake_export_dependencies-extras.cmake
[26.417s] -- Installing: /root/openpifpaf_ros2/install/realsense2_camera/share/realsense2_camera/cmake/realsense2_cameraConfig.cmake
[26.417s] -- Installing: /root/openpifpaf_ros2/install/realsense2_camera/share/realsense2_camera/cmake/realsense2_cameraConfig-version.cmake
[26.418s] -- Installing: /root/openpifpaf_ros2/install/realsense2_camera/share/realsense2_camera/package.xml
[26.423s] Invoked command in '/root/openpifpaf_ros2/build/realsense2_camera' returned '0': AMENT_PREFIX_PATH=/root/openpifpaf_ros2/install/realsense2_camera_msgs:${AMENT_PREFIX_PATH} CMAKE_PREFIX_PATH=/root/openpifpaf_ros2/install/realsense2_camera_msgs:/opt/ros/foxy LD_LIBRARY_PATH=/root/openpifpaf_ros2/install/realsense2_camera_msgs/lib:${LD_LIBRARY_PATH} PYTHONPATH=/root/openpifpaf_ros2/install/realsense2_camera_msgs/lib/python3.8/site-packages:${PYTHONPATH} /usr/bin/cmake --install /root/openpifpaf_ros2/build/realsense2_camera
