[0.034s] Invoking command in '/root/openpifpaf_ros2/build/realsense2_camera': AMENT_PREFIX_PATH=/root/openpifpaf_ros2/install/realsense2_camera_msgs:${AMENT_PREFIX_PATH} CMAKE_PREFIX_PATH=/root/openpifpaf_ros2/install/realsense2_camera_msgs:/opt/ros/foxy LD_LIBRARY_PATH=/root/openpifpaf_ros2/install/realsense2_camera_msgs/lib:${LD_LIBRARY_PATH} PYTHONPATH=/root/openpifpaf_ros2/install/realsense2_camera_msgs/lib/python3.8/site-packages:${PYTHONPATH} _=/usr/bin/env /usr/bin/cmake /root/openpifpaf_ros2/src/realsense-ros/realsense2_camera -DCMAKE_INSTALL_PREFIX=/root/openpifpaf_ros2/install/realsense2_camera
[0.108s] -- The C compiler identification is GNU 9.4.0
[0.168s] -- The CXX compiler identification is GNU 9.4.0
[0.175s] -- Check for working C compiler: /usr/bin/cc
[0.248s] -- Check for working C compiler: /usr/bin/cc -- works
[0.249s] -- Detecting C compiler ABI info
[0.317s] -- Detecting C compiler ABI info - done
[0.331s] -- Detecting C compile features
[0.331s] -- Detecting C compile features - done
[0.334s] -- Check for working CXX compiler: /usr/bin/c++
[0.426s] -- Check for working CXX compiler: /usr/bin/c++ -- works
[0.426s] -- Detecting CXX compiler ABI info
[0.519s] -- Detecting CXX compiler ABI info - done
[0.533s] -- Detecting CXX compile features
[0.533s] -- Detecting CXX compile features - done
[0.534s] -- Create Release Build.
[0.537s] -- Found ament_cmake: 0.9.11 (/opt/ros/foxy/share/ament_cmake/cmake)
[0.561s] -- Found PythonInterp: /usr/bin/python3 (found suitable version "3.8.10", minimum required is "3") 
[0.562s] -- Using PYTHON_EXECUTABLE: /usr/bin/python3
[0.793s] -- Found builtin_interfaces: 1.0.0 (/opt/ros/foxy/share/builtin_interfaces/cmake)
[0.824s] -- Using all available rosidl_typesupport_c: rosidl_typesupport_fastrtps_c;rosidl_typesupport_introspection_c
[0.833s] -- Found rosidl_adapter: 1.3.0 (/opt/ros/foxy/share/rosidl_adapter/cmake)
[0.941s] -- Found OpenSSL: /usr/lib/x86_64-linux-gnu/libcrypto.so (found version "1.1.1f")  
[0.979s] -- Found FastRTPS: /opt/ros/foxy/include  
[1.075s] -- Using all available rosidl_typesupport_cpp: rosidl_typesupport_fastrtps_cpp;rosidl_typesupport_introspection_cpp
[1.103s] -- Found cv_bridge: 3.0.6 (/opt/ros/foxy/share/cv_bridge/cmake)
[1.289s] -- Found image_transport: 2.4.0 (/opt/ros/foxy/share/image_transport/cmake)
[1.350s] -- Found rmw_implementation_cmake: 1.0.3 (/opt/ros/foxy/share/rmw_implementation_cmake/cmake)
[1.351s] -- Using RMW implementation 'rmw_fastrtps_cpp' as default
[1.352s] -- Looking for pthread.h
[1.431s] -- Looking for pthread.h - found
[1.432s] -- Performing Test CMAKE_HAVE_LIBC_PTHREAD
[1.518s] -- Performing Test CMAKE_HAVE_LIBC_PTHREAD - Failed
[1.518s] -- Looking for pthread_create in pthreads
[1.585s] -- Looking for pthread_create in pthreads - not found
[1.585s] -- Looking for pthread_create in pthread
[1.665s] -- Looking for pthread_create in pthread - found
[1.665s] -- Found Threads: TRUE  
[1.898s] -- Found rclcpp_components: 2.4.2 (/opt/ros/foxy/share/rclcpp_components/cmake)
[1.957s] -- Found realsense2_camera_msgs: 3.2.3 (/root/openpifpaf_ros2/install/realsense2_camera_msgs/share/realsense2_camera_msgs/cmake)
[1.997s] -- Found std_srvs: 2.0.5 (/opt/ros/foxy/share/std_srvs/cmake)
[2.011s] -- Found nav_msgs: 2.0.5 (/opt/ros/foxy/share/nav_msgs/cmake)
[2.086s] -- Found tf2_ros: 0.13.13 (/opt/ros/foxy/share/tf2_ros/cmake)
[2.357s] -- Found diagnostic_updater: 2.0.8 (/opt/ros/foxy/share/diagnostic_updater/cmake)
[2.415s] -- Build for ROS2 Foxy
[2.488s] -- Found ament_lint_auto: 0.9.7 (/opt/ros/foxy/share/ament_lint_auto/cmake)
[2.493s] -- Found OpenCV: /usr (found version "4.2.0") 
[2.591s] -- Added test 'copyright' to check source files copyright and LICENSE
[2.595s] -- Added test 'cppcheck' to perform static code analysis on C / C++ code
[2.595s] -- Configured cppcheck include dirs: /root/openpifpaf_ros2/src/realsense-ros/realsense2_camera/include
[2.595s] -- Configured cppcheck exclude dirs and/or files: 
[2.598s] -- Added test 'cpplint' to check C / C++ code against the Google style
[2.598s] -- Configured cpplint exclude dirs and/or files: 
[2.599s] -- Added test 'flake8' to check Python code syntax and style conventions
[2.600s] -- Added test 'lint_cmake' to check CMake code style
[2.601s] -- Added test 'pep257' to check Python code against some of the style conventions in PEP 257
[2.604s] -- Added test 'uncrustify' to check C / C++ code style
[2.604s] -- Configured uncrustify additional arguments: 
[2.605s] -- Added test 'xmllint' to check XML markup files
[2.614s] -- Configuring done
[2.659s] -- Generating done
[2.661s] -- Build files have been written to: /root/openpifpaf_ros2/build/realsense2_camera
[2.674s] Invoked command in '/root/openpifpaf_ros2/build/realsense2_camera' returned '0': AMENT_PREFIX_PATH=/root/openpifpaf_ros2/install/realsense2_camera_msgs:${AMENT_PREFIX_PATH} CMAKE_PREFIX_PATH=/root/openpifpaf_ros2/install/realsense2_camera_msgs:/opt/ros/foxy LD_LIBRARY_PATH=/root/openpifpaf_ros2/install/realsense2_camera_msgs/lib:${LD_LIBRARY_PATH} PYTHONPATH=/root/openpifpaf_ros2/install/realsense2_camera_msgs/lib/python3.8/site-packages:${PYTHONPATH} _=/usr/bin/env /usr/bin/cmake /root/openpifpaf_ros2/src/realsense-ros/realsense2_camera -DCMAKE_INSTALL_PREFIX=/root/openpifpaf_ros2/install/realsense2_camera
[2.675s] Invoking command in '/root/openpifpaf_ros2/build/realsense2_camera': AMENT_PREFIX_PATH=/root/openpifpaf_ros2/install/realsense2_camera_msgs:${AMENT_PREFIX_PATH} CMAKE_PREFIX_PATH=/root/openpifpaf_ros2/install/realsense2_camera_msgs:/opt/ros/foxy LD_LIBRARY_PATH=/root/openpifpaf_ros2/install/realsense2_camera_msgs/lib:${LD_LIBRARY_PATH} PYTHONPATH=/root/openpifpaf_ros2/install/realsense2_camera_msgs/lib/python3.8/site-packages:${PYTHONPATH} _=/usr/bin/env /usr/bin/cmake --build /root/openpifpaf_ros2/build/realsense2_camera -- -j12 -l12
[2.723s] [35m[1mScanning dependencies of target realsense2_camera_node[0m
[2.723s] [35m[1mScanning dependencies of target realsense2_camera[0m
[2.769s] [ 12%] [32mBuilding CXX object CMakeFiles/realsense2_camera_node.dir/rclcpp_components/node_main_realsense2_camera_node.cpp.o[0m
[2.824s] [ 37%] [32mBuilding CXX object CMakeFiles/realsense2_camera.dir/src/base_realsense_node.cpp.o[0m
[2.824s] [ 37%] [32mBuilding CXX object CMakeFiles/realsense2_camera.dir/src/realsense_node_factory.cpp.o[0m
[2.824s] [ 50%] [32mBuilding CXX object CMakeFiles/realsense2_camera.dir/src/t265_realsense_node.cpp.o[0m
[2.824s] [ 62%] [32mBuilding CXX object CMakeFiles/realsense2_camera.dir/src/dynamic_params.cpp.o[0m
[2.828s] [ 75%] [32mBuilding CXX object CMakeFiles/realsense2_camera.dir/src/ros_param_backend_foxy.cpp.o[0m
[5.168s] [ 87%] [32m[1mLinking CXX executable realsense2_camera_node[0m
[5.325s] [ 87%] Built target realsense2_camera_node
[24.166s] [100%] [32m[1mLinking CXX shared library librealsense2_camera.so[0m
[24.682s] [100%] Built target realsense2_camera
[24.695s] Invoked command in '/root/openpifpaf_ros2/build/realsense2_camera' returned '0': AMENT_PREFIX_PATH=/root/openpifpaf_ros2/install/realsense2_camera_msgs:${AMENT_PREFIX_PATH} CMAKE_PREFIX_PATH=/root/openpifpaf_ros2/install/realsense2_camera_msgs:/opt/ros/foxy LD_LIBRARY_PATH=/root/openpifpaf_ros2/install/realsense2_camera_msgs/lib:${LD_LIBRARY_PATH} PYTHONPATH=/root/openpifpaf_ros2/install/realsense2_camera_msgs/lib/python3.8/site-packages:${PYTHONPATH} _=/usr/bin/env /usr/bin/cmake --build /root/openpifpaf_ros2/build/realsense2_camera -- -j12 -l12
[24.750s] Invoking command in '/root/openpifpaf_ros2/build/realsense2_camera': AMENT_PREFIX_PATH=/root/openpifpaf_ros2/install/realsense2_camera_msgs:${AMENT_PREFIX_PATH} CMAKE_PREFIX_PATH=/root/openpifpaf_ros2/install/realsense2_camera_msgs:/opt/ros/foxy LD_LIBRARY_PATH=/root/openpifpaf_ros2/install/realsense2_camera_msgs/lib:${LD_LIBRARY_PATH} PYTHONPATH=/root/openpifpaf_ros2/install/realsense2_camera_msgs/lib/python3.8/site-packages:${PYTHONPATH} _=/usr/bin/env /usr/bin/cmake --install /root/openpifpaf_ros2/build/realsense2_camera
[24.758s] -- Install configuration: "Release"
[24.758s] -- Installing: /root/openpifpaf_ros2/install/realsense2_camera/lib/realsense2_camera/realsense2_camera_node
[24.759s] -- Set runtime path of "/root/openpifpaf_ros2/install/realsense2_camera/lib/realsense2_camera/realsense2_camera_node" to ""
[24.759s] -- Installing: /root/openpifpaf_ros2/install/realsense2_camera/lib/librealsense2_camera.so
[24.762s] -- Set runtime path of "/root/openpifpaf_ros2/install/realsense2_camera/lib/librealsense2_camera.so" to ""
[24.762s] -- Installing: /root/openpifpaf_ros2/install/realsense2_camera/include
[24.762s] -- Installing: /root/openpifpaf_ros2/install/realsense2_camera/include/dynamic_params.h
[24.762s] -- Installing: /root/openpifpaf_ros2/install/realsense2_camera/include/realsense_node_factory.h
[24.762s] -- Installing: /root/openpifpaf_ros2/install/realsense2_camera/include/t265_realsense_node.h
[24.763s] -- Installing: /root/openpifpaf_ros2/install/realsense2_camera/include/constants.h
[24.763s] -- Installing: /root/openpifpaf_ros2/install/realsense2_camera/include/ros_param_backend.h
[24.763s] -- Installing: /root/openpifpaf_ros2/install/realsense2_camera/include/base_realsense_node.h
[24.763s] -- Installing: /root/openpifpaf_ros2/install/realsense2_camera/share/realsense2_camera/launch
[24.763s] -- Installing: /root/openpifpaf_ros2/install/realsense2_camera/share/realsense2_camera/launch/demo_t265_launch.py
[24.763s] -- Installing: /root/openpifpaf_ros2/install/realsense2_camera/share/realsense2_camera/launch/default.rviz
[24.763s] -- Installing: /root/openpifpaf_ros2/install/realsense2_camera/share/realsense2_camera/launch/rs_launch.py
[24.763s] -- Installing: /root/openpifpaf_ros2/install/realsense2_camera/share/realsense2_camera/launch/rs_d400_and_t265_launch.py
[24.763s] -- Installing: /root/openpifpaf_ros2/install/realsense2_camera/share/realsense2_camera/launch/rs_t265_launch.py
[24.763s] -- Installing: /root/openpifpaf_ros2/install/realsense2_camera/share/realsense2_camera/launch/demo_pointcloud_launch.py
[24.763s] -- Installing: /root/openpifpaf_ros2/install/realsense2_camera/share/realsense2_camera/launch/rs_multi_camera_launch.py
[24.764s] -- Installing: /root/openpifpaf_ros2/install/realsense2_camera/share/realsense2_camera/config
[24.764s] -- Installing: /root/openpifpaf_ros2/install/realsense2_camera/share/realsense2_camera/config/d435i.yaml
[24.764s] -- Installing: /root/openpifpaf_ros2/install/realsense2_camera/share/realsense2_camera/rviz
[24.764s] -- Installing: /root/openpifpaf_ros2/install/realsense2_camera/share/realsense2_camera/rviz/t265.rviz
[24.764s] -- Installing: /root/openpifpaf_ros2/install/realsense2_camera/share/realsense2_camera/rviz/pointcloud.rviz
[24.764s] -- Installing: /root/openpifpaf_ros2/install/realsense2_camera/share/realsense2_camera/environment/library_path.sh
[24.764s] -- Installing: /root/openpifpaf_ros2/install/realsense2_camera/share/realsense2_camera/environment/library_path.dsv
[24.765s] -- Installing: /root/openpifpaf_ros2/install/realsense2_camera/share/ament_index/resource_index/package_run_dependencies/realsense2_camera
[24.765s] -- Installing: /root/openpifpaf_ros2/install/realsense2_camera/share/ament_index/resource_index/parent_prefix_path/realsense2_camera
[24.765s] -- Installing: /root/openpifpaf_ros2/install/realsense2_camera/share/realsense2_camera/environment/ament_prefix_path.sh
[24.765s] -- Installing: /root/openpifpaf_ros2/install/realsense2_camera/share/realsense2_camera/environment/ament_prefix_path.dsv
[24.765s] -- Installing: /root/openpifpaf_ros2/install/realsense2_camera/share/realsense2_camera/environment/path.sh
[24.766s] -- Installing: /root/openpifpaf_ros2/install/realsense2_camera/share/realsense2_camera/environment/path.dsv
[24.766s] -- Installing: /root/openpifpaf_ros2/install/realsense2_camera/share/realsense2_camera/local_setup.bash
[24.766s] -- Installing: /root/openpifpaf_ros2/install/realsense2_camera/share/realsense2_camera/local_setup.sh
[24.766s] -- Installing: /root/openpifpaf_ros2/install/realsense2_camera/share/realsense2_camera/local_setup.zsh
[24.766s] -- Installing: /root/openpifpaf_ros2/install/realsense2_camera/share/realsense2_camera/local_setup.dsv
[24.766s] -- Installing: /root/openpifpaf_ros2/install/realsense2_camera/share/realsense2_camera/package.dsv
[24.766s] -- Installing: /root/openpifpaf_ros2/install/realsense2_camera/share/ament_index/resource_index/packages/realsense2_camera
[24.767s] -- Installing: /root/openpifpaf_ros2/install/realsense2_camera/share/ament_index/resource_index/rclcpp_components/realsense2_camera
[24.767s] -- Installing: /root/openpifpaf_ros2/install/realsense2_camera/share/realsense2_camera/cmake/ament_cmake_export_include_directories-extras.cmake
[24.767s] -- Installing: /root/openpifpaf_ros2/install/realsense2_camera/share/realsense2_camera/cmake/ament_cmake_export_libraries-extras.cmake
[24.767s] -- Installing: /root/openpifpaf_ros2/install/realsense2_camera/share/realsense2_camera/cmake/ament_cmake_export_dependencies-extras.cmake
[24.767s] -- Installing: /root/openpifpaf_ros2/install/realsense2_camera/share/realsense2_camera/cmake/realsense2_cameraConfig.cmake
[24.768s] -- Installing: /root/openpifpaf_ros2/install/realsense2_camera/share/realsense2_camera/cmake/realsense2_cameraConfig-version.cmake
[24.768s] -- Installing: /root/openpifpaf_ros2/install/realsense2_camera/share/realsense2_camera/package.xml
[24.773s] Invoked command in '/root/openpifpaf_ros2/build/realsense2_camera' returned '0': AMENT_PREFIX_PATH=/root/openpifpaf_ros2/install/realsense2_camera_msgs:${AMENT_PREFIX_PATH} CMAKE_PREFIX_PATH=/root/openpifpaf_ros2/install/realsense2_camera_msgs:/opt/ros/foxy LD_LIBRARY_PATH=/root/openpifpaf_ros2/install/realsense2_camera_msgs/lib:${LD_LIBRARY_PATH} PYTHONPATH=/root/openpifpaf_ros2/install/realsense2_camera_msgs/lib/python3.8/site-packages:${PYTHONPATH} _=/usr/bin/env /usr/bin/cmake --install /root/openpifpaf_ros2/build/realsense2_camera
