[5.839s] Invoking command in '/root/openpifpaf_ros2/src/rgbd_openpifpaf_ros2': CMAKE_PREFIX_PATH=/root/openpifpaf_ros2/install/openpifpaf_ros2_msgs:/root/openpifpaf_ros2/install/realsense2_description:/root/openpifpaf_ros2/install/realsense2_camera:/root/openpifpaf_ros2/install/realsense2_camera_msgs LD_LIBRARY_PATH=/root/openpifpaf_ros2/install/openpifpaf_ros2_msgs/lib:/root/openpifpaf_ros2/install/realsense2_camera/lib:/root/openpifpaf_ros2/install/realsense2_camera_msgs/lib:/usr/lib/x86_64-linux-gnu/gazebo-11/plugins:/opt/ros/foxy/opt/yaml_cpp_vendor/lib:/opt/ros/foxy/opt/rviz_ogre_vendor/lib:/opt/ros/foxy/lib/x86_64-linux-gnu:/opt/ros/foxy/lib:/usr/local/11.3.0/lib64:/usr/local/nvidia/lib:/usr/local/nvidia/lib64 PYTHONPATH=/root/openpifpaf_ros2/install/rgbd_openpifpaf_ros2/lib/python3.8/site-packages:/root/openpifpaf_ros2/install/openpifpaf_ros2_msgs/lib/python3.8/site-packages:/root/openpifpaf_ros2/install/rgbd_openpifpaf_ros2/lib/python3.8/site-packages:/root/openpifpaf_ros2/install/realsense2_camera_msgs/lib/python3.8/site-packages:/root/openpifpaf_ros2/install/pose_checker/lib/python3.8/site-packages:/root/openpifpaf_ros2/install/openpifpaf_ros2_node/lib/python3.8/site-packages:/opt/ros/foxy/lib/python3.8/site-packages _=/usr/bin/env /usr/bin/python3 setup.py egg_info --egg-base ../../build/rgbd_openpifpaf_ros2 build --build-base /root/openpifpaf_ros2/build/rgbd_openpifpaf_ros2/build install --prefix /root/openpifpaf_ros2/install/rgbd_openpifpaf_ros2 --record /root/openpifpaf_ros2/build/rgbd_openpifpaf_ros2/install.log --single-version-externally-managed
[7.041s] running egg_info
[7.044s] writing ../../build/rgbd_openpifpaf_ros2/rgbd_openpifpaf_ros2.egg-info/PKG-INFO
[7.045s] writing dependency_links to ../../build/rgbd_openpifpaf_ros2/rgbd_openpifpaf_ros2.egg-info/dependency_links.txt
[7.046s] writing entry points to ../../build/rgbd_openpifpaf_ros2/rgbd_openpifpaf_ros2.egg-info/entry_points.txt
[7.047s] writing requirements to ../../build/rgbd_openpifpaf_ros2/rgbd_openpifpaf_ros2.egg-info/requires.txt
[7.047s] writing top-level names to ../../build/rgbd_openpifpaf_ros2/rgbd_openpifpaf_ros2.egg-info/top_level.txt
[7.242s] reading manifest file '../../build/rgbd_openpifpaf_ros2/rgbd_openpifpaf_ros2.egg-info/SOURCES.txt'
[7.247s] writing manifest file '../../build/rgbd_openpifpaf_ros2/rgbd_openpifpaf_ros2.egg-info/SOURCES.txt'
[7.248s] running build
[7.248s] running build_py
[7.250s] copying rgbd_openpifpaf_ros2/pose_checker_3d.py -> /root/openpifpaf_ros2/build/rgbd_openpifpaf_ros2/build/lib/rgbd_openpifpaf_ros2
[7.251s] running install
[7.254s] running install_lib
[7.259s] copying /root/openpifpaf_ros2/build/rgbd_openpifpaf_ros2/build/lib/rgbd_openpifpaf_ros2/pose_checker_3d.py -> /root/openpifpaf_ros2/install/rgbd_openpifpaf_ros2/lib/python3.8/site-packages/rgbd_openpifpaf_ros2
[7.261s] byte-compiling /root/openpifpaf_ros2/install/rgbd_openpifpaf_ros2/lib/python3.8/site-packages/rgbd_openpifpaf_ros2/pose_checker_3d.py to pose_checker_3d.cpython-38.pyc
[7.273s] running install_data
[7.276s] running install_egg_info
[7.285s] removing '/root/openpifpaf_ros2/install/rgbd_openpifpaf_ros2/lib/python3.8/site-packages/rgbd_openpifpaf_ros2-0.0.0-py3.8.egg-info' (and everything under it)
[7.288s] Copying ../../build/rgbd_openpifpaf_ros2/rgbd_openpifpaf_ros2.egg-info to /root/openpifpaf_ros2/install/rgbd_openpifpaf_ros2/lib/python3.8/site-packages/rgbd_openpifpaf_ros2-0.0.0-py3.8.egg-info
[7.296s] running install_scripts
[7.392s] Installing check script to /root/openpifpaf_ros2/install/rgbd_openpifpaf_ros2/lib/rgbd_openpifpaf_ros2
[7.393s] Installing person_information script to /root/openpifpaf_ros2/install/rgbd_openpifpaf_ros2/lib/rgbd_openpifpaf_ros2
[7.394s] Installing pose_checker_3d script to /root/openpifpaf_ros2/install/rgbd_openpifpaf_ros2/lib/rgbd_openpifpaf_ros2
[7.395s] Installing rgbd_openpifpaf_ros2_node script to /root/openpifpaf_ros2/install/rgbd_openpifpaf_ros2/lib/rgbd_openpifpaf_ros2
[7.396s] writing list of installed files to '/root/openpifpaf_ros2/build/rgbd_openpifpaf_ros2/install.log'
[7.498s] Invoked command in '/root/openpifpaf_ros2/src/rgbd_openpifpaf_ros2' returned '0': CMAKE_PREFIX_PATH=/root/openpifpaf_ros2/install/openpifpaf_ros2_msgs:/root/openpifpaf_ros2/install/realsense2_description:/root/openpifpaf_ros2/install/realsense2_camera:/root/openpifpaf_ros2/install/realsense2_camera_msgs LD_LIBRARY_PATH=/root/openpifpaf_ros2/install/openpifpaf_ros2_msgs/lib:/root/openpifpaf_ros2/install/realsense2_camera/lib:/root/openpifpaf_ros2/install/realsense2_camera_msgs/lib:/usr/lib/x86_64-linux-gnu/gazebo-11/plugins:/opt/ros/foxy/opt/yaml_cpp_vendor/lib:/opt/ros/foxy/opt/rviz_ogre_vendor/lib:/opt/ros/foxy/lib/x86_64-linux-gnu:/opt/ros/foxy/lib:/usr/local/11.3.0/lib64:/usr/local/nvidia/lib:/usr/local/nvidia/lib64 PYTHONPATH=/root/openpifpaf_ros2/install/rgbd_openpifpaf_ros2/lib/python3.8/site-packages:/root/openpifpaf_ros2/install/openpifpaf_ros2_msgs/lib/python3.8/site-packages:/root/openpifpaf_ros2/install/rgbd_openpifpaf_ros2/lib/python3.8/site-packages:/root/openpifpaf_ros2/install/realsense2_camera_msgs/lib/python3.8/site-packages:/root/openpifpaf_ros2/install/pose_checker/lib/python3.8/site-packages:/root/openpifpaf_ros2/install/openpifpaf_ros2_node/lib/python3.8/site-packages:/opt/ros/foxy/lib/python3.8/site-packages _=/usr/bin/env /usr/bin/python3 setup.py egg_info --egg-base ../../build/rgbd_openpifpaf_ros2 build --build-base /root/openpifpaf_ros2/build/rgbd_openpifpaf_ros2/build install --prefix /root/openpifpaf_ros2/install/rgbd_openpifpaf_ros2 --record /root/openpifpaf_ros2/build/rgbd_openpifpaf_ros2/install.log --single-version-externally-managed
