[0.699s] Invoking command in '/root/openpifpaf_ros2/src/pose_checker': PYTHONPATH=/root/openpifpaf_ros2/install/pose_checker/lib/python3.8/site-packages:${PYTHONPATH} _=/usr/bin/env /usr/bin/python3 setup.py egg_info --egg-base ../../build/pose_checker build --build-base /root/openpifpaf_ros2/build/pose_checker/build install --prefix /root/openpifpaf_ros2/install/pose_checker --record /root/openpifpaf_ros2/build/pose_checker/install.log --single-version-externally-managed
[0.939s] running egg_info
[0.940s] writing ../../build/pose_checker/pose_checker.egg-info/PKG-INFO
[0.940s] writing dependency_links to ../../build/pose_checker/pose_checker.egg-info/dependency_links.txt
[0.940s] writing entry points to ../../build/pose_checker/pose_checker.egg-info/entry_points.txt
[0.940s] writing requirements to ../../build/pose_checker/pose_checker.egg-info/requires.txt
[0.940s] writing top-level names to ../../build/pose_checker/pose_checker.egg-info/top_level.txt
[0.976s] reading manifest file '../../build/pose_checker/pose_checker.egg-info/SOURCES.txt'
[0.977s] writing manifest file '../../build/pose_checker/pose_checker.egg-info/SOURCES.txt'
[0.977s] running build
[0.977s] running build_py
[0.977s] running install
[0.978s] running install_lib
[0.980s] running install_data
[0.981s] running install_egg_info
[0.983s] removing '/root/openpifpaf_ros2/install/pose_checker/lib/python3.8/site-packages/pose_checker-0.0.0-py3.8.egg-info' (and everything under it)
[0.983s] Copying ../../build/pose_checker/pose_checker.egg-info to /root/openpifpaf_ros2/install/pose_checker/lib/python3.8/site-packages/pose_checker-0.0.0-py3.8.egg-info
[0.984s] running install_scripts
[1.001s] Installing pose_checker script to /root/openpifpaf_ros2/install/pose_checker/lib/pose_checker
[1.002s] writing list of installed files to '/root/openpifpaf_ros2/build/pose_checker/install.log'
[1.412s] Invoked command in '/root/openpifpaf_ros2/src/pose_checker' returned '0': PYTHONPATH=/root/openpifpaf_ros2/install/pose_checker/lib/python3.8/site-packages:${PYTHONPATH} _=/usr/bin/env /usr/bin/python3 setup.py egg_info --egg-base ../../build/pose_checker build --build-base /root/openpifpaf_ros2/build/pose_checker/build install --prefix /root/openpifpaf_ros2/install/pose_checker --record /root/openpifpaf_ros2/build/pose_checker/install.log --single-version-externally-managed
