-- Found ament_cmake: 0.9.11 (/opt/ros/foxy/share/ament_cmake/cmake)
-- Found PythonInterp: /usr/bin/python3 (found suitable version "3.8.10", minimum required is "3") 
-- Using PYTHON_EXECUTABLE: /usr/bin/python3
-- Found geometry_msgs: 2.0.5 (/opt/ros/foxy/share/geometry_msgs/cmake)
-- Using all available rosidl_typesupport_c: rosidl_typesupport_fastrtps_c;rosidl_typesupport_introspection_c
-- Found rosidl_adapter: 1.3.0 (/opt/ros/foxy/share/rosidl_adapter/cmake)
-- Using all available rosidl_typesupport_cpp: rosidl_typesupport_fastrtps_cpp;rosidl_typesupport_introspection_cpp
-- Found rosidl_default_generators: 1.0.1 (/opt/ros/foxy/share/rosidl_default_generators/cmake)
-- Found sensor_msgs: 2.0.5 (/opt/ros/foxy/share/sensor_msgs/cmake)
-- Found visualization_msgs: 2.0.5 (/opt/ros/foxy/share/visualization_msgs/cmake)
-- Found PythonInterp: /usr/bin/python3 (found version "3.8.10") 
-- Found ament_cmake_ros: 0.9.2 (/opt/ros/foxy/share/ament_cmake_ros/cmake)
-- Using all available rosidl_typesupport_c: rosidl_typesupport_fastrtps_c;rosidl_typesupport_introspection_c
-- Using all available rosidl_typesupport_cpp: rosidl_typesupport_fastrtps_cpp;rosidl_typesupport_introspection_cpp
-- Found PythonInterp: /usr/bin/python3 (found suitable version "3.8.10", minimum required is "3.5") 
-- Found python_cmake_module: 0.8.1 (/opt/ros/foxy/share/python_cmake_module/cmake)
-- Using PYTHON_EXECUTABLE: /usr/bin/python3
-- Using PYTHON_INCLUDE_DIRS: /usr/include/python3.8
-- Using PYTHON_LIBRARIES: /usr/lib/x86_64-linux-gnu/libpython3.8.so
-- Found ament_lint_auto: 0.9.7 (/opt/ros/foxy/share/ament_lint_auto/cmake)
-- Added test 'copyright' to check source files copyright and LICENSE
-- Added test 'flake8' to check Python code syntax and style conventions
-- Added test 'lint_cmake' to check CMake code style
-- Added test 'pep257' to check Python code against some of the style conventions in PEP 257
-- Added test 'xmllint' to check XML markup files
-- Configuring done
-- Generating done
-- Build files have been written to: /root/openpifpaf_ros2/build/openpifpaf_ros2_msgs
[  1%] Built target openpifpaf_ros2_msgs__cpp
[ 12%] Built target openpifpaf_ros2_msgs__rosidl_generator_c
[ 34%] Built target openpifpaf_ros2_msgs__rosidl_typesupport_introspection_cpp
[ 34%] Built target openpifpaf_ros2_msgs__rosidl_typesupport_cpp
[ 46%] Built target openpifpaf_ros2_msgs__rosidl_typesupport_introspection_c
[ 57%] Built target openpifpaf_ros2_msgs__rosidl_typesupport_c
[ 68%] Built target openpifpaf_ros2_msgs__rosidl_typesupport_fastrtps_cpp
[ 79%] Built target openpifpaf_ros2_msgs__rosidl_typesupport_fastrtps_c
[ 79%] Built target openpifpaf_ros2_msgs
[ 80%] Built target openpifpaf_ros2_msgs__py
[ 90%] Built target openpifpaf_ros2_msgs__python
[ 93%] Built target openpifpaf_ros2_msgs__rosidl_typesupport_introspection_c__pyext
[ 96%] Built target openpifpaf_ros2_msgs__rosidl_typesupport_c__pyext
[100%] Built target openpifpaf_ros2_msgs__rosidl_typesupport_fastrtps_c__pyext
-- Install configuration: ""
-- Up-to-date: /root/openpifpaf_ros2/install/openpifpaf_ros2_msgs/share/ament_index/resource_index/rosidl_interfaces/openpifpaf_ros2_msgs
-- Up-to-date: /root/openpifpaf_ros2/install/openpifpaf_ros2_msgs/include/openpifpaf_ros2_msgs
-- Up-to-date: /root/openpifpaf_ros2/install/openpifpaf_ros2_msgs/include/openpifpaf_ros2_msgs/msg
-- Up-to-date: /root/openpifpaf_ros2/install/openpifpaf_ros2_msgs/include/openpifpaf_ros2_msgs/msg/rosidl_generator_c__visibility_control.h
-- Up-to-date: /root/openpifpaf_ros2/install/openpifpaf_ros2_msgs/include/openpifpaf_ros2_msgs/msg/poses.h
-- Up-to-date: /root/openpifpaf_ros2/install/openpifpaf_ros2_msgs/include/openpifpaf_ros2_msgs/msg/detail
-- Up-to-date: /root/openpifpaf_ros2/install/openpifpaf_ros2_msgs/include/openpifpaf_ros2_msgs/msg/detail/pose__functions.h
-- Up-to-date: /root/openpifpaf_ros2/install/openpifpaf_ros2_msgs/include/openpifpaf_ros2_msgs/msg/detail/person__struct.h
-- Up-to-date: /root/openpifpaf_ros2/install/openpifpaf_ros2_msgs/include/openpifpaf_ros2_msgs/msg/detail/person__type_support.h
-- Up-to-date: /root/openpifpaf_ros2/install/openpifpaf_ros2_msgs/include/openpifpaf_ros2_msgs/msg/detail/pose__struct.h
-- Up-to-date: /root/openpifpaf_ros2/install/openpifpaf_ros2_msgs/include/openpifpaf_ros2_msgs/msg/detail/pose3_d__struct.h
-- Up-to-date: /root/openpifpaf_ros2/install/openpifpaf_ros2_msgs/include/openpifpaf_ros2_msgs/msg/detail/pose3_d_array__struct.h
-- Up-to-date: /root/openpifpaf_ros2/install/openpifpaf_ros2_msgs/include/openpifpaf_ros2_msgs/msg/detail/pose3_d__functions.c
-- Up-to-date: /root/openpifpaf_ros2/install/openpifpaf_ros2_msgs/include/openpifpaf_ros2_msgs/msg/detail/person__functions.c
-- Up-to-date: /root/openpifpaf_ros2/install/openpifpaf_ros2_msgs/include/openpifpaf_ros2_msgs/msg/detail/pose__type_support.h
-- Up-to-date: /root/openpifpaf_ros2/install/openpifpaf_ros2_msgs/include/openpifpaf_ros2_msgs/msg/detail/poses__type_support.h
-- Up-to-date: /root/openpifpaf_ros2/install/openpifpaf_ros2_msgs/include/openpifpaf_ros2_msgs/msg/detail/person__functions.h
-- Up-to-date: /root/openpifpaf_ros2/install/openpifpaf_ros2_msgs/include/openpifpaf_ros2_msgs/msg/detail/pose3_d_array__functions.h
-- Up-to-date: /root/openpifpaf_ros2/install/openpifpaf_ros2_msgs/include/openpifpaf_ros2_msgs/msg/detail/poses__functions.c
-- Up-to-date: /root/openpifpaf_ros2/install/openpifpaf_ros2_msgs/include/openpifpaf_ros2_msgs/msg/detail/pose3_d_array__functions.c
-- Up-to-date: /root/openpifpaf_ros2/install/openpifpaf_ros2_msgs/include/openpifpaf_ros2_msgs/msg/detail/pose3_d__type_support.h
-- Up-to-date: /root/openpifpaf_ros2/install/openpifpaf_ros2_msgs/include/openpifpaf_ros2_msgs/msg/detail/pose3_d_array__type_support.h
-- Up-to-date: /root/openpifpaf_ros2/install/openpifpaf_ros2_msgs/include/openpifpaf_ros2_msgs/msg/detail/poses__struct.h
-- Up-to-date: /root/openpifpaf_ros2/install/openpifpaf_ros2_msgs/include/openpifpaf_ros2_msgs/msg/detail/pose__functions.c
-- Up-to-date: /root/openpifpaf_ros2/install/openpifpaf_ros2_msgs/include/openpifpaf_ros2_msgs/msg/detail/poses__functions.h
-- Up-to-date: /root/openpifpaf_ros2/install/openpifpaf_ros2_msgs/include/openpifpaf_ros2_msgs/msg/detail/pose3_d__functions.h
-- Up-to-date: /root/openpifpaf_ros2/install/openpifpaf_ros2_msgs/include/openpifpaf_ros2_msgs/msg/pose3_d.h
-- Up-to-date: /root/openpifpaf_ros2/install/openpifpaf_ros2_msgs/include/openpifpaf_ros2_msgs/msg/pose3_d_array.h
-- Up-to-date: /root/openpifpaf_ros2/install/openpifpaf_ros2_msgs/include/openpifpaf_ros2_msgs/msg/pose.h
-- Up-to-date: /root/openpifpaf_ros2/install/openpifpaf_ros2_msgs/include/openpifpaf_ros2_msgs/msg/person.h
-- Installing: /root/openpifpaf_ros2/install/openpifpaf_ros2_msgs/share/openpifpaf_ros2_msgs/environment/library_path.sh
-- Installing: /root/openpifpaf_ros2/install/openpifpaf_ros2_msgs/share/openpifpaf_ros2_msgs/environment/library_path.dsv
-- Up-to-date: /root/openpifpaf_ros2/install/openpifpaf_ros2_msgs/lib/libopenpifpaf_ros2_msgs__rosidl_generator_c.so
-- Up-to-date: /root/openpifpaf_ros2/install/openpifpaf_ros2_msgs/include/openpifpaf_ros2_msgs
-- Up-to-date: /root/openpifpaf_ros2/install/openpifpaf_ros2_msgs/include/openpifpaf_ros2_msgs/msg
-- Up-to-date: /root/openpifpaf_ros2/install/openpifpaf_ros2_msgs/include/openpifpaf_ros2_msgs/msg/detail
-- Up-to-date: /root/openpifpaf_ros2/install/openpifpaf_ros2_msgs/include/openpifpaf_ros2_msgs/msg/detail/person__rosidl_typesupport_fastrtps_c.h
-- Up-to-date: /root/openpifpaf_ros2/install/openpifpaf_ros2_msgs/include/openpifpaf_ros2_msgs/msg/detail/poses__rosidl_typesupport_fastrtps_c.h
-- Up-to-date: /root/openpifpaf_ros2/install/openpifpaf_ros2_msgs/include/openpifpaf_ros2_msgs/msg/detail/pose3_d__rosidl_typesupport_fastrtps_c.h
-- Up-to-date: /root/openpifpaf_ros2/install/openpifpaf_ros2_msgs/include/openpifpaf_ros2_msgs/msg/detail/pose3_d_array__rosidl_typesupport_fastrtps_c.h
-- Up-to-date: /root/openpifpaf_ros2/install/openpifpaf_ros2_msgs/include/openpifpaf_ros2_msgs/msg/detail/pose__rosidl_typesupport_fastrtps_c.h
-- Up-to-date: /root/openpifpaf_ros2/install/openpifpaf_ros2_msgs/include/openpifpaf_ros2_msgs/msg/rosidl_typesupport_fastrtps_c__visibility_control.h
-- Up-to-date: /root/openpifpaf_ros2/install/openpifpaf_ros2_msgs/lib/libopenpifpaf_ros2_msgs__rosidl_typesupport_fastrtps_c.so
-- Up-to-date: /root/openpifpaf_ros2/install/openpifpaf_ros2_msgs/include/openpifpaf_ros2_msgs
-- Up-to-date: /root/openpifpaf_ros2/install/openpifpaf_ros2_msgs/include/openpifpaf_ros2_msgs/msg
-- Up-to-date: /root/openpifpaf_ros2/install/openpifpaf_ros2_msgs/include/openpifpaf_ros2_msgs/msg/detail
-- Up-to-date: /root/openpifpaf_ros2/install/openpifpaf_ros2_msgs/include/openpifpaf_ros2_msgs/msg/detail/person__rosidl_typesupport_fastrtps_cpp.hpp
-- Up-to-date: /root/openpifpaf_ros2/install/openpifpaf_ros2_msgs/include/openpifpaf_ros2_msgs/msg/detail/pose__rosidl_typesupport_fastrtps_cpp.hpp
-- Up-to-date: /root/openpifpaf_ros2/install/openpifpaf_ros2_msgs/include/openpifpaf_ros2_msgs/msg/detail/pose3_d_array__rosidl_typesupport_fastrtps_cpp.hpp
-- Up-to-date: /root/openpifpaf_ros2/install/openpifpaf_ros2_msgs/include/openpifpaf_ros2_msgs/msg/detail/poses__rosidl_typesupport_fastrtps_cpp.hpp
-- Installing: /root/openpifpaf_ros2/install/openpifpaf_ros2_msgs/include/openpifpaf_ros2_msgs/msg/detail/dds_fastrtps
-- Up-to-date: /root/openpifpaf_ros2/install/openpifpaf_ros2_msgs/include/openpifpaf_ros2_msgs/msg/detail/pose3_d__rosidl_typesupport_fastrtps_cpp.hpp
-- Up-to-date: /root/openpifpaf_ros2/install/openpifpaf_ros2_msgs/include/openpifpaf_ros2_msgs/msg/rosidl_typesupport_fastrtps_cpp__visibility_control.h
-- Up-to-date: /root/openpifpaf_ros2/install/openpifpaf_ros2_msgs/lib/libopenpifpaf_ros2_msgs__rosidl_typesupport_fastrtps_cpp.so
-- Up-to-date: /root/openpifpaf_ros2/install/openpifpaf_ros2_msgs/include/openpifpaf_ros2_msgs
-- Up-to-date: /root/openpifpaf_ros2/install/openpifpaf_ros2_msgs/include/openpifpaf_ros2_msgs/msg
-- Up-to-date: /root/openpifpaf_ros2/install/openpifpaf_ros2_msgs/include/openpifpaf_ros2_msgs/msg/detail
-- Up-to-date: /root/openpifpaf_ros2/install/openpifpaf_ros2_msgs/include/openpifpaf_ros2_msgs/msg/detail/pose__rosidl_typesupport_introspection_c.h
-- Up-to-date: /root/openpifpaf_ros2/install/openpifpaf_ros2_msgs/include/openpifpaf_ros2_msgs/msg/detail/pose3_d__rosidl_typesupport_introspection_c.h
-- Up-to-date: /root/openpifpaf_ros2/install/openpifpaf_ros2_msgs/include/openpifpaf_ros2_msgs/msg/detail/person__rosidl_typesupport_introspection_c.h
-- Up-to-date: /root/openpifpaf_ros2/install/openpifpaf_ros2_msgs/include/openpifpaf_ros2_msgs/msg/detail/pose3_d_array__rosidl_typesupport_introspection_c.h
-- Up-to-date: /root/openpifpaf_ros2/install/openpifpaf_ros2_msgs/include/openpifpaf_ros2_msgs/msg/detail/poses__type_support.c
-- Up-to-date: /root/openpifpaf_ros2/install/openpifpaf_ros2_msgs/include/openpifpaf_ros2_msgs/msg/detail/pose3_d_array__type_support.c
-- Up-to-date: /root/openpifpaf_ros2/install/openpifpaf_ros2_msgs/include/openpifpaf_ros2_msgs/msg/detail/person__type_support.c
-- Up-to-date: /root/openpifpaf_ros2/install/openpifpaf_ros2_msgs/include/openpifpaf_ros2_msgs/msg/detail/pose3_d__type_support.c
-- Up-to-date: /root/openpifpaf_ros2/install/openpifpaf_ros2_msgs/include/openpifpaf_ros2_msgs/msg/detail/pose__type_support.c
-- Up-to-date: /root/openpifpaf_ros2/install/openpifpaf_ros2_msgs/include/openpifpaf_ros2_msgs/msg/detail/poses__rosidl_typesupport_introspection_c.h
-- Up-to-date: /root/openpifpaf_ros2/install/openpifpaf_ros2_msgs/include/openpifpaf_ros2_msgs/msg/rosidl_typesupport_introspection_c__visibility_control.h
-- Up-to-date: /root/openpifpaf_ros2/install/openpifpaf_ros2_msgs/lib/libopenpifpaf_ros2_msgs__rosidl_typesupport_introspection_c.so
-- Up-to-date: /root/openpifpaf_ros2/install/openpifpaf_ros2_msgs/lib/libopenpifpaf_ros2_msgs__rosidl_typesupport_c.so
-- Up-to-date: /root/openpifpaf_ros2/install/openpifpaf_ros2_msgs/include/openpifpaf_ros2_msgs
-- Up-to-date: /root/openpifpaf_ros2/install/openpifpaf_ros2_msgs/include/openpifpaf_ros2_msgs/msg
-- Up-to-date: /root/openpifpaf_ros2/install/openpifpaf_ros2_msgs/include/openpifpaf_ros2_msgs/msg/pose3_d_array.hpp
-- Up-to-date: /root/openpifpaf_ros2/install/openpifpaf_ros2_msgs/include/openpifpaf_ros2_msgs/msg/pose3_d.hpp
-- Up-to-date: /root/openpifpaf_ros2/install/openpifpaf_ros2_msgs/include/openpifpaf_ros2_msgs/msg/detail
-- Up-to-date: /root/openpifpaf_ros2/install/openpifpaf_ros2_msgs/include/openpifpaf_ros2_msgs/msg/detail/poses__struct.hpp
-- Up-to-date: /root/openpifpaf_ros2/install/openpifpaf_ros2_msgs/include/openpifpaf_ros2_msgs/msg/detail/pose3_d_array__traits.hpp
-- Up-to-date: /root/openpifpaf_ros2/install/openpifpaf_ros2_msgs/include/openpifpaf_ros2_msgs/msg/detail/pose3_d_array__builder.hpp
-- Up-to-date: /root/openpifpaf_ros2/install/openpifpaf_ros2_msgs/include/openpifpaf_ros2_msgs/msg/detail/poses__builder.hpp
-- Up-to-date: /root/openpifpaf_ros2/install/openpifpaf_ros2_msgs/include/openpifpaf_ros2_msgs/msg/detail/pose__struct.hpp
-- Up-to-date: /root/openpifpaf_ros2/install/openpifpaf_ros2_msgs/include/openpifpaf_ros2_msgs/msg/detail/pose3_d__struct.hpp
-- Up-to-date: /root/openpifpaf_ros2/install/openpifpaf_ros2_msgs/include/openpifpaf_ros2_msgs/msg/detail/pose__traits.hpp
-- Up-to-date: /root/openpifpaf_ros2/install/openpifpaf_ros2_msgs/include/openpifpaf_ros2_msgs/msg/detail/pose3_d__builder.hpp
-- Up-to-date: /root/openpifpaf_ros2/install/openpifpaf_ros2_msgs/include/openpifpaf_ros2_msgs/msg/detail/person__traits.hpp
-- Up-to-date: /root/openpifpaf_ros2/install/openpifpaf_ros2_msgs/include/openpifpaf_ros2_msgs/msg/detail/pose3_d_array__struct.hpp
-- Up-to-date: /root/openpifpaf_ros2/install/openpifpaf_ros2_msgs/include/openpifpaf_ros2_msgs/msg/detail/poses__traits.hpp
-- Up-to-date: /root/openpifpaf_ros2/install/openpifpaf_ros2_msgs/include/openpifpaf_ros2_msgs/msg/detail/person__struct.hpp
-- Up-to-date: /root/openpifpaf_ros2/install/openpifpaf_ros2_msgs/include/openpifpaf_ros2_msgs/msg/detail/pose__builder.hpp
-- Up-to-date: /root/openpifpaf_ros2/install/openpifpaf_ros2_msgs/include/openpifpaf_ros2_msgs/msg/detail/pose3_d__traits.hpp
-- Up-to-date: /root/openpifpaf_ros2/install/openpifpaf_ros2_msgs/include/openpifpaf_ros2_msgs/msg/detail/person__builder.hpp
-- Up-to-date: /root/openpifpaf_ros2/install/openpifpaf_ros2_msgs/include/openpifpaf_ros2_msgs/msg/pose.hpp
-- Up-to-date: /root/openpifpaf_ros2/install/openpifpaf_ros2_msgs/include/openpifpaf_ros2_msgs/msg/poses.hpp
-- Up-to-date: /root/openpifpaf_ros2/install/openpifpaf_ros2_msgs/include/openpifpaf_ros2_msgs/msg/person.hpp
-- Up-to-date: /root/openpifpaf_ros2/install/openpifpaf_ros2_msgs/include/openpifpaf_ros2_msgs
-- Up-to-date: /root/openpifpaf_ros2/install/openpifpaf_ros2_msgs/include/openpifpaf_ros2_msgs/msg
-- Up-to-date: /root/openpifpaf_ros2/install/openpifpaf_ros2_msgs/include/openpifpaf_ros2_msgs/msg/detail
-- Up-to-date: /root/openpifpaf_ros2/install/openpifpaf_ros2_msgs/include/openpifpaf_ros2_msgs/msg/detail/pose3_d__rosidl_typesupport_introspection_cpp.hpp
-- Up-to-date: /root/openpifpaf_ros2/install/openpifpaf_ros2_msgs/include/openpifpaf_ros2_msgs/msg/detail/poses__type_support.cpp
-- Up-to-date: /root/openpifpaf_ros2/install/openpifpaf_ros2_msgs/include/openpifpaf_ros2_msgs/msg/detail/pose3_d_array__type_support.cpp
-- Up-to-date: /root/openpifpaf_ros2/install/openpifpaf_ros2_msgs/include/openpifpaf_ros2_msgs/msg/detail/person__type_support.cpp
-- Up-to-date: /root/openpifpaf_ros2/install/openpifpaf_ros2_msgs/include/openpifpaf_ros2_msgs/msg/detail/pose3_d__type_support.cpp
-- Up-to-date: /root/openpifpaf_ros2/install/openpifpaf_ros2_msgs/include/openpifpaf_ros2_msgs/msg/detail/pose__type_support.cpp
-- Up-to-date: /root/openpifpaf_ros2/install/openpifpaf_ros2_msgs/include/openpifpaf_ros2_msgs/msg/detail/pose__rosidl_typesupport_introspection_cpp.hpp
-- Up-to-date: /root/openpifpaf_ros2/install/openpifpaf_ros2_msgs/include/openpifpaf_ros2_msgs/msg/detail/pose3_d_array__rosidl_typesupport_introspection_cpp.hpp
-- Up-to-date: /root/openpifpaf_ros2/install/openpifpaf_ros2_msgs/include/openpifpaf_ros2_msgs/msg/detail/person__rosidl_typesupport_introspection_cpp.hpp
-- Up-to-date: /root/openpifpaf_ros2/install/openpifpaf_ros2_msgs/include/openpifpaf_ros2_msgs/msg/detail/poses__rosidl_typesupport_introspection_cpp.hpp
-- Up-to-date: /root/openpifpaf_ros2/install/openpifpaf_ros2_msgs/lib/libopenpifpaf_ros2_msgs__rosidl_typesupport_introspection_cpp.so
-- Up-to-date: /root/openpifpaf_ros2/install/openpifpaf_ros2_msgs/lib/libopenpifpaf_ros2_msgs__rosidl_typesupport_cpp.so
-- Up-to-date: /root/openpifpaf_ros2/install/openpifpaf_ros2_msgs/share/openpifpaf_ros2_msgs/environment/pythonpath.sh
-- Installing: /root/openpifpaf_ros2/install/openpifpaf_ros2_msgs/share/openpifpaf_ros2_msgs/environment/pythonpath.dsv
-- Installing: /root/openpifpaf_ros2/install/openpifpaf_ros2_msgs/lib/python3.8/site-packages/openpifpaf_ros2_msgs/__init__.py
Compiling '/root/openpifpaf_ros2/install/openpifpaf_ros2_msgs/lib/python3.8/site-packages/openpifpaf_ros2_msgs/__init__.py'...
-- Up-to-date: /root/openpifpaf_ros2/install/openpifpaf_ros2_msgs/lib/python3.8/site-packages/openpifpaf_ros2_msgs/msg
-- Up-to-date: /root/openpifpaf_ros2/install/openpifpaf_ros2_msgs/lib/python3.8/site-packages/openpifpaf_ros2_msgs/msg/_pose_s.c
-- Up-to-date: /root/openpifpaf_ros2/install/openpifpaf_ros2_msgs/lib/python3.8/site-packages/openpifpaf_ros2_msgs/msg/_poses_s.c
-- Up-to-date: /root/openpifpaf_ros2/install/openpifpaf_ros2_msgs/lib/python3.8/site-packages/openpifpaf_ros2_msgs/msg/_person.py
-- Up-to-date: /root/openpifpaf_ros2/install/openpifpaf_ros2_msgs/lib/python3.8/site-packages/openpifpaf_ros2_msgs/msg/_pose3_d_array.py
-- Up-to-date: /root/openpifpaf_ros2/install/openpifpaf_ros2_msgs/lib/python3.8/site-packages/openpifpaf_ros2_msgs/msg/_pose3_d.py
-- Up-to-date: /root/openpifpaf_ros2/install/openpifpaf_ros2_msgs/lib/python3.8/site-packages/openpifpaf_ros2_msgs/msg/_person_s.c
-- Up-to-date: /root/openpifpaf_ros2/install/openpifpaf_ros2_msgs/lib/python3.8/site-packages/openpifpaf_ros2_msgs/msg/_pose3_d_array_s.c
-- Up-to-date: /root/openpifpaf_ros2/install/openpifpaf_ros2_msgs/lib/python3.8/site-packages/openpifpaf_ros2_msgs/msg/_poses.py
-- Up-to-date: /root/openpifpaf_ros2/install/openpifpaf_ros2_msgs/lib/python3.8/site-packages/openpifpaf_ros2_msgs/msg/_pose3_d_s.c
-- Up-to-date: /root/openpifpaf_ros2/install/openpifpaf_ros2_msgs/lib/python3.8/site-packages/openpifpaf_ros2_msgs/msg/__init__.py
-- Up-to-date: /root/openpifpaf_ros2/install/openpifpaf_ros2_msgs/lib/python3.8/site-packages/openpifpaf_ros2_msgs/msg/_pose.py
-- Up-to-date: /root/openpifpaf_ros2/install/openpifpaf_ros2_msgs/lib/python3.8/site-packages/openpifpaf_ros2_msgs/openpifpaf_ros2_msgs_s__rosidl_typesupport_fastrtps_c.cpython-38-x86_64-linux-gnu.so
-- Up-to-date: /root/openpifpaf_ros2/install/openpifpaf_ros2_msgs/lib/python3.8/site-packages/openpifpaf_ros2_msgs/openpifpaf_ros2_msgs_s__rosidl_typesupport_introspection_c.cpython-38-x86_64-linux-gnu.so
-- Up-to-date: /root/openpifpaf_ros2/install/openpifpaf_ros2_msgs/lib/python3.8/site-packages/openpifpaf_ros2_msgs/openpifpaf_ros2_msgs_s__rosidl_typesupport_c.cpython-38-x86_64-linux-gnu.so
-- Up-to-date: /root/openpifpaf_ros2/install/openpifpaf_ros2_msgs/lib/libopenpifpaf_ros2_msgs__python.so
-- Up-to-date: /root/openpifpaf_ros2/install/openpifpaf_ros2_msgs/share/openpifpaf_ros2_msgs/msg/Pose.idl
-- Up-to-date: /root/openpifpaf_ros2/install/openpifpaf_ros2_msgs/share/openpifpaf_ros2_msgs/msg/Poses.idl
-- Up-to-date: /root/openpifpaf_ros2/install/openpifpaf_ros2_msgs/share/openpifpaf_ros2_msgs/msg/Person.idl
-- Up-to-date: /root/openpifpaf_ros2/install/openpifpaf_ros2_msgs/share/openpifpaf_ros2_msgs/msg/Pose3D.idl
-- Up-to-date: /root/openpifpaf_ros2/install/openpifpaf_ros2_msgs/share/openpifpaf_ros2_msgs/msg/Pose3DArray.idl
-- Installing: /root/openpifpaf_ros2/install/openpifpaf_ros2_msgs/share/openpifpaf_ros2_msgs/msg/Pose.msg
-- Installing: /root/openpifpaf_ros2/install/openpifpaf_ros2_msgs/share/openpifpaf_ros2_msgs/msg/Poses.msg
-- Installing: /root/openpifpaf_ros2/install/openpifpaf_ros2_msgs/share/openpifpaf_ros2_msgs/msg/Person.msg
-- Installing: /root/openpifpaf_ros2/install/openpifpaf_ros2_msgs/share/openpifpaf_ros2_msgs/msg/Pose3D.msg
-- Installing: /root/openpifpaf_ros2/install/openpifpaf_ros2_msgs/share/openpifpaf_ros2_msgs/msg/Pose3DArray.msg
-- Up-to-date: /root/openpifpaf_ros2/install/openpifpaf_ros2_msgs/share/ament_index/resource_index/package_run_dependencies/openpifpaf_ros2_msgs
-- Installing: /root/openpifpaf_ros2/install/openpifpaf_ros2_msgs/share/ament_index/resource_index/parent_prefix_path/openpifpaf_ros2_msgs
-- Installing: /root/openpifpaf_ros2/install/openpifpaf_ros2_msgs/share/openpifpaf_ros2_msgs/environment/ament_prefix_path.sh
-- Installing: /root/openpifpaf_ros2/install/openpifpaf_ros2_msgs/share/openpifpaf_ros2_msgs/environment/ament_prefix_path.dsv
-- Installing: /root/openpifpaf_ros2/install/openpifpaf_ros2_msgs/share/openpifpaf_ros2_msgs/environment/path.sh
-- Installing: /root/openpifpaf_ros2/install/openpifpaf_ros2_msgs/share/openpifpaf_ros2_msgs/environment/path.dsv
-- Up-to-date: /root/openpifpaf_ros2/install/openpifpaf_ros2_msgs/share/openpifpaf_ros2_msgs/local_setup.bash
-- Up-to-date: /root/openpifpaf_ros2/install/openpifpaf_ros2_msgs/share/openpifpaf_ros2_msgs/local_setup.sh
-- Up-to-date: /root/openpifpaf_ros2/install/openpifpaf_ros2_msgs/share/openpifpaf_ros2_msgs/local_setup.zsh
-- Installing: /root/openpifpaf_ros2/install/openpifpaf_ros2_msgs/share/openpifpaf_ros2_msgs/local_setup.dsv
-- Installing: /root/openpifpaf_ros2/install/openpifpaf_ros2_msgs/share/openpifpaf_ros2_msgs/package.dsv
-- Up-to-date: /root/openpifpaf_ros2/install/openpifpaf_ros2_msgs/share/ament_index/resource_index/packages/openpifpaf_ros2_msgs
-- Up-to-date: /root/openpifpaf_ros2/install/openpifpaf_ros2_msgs/share/openpifpaf_ros2_msgs/cmake/openpifpaf_ros2_msgs__rosidl_generator_cExport.cmake
-- Installing: /root/openpifpaf_ros2/install/openpifpaf_ros2_msgs/share/openpifpaf_ros2_msgs/cmake/openpifpaf_ros2_msgs__rosidl_generator_cExport-noconfig.cmake
-- Up-to-date: /root/openpifpaf_ros2/install/openpifpaf_ros2_msgs/share/openpifpaf_ros2_msgs/cmake/openpifpaf_ros2_msgs__rosidl_typesupport_introspection_cExport.cmake
-- Installing: /root/openpifpaf_ros2/install/openpifpaf_ros2_msgs/share/openpifpaf_ros2_msgs/cmake/openpifpaf_ros2_msgs__rosidl_typesupport_introspection_cExport-noconfig.cmake
-- Up-to-date: /root/openpifpaf_ros2/install/openpifpaf_ros2_msgs/share/openpifpaf_ros2_msgs/cmake/openpifpaf_ros2_msgs__rosidl_typesupport_cExport.cmake
-- Installing: /root/openpifpaf_ros2/install/openpifpaf_ros2_msgs/share/openpifpaf_ros2_msgs/cmake/openpifpaf_ros2_msgs__rosidl_typesupport_cExport-noconfig.cmake
-- Up-to-date: /root/openpifpaf_ros2/install/openpifpaf_ros2_msgs/share/openpifpaf_ros2_msgs/cmake/openpifpaf_ros2_msgs__rosidl_generator_cppExport.cmake
-- Up-to-date: /root/openpifpaf_ros2/install/openpifpaf_ros2_msgs/share/openpifpaf_ros2_msgs/cmake/openpifpaf_ros2_msgs__rosidl_typesupport_introspection_cppExport.cmake
-- Installing: /root/openpifpaf_ros2/install/openpifpaf_ros2_msgs/share/openpifpaf_ros2_msgs/cmake/openpifpaf_ros2_msgs__rosidl_typesupport_introspection_cppExport-noconfig.cmake
-- Up-to-date: /root/openpifpaf_ros2/install/openpifpaf_ros2_msgs/share/openpifpaf_ros2_msgs/cmake/openpifpaf_ros2_msgs__rosidl_typesupport_cppExport.cmake
-- Installing: /root/openpifpaf_ros2/install/openpifpaf_ros2_msgs/share/openpifpaf_ros2_msgs/cmake/openpifpaf_ros2_msgs__rosidl_typesupport_cppExport-noconfig.cmake
-- Up-to-date: /root/openpifpaf_ros2/install/openpifpaf_ros2_msgs/share/openpifpaf_ros2_msgs/cmake/rosidl_cmake-extras.cmake
-- Up-to-date: /root/openpifpaf_ros2/install/openpifpaf_ros2_msgs/share/openpifpaf_ros2_msgs/cmake/ament_cmake_export_dependencies-extras.cmake
-- Up-to-date: /root/openpifpaf_ros2/install/openpifpaf_ros2_msgs/share/openpifpaf_ros2_msgs/cmake/ament_cmake_export_libraries-extras.cmake
-- Up-to-date: /root/openpifpaf_ros2/install/openpifpaf_ros2_msgs/share/openpifpaf_ros2_msgs/cmake/ament_cmake_export_targets-extras.cmake
-- Up-to-date: /root/openpifpaf_ros2/install/openpifpaf_ros2_msgs/share/openpifpaf_ros2_msgs/cmake/ament_cmake_export_include_directories-extras.cmake
-- Up-to-date: /root/openpifpaf_ros2/install/openpifpaf_ros2_msgs/share/openpifpaf_ros2_msgs/cmake/rosidl_cmake_export_typesupport_libraries-extras.cmake
-- Up-to-date: /root/openpifpaf_ros2/install/openpifpaf_ros2_msgs/share/openpifpaf_ros2_msgs/cmake/rosidl_cmake_export_typesupport_targets-extras.cmake
-- Up-to-date: /root/openpifpaf_ros2/install/openpifpaf_ros2_msgs/share/openpifpaf_ros2_msgs/cmake/openpifpaf_ros2_msgsConfig.cmake
-- Up-to-date: /root/openpifpaf_ros2/install/openpifpaf_ros2_msgs/share/openpifpaf_ros2_msgs/cmake/openpifpaf_ros2_msgsConfig-version.cmake
-- Installing: /root/openpifpaf_ros2/install/openpifpaf_ros2_msgs/share/openpifpaf_ros2_msgs/package.xml
