[0.169s] Invoking command in '/root/openpifpaf_ros2/build/realsense2_description': CMAKE_PREFIX_PATH=/root/openpifpaf_ros2/install/realsense2_camera_msgs:/root/openpifpaf_ros2/install/realsense2_description:/root/openpifpaf_ros2/install/realsense2_camera:/root/openpifpaf_ros2/install/openpifpaf_ros2_msgs:/root/openpifpaf_ros2/install/rgbd_openpifpaf_ros2:/root/openpifpaf_ros2/install/pose_checker:/root/openpifpaf_ros2/install/openpifpaf_ros2_node:/opt/ros/foxy LD_LIBRARY_PATH=/root/openpifpaf_ros2/install/realsense2_camera_msgs/lib:/root/openpifpaf_ros2/install/realsense2_camera/lib:/root/openpifpaf_ros2/install/openpifpaf_ros2_msgs/lib:/usr/lib/x86_64-linux-gnu/gazebo-11/plugins:/opt/ros/foxy/opt/yaml_cpp_vendor/lib:/opt/ros/foxy/opt/rviz_ogre_vendor/lib:/opt/ros/foxy/lib/x86_64-linux-gnu:/opt/ros/foxy/lib:/usr/local/11.3.0/lib64:/usr/local/nvidia/lib:/usr/local/nvidia/lib64 PYTHONPATH=/root/openpifpaf_ros2/install/realsense2_camera_msgs/lib/python3.8/site-packages:/root/openpifpaf_ros2/install/rgbd_openpifpaf_ros2/lib/python3.8/site-packages:/root/openpifpaf_ros2/install/pose_checker/lib/python3.8/site-packages:/root/openpifpaf_ros2/install/openpifpaf_ros2_node/lib/python3.8/site-packages:/root/openpifpaf_ros2/install/openpifpaf_ros2_msgs/lib/python3.8/site-packages:/opt/ros/foxy/lib/python3.8/site-packages _=/usr/bin/env /usr/bin/cmake --build /root/openpifpaf_ros2/build/realsense2_description -- -j12 -l12
[0.457s] Invoked command in '/root/openpifpaf_ros2/build/realsense2_description' returned '0': CMAKE_PREFIX_PATH=/root/openpifpaf_ros2/install/realsense2_camera_msgs:/root/openpifpaf_ros2/install/realsense2_description:/root/openpifpaf_ros2/install/realsense2_camera:/root/openpifpaf_ros2/install/openpifpaf_ros2_msgs:/root/openpifpaf_ros2/install/rgbd_openpifpaf_ros2:/root/openpifpaf_ros2/install/pose_checker:/root/openpifpaf_ros2/install/openpifpaf_ros2_node:/opt/ros/foxy LD_LIBRARY_PATH=/root/openpifpaf_ros2/install/realsense2_camera_msgs/lib:/root/openpifpaf_ros2/install/realsense2_camera/lib:/root/openpifpaf_ros2/install/openpifpaf_ros2_msgs/lib:/usr/lib/x86_64-linux-gnu/gazebo-11/plugins:/opt/ros/foxy/opt/yaml_cpp_vendor/lib:/opt/ros/foxy/opt/rviz_ogre_vendor/lib:/opt/ros/foxy/lib/x86_64-linux-gnu:/opt/ros/foxy/lib:/usr/local/11.3.0/lib64:/usr/local/nvidia/lib:/usr/local/nvidia/lib64 PYTHONPATH=/root/openpifpaf_ros2/install/realsense2_camera_msgs/lib/python3.8/site-packages:/root/openpifpaf_ros2/install/rgbd_openpifpaf_ros2/lib/python3.8/site-packages:/root/openpifpaf_ros2/install/pose_checker/lib/python3.8/site-packages:/root/openpifpaf_ros2/install/openpifpaf_ros2_node/lib/python3.8/site-packages:/root/openpifpaf_ros2/install/openpifpaf_ros2_msgs/lib/python3.8/site-packages:/opt/ros/foxy/lib/python3.8/site-packages _=/usr/bin/env /usr/bin/cmake --build /root/openpifpaf_ros2/build/realsense2_description -- -j12 -l12
[0.722s] Invoking command in '/root/openpifpaf_ros2/build/realsense2_description': CMAKE_PREFIX_PATH=/root/openpifpaf_ros2/install/realsense2_camera_msgs:/root/openpifpaf_ros2/install/realsense2_description:/root/openpifpaf_ros2/install/realsense2_camera:/root/openpifpaf_ros2/install/openpifpaf_ros2_msgs:/root/openpifpaf_ros2/install/rgbd_openpifpaf_ros2:/root/openpifpaf_ros2/install/pose_checker:/root/openpifpaf_ros2/install/openpifpaf_ros2_node:/opt/ros/foxy LD_LIBRARY_PATH=/root/openpifpaf_ros2/install/realsense2_camera_msgs/lib:/root/openpifpaf_ros2/install/realsense2_camera/lib:/root/openpifpaf_ros2/install/openpifpaf_ros2_msgs/lib:/usr/lib/x86_64-linux-gnu/gazebo-11/plugins:/opt/ros/foxy/opt/yaml_cpp_vendor/lib:/opt/ros/foxy/opt/rviz_ogre_vendor/lib:/opt/ros/foxy/lib/x86_64-linux-gnu:/opt/ros/foxy/lib:/usr/local/11.3.0/lib64:/usr/local/nvidia/lib:/usr/local/nvidia/lib64 PYTHONPATH=/root/openpifpaf_ros2/install/realsense2_camera_msgs/lib/python3.8/site-packages:/root/openpifpaf_ros2/install/rgbd_openpifpaf_ros2/lib/python3.8/site-packages:/root/openpifpaf_ros2/install/pose_checker/lib/python3.8/site-packages:/root/openpifpaf_ros2/install/openpifpaf_ros2_node/lib/python3.8/site-packages:/root/openpifpaf_ros2/install/openpifpaf_ros2_msgs/lib/python3.8/site-packages:/opt/ros/foxy/lib/python3.8/site-packages _=/usr/bin/env /usr/bin/cmake --install /root/openpifpaf_ros2/build/realsense2_description
[0.773s] -- Install configuration: ""
[0.775s] -- Up-to-date: /root/openpifpaf_ros2/install/realsense2_description/share/realsense2_description/launch
[0.777s] -- Up-to-date: /root/openpifpaf_ros2/install/realsense2_description/share/realsense2_description/launch/view_model.launch.py
[0.777s] -- Up-to-date: /root/openpifpaf_ros2/install/realsense2_description/share/realsense2_description/launch/launch_utils.py
[0.778s] -- Up-to-date: /root/openpifpaf_ros2/install/realsense2_description/share/realsense2_description/meshes
[0.780s] -- Up-to-date: /root/openpifpaf_ros2/install/realsense2_description/share/realsense2_description/meshes/d455.stl
[0.781s] -- Up-to-date: /root/openpifpaf_ros2/install/realsense2_description/share/realsense2_description/meshes/plug.stl
[0.782s] -- Up-to-date: /root/openpifpaf_ros2/install/realsense2_description/share/realsense2_description/meshes/d435.dae
[0.783s] -- Up-to-date: /root/openpifpaf_ros2/install/realsense2_description/share/realsense2_description/meshes/plug_collision.stl
[0.784s] -- Up-to-date: /root/openpifpaf_ros2/install/realsense2_description/share/realsense2_description/meshes/d415.stl
[0.785s] -- Up-to-date: /root/openpifpaf_ros2/install/realsense2_description/share/realsense2_description/meshes/l515.dae
[0.786s] -- Up-to-date: /root/openpifpaf_ros2/install/realsense2_description/share/realsense2_description/rviz
[0.787s] -- Up-to-date: /root/openpifpaf_ros2/install/realsense2_description/share/realsense2_description/rviz/urdf.rviz
[0.787s] -- Up-to-date: /root/openpifpaf_ros2/install/realsense2_description/share/realsense2_description/urdf
[0.788s] -- Up-to-date: /root/openpifpaf_ros2/install/realsense2_description/share/realsense2_description/urdf/_d455.urdf.xacro
[0.789s] -- Up-to-date: /root/openpifpaf_ros2/install/realsense2_description/share/realsense2_description/urdf/test_d415_camera.urdf.xacro
[0.797s] -- Up-to-date: /root/openpifpaf_ros2/install/realsense2_description/share/realsense2_description/urdf/_d435i.urdf.xacro
[0.798s] -- Up-to-date: /root/openpifpaf_ros2/install/realsense2_description/share/realsense2_description/urdf/_d435i_imu_modules.urdf.xacro
[0.800s] -- Up-to-date: /root/openpifpaf_ros2/install/realsense2_description/share/realsense2_description/urdf/test_r430_camera.urdf.xacro
[0.801s] -- Up-to-date: /root/openpifpaf_ros2/install/realsense2_description/share/realsense2_description/urdf/_materials.urdf.xacro
[0.802s] -- Up-to-date: /root/openpifpaf_ros2/install/realsense2_description/share/realsense2_description/urdf/_r410.urdf.xacro
[0.803s] -- Up-to-date: /root/openpifpaf_ros2/install/realsense2_description/share/realsense2_description/urdf/test_r410_camera.urdf.xacro
[0.804s] -- Up-to-date: /root/openpifpaf_ros2/install/realsense2_description/share/realsense2_description/urdf/test_l515_camera.urdf.xacro
[0.805s] -- Up-to-date: /root/openpifpaf_ros2/install/realsense2_description/share/realsense2_description/urdf/_r430.urdf.xacro
[0.806s] -- Up-to-date: /root/openpifpaf_ros2/install/realsense2_description/share/realsense2_description/urdf/test_d435i_camera.urdf.xacro
[0.809s] -- Up-to-date: /root/openpifpaf_ros2/install/realsense2_description/share/realsense2_description/urdf/test_d435_camera.urdf.xacro
[0.812s] -- Up-to-date: /root/openpifpaf_ros2/install/realsense2_description/share/realsense2_description/urdf/_d415.urdf.xacro
[0.813s] -- Up-to-date: /root/openpifpaf_ros2/install/realsense2_description/share/realsense2_description/urdf/_l515.urdf.xacro
[0.815s] -- Up-to-date: /root/openpifpaf_ros2/install/realsense2_description/share/realsense2_description/urdf/_usb_plug.urdf.xacro
[0.823s] -- Up-to-date: /root/openpifpaf_ros2/install/realsense2_description/share/realsense2_description/urdf/test_d435_multiple_cameras.urdf.xacro
[0.824s] -- Up-to-date: /root/openpifpaf_ros2/install/realsense2_description/share/realsense2_description/urdf/_d435.urdf.xacro
[0.830s] -- Up-to-date: /root/openpifpaf_ros2/install/realsense2_description/share/realsense2_description/urdf/test_d455_camera.urdf.xacro
[0.834s] -- Up-to-date: /root/openpifpaf_ros2/install/realsense2_description/share/ament_index/resource_index/package_run_dependencies/realsense2_description
[0.836s] -- Up-to-date: /root/openpifpaf_ros2/install/realsense2_description/share/ament_index/resource_index/parent_prefix_path/realsense2_description
[0.838s] -- Up-to-date: /root/openpifpaf_ros2/install/realsense2_description/share/realsense2_description/environment/ament_prefix_path.sh
[0.841s] -- Up-to-date: /root/openpifpaf_ros2/install/realsense2_description/share/realsense2_description/environment/ament_prefix_path.dsv
[0.843s] -- Up-to-date: /root/openpifpaf_ros2/install/realsense2_description/share/realsense2_description/environment/path.sh
[0.846s] -- Up-to-date: /root/openpifpaf_ros2/install/realsense2_description/share/realsense2_description/environment/path.dsv
[0.847s] -- Up-to-date: /root/openpifpaf_ros2/install/realsense2_description/share/realsense2_description/local_setup.bash
[0.848s] -- Up-to-date: /root/openpifpaf_ros2/install/realsense2_description/share/realsense2_description/local_setup.sh
[0.857s] -- Up-to-date: /root/openpifpaf_ros2/install/realsense2_description/share/realsense2_description/local_setup.zsh
[0.863s] -- Up-to-date: /root/openpifpaf_ros2/install/realsense2_description/share/realsense2_description/local_setup.dsv
[0.864s] -- Installing: /root/openpifpaf_ros2/install/realsense2_description/share/realsense2_description/package.dsv
[0.865s] -- Up-to-date: /root/openpifpaf_ros2/install/realsense2_description/share/ament_index/resource_index/packages/realsense2_description
[0.866s] -- Up-to-date: /root/openpifpaf_ros2/install/realsense2_description/share/realsense2_description/cmake/realsense2_descriptionConfig.cmake
[0.867s] -- Up-to-date: /root/openpifpaf_ros2/install/realsense2_description/share/realsense2_description/cmake/realsense2_descriptionConfig-version.cmake
[0.868s] -- Up-to-date: /root/openpifpaf_ros2/install/realsense2_description/share/realsense2_description/package.xml
[1.125s] Invoked command in '/root/openpifpaf_ros2/build/realsense2_description' returned '0': CMAKE_PREFIX_PATH=/root/openpifpaf_ros2/install/realsense2_camera_msgs:/root/openpifpaf_ros2/install/realsense2_description:/root/openpifpaf_ros2/install/realsense2_camera:/root/openpifpaf_ros2/install/openpifpaf_ros2_msgs:/root/openpifpaf_ros2/install/rgbd_openpifpaf_ros2:/root/openpifpaf_ros2/install/pose_checker:/root/openpifpaf_ros2/install/openpifpaf_ros2_node:/opt/ros/foxy LD_LIBRARY_PATH=/root/openpifpaf_ros2/install/realsense2_camera_msgs/lib:/root/openpifpaf_ros2/install/realsense2_camera/lib:/root/openpifpaf_ros2/install/openpifpaf_ros2_msgs/lib:/usr/lib/x86_64-linux-gnu/gazebo-11/plugins:/opt/ros/foxy/opt/yaml_cpp_vendor/lib:/opt/ros/foxy/opt/rviz_ogre_vendor/lib:/opt/ros/foxy/lib/x86_64-linux-gnu:/opt/ros/foxy/lib:/usr/local/11.3.0/lib64:/usr/local/nvidia/lib:/usr/local/nvidia/lib64 PYTHONPATH=/root/openpifpaf_ros2/install/realsense2_camera_msgs/lib/python3.8/site-packages:/root/openpifpaf_ros2/install/rgbd_openpifpaf_ros2/lib/python3.8/site-packages:/root/openpifpaf_ros2/install/pose_checker/lib/python3.8/site-packages:/root/openpifpaf_ros2/install/openpifpaf_ros2_node/lib/python3.8/site-packages:/root/openpifpaf_ros2/install/openpifpaf_ros2_msgs/lib/python3.8/site-packages:/opt/ros/foxy/lib/python3.8/site-packages _=/usr/bin/env /usr/bin/cmake --install /root/openpifpaf_ros2/build/realsense2_description
