running egg_info
writing ../../build/pose_checker/pose_checker.egg-info/PKG-INFO
writing dependency_links to ../../build/pose_checker/pose_checker.egg-info/dependency_links.txt
writing entry points to ../../build/pose_checker/pose_checker.egg-info/entry_points.txt
writing requirements to ../../build/pose_checker/pose_checker.egg-info/requires.txt
writing top-level names to ../../build/pose_checker/pose_checker.egg-info/top_level.txt
reading manifest file '../../build/pose_checker/pose_checker.egg-info/SOURCES.txt'
writing manifest file '../../build/pose_checker/pose_checker.egg-info/SOURCES.txt'
running build
running build_py
copying pose_checker/pose_checker.py -> /root/openpifpaf_ros2/build/pose_checker/build/lib/pose_checker
running install
running install_lib
copying /root/openpifpaf_ros2/build/pose_checker/build/lib/pose_checker/pose_checker.py -> /root/openpifpaf_ros2/install/pose_checker/lib/python3.8/site-packages/pose_checker
byte-compiling /root/openpifpaf_ros2/install/pose_checker/lib/python3.8/site-packages/pose_checker/pose_checker.py to pose_checker.cpython-38.pyc
Sorry: TabError: inconsistent use of tabs and spaces in indentation (pose_checker.py, line 110)
running install_data
running install_egg_info
removing '/root/openpifpaf_ros2/install/pose_checker/lib/python3.8/site-packages/pose_checker-0.0.0-py3.8.egg-info' (and everything under it)
Copying ../../build/pose_checker/pose_checker.egg-info to /root/openpifpaf_ros2/install/pose_checker/lib/python3.8/site-packages/pose_checker-0.0.0-py3.8.egg-info
running install_scripts
Installing pose_checker script to /root/openpifpaf_ros2/install/pose_checker/lib/pose_checker
writing list of installed files to '/root/openpifpaf_ros2/build/pose_checker/install.log'
