[0.952s] Invoking command in '/root/openpifpaf_ros2/src/openpifpaf_ros2_node': AMENT_PREFIX_PATH=/root/openpifpaf_ros2/install/openpifpaf_ros2_msgs:${AMENT_PREFIX_PATH} CMAKE_PREFIX_PATH=/root/openpifpaf_ros2/install/openpifpaf_ros2_msgs LD_LIBRARY_PATH=/root/openpifpaf_ros2/install/openpifpaf_ros2_msgs/lib:${LD_LIBRARY_PATH} PYTHONPATH=/root/openpifpaf_ros2/install/openpifpaf_ros2_node/lib/python3.8/site-packages:/root/openpifpaf_ros2/install/openpifpaf_ros2_msgs/lib/python3.8/site-packages:${PYTHONPATH} _=/usr/bin/env /usr/bin/python3 setup.py egg_info --egg-base ../../build/openpifpaf_ros2_node build --build-base /root/openpifpaf_ros2/build/openpifpaf_ros2_node/build install --prefix /root/openpifpaf_ros2/install/openpifpaf_ros2_node --record /root/openpifpaf_ros2/build/openpifpaf_ros2_node/install.log --single-version-externally-managed
[1.173s] running egg_info
[1.174s] creating ../../build/openpifpaf_ros2_node/openpifpaf_ros2_node.egg-info
[1.174s] writing ../../build/openpifpaf_ros2_node/openpifpaf_ros2_node.egg-info/PKG-INFO
[1.175s] writing dependency_links to ../../build/openpifpaf_ros2_node/openpifpaf_ros2_node.egg-info/dependency_links.txt
[1.175s] writing entry points to ../../build/openpifpaf_ros2_node/openpifpaf_ros2_node.egg-info/entry_points.txt
[1.175s] writing requirements to ../../build/openpifpaf_ros2_node/openpifpaf_ros2_node.egg-info/requires.txt
[1.175s] writing top-level names to ../../build/openpifpaf_ros2_node/openpifpaf_ros2_node.egg-info/top_level.txt
[1.177s] writing manifest file '../../build/openpifpaf_ros2_node/openpifpaf_ros2_node.egg-info/SOURCES.txt'
[1.210s] reading manifest file '../../build/openpifpaf_ros2_node/openpifpaf_ros2_node.egg-info/SOURCES.txt'
[1.210s] writing manifest file '../../build/openpifpaf_ros2_node/openpifpaf_ros2_node.egg-info/SOURCES.txt'
[1.211s] running build
[1.211s] running build_py
[1.211s] creating /root/openpifpaf_ros2/build/openpifpaf_ros2_node/build
[1.211s] creating /root/openpifpaf_ros2/build/openpifpaf_ros2_node/build/lib
[1.211s] creating /root/openpifpaf_ros2/build/openpifpaf_ros2_node/build/lib/openpifpaf_ros2_node
[1.211s] copying openpifpaf_ros2_node/openpifpaf_ros2_node.py -> /root/openpifpaf_ros2/build/openpifpaf_ros2_node/build/lib/openpifpaf_ros2_node
[1.211s] copying openpifpaf_ros2_node/__init__.py -> /root/openpifpaf_ros2/build/openpifpaf_ros2_node/build/lib/openpifpaf_ros2_node
[1.211s] running install
[1.212s] running install_lib
[1.213s] creating /root/openpifpaf_ros2/install/openpifpaf_ros2_node/lib/python3.8/site-packages/openpifpaf_ros2_node
[1.213s] copying /root/openpifpaf_ros2/build/openpifpaf_ros2_node/build/lib/openpifpaf_ros2_node/openpifpaf_ros2_node.py -> /root/openpifpaf_ros2/install/openpifpaf_ros2_node/lib/python3.8/site-packages/openpifpaf_ros2_node
[1.214s] copying /root/openpifpaf_ros2/build/openpifpaf_ros2_node/build/lib/openpifpaf_ros2_node/__init__.py -> /root/openpifpaf_ros2/install/openpifpaf_ros2_node/lib/python3.8/site-packages/openpifpaf_ros2_node
[1.215s] byte-compiling /root/openpifpaf_ros2/install/openpifpaf_ros2_node/lib/python3.8/site-packages/openpifpaf_ros2_node/openpifpaf_ros2_node.py to openpifpaf_ros2_node.cpython-38.pyc
[1.217s] byte-compiling /root/openpifpaf_ros2/install/openpifpaf_ros2_node/lib/python3.8/site-packages/openpifpaf_ros2_node/__init__.py to __init__.cpython-38.pyc
[1.217s] running install_data
[1.218s] creating /root/openpifpaf_ros2/install/openpifpaf_ros2_node/share/ament_index
[1.218s] creating /root/openpifpaf_ros2/install/openpifpaf_ros2_node/share/ament_index/resource_index
[1.218s] creating /root/openpifpaf_ros2/install/openpifpaf_ros2_node/share/ament_index/resource_index/packages
[1.218s] copying resource/openpifpaf_ros2_node -> /root/openpifpaf_ros2/install/openpifpaf_ros2_node/share/ament_index/resource_index/packages
[1.218s] copying package.xml -> /root/openpifpaf_ros2/install/openpifpaf_ros2_node/share/openpifpaf_ros2_node
[1.218s] running install_egg_info
[1.220s] Copying ../../build/openpifpaf_ros2_node/openpifpaf_ros2_node.egg-info to /root/openpifpaf_ros2/install/openpifpaf_ros2_node/lib/python3.8/site-packages/openpifpaf_ros2_node-0.0.0-py3.8.egg-info
[1.222s] running install_scripts
[1.241s] Installing openpifpaf_ros2_node script to /root/openpifpaf_ros2/install/openpifpaf_ros2_node/lib/openpifpaf_ros2_node
[1.241s] writing list of installed files to '/root/openpifpaf_ros2/build/openpifpaf_ros2_node/install.log'
[1.276s] Invoked command in '/root/openpifpaf_ros2/src/openpifpaf_ros2_node' returned '0': AMENT_PREFIX_PATH=/root/openpifpaf_ros2/install/openpifpaf_ros2_msgs:${AMENT_PREFIX_PATH} CMAKE_PREFIX_PATH=/root/openpifpaf_ros2/install/openpifpaf_ros2_msgs LD_LIBRARY_PATH=/root/openpifpaf_ros2/install/openpifpaf_ros2_msgs/lib:${LD_LIBRARY_PATH} PYTHONPATH=/root/openpifpaf_ros2/install/openpifpaf_ros2_node/lib/python3.8/site-packages:/root/openpifpaf_ros2/install/openpifpaf_ros2_msgs/lib/python3.8/site-packages:${PYTHONPATH} _=/usr/bin/env /usr/bin/python3 setup.py egg_info --egg-base ../../build/openpifpaf_ros2_node build --build-base /root/openpifpaf_ros2/build/openpifpaf_ros2_node/build install --prefix /root/openpifpaf_ros2/install/openpifpaf_ros2_node --record /root/openpifpaf_ros2/build/openpifpaf_ros2_node/install.log --single-version-externally-managed
