[0.124s] Invoking command in '/root/openpifpaf_ros2/build/realsense2_camera': CMAKE_PREFIX_PATH=/root/openpifpaf_ros2/install/realsense2_camera_msgs:/root/openpifpaf_ros2/install/realsense2_description:/root/openpifpaf_ros2/install/realsense2_camera:/root/openpifpaf_ros2/install/openpifpaf_ros2_msgs:/root/openpifpaf_ros2/install/rgbd_openpifpaf_ros2:/root/openpifpaf_ros2/install/pose_checker:/root/openpifpaf_ros2/install/openpifpaf_ros2_node:/opt/ros/foxy LD_LIBRARY_PATH=/root/openpifpaf_ros2/install/realsense2_camera_msgs/lib:/root/openpifpaf_ros2/install/realsense2_camera/lib:/root/openpifpaf_ros2/install/openpifpaf_ros2_msgs/lib:/usr/lib/x86_64-linux-gnu/gazebo-11/plugins:/opt/ros/foxy/opt/yaml_cpp_vendor/lib:/opt/ros/foxy/opt/rviz_ogre_vendor/lib:/opt/ros/foxy/lib/x86_64-linux-gnu:/opt/ros/foxy/lib:/usr/local/11.3.0/lib64:/usr/local/nvidia/lib:/usr/local/nvidia/lib64 PYTHONPATH=/root/openpifpaf_ros2/install/realsense2_camera_msgs/lib/python3.8/site-packages:/root/openpifpaf_ros2/install/rgbd_openpifpaf_ros2/lib/python3.8/site-packages:/root/openpifpaf_ros2/install/pose_checker/lib/python3.8/site-packages:/root/openpifpaf_ros2/install/openpifpaf_ros2_node/lib/python3.8/site-packages:/root/openpifpaf_ros2/install/openpifpaf_ros2_msgs/lib/python3.8/site-packages:/opt/ros/foxy/lib/python3.8/site-packages _=/usr/bin/env /usr/bin/cmake --build /root/openpifpaf_ros2/build/realsense2_camera -- -j12 -l12
[0.504s] [ 25%] Built target realsense2_camera_node
[0.569s] [100%] Built target realsense2_camera
[1.557s] Invoked command in '/root/openpifpaf_ros2/build/realsense2_camera' returned '0': CMAKE_PREFIX_PATH=/root/openpifpaf_ros2/install/realsense2_camera_msgs:/root/openpifpaf_ros2/install/realsense2_description:/root/openpifpaf_ros2/install/realsense2_camera:/root/openpifpaf_ros2/install/openpifpaf_ros2_msgs:/root/openpifpaf_ros2/install/rgbd_openpifpaf_ros2:/root/openpifpaf_ros2/install/pose_checker:/root/openpifpaf_ros2/install/openpifpaf_ros2_node:/opt/ros/foxy LD_LIBRARY_PATH=/root/openpifpaf_ros2/install/realsense2_camera_msgs/lib:/root/openpifpaf_ros2/install/realsense2_camera/lib:/root/openpifpaf_ros2/install/openpifpaf_ros2_msgs/lib:/usr/lib/x86_64-linux-gnu/gazebo-11/plugins:/opt/ros/foxy/opt/yaml_cpp_vendor/lib:/opt/ros/foxy/opt/rviz_ogre_vendor/lib:/opt/ros/foxy/lib/x86_64-linux-gnu:/opt/ros/foxy/lib:/usr/local/11.3.0/lib64:/usr/local/nvidia/lib:/usr/local/nvidia/lib64 PYTHONPATH=/root/openpifpaf_ros2/install/realsense2_camera_msgs/lib/python3.8/site-packages:/root/openpifpaf_ros2/install/rgbd_openpifpaf_ros2/lib/python3.8/site-packages:/root/openpifpaf_ros2/install/pose_checker/lib/python3.8/site-packages:/root/openpifpaf_ros2/install/openpifpaf_ros2_node/lib/python3.8/site-packages:/root/openpifpaf_ros2/install/openpifpaf_ros2_msgs/lib/python3.8/site-packages:/opt/ros/foxy/lib/python3.8/site-packages _=/usr/bin/env /usr/bin/cmake --build /root/openpifpaf_ros2/build/realsense2_camera -- -j12 -l12
[3.116s] Invoking command in '/root/openpifpaf_ros2/build/realsense2_camera': CMAKE_PREFIX_PATH=/root/openpifpaf_ros2/install/realsense2_camera_msgs:/root/openpifpaf_ros2/install/realsense2_description:/root/openpifpaf_ros2/install/realsense2_camera:/root/openpifpaf_ros2/install/openpifpaf_ros2_msgs:/root/openpifpaf_ros2/install/rgbd_openpifpaf_ros2:/root/openpifpaf_ros2/install/pose_checker:/root/openpifpaf_ros2/install/openpifpaf_ros2_node:/opt/ros/foxy LD_LIBRARY_PATH=/root/openpifpaf_ros2/install/realsense2_camera_msgs/lib:/root/openpifpaf_ros2/install/realsense2_camera/lib:/root/openpifpaf_ros2/install/openpifpaf_ros2_msgs/lib:/usr/lib/x86_64-linux-gnu/gazebo-11/plugins:/opt/ros/foxy/opt/yaml_cpp_vendor/lib:/opt/ros/foxy/opt/rviz_ogre_vendor/lib:/opt/ros/foxy/lib/x86_64-linux-gnu:/opt/ros/foxy/lib:/usr/local/11.3.0/lib64:/usr/local/nvidia/lib:/usr/local/nvidia/lib64 PYTHONPATH=/root/openpifpaf_ros2/install/realsense2_camera_msgs/lib/python3.8/site-packages:/root/openpifpaf_ros2/install/rgbd_openpifpaf_ros2/lib/python3.8/site-packages:/root/openpifpaf_ros2/install/pose_checker/lib/python3.8/site-packages:/root/openpifpaf_ros2/install/openpifpaf_ros2_node/lib/python3.8/site-packages:/root/openpifpaf_ros2/install/openpifpaf_ros2_msgs/lib/python3.8/site-packages:/opt/ros/foxy/lib/python3.8/site-packages _=/usr/bin/env /usr/bin/cmake --install /root/openpifpaf_ros2/build/realsense2_camera
[3.172s] -- Install configuration: "Release"
[3.173s] -- Up-to-date: /root/openpifpaf_ros2/install/realsense2_camera/lib/realsense2_camera/realsense2_camera_node
[3.174s] -- Up-to-date: /root/openpifpaf_ros2/install/realsense2_camera/lib/librealsense2_camera.so
[3.176s] -- Up-to-date: /root/openpifpaf_ros2/install/realsense2_camera/include
[3.177s] -- Up-to-date: /root/openpifpaf_ros2/install/realsense2_camera/include/dynamic_params.h
[3.180s] -- Up-to-date: /root/openpifpaf_ros2/install/realsense2_camera/include/realsense_node_factory.h
[3.181s] -- Up-to-date: /root/openpifpaf_ros2/install/realsense2_camera/include/t265_realsense_node.h
[3.182s] -- Up-to-date: /root/openpifpaf_ros2/install/realsense2_camera/include/constants.h
[3.182s] -- Up-to-date: /root/openpifpaf_ros2/install/realsense2_camera/include/ros_param_backend.h
[3.184s] -- Up-to-date: /root/openpifpaf_ros2/install/realsense2_camera/include/base_realsense_node.h
[3.184s] -- Up-to-date: /root/openpifpaf_ros2/install/realsense2_camera/share/realsense2_camera/launch
[3.185s] -- Up-to-date: /root/openpifpaf_ros2/install/realsense2_camera/share/realsense2_camera/launch/demo_t265_launch.py
[3.186s] -- Up-to-date: /root/openpifpaf_ros2/install/realsense2_camera/share/realsense2_camera/launch/default.rviz
[3.187s] -- Up-to-date: /root/openpifpaf_ros2/install/realsense2_camera/share/realsense2_camera/launch/rs_launch.py
[3.189s] -- Up-to-date: /root/openpifpaf_ros2/install/realsense2_camera/share/realsense2_camera/launch/rs_d400_and_t265_launch.py
[3.189s] -- Up-to-date: /root/openpifpaf_ros2/install/realsense2_camera/share/realsense2_camera/launch/rs_t265_launch.py
[3.191s] -- Up-to-date: /root/openpifpaf_ros2/install/realsense2_camera/share/realsense2_camera/launch/demo_pointcloud_launch.py
[3.192s] -- Up-to-date: /root/openpifpaf_ros2/install/realsense2_camera/share/realsense2_camera/launch/rs_multi_camera_launch.py
[3.193s] -- Up-to-date: /root/openpifpaf_ros2/install/realsense2_camera/share/realsense2_camera/config
[3.194s] -- Up-to-date: /root/openpifpaf_ros2/install/realsense2_camera/share/realsense2_camera/config/d435i.yaml
[3.198s] -- Up-to-date: /root/openpifpaf_ros2/install/realsense2_camera/share/realsense2_camera/rviz
[3.200s] -- Up-to-date: /root/openpifpaf_ros2/install/realsense2_camera/share/realsense2_camera/rviz/t265.rviz
[3.203s] -- Up-to-date: /root/openpifpaf_ros2/install/realsense2_camera/share/realsense2_camera/rviz/pointcloud.rviz
[3.224s] -- Up-to-date: /root/openpifpaf_ros2/install/realsense2_camera/share/realsense2_camera/environment/library_path.sh
[3.225s] -- Up-to-date: /root/openpifpaf_ros2/install/realsense2_camera/share/realsense2_camera/environment/library_path.dsv
[3.225s] -- Up-to-date: /root/openpifpaf_ros2/install/realsense2_camera/share/ament_index/resource_index/package_run_dependencies/realsense2_camera
[3.226s] -- Up-to-date: /root/openpifpaf_ros2/install/realsense2_camera/share/ament_index/resource_index/parent_prefix_path/realsense2_camera
[3.227s] -- Up-to-date: /root/openpifpaf_ros2/install/realsense2_camera/share/realsense2_camera/environment/ament_prefix_path.sh
[3.227s] -- Up-to-date: /root/openpifpaf_ros2/install/realsense2_camera/share/realsense2_camera/environment/ament_prefix_path.dsv
[3.228s] -- Up-to-date: /root/openpifpaf_ros2/install/realsense2_camera/share/realsense2_camera/environment/path.sh
[3.229s] -- Up-to-date: /root/openpifpaf_ros2/install/realsense2_camera/share/realsense2_camera/environment/path.dsv
[3.229s] -- Up-to-date: /root/openpifpaf_ros2/install/realsense2_camera/share/realsense2_camera/local_setup.bash
[3.230s] -- Up-to-date: /root/openpifpaf_ros2/install/realsense2_camera/share/realsense2_camera/local_setup.sh
[3.230s] -- Up-to-date: /root/openpifpaf_ros2/install/realsense2_camera/share/realsense2_camera/local_setup.zsh
[3.231s] -- Up-to-date: /root/openpifpaf_ros2/install/realsense2_camera/share/realsense2_camera/local_setup.dsv
[3.232s] -- Installing: /root/openpifpaf_ros2/install/realsense2_camera/share/realsense2_camera/package.dsv
[3.232s] -- Up-to-date: /root/openpifpaf_ros2/install/realsense2_camera/share/ament_index/resource_index/packages/realsense2_camera
[3.233s] -- Up-to-date: /root/openpifpaf_ros2/install/realsense2_camera/share/ament_index/resource_index/rclcpp_components/realsense2_camera
[3.234s] -- Up-to-date: /root/openpifpaf_ros2/install/realsense2_camera/share/realsense2_camera/cmake/ament_cmake_export_include_directories-extras.cmake
[3.234s] -- Up-to-date: /root/openpifpaf_ros2/install/realsense2_camera/share/realsense2_camera/cmake/ament_cmake_export_libraries-extras.cmake
[3.235s] -- Up-to-date: /root/openpifpaf_ros2/install/realsense2_camera/share/realsense2_camera/cmake/ament_cmake_export_dependencies-extras.cmake
[3.236s] -- Up-to-date: /root/openpifpaf_ros2/install/realsense2_camera/share/realsense2_camera/cmake/realsense2_cameraConfig.cmake
[3.236s] -- Up-to-date: /root/openpifpaf_ros2/install/realsense2_camera/share/realsense2_camera/cmake/realsense2_cameraConfig-version.cmake
[3.237s] -- Up-to-date: /root/openpifpaf_ros2/install/realsense2_camera/share/realsense2_camera/package.xml
[3.243s] Invoked command in '/root/openpifpaf_ros2/build/realsense2_camera' returned '0': CMAKE_PREFIX_PATH=/root/openpifpaf_ros2/install/realsense2_camera_msgs:/root/openpifpaf_ros2/install/realsense2_description:/root/openpifpaf_ros2/install/realsense2_camera:/root/openpifpaf_ros2/install/openpifpaf_ros2_msgs:/root/openpifpaf_ros2/install/rgbd_openpifpaf_ros2:/root/openpifpaf_ros2/install/pose_checker:/root/openpifpaf_ros2/install/openpifpaf_ros2_node:/opt/ros/foxy LD_LIBRARY_PATH=/root/openpifpaf_ros2/install/realsense2_camera_msgs/lib:/root/openpifpaf_ros2/install/realsense2_camera/lib:/root/openpifpaf_ros2/install/openpifpaf_ros2_msgs/lib:/usr/lib/x86_64-linux-gnu/gazebo-11/plugins:/opt/ros/foxy/opt/yaml_cpp_vendor/lib:/opt/ros/foxy/opt/rviz_ogre_vendor/lib:/opt/ros/foxy/lib/x86_64-linux-gnu:/opt/ros/foxy/lib:/usr/local/11.3.0/lib64:/usr/local/nvidia/lib:/usr/local/nvidia/lib64 PYTHONPATH=/root/openpifpaf_ros2/install/realsense2_camera_msgs/lib/python3.8/site-packages:/root/openpifpaf_ros2/install/rgbd_openpifpaf_ros2/lib/python3.8/site-packages:/root/openpifpaf_ros2/install/pose_checker/lib/python3.8/site-packages:/root/openpifpaf_ros2/install/openpifpaf_ros2_node/lib/python3.8/site-packages:/root/openpifpaf_ros2/install/openpifpaf_ros2_msgs/lib/python3.8/site-packages:/opt/ros/foxy/lib/python3.8/site-packages _=/usr/bin/env /usr/bin/cmake --install /root/openpifpaf_ros2/build/realsense2_camera
