[4.913s] Invoking command in '/root/openpifpaf_ros2/src/openpifpaf_ros2_node': CMAKE_PREFIX_PATH=/root/openpifpaf_ros2/install/openpifpaf_ros2_msgs:/root/openpifpaf_ros2/install/realsense2_description:/root/openpifpaf_ros2/install/realsense2_camera:/root/openpifpaf_ros2/install/realsense2_camera_msgs LD_LIBRARY_PATH=/root/openpifpaf_ros2/install/openpifpaf_ros2_msgs/lib:/root/openpifpaf_ros2/install/realsense2_camera/lib:/root/openpifpaf_ros2/install/realsense2_camera_msgs/lib:/usr/lib/x86_64-linux-gnu/gazebo-11/plugins:/opt/ros/foxy/opt/yaml_cpp_vendor/lib:/opt/ros/foxy/opt/rviz_ogre_vendor/lib:/opt/ros/foxy/lib/x86_64-linux-gnu:/opt/ros/foxy/lib:/usr/local/11.3.0/lib64:/usr/local/nvidia/lib:/usr/local/nvidia/lib64 PYTHONPATH=/root/openpifpaf_ros2/install/openpifpaf_ros2_node/lib/python3.8/site-packages:/root/openpifpaf_ros2/install/openpifpaf_ros2_msgs/lib/python3.8/site-packages:/root/openpifpaf_ros2/install/rgbd_openpifpaf_ros2/lib/python3.8/site-packages:/root/openpifpaf_ros2/install/realsense2_camera_msgs/lib/python3.8/site-packages:/root/openpifpaf_ros2/install/pose_checker/lib/python3.8/site-packages:/root/openpifpaf_ros2/install/openpifpaf_ros2_node/lib/python3.8/site-packages:/opt/ros/foxy/lib/python3.8/site-packages _=/usr/bin/env /usr/bin/python3 setup.py egg_info --egg-base ../../build/openpifpaf_ros2_node build --build-base /root/openpifpaf_ros2/build/openpifpaf_ros2_node/build install --prefix /root/openpifpaf_ros2/install/openpifpaf_ros2_node --record /root/openpifpaf_ros2/build/openpifpaf_ros2_node/install.log --single-version-externally-managed
[6.321s] running egg_info
[6.324s] writing ../../build/openpifpaf_ros2_node/openpifpaf_ros2_node.egg-info/PKG-INFO
[6.325s] writing dependency_links to ../../build/openpifpaf_ros2_node/openpifpaf_ros2_node.egg-info/dependency_links.txt
[6.326s] writing entry points to ../../build/openpifpaf_ros2_node/openpifpaf_ros2_node.egg-info/entry_points.txt
[6.327s] writing requirements to ../../build/openpifpaf_ros2_node/openpifpaf_ros2_node.egg-info/requires.txt
[6.327s] writing top-level names to ../../build/openpifpaf_ros2_node/openpifpaf_ros2_node.egg-info/top_level.txt
[6.509s] reading manifest file '../../build/openpifpaf_ros2_node/openpifpaf_ros2_node.egg-info/SOURCES.txt'
[6.515s] writing manifest file '../../build/openpifpaf_ros2_node/openpifpaf_ros2_node.egg-info/SOURCES.txt'
[6.516s] running build
[6.516s] running build_py
[6.517s] running install
[6.521s] running install_lib
[6.532s] running install_data
[6.534s] running install_egg_info
[6.543s] removing '/root/openpifpaf_ros2/install/openpifpaf_ros2_node/lib/python3.8/site-packages/openpifpaf_ros2_node-0.0.0-py3.8.egg-info' (and everything under it)
[6.545s] Copying ../../build/openpifpaf_ros2_node/openpifpaf_ros2_node.egg-info to /root/openpifpaf_ros2/install/openpifpaf_ros2_node/lib/python3.8/site-packages/openpifpaf_ros2_node-0.0.0-py3.8.egg-info
[6.553s] running install_scripts
[6.649s] Installing openpifpaf_ros2_node script to /root/openpifpaf_ros2/install/openpifpaf_ros2_node/lib/openpifpaf_ros2_node
[6.651s] writing list of installed files to '/root/openpifpaf_ros2/build/openpifpaf_ros2_node/install.log'
[6.756s] Invoked command in '/root/openpifpaf_ros2/src/openpifpaf_ros2_node' returned '0': CMAKE_PREFIX_PATH=/root/openpifpaf_ros2/install/openpifpaf_ros2_msgs:/root/openpifpaf_ros2/install/realsense2_description:/root/openpifpaf_ros2/install/realsense2_camera:/root/openpifpaf_ros2/install/realsense2_camera_msgs LD_LIBRARY_PATH=/root/openpifpaf_ros2/install/openpifpaf_ros2_msgs/lib:/root/openpifpaf_ros2/install/realsense2_camera/lib:/root/openpifpaf_ros2/install/realsense2_camera_msgs/lib:/usr/lib/x86_64-linux-gnu/gazebo-11/plugins:/opt/ros/foxy/opt/yaml_cpp_vendor/lib:/opt/ros/foxy/opt/rviz_ogre_vendor/lib:/opt/ros/foxy/lib/x86_64-linux-gnu:/opt/ros/foxy/lib:/usr/local/11.3.0/lib64:/usr/local/nvidia/lib:/usr/local/nvidia/lib64 PYTHONPATH=/root/openpifpaf_ros2/install/openpifpaf_ros2_node/lib/python3.8/site-packages:/root/openpifpaf_ros2/install/openpifpaf_ros2_msgs/lib/python3.8/site-packages:/root/openpifpaf_ros2/install/rgbd_openpifpaf_ros2/lib/python3.8/site-packages:/root/openpifpaf_ros2/install/realsense2_camera_msgs/lib/python3.8/site-packages:/root/openpifpaf_ros2/install/pose_checker/lib/python3.8/site-packages:/root/openpifpaf_ros2/install/openpifpaf_ros2_node/lib/python3.8/site-packages:/opt/ros/foxy/lib/python3.8/site-packages _=/usr/bin/env /usr/bin/python3 setup.py egg_info --egg-base ../../build/openpifpaf_ros2_node build --build-base /root/openpifpaf_ros2/build/openpifpaf_ros2_node/build install --prefix /root/openpifpaf_ros2/install/openpifpaf_ros2_node --record /root/openpifpaf_ros2/build/openpifpaf_ros2_node/install.log --single-version-externally-managed
