[3.579s] Invoking command in '/root/openpifpaf_ros2/src/pose_checker': PYTHONPATH=/root/openpifpaf_ros2/install/pose_checker/lib/python3.8/site-packages:${PYTHONPATH} _=/usr/bin/env /usr/bin/python3 setup.py egg_info --egg-base ../../build/pose_checker build --build-base /root/openpifpaf_ros2/build/pose_checker/build install --prefix /root/openpifpaf_ros2/install/pose_checker --record /root/openpifpaf_ros2/build/pose_checker/install.log --single-version-externally-managed
[5.118s] running egg_info
[5.122s] writing ../../build/pose_checker/pose_checker.egg-info/PKG-INFO
[5.123s] writing dependency_links to ../../build/pose_checker/pose_checker.egg-info/dependency_links.txt
[5.124s] writing entry points to ../../build/pose_checker/pose_checker.egg-info/entry_points.txt
[5.125s] writing requirements to ../../build/pose_checker/pose_checker.egg-info/requires.txt
[5.125s] writing top-level names to ../../build/pose_checker/pose_checker.egg-info/top_level.txt
[5.379s] reading manifest file '../../build/pose_checker/pose_checker.egg-info/SOURCES.txt'
[5.383s] writing manifest file '../../build/pose_checker/pose_checker.egg-info/SOURCES.txt'
[5.383s] running build
[5.384s] running build_py
[5.385s] running install
[5.388s] running install_lib
[5.394s] running install_data
[5.396s] running install_egg_info
[5.403s] removing '/root/openpifpaf_ros2/install/pose_checker/lib/python3.8/site-packages/pose_checker-0.0.0-py3.8.egg-info' (and everything under it)
[5.405s] Copying ../../build/pose_checker/pose_checker.egg-info to /root/openpifpaf_ros2/install/pose_checker/lib/python3.8/site-packages/pose_checker-0.0.0-py3.8.egg-info
[5.411s] running install_scripts
[5.481s] Installing pose_checker script to /root/openpifpaf_ros2/install/pose_checker/lib/pose_checker
[5.482s] writing list of installed files to '/root/openpifpaf_ros2/build/pose_checker/install.log'
[6.115s] Invoked command in '/root/openpifpaf_ros2/src/pose_checker' returned '0': PYTHONPATH=/root/openpifpaf_ros2/install/pose_checker/lib/python3.8/site-packages:${PYTHONPATH} _=/usr/bin/env /usr/bin/python3 setup.py egg_info --egg-base ../../build/pose_checker build --build-base /root/openpifpaf_ros2/build/pose_checker/build install --prefix /root/openpifpaf_ros2/install/pose_checker --record /root/openpifpaf_ros2/build/pose_checker/install.log --single-version-externally-managed
