[0.024s] Invoking command in '/root/openpifpaf_ros2/build/openpifpaf_ros2_msgs': CMAKE_PREFIX_PATH=/opt/ros/foxy _=/usr/bin/env /usr/bin/cmake /root/openpifpaf_ros2/src/openpifpaf_ros2_msgs -DCMAKE_INSTALL_PREFIX=/root/openpifpaf_ros2/install/openpifpaf_ros2_msgs
[0.153s] -- The C compiler identification is GNU 9.4.0
[0.197s] -- The CXX compiler identification is GNU 9.4.0
[0.205s] -- Check for working C compiler: /usr/bin/cc
[0.259s] -- Check for working C compiler: /usr/bin/cc -- works
[0.260s] -- Detecting C compiler ABI info
[0.311s] -- Detecting C compiler ABI info - done
[0.319s] -- Detecting C compile features
[0.319s] -- Detecting C compile features - done
[0.322s] -- Check for working CXX compiler: /usr/bin/c++
[0.382s] -- Check for working CXX compiler: /usr/bin/c++ -- works
[0.383s] -- Detecting CXX compiler ABI info
[0.439s] -- Detecting CXX compiler ABI info - done
[0.447s] -- Detecting CXX compile features
[0.447s] -- Detecting CXX compile features - done
[0.451s] -- Found ament_cmake: 0.9.11 (/opt/ros/foxy/share/ament_cmake/cmake)
[0.475s] -- Found PythonInterp: /usr/bin/python3 (found suitable version "3.8.10", minimum required is "3") 
[0.475s] -- Using PYTHON_EXECUTABLE: /usr/bin/python3
[0.641s] -- Found geometry_msgs: 2.0.5 (/opt/ros/foxy/share/geometry_msgs/cmake)
[0.676s] -- Using all available rosidl_typesupport_c: rosidl_typesupport_fastrtps_c;rosidl_typesupport_introspection_c
[0.682s] -- Found rosidl_adapter: 1.3.0 (/opt/ros/foxy/share/rosidl_adapter/cmake)
[0.753s] -- Found OpenSSL: /usr/lib/x86_64-linux-gnu/libcrypto.so (found version "1.1.1f")  
[0.783s] -- Found FastRTPS: /opt/ros/foxy/include  
[0.868s] -- Using all available rosidl_typesupport_cpp: rosidl_typesupport_fastrtps_cpp;rosidl_typesupport_introspection_cpp
[0.953s] -- Found rosidl_default_generators: 1.0.1 (/opt/ros/foxy/share/rosidl_default_generators/cmake)
[0.962s] -- Found sensor_msgs: 2.0.5 (/opt/ros/foxy/share/sensor_msgs/cmake)
[1.021s] -- Found visualization_msgs: 2.0.5 (/opt/ros/foxy/share/visualization_msgs/cmake)
[1.095s] -- Found PythonInterp: /usr/bin/python3 (found version "3.8.10") 
[1.230s] -- Found ament_cmake_ros: 0.9.2 (/opt/ros/foxy/share/ament_cmake_ros/cmake)
[1.450s] -- Using all available rosidl_typesupport_c: rosidl_typesupport_fastrtps_c;rosidl_typesupport_introspection_c
[1.542s] -- Using all available rosidl_typesupport_cpp: rosidl_typesupport_fastrtps_cpp;rosidl_typesupport_introspection_cpp
[1.561s] -- Found PythonInterp: /usr/bin/python3 (found suitable version "3.8.10", minimum required is "3.5") 
[1.563s] -- Found python_cmake_module: 0.8.1 (/opt/ros/foxy/share/python_cmake_module/cmake)
[1.582s] -- Found PythonLibs: /usr/lib/x86_64-linux-gnu/libpython3.8.so (found suitable version "3.8.10", minimum required is "3.5") 
[1.583s] -- Using PYTHON_EXECUTABLE: /usr/bin/python3
[1.583s] -- Using PYTHON_INCLUDE_DIRS: /usr/include/python3.8
[1.583s] -- Using PYTHON_LIBRARIES: /usr/lib/x86_64-linux-gnu/libpython3.8.so
[1.598s] -- Found PythonExtra: .so  
[1.662s] -- Found ament_lint_auto: 0.9.7 (/opt/ros/foxy/share/ament_lint_auto/cmake)
[1.685s] -- Added test 'copyright' to check source files copyright and LICENSE
[1.688s] -- Added test 'flake8' to check Python code syntax and style conventions
[1.688s] -- Added test 'lint_cmake' to check CMake code style
[1.689s] -- Added test 'pep257' to check Python code against some of the style conventions in PEP 257
[1.692s] -- Added test 'xmllint' to check XML markup files
[1.696s] -- Configuring done
[1.757s] -- Generating done
[1.759s] -- Build files have been written to: /root/openpifpaf_ros2/build/openpifpaf_ros2_msgs
[1.768s] Invoked command in '/root/openpifpaf_ros2/build/openpifpaf_ros2_msgs' returned '0': CMAKE_PREFIX_PATH=/opt/ros/foxy _=/usr/bin/env /usr/bin/cmake /root/openpifpaf_ros2/src/openpifpaf_ros2_msgs -DCMAKE_INSTALL_PREFIX=/root/openpifpaf_ros2/install/openpifpaf_ros2_msgs
[1.770s] Invoking command in '/root/openpifpaf_ros2/build/openpifpaf_ros2_msgs': CMAKE_PREFIX_PATH=/opt/ros/foxy _=/usr/bin/env /usr/bin/cmake --build /root/openpifpaf_ros2/build/openpifpaf_ros2_msgs -- -j16 -l16
[1.803s] [  1%] [34m[1mGenerating C code for ROS interfaces[0m
[1.803s] [35m[1mScanning dependencies of target openpifpaf_ros2_msgs__cpp[0m
[1.815s] [  3%] [34m[1mGenerating C++ code for ROS interfaces[0m
[2.310s] [  3%] Built target openpifpaf_ros2_msgs__cpp
[2.343s] [  4%] [34m[1mGenerating C++ type support dispatch for ROS interfaces[0m
[2.356s] [  6%] [34m[1mGenerating C++ type support for eProsima Fast-RTPS[0m
[2.361s] [  7%] [34m[1mGenerating C++ introspection for ROS interfaces[0m
[2.579s] [35m[1mScanning dependencies of target openpifpaf_ros2_msgs__rosidl_generator_c[0m
[2.622s] [  9%] [32mBuilding C object CMakeFiles/openpifpaf_ros2_msgs__rosidl_generator_c.dir/rosidl_generator_c/openpifpaf_ros2_msgs/msg/detail/pose__functions.c.o[0m
[2.630s] [ 11%] [32mBuilding C object CMakeFiles/openpifpaf_ros2_msgs__rosidl_generator_c.dir/rosidl_generator_c/openpifpaf_ros2_msgs/msg/detail/poses__functions.c.o[0m
[2.639s] [ 12%] [32mBuilding C object CMakeFiles/openpifpaf_ros2_msgs__rosidl_generator_c.dir/rosidl_generator_c/openpifpaf_ros2_msgs/msg/detail/person__functions.c.o[0m
[2.650s] [ 14%] [32mBuilding C object CMakeFiles/openpifpaf_ros2_msgs__rosidl_generator_c.dir/rosidl_generator_c/openpifpaf_ros2_msgs/msg/detail/pose3_d__functions.c.o[0m
[2.693s] [ 15%] [32mBuilding C object CMakeFiles/openpifpaf_ros2_msgs__rosidl_generator_c.dir/rosidl_generator_c/openpifpaf_ros2_msgs/msg/detail/pose3_d_array__functions.c.o[0m
[2.775s] [ 17%] [32m[1mLinking C shared library libopenpifpaf_ros2_msgs__rosidl_generator_c.so[0m
[2.835s] [ 17%] Built target openpifpaf_ros2_msgs__rosidl_generator_c
[2.848s] [ 20%] [34m[1mGenerating C type support dispatch for ROS interfaces[0m
[2.849s] [ 20%] [34m[1mGenerating C introspection for ROS interfaces[0m
[2.885s] [35m[1mScanning dependencies of target openpifpaf_ros2_msgs__rosidl_typesupport_cpp[0m
[2.909s] [ 26%] [32mBuilding CXX object CMakeFiles/openpifpaf_ros2_msgs__rosidl_typesupport_cpp.dir/rosidl_typesupport_cpp/openpifpaf_ros2_msgs/msg/pose__type_support.cpp.o[0m
[2.910s] [ 26%] [32mBuilding CXX object CMakeFiles/openpifpaf_ros2_msgs__rosidl_typesupport_cpp.dir/rosidl_typesupport_cpp/openpifpaf_ros2_msgs/msg/pose3_d__type_support.cpp.o[0m
[2.910s] [ 26%] [32mBuilding CXX object CMakeFiles/openpifpaf_ros2_msgs__rosidl_typesupport_cpp.dir/rosidl_typesupport_cpp/openpifpaf_ros2_msgs/msg/person__type_support.cpp.o[0m
[2.910s] [ 26%] [32mBuilding CXX object CMakeFiles/openpifpaf_ros2_msgs__rosidl_typesupport_cpp.dir/rosidl_typesupport_cpp/openpifpaf_ros2_msgs/msg/poses__type_support.cpp.o[0m
[2.910s] [ 28%] [32mBuilding CXX object CMakeFiles/openpifpaf_ros2_msgs__rosidl_typesupport_cpp.dir/rosidl_typesupport_cpp/openpifpaf_ros2_msgs/msg/pose3_d_array__type_support.cpp.o[0m
[2.986s] [35m[1mScanning dependencies of target openpifpaf_ros2_msgs__rosidl_typesupport_introspection_cpp[0m
[3.009s] [ 30%] [32mBuilding CXX object CMakeFiles/openpifpaf_ros2_msgs__rosidl_typesupport_introspection_cpp.dir/rosidl_typesupport_introspection_cpp/openpifpaf_ros2_msgs/msg/detail/poses__type_support.cpp.o[0m
[3.009s] [ 31%] [32mBuilding CXX object CMakeFiles/openpifpaf_ros2_msgs__rosidl_typesupport_introspection_cpp.dir/rosidl_typesupport_introspection_cpp/openpifpaf_ros2_msgs/msg/detail/person__type_support.cpp.o[0m
[3.013s] [ 34%] [32mBuilding CXX object CMakeFiles/openpifpaf_ros2_msgs__rosidl_typesupport_introspection_cpp.dir/rosidl_typesupport_introspection_cpp/openpifpaf_ros2_msgs/msg/detail/pose__type_support.cpp.o[0m
[3.014s] [ 34%] [32mBuilding CXX object CMakeFiles/openpifpaf_ros2_msgs__rosidl_typesupport_introspection_cpp.dir/rosidl_typesupport_introspection_cpp/openpifpaf_ros2_msgs/msg/detail/pose3_d__type_support.cpp.o[0m
[3.031s] [ 36%] [32mBuilding CXX object CMakeFiles/openpifpaf_ros2_msgs__rosidl_typesupport_introspection_cpp.dir/rosidl_typesupport_introspection_cpp/openpifpaf_ros2_msgs/msg/detail/pose3_d_array__type_support.cpp.o[0m
[3.057s] [35m[1mScanning dependencies of target openpifpaf_ros2_msgs__rosidl_typesupport_fastrtps_cpp[0m
[3.087s] [ 38%] [32mBuilding CXX object CMakeFiles/openpifpaf_ros2_msgs__rosidl_typesupport_fastrtps_cpp.dir/rosidl_typesupport_fastrtps_cpp/openpifpaf_ros2_msgs/msg/detail/dds_fastrtps/pose__type_support.cpp.o[0m
[3.089s] [ 39%] [32mBuilding CXX object CMakeFiles/openpifpaf_ros2_msgs__rosidl_typesupport_fastrtps_cpp.dir/rosidl_typesupport_fastrtps_cpp/openpifpaf_ros2_msgs/msg/detail/dds_fastrtps/poses__type_support.cpp.o[0m
[3.098s] [ 41%] [32mBuilding CXX object CMakeFiles/openpifpaf_ros2_msgs__rosidl_typesupport_fastrtps_cpp.dir/rosidl_typesupport_fastrtps_cpp/openpifpaf_ros2_msgs/msg/detail/dds_fastrtps/person__type_support.cpp.o[0m
[3.104s] [ 42%] [32mBuilding CXX object CMakeFiles/openpifpaf_ros2_msgs__rosidl_typesupport_fastrtps_cpp.dir/rosidl_typesupport_fastrtps_cpp/openpifpaf_ros2_msgs/msg/detail/dds_fastrtps/pose3_d__type_support.cpp.o[0m
[3.349s] [ 44%] [32mBuilding CXX object CMakeFiles/openpifpaf_ros2_msgs__rosidl_typesupport_fastrtps_cpp.dir/rosidl_typesupport_fastrtps_cpp/openpifpaf_ros2_msgs/msg/detail/dds_fastrtps/pose3_d_array__type_support.cpp.o[0m
[3.356s] [ 46%] [32m[1mLinking CXX shared library libopenpifpaf_ros2_msgs__rosidl_typesupport_cpp.so[0m
[3.371s] [35m[1mScanning dependencies of target openpifpaf_ros2_msgs__rosidl_typesupport_c[0m
[3.395s] [ 47%] [32mBuilding CXX object CMakeFiles/openpifpaf_ros2_msgs__rosidl_typesupport_c.dir/rosidl_typesupport_c/openpifpaf_ros2_msgs/msg/poses__type_support.cpp.o[0m
[3.396s] [ 49%] [32mBuilding CXX object CMakeFiles/openpifpaf_ros2_msgs__rosidl_typesupport_c.dir/rosidl_typesupport_c/openpifpaf_ros2_msgs/msg/pose__type_support.cpp.o[0m
[3.396s] [ 50%] [32mBuilding CXX object CMakeFiles/openpifpaf_ros2_msgs__rosidl_typesupport_c.dir/rosidl_typesupport_c/openpifpaf_ros2_msgs/msg/person__type_support.cpp.o[0m
[3.408s] [ 52%] [32mBuilding CXX object CMakeFiles/openpifpaf_ros2_msgs__rosidl_typesupport_c.dir/rosidl_typesupport_c/openpifpaf_ros2_msgs/msg/pose3_d__type_support.cpp.o[0m
[3.424s] [ 52%] Built target openpifpaf_ros2_msgs__rosidl_typesupport_cpp
[3.444s] [ 53%] [32mBuilding CXX object CMakeFiles/openpifpaf_ros2_msgs__rosidl_typesupport_c.dir/rosidl_typesupport_c/openpifpaf_ros2_msgs/msg/pose3_d_array__type_support.cpp.o[0m
[3.482s] [ 55%] [32m[1mLinking CXX shared library libopenpifpaf_ros2_msgs__rosidl_typesupport_c.so[0m
[3.482s] [35m[1mScanning dependencies of target openpifpaf_ros2_msgs__rosidl_typesupport_introspection_c[0m
[3.510s] [ 61%] [32mBuilding C object CMakeFiles/openpifpaf_ros2_msgs__rosidl_typesupport_introspection_c.dir/rosidl_typesupport_introspection_c/openpifpaf_ros2_msgs/msg/detail/pose__type_support.c.o[0m
[3.510s] [ 61%] [32mBuilding C object CMakeFiles/openpifpaf_ros2_msgs__rosidl_typesupport_introspection_c.dir/rosidl_typesupport_introspection_c/openpifpaf_ros2_msgs/msg/detail/pose3_d__type_support.c.o[0m
[3.510s] [ 61%] [32mBuilding C object CMakeFiles/openpifpaf_ros2_msgs__rosidl_typesupport_introspection_c.dir/rosidl_typesupport_introspection_c/openpifpaf_ros2_msgs/msg/detail/poses__type_support.c.o[0m
[3.510s] [ 61%] [32mBuilding C object CMakeFiles/openpifpaf_ros2_msgs__rosidl_typesupport_introspection_c.dir/rosidl_typesupport_introspection_c/openpifpaf_ros2_msgs/msg/detail/person__type_support.c.o[0m
[3.511s] [ 63%] [32mBuilding C object CMakeFiles/openpifpaf_ros2_msgs__rosidl_typesupport_introspection_c.dir/rosidl_typesupport_introspection_c/openpifpaf_ros2_msgs/msg/detail/pose3_d_array__type_support.c.o[0m
[3.555s] [ 63%] Built target openpifpaf_ros2_msgs__rosidl_typesupport_c
[3.556s] [ 65%] [32m[1mLinking C shared library libopenpifpaf_ros2_msgs__rosidl_typesupport_introspection_c.so[0m
[3.589s] [ 66%] [32m[1mLinking CXX shared library libopenpifpaf_ros2_msgs__rosidl_typesupport_introspection_cpp.so[0m
[3.592s] [ 66%] Built target openpifpaf_ros2_msgs__rosidl_typesupport_introspection_c
[3.678s] [ 66%] Built target openpifpaf_ros2_msgs__rosidl_typesupport_introspection_cpp
[3.863s] [ 68%] [32m[1mLinking CXX shared library libopenpifpaf_ros2_msgs__rosidl_typesupport_fastrtps_cpp.so[0m
[3.945s] [ 68%] Built target openpifpaf_ros2_msgs__rosidl_typesupport_fastrtps_cpp
[3.958s] [ 69%] [34m[1mGenerating C type support for eProsima Fast-RTPS[0m
[4.245s] [35m[1mScanning dependencies of target openpifpaf_ros2_msgs__rosidl_typesupport_fastrtps_c[0m
[4.263s] [ 77%] [32mBuilding CXX object CMakeFiles/openpifpaf_ros2_msgs__rosidl_typesupport_fastrtps_c.dir/rosidl_typesupport_fastrtps_c/openpifpaf_ros2_msgs/msg/detail/pose3_d__type_support_c.cpp.o[0m
[4.263s] [ 77%] [32mBuilding CXX object CMakeFiles/openpifpaf_ros2_msgs__rosidl_typesupport_fastrtps_c.dir/rosidl_typesupport_fastrtps_c/openpifpaf_ros2_msgs/msg/detail/person__type_support_c.cpp.o[0m
[4.263s] [ 77%] [32mBuilding CXX object CMakeFiles/openpifpaf_ros2_msgs__rosidl_typesupport_fastrtps_c.dir/rosidl_typesupport_fastrtps_c/openpifpaf_ros2_msgs/msg/detail/pose__type_support_c.cpp.o[0m
[4.263s] [ 77%] [32mBuilding CXX object CMakeFiles/openpifpaf_ros2_msgs__rosidl_typesupport_fastrtps_c.dir/rosidl_typesupport_fastrtps_c/openpifpaf_ros2_msgs/msg/detail/poses__type_support_c.cpp.o[0m
[4.263s] [ 77%] [32mBuilding CXX object CMakeFiles/openpifpaf_ros2_msgs__rosidl_typesupport_fastrtps_c.dir/rosidl_typesupport_fastrtps_c/openpifpaf_ros2_msgs/msg/detail/pose3_d_array__type_support_c.cpp.o[0m
[4.595s] [ 79%] [32m[1mLinking CXX shared library libopenpifpaf_ros2_msgs__rosidl_typesupport_fastrtps_c.so[0m
[4.660s] [ 79%] Built target openpifpaf_ros2_msgs__rosidl_typesupport_fastrtps_c
[4.668s] [35m[1mScanning dependencies of target openpifpaf_ros2_msgs[0m
[4.677s] [ 79%] Built target openpifpaf_ros2_msgs
[4.686s] [35m[1mScanning dependencies of target openpifpaf_ros2_msgs__py[0m
[4.695s] [ 80%] [34m[1mGenerating Python code for ROS interfaces[0m
[5.308s] [ 80%] Built target openpifpaf_ros2_msgs__py
[5.316s] [35m[1mScanning dependencies of target openpifpaf_ros2_msgs__python[0m
[5.335s] [ 85%] [32mBuilding C object CMakeFiles/openpifpaf_ros2_msgs__python.dir/rosidl_generator_py/openpifpaf_ros2_msgs/msg/_poses_s.c.o[0m
[5.335s] [ 85%] [32mBuilding C object CMakeFiles/openpifpaf_ros2_msgs__python.dir/rosidl_generator_py/openpifpaf_ros2_msgs/msg/_person_s.c.o[0m
[5.335s] [ 85%] [32mBuilding C object CMakeFiles/openpifpaf_ros2_msgs__python.dir/rosidl_generator_py/openpifpaf_ros2_msgs/msg/_pose_s.c.o[0m
[5.337s] [ 87%] [32mBuilding C object CMakeFiles/openpifpaf_ros2_msgs__python.dir/rosidl_generator_py/openpifpaf_ros2_msgs/msg/_pose3_d_s.c.o[0m
[5.338s] [ 88%] [32mBuilding C object CMakeFiles/openpifpaf_ros2_msgs__python.dir/rosidl_generator_py/openpifpaf_ros2_msgs/msg/_pose3_d_array_s.c.o[0m
[5.414s] [ 90%] [32m[1mLinking C shared library rosidl_generator_py/openpifpaf_ros2_msgs/libopenpifpaf_ros2_msgs__python.so[0m
[5.451s] [ 90%] Built target openpifpaf_ros2_msgs__python
[5.459s] [35m[1mScanning dependencies of target openpifpaf_ros2_msgs__rosidl_typesupport_introspection_c__pyext[0m
[5.459s] [35m[1mScanning dependencies of target openpifpaf_ros2_msgs__rosidl_typesupport_c__pyext[0m
[5.459s] [35m[1mScanning dependencies of target openpifpaf_ros2_msgs__rosidl_typesupport_fastrtps_c__pyext[0m
[5.474s] [ 93%] [32mBuilding C object CMakeFiles/openpifpaf_ros2_msgs__rosidl_typesupport_c__pyext.dir/rosidl_generator_py/openpifpaf_ros2_msgs/_openpifpaf_ros2_msgs_s.ep.rosidl_typesupport_c.c.o[0m
[5.474s] [ 93%] [32mBuilding C object CMakeFiles/openpifpaf_ros2_msgs__rosidl_typesupport_introspection_c__pyext.dir/rosidl_generator_py/openpifpaf_ros2_msgs/_openpifpaf_ros2_msgs_s.ep.rosidl_typesupport_introspection_c.c.o[0m
[5.475s] [ 95%] [32mBuilding C object CMakeFiles/openpifpaf_ros2_msgs__rosidl_typesupport_fastrtps_c__pyext.dir/rosidl_generator_py/openpifpaf_ros2_msgs/_openpifpaf_ros2_msgs_s.ep.rosidl_typesupport_fastrtps_c.c.o[0m
[5.549s] [ 96%] [32m[1mLinking C shared library rosidl_generator_py/openpifpaf_ros2_msgs/openpifpaf_ros2_msgs_s__rosidl_typesupport_introspection_c.cpython-38-x86_64-linux-gnu.so[0m
[5.553s] [100%] [32m[1mLinking C shared library rosidl_generator_py/openpifpaf_ros2_msgs/openpifpaf_ros2_msgs_s__rosidl_typesupport_c.cpython-38-x86_64-linux-gnu.so[0m
[5.553s] [100%] [32m[1mLinking CXX shared library rosidl_generator_py/openpifpaf_ros2_msgs/openpifpaf_ros2_msgs_s__rosidl_typesupport_fastrtps_c.cpython-38-x86_64-linux-gnu.so[0m
[5.581s] [100%] Built target openpifpaf_ros2_msgs__rosidl_typesupport_introspection_c__pyext
[5.586s] [100%] Built target openpifpaf_ros2_msgs__rosidl_typesupport_c__pyext
[5.611s] [100%] Built target openpifpaf_ros2_msgs__rosidl_typesupport_fastrtps_c__pyext
[5.621s] Invoked command in '/root/openpifpaf_ros2/build/openpifpaf_ros2_msgs' returned '0': CMAKE_PREFIX_PATH=/opt/ros/foxy _=/usr/bin/env /usr/bin/cmake --build /root/openpifpaf_ros2/build/openpifpaf_ros2_msgs -- -j16 -l16
[5.765s] Invoking command in '/root/openpifpaf_ros2/build/openpifpaf_ros2_msgs': CMAKE_PREFIX_PATH=/opt/ros/foxy _=/usr/bin/env /usr/bin/cmake --install /root/openpifpaf_ros2/build/openpifpaf_ros2_msgs
[5.770s] -- Install configuration: ""
[5.771s] -- Installing: /root/openpifpaf_ros2/install/openpifpaf_ros2_msgs/share/ament_index/resource_index/rosidl_interfaces/openpifpaf_ros2_msgs
[5.771s] -- Installing: /root/openpifpaf_ros2/install/openpifpaf_ros2_msgs/include/openpifpaf_ros2_msgs
[5.771s] -- Installing: /root/openpifpaf_ros2/install/openpifpaf_ros2_msgs/include/openpifpaf_ros2_msgs/msg
[5.771s] -- Installing: /root/openpifpaf_ros2/install/openpifpaf_ros2_msgs/include/openpifpaf_ros2_msgs/msg/rosidl_generator_c__visibility_control.h
[5.772s] -- Installing: /root/openpifpaf_ros2/install/openpifpaf_ros2_msgs/include/openpifpaf_ros2_msgs/msg/person.h
[5.772s] -- Installing: /root/openpifpaf_ros2/install/openpifpaf_ros2_msgs/include/openpifpaf_ros2_msgs/msg/pose3_d.h
[5.772s] -- Installing: /root/openpifpaf_ros2/install/openpifpaf_ros2_msgs/include/openpifpaf_ros2_msgs/msg/pose3_d_array.h
[5.772s] -- Installing: /root/openpifpaf_ros2/install/openpifpaf_ros2_msgs/include/openpifpaf_ros2_msgs/msg/detail
[5.772s] -- Installing: /root/openpifpaf_ros2/install/openpifpaf_ros2_msgs/include/openpifpaf_ros2_msgs/msg/detail/pose3_d__struct.h
[5.772s] -- Installing: /root/openpifpaf_ros2/install/openpifpaf_ros2_msgs/include/openpifpaf_ros2_msgs/msg/detail/pose__type_support.h
[5.772s] -- Installing: /root/openpifpaf_ros2/install/openpifpaf_ros2_msgs/include/openpifpaf_ros2_msgs/msg/detail/poses__type_support.h
[5.773s] -- Installing: /root/openpifpaf_ros2/install/openpifpaf_ros2_msgs/include/openpifpaf_ros2_msgs/msg/detail/pose3_d__type_support.h
[5.773s] -- Installing: /root/openpifpaf_ros2/install/openpifpaf_ros2_msgs/include/openpifpaf_ros2_msgs/msg/detail/pose3_d_array__type_support.h
[5.773s] -- Installing: /root/openpifpaf_ros2/install/openpifpaf_ros2_msgs/include/openpifpaf_ros2_msgs/msg/detail/person__functions.h
[5.773s] -- Installing: /root/openpifpaf_ros2/install/openpifpaf_ros2_msgs/include/openpifpaf_ros2_msgs/msg/detail/pose__struct.h
[5.773s] -- Installing: /root/openpifpaf_ros2/install/openpifpaf_ros2_msgs/include/openpifpaf_ros2_msgs/msg/detail/pose3_d_array__functions.h
[5.773s] -- Installing: /root/openpifpaf_ros2/install/openpifpaf_ros2_msgs/include/openpifpaf_ros2_msgs/msg/detail/pose__functions.h
[5.773s] -- Installing: /root/openpifpaf_ros2/install/openpifpaf_ros2_msgs/include/openpifpaf_ros2_msgs/msg/detail/pose3_d_array__functions.c
[5.773s] -- Installing: /root/openpifpaf_ros2/install/openpifpaf_ros2_msgs/include/openpifpaf_ros2_msgs/msg/detail/poses__struct.h
[5.774s] -- Installing: /root/openpifpaf_ros2/install/openpifpaf_ros2_msgs/include/openpifpaf_ros2_msgs/msg/detail/pose3_d__functions.c
[5.774s] -- Installing: /root/openpifpaf_ros2/install/openpifpaf_ros2_msgs/include/openpifpaf_ros2_msgs/msg/detail/person__type_support.h
[5.774s] -- Installing: /root/openpifpaf_ros2/install/openpifpaf_ros2_msgs/include/openpifpaf_ros2_msgs/msg/detail/person__struct.h
[5.774s] -- Installing: /root/openpifpaf_ros2/install/openpifpaf_ros2_msgs/include/openpifpaf_ros2_msgs/msg/detail/person__functions.c
[5.774s] -- Installing: /root/openpifpaf_ros2/install/openpifpaf_ros2_msgs/include/openpifpaf_ros2_msgs/msg/detail/poses__functions.c
[5.774s] -- Installing: /root/openpifpaf_ros2/install/openpifpaf_ros2_msgs/include/openpifpaf_ros2_msgs/msg/detail/pose__functions.c
[5.774s] -- Installing: /root/openpifpaf_ros2/install/openpifpaf_ros2_msgs/include/openpifpaf_ros2_msgs/msg/detail/poses__functions.h
[5.774s] -- Installing: /root/openpifpaf_ros2/install/openpifpaf_ros2_msgs/include/openpifpaf_ros2_msgs/msg/detail/pose3_d__functions.h
[5.774s] -- Installing: /root/openpifpaf_ros2/install/openpifpaf_ros2_msgs/include/openpifpaf_ros2_msgs/msg/detail/pose3_d_array__struct.h
[5.774s] -- Installing: /root/openpifpaf_ros2/install/openpifpaf_ros2_msgs/include/openpifpaf_ros2_msgs/msg/pose.h
[5.775s] -- Installing: /root/openpifpaf_ros2/install/openpifpaf_ros2_msgs/include/openpifpaf_ros2_msgs/msg/poses.h
[5.775s] -- Installing: /root/openpifpaf_ros2/install/openpifpaf_ros2_msgs/share/openpifpaf_ros2_msgs/environment/library_path.sh
[5.775s] -- Installing: /root/openpifpaf_ros2/install/openpifpaf_ros2_msgs/share/openpifpaf_ros2_msgs/environment/library_path.dsv
[5.775s] -- Installing: /root/openpifpaf_ros2/install/openpifpaf_ros2_msgs/lib/libopenpifpaf_ros2_msgs__rosidl_generator_c.so
[5.775s] -- Set runtime path of "/root/openpifpaf_ros2/install/openpifpaf_ros2_msgs/lib/libopenpifpaf_ros2_msgs__rosidl_generator_c.so" to ""
[5.775s] -- Up-to-date: /root/openpifpaf_ros2/install/openpifpaf_ros2_msgs/include/openpifpaf_ros2_msgs
[5.775s] -- Up-to-date: /root/openpifpaf_ros2/install/openpifpaf_ros2_msgs/include/openpifpaf_ros2_msgs/msg
[5.775s] -- Up-to-date: /root/openpifpaf_ros2/install/openpifpaf_ros2_msgs/include/openpifpaf_ros2_msgs/msg/detail
[5.776s] -- Installing: /root/openpifpaf_ros2/install/openpifpaf_ros2_msgs/include/openpifpaf_ros2_msgs/msg/detail/poses__rosidl_typesupport_fastrtps_c.h
[5.776s] -- Installing: /root/openpifpaf_ros2/install/openpifpaf_ros2_msgs/include/openpifpaf_ros2_msgs/msg/detail/pose3_d_array__rosidl_typesupport_fastrtps_c.h
[5.776s] -- Installing: /root/openpifpaf_ros2/install/openpifpaf_ros2_msgs/include/openpifpaf_ros2_msgs/msg/detail/person__rosidl_typesupport_fastrtps_c.h
[5.776s] -- Installing: /root/openpifpaf_ros2/install/openpifpaf_ros2_msgs/include/openpifpaf_ros2_msgs/msg/detail/pose3_d__rosidl_typesupport_fastrtps_c.h
[5.776s] -- Installing: /root/openpifpaf_ros2/install/openpifpaf_ros2_msgs/include/openpifpaf_ros2_msgs/msg/detail/pose__rosidl_typesupport_fastrtps_c.h
[5.776s] -- Installing: /root/openpifpaf_ros2/install/openpifpaf_ros2_msgs/include/openpifpaf_ros2_msgs/msg/rosidl_typesupport_fastrtps_c__visibility_control.h
[5.776s] -- Installing: /root/openpifpaf_ros2/install/openpifpaf_ros2_msgs/lib/libopenpifpaf_ros2_msgs__rosidl_typesupport_fastrtps_c.so
[5.776s] -- Set runtime path of "/root/openpifpaf_ros2/install/openpifpaf_ros2_msgs/lib/libopenpifpaf_ros2_msgs__rosidl_typesupport_fastrtps_c.so" to ""
[5.777s] -- Up-to-date: /root/openpifpaf_ros2/install/openpifpaf_ros2_msgs/include/openpifpaf_ros2_msgs
[5.777s] -- Up-to-date: /root/openpifpaf_ros2/install/openpifpaf_ros2_msgs/include/openpifpaf_ros2_msgs/msg
[5.777s] -- Up-to-date: /root/openpifpaf_ros2/install/openpifpaf_ros2_msgs/include/openpifpaf_ros2_msgs/msg/detail
[5.777s] -- Installing: /root/openpifpaf_ros2/install/openpifpaf_ros2_msgs/include/openpifpaf_ros2_msgs/msg/detail/pose3_d__rosidl_typesupport_fastrtps_cpp.hpp
[5.777s] -- Installing: /root/openpifpaf_ros2/install/openpifpaf_ros2_msgs/include/openpifpaf_ros2_msgs/msg/detail/person__rosidl_typesupport_fastrtps_cpp.hpp
[5.777s] -- Installing: /root/openpifpaf_ros2/install/openpifpaf_ros2_msgs/include/openpifpaf_ros2_msgs/msg/detail/pose3_d_array__rosidl_typesupport_fastrtps_cpp.hpp
[5.777s] -- Installing: /root/openpifpaf_ros2/install/openpifpaf_ros2_msgs/include/openpifpaf_ros2_msgs/msg/detail/dds_fastrtps
[5.777s] -- Installing: /root/openpifpaf_ros2/install/openpifpaf_ros2_msgs/include/openpifpaf_ros2_msgs/msg/detail/poses__rosidl_typesupport_fastrtps_cpp.hpp
[5.777s] -- Installing: /root/openpifpaf_ros2/install/openpifpaf_ros2_msgs/include/openpifpaf_ros2_msgs/msg/detail/pose__rosidl_typesupport_fastrtps_cpp.hpp
[5.777s] -- Installing: /root/openpifpaf_ros2/install/openpifpaf_ros2_msgs/include/openpifpaf_ros2_msgs/msg/rosidl_typesupport_fastrtps_cpp__visibility_control.h
[5.777s] -- Installing: /root/openpifpaf_ros2/install/openpifpaf_ros2_msgs/lib/libopenpifpaf_ros2_msgs__rosidl_typesupport_fastrtps_cpp.so
[5.778s] -- Set runtime path of "/root/openpifpaf_ros2/install/openpifpaf_ros2_msgs/lib/libopenpifpaf_ros2_msgs__rosidl_typesupport_fastrtps_cpp.so" to ""
[5.778s] -- Up-to-date: /root/openpifpaf_ros2/install/openpifpaf_ros2_msgs/include/openpifpaf_ros2_msgs
[5.778s] -- Up-to-date: /root/openpifpaf_ros2/install/openpifpaf_ros2_msgs/include/openpifpaf_ros2_msgs/msg
[5.778s] -- Installing: /root/openpifpaf_ros2/install/openpifpaf_ros2_msgs/include/openpifpaf_ros2_msgs/msg/rosidl_typesupport_introspection_c__visibility_control.h
[5.778s] -- Up-to-date: /root/openpifpaf_ros2/install/openpifpaf_ros2_msgs/include/openpifpaf_ros2_msgs/msg/detail
[5.778s] -- Installing: /root/openpifpaf_ros2/install/openpifpaf_ros2_msgs/include/openpifpaf_ros2_msgs/msg/detail/pose3_d__rosidl_typesupport_introspection_c.h
[5.778s] -- Installing: /root/openpifpaf_ros2/install/openpifpaf_ros2_msgs/include/openpifpaf_ros2_msgs/msg/detail/pose3_d__type_support.c
[5.778s] -- Installing: /root/openpifpaf_ros2/install/openpifpaf_ros2_msgs/include/openpifpaf_ros2_msgs/msg/detail/pose3_d_array__type_support.c
[5.778s] -- Installing: /root/openpifpaf_ros2/install/openpifpaf_ros2_msgs/include/openpifpaf_ros2_msgs/msg/detail/person__rosidl_typesupport_introspection_c.h
[5.778s] -- Installing: /root/openpifpaf_ros2/install/openpifpaf_ros2_msgs/include/openpifpaf_ros2_msgs/msg/detail/pose3_d_array__rosidl_typesupport_introspection_c.h
[5.779s] -- Installing: /root/openpifpaf_ros2/install/openpifpaf_ros2_msgs/include/openpifpaf_ros2_msgs/msg/detail/pose__type_support.c
[5.779s] -- Installing: /root/openpifpaf_ros2/install/openpifpaf_ros2_msgs/include/openpifpaf_ros2_msgs/msg/detail/poses__rosidl_typesupport_introspection_c.h
[5.779s] -- Installing: /root/openpifpaf_ros2/install/openpifpaf_ros2_msgs/include/openpifpaf_ros2_msgs/msg/detail/person__type_support.c
[5.779s] -- Installing: /root/openpifpaf_ros2/install/openpifpaf_ros2_msgs/include/openpifpaf_ros2_msgs/msg/detail/pose__rosidl_typesupport_introspection_c.h
[5.779s] -- Installing: /root/openpifpaf_ros2/install/openpifpaf_ros2_msgs/include/openpifpaf_ros2_msgs/msg/detail/poses__type_support.c
[5.779s] -- Installing: /root/openpifpaf_ros2/install/openpifpaf_ros2_msgs/lib/libopenpifpaf_ros2_msgs__rosidl_typesupport_introspection_c.so
[5.780s] -- Set runtime path of "/root/openpifpaf_ros2/install/openpifpaf_ros2_msgs/lib/libopenpifpaf_ros2_msgs__rosidl_typesupport_introspection_c.so" to ""
[5.780s] -- Installing: /root/openpifpaf_ros2/install/openpifpaf_ros2_msgs/lib/libopenpifpaf_ros2_msgs__rosidl_typesupport_c.so
[5.780s] -- Set runtime path of "/root/openpifpaf_ros2/install/openpifpaf_ros2_msgs/lib/libopenpifpaf_ros2_msgs__rosidl_typesupport_c.so" to ""
[5.780s] -- Up-to-date: /root/openpifpaf_ros2/install/openpifpaf_ros2_msgs/include/openpifpaf_ros2_msgs
[5.780s] -- Up-to-date: /root/openpifpaf_ros2/install/openpifpaf_ros2_msgs/include/openpifpaf_ros2_msgs/msg
[5.780s] -- Up-to-date: /root/openpifpaf_ros2/install/openpifpaf_ros2_msgs/include/openpifpaf_ros2_msgs/msg/detail
[5.780s] -- Installing: /root/openpifpaf_ros2/install/openpifpaf_ros2_msgs/include/openpifpaf_ros2_msgs/msg/detail/pose3_d__traits.hpp
[5.780s] -- Installing: /root/openpifpaf_ros2/install/openpifpaf_ros2_msgs/include/openpifpaf_ros2_msgs/msg/detail/poses__traits.hpp
[5.781s] -- Installing: /root/openpifpaf_ros2/install/openpifpaf_ros2_msgs/include/openpifpaf_ros2_msgs/msg/detail/person__struct.hpp
[5.781s] -- Installing: /root/openpifpaf_ros2/install/openpifpaf_ros2_msgs/include/openpifpaf_ros2_msgs/msg/detail/poses__struct.hpp
[5.781s] -- Installing: /root/openpifpaf_ros2/install/openpifpaf_ros2_msgs/include/openpifpaf_ros2_msgs/msg/detail/pose3_d_array__struct.hpp
[5.781s] -- Installing: /root/openpifpaf_ros2/install/openpifpaf_ros2_msgs/include/openpifpaf_ros2_msgs/msg/detail/pose3_d__struct.hpp
[5.781s] -- Installing: /root/openpifpaf_ros2/install/openpifpaf_ros2_msgs/include/openpifpaf_ros2_msgs/msg/detail/pose3_d_array__traits.hpp
[5.781s] -- Installing: /root/openpifpaf_ros2/install/openpifpaf_ros2_msgs/include/openpifpaf_ros2_msgs/msg/detail/person__builder.hpp
[5.781s] -- Installing: /root/openpifpaf_ros2/install/openpifpaf_ros2_msgs/include/openpifpaf_ros2_msgs/msg/detail/pose3_d__builder.hpp
[5.782s] -- Installing: /root/openpifpaf_ros2/install/openpifpaf_ros2_msgs/include/openpifpaf_ros2_msgs/msg/detail/pose__struct.hpp
[5.782s] -- Installing: /root/openpifpaf_ros2/install/openpifpaf_ros2_msgs/include/openpifpaf_ros2_msgs/msg/detail/person__traits.hpp
[5.782s] -- Installing: /root/openpifpaf_ros2/install/openpifpaf_ros2_msgs/include/openpifpaf_ros2_msgs/msg/detail/pose__builder.hpp
[5.782s] -- Installing: /root/openpifpaf_ros2/install/openpifpaf_ros2_msgs/include/openpifpaf_ros2_msgs/msg/detail/poses__builder.hpp
[5.782s] -- Installing: /root/openpifpaf_ros2/install/openpifpaf_ros2_msgs/include/openpifpaf_ros2_msgs/msg/detail/pose__traits.hpp
[5.782s] -- Installing: /root/openpifpaf_ros2/install/openpifpaf_ros2_msgs/include/openpifpaf_ros2_msgs/msg/detail/pose3_d_array__builder.hpp
[5.782s] -- Installing: /root/openpifpaf_ros2/install/openpifpaf_ros2_msgs/include/openpifpaf_ros2_msgs/msg/pose3_d_array.hpp
[5.782s] -- Installing: /root/openpifpaf_ros2/install/openpifpaf_ros2_msgs/include/openpifpaf_ros2_msgs/msg/person.hpp
[5.782s] -- Installing: /root/openpifpaf_ros2/install/openpifpaf_ros2_msgs/include/openpifpaf_ros2_msgs/msg/pose3_d.hpp
[5.783s] -- Installing: /root/openpifpaf_ros2/install/openpifpaf_ros2_msgs/include/openpifpaf_ros2_msgs/msg/pose.hpp
[5.783s] -- Installing: /root/openpifpaf_ros2/install/openpifpaf_ros2_msgs/include/openpifpaf_ros2_msgs/msg/poses.hpp
[5.783s] -- Up-to-date: /root/openpifpaf_ros2/install/openpifpaf_ros2_msgs/include/openpifpaf_ros2_msgs
[5.783s] -- Up-to-date: /root/openpifpaf_ros2/install/openpifpaf_ros2_msgs/include/openpifpaf_ros2_msgs/msg
[5.783s] -- Up-to-date: /root/openpifpaf_ros2/install/openpifpaf_ros2_msgs/include/openpifpaf_ros2_msgs/msg/detail
[5.783s] -- Installing: /root/openpifpaf_ros2/install/openpifpaf_ros2_msgs/include/openpifpaf_ros2_msgs/msg/detail/poses__rosidl_typesupport_introspection_cpp.hpp
[5.783s] -- Installing: /root/openpifpaf_ros2/install/openpifpaf_ros2_msgs/include/openpifpaf_ros2_msgs/msg/detail/pose3_d_array__type_support.cpp
[5.784s] -- Installing: /root/openpifpaf_ros2/install/openpifpaf_ros2_msgs/include/openpifpaf_ros2_msgs/msg/detail/pose3_d__type_support.cpp
[5.784s] -- Installing: /root/openpifpaf_ros2/install/openpifpaf_ros2_msgs/include/openpifpaf_ros2_msgs/msg/detail/poses__type_support.cpp
[5.784s] -- Installing: /root/openpifpaf_ros2/install/openpifpaf_ros2_msgs/include/openpifpaf_ros2_msgs/msg/detail/pose3_d__rosidl_typesupport_introspection_cpp.hpp
[5.784s] -- Installing: /root/openpifpaf_ros2/install/openpifpaf_ros2_msgs/include/openpifpaf_ros2_msgs/msg/detail/pose__rosidl_typesupport_introspection_cpp.hpp
[5.784s] -- Installing: /root/openpifpaf_ros2/install/openpifpaf_ros2_msgs/include/openpifpaf_ros2_msgs/msg/detail/person__rosidl_typesupport_introspection_cpp.hpp
[5.784s] -- Installing: /root/openpifpaf_ros2/install/openpifpaf_ros2_msgs/include/openpifpaf_ros2_msgs/msg/detail/pose__type_support.cpp
[5.784s] -- Installing: /root/openpifpaf_ros2/install/openpifpaf_ros2_msgs/include/openpifpaf_ros2_msgs/msg/detail/pose3_d_array__rosidl_typesupport_introspection_cpp.hpp
[5.784s] -- Installing: /root/openpifpaf_ros2/install/openpifpaf_ros2_msgs/include/openpifpaf_ros2_msgs/msg/detail/person__type_support.cpp
[5.784s] -- Installing: /root/openpifpaf_ros2/install/openpifpaf_ros2_msgs/lib/libopenpifpaf_ros2_msgs__rosidl_typesupport_introspection_cpp.so
[5.784s] -- Set runtime path of "/root/openpifpaf_ros2/install/openpifpaf_ros2_msgs/lib/libopenpifpaf_ros2_msgs__rosidl_typesupport_introspection_cpp.so" to ""
[5.785s] -- Installing: /root/openpifpaf_ros2/install/openpifpaf_ros2_msgs/lib/libopenpifpaf_ros2_msgs__rosidl_typesupport_cpp.so
[5.785s] -- Set runtime path of "/root/openpifpaf_ros2/install/openpifpaf_ros2_msgs/lib/libopenpifpaf_ros2_msgs__rosidl_typesupport_cpp.so" to ""
[5.785s] -- Installing: /root/openpifpaf_ros2/install/openpifpaf_ros2_msgs/share/openpifpaf_ros2_msgs/environment/pythonpath.sh
[5.785s] -- Installing: /root/openpifpaf_ros2/install/openpifpaf_ros2_msgs/share/openpifpaf_ros2_msgs/environment/pythonpath.dsv
[5.785s] -- Installing: /root/openpifpaf_ros2/install/openpifpaf_ros2_msgs/lib/python3.8/site-packages/openpifpaf_ros2_msgs/__init__.py
[5.806s] Compiling '/root/openpifpaf_ros2/install/openpifpaf_ros2_msgs/lib/python3.8/site-packages/openpifpaf_ros2_msgs/__init__.py'...
[5.810s] -- Installing: /root/openpifpaf_ros2/install/openpifpaf_ros2_msgs/lib/python3.8/site-packages/openpifpaf_ros2_msgs/msg
[5.810s] -- Installing: /root/openpifpaf_ros2/install/openpifpaf_ros2_msgs/lib/python3.8/site-packages/openpifpaf_ros2_msgs/msg/_poses.py
[5.810s] -- Installing: /root/openpifpaf_ros2/install/openpifpaf_ros2_msgs/lib/python3.8/site-packages/openpifpaf_ros2_msgs/msg/_person.py
[5.811s] -- Installing: /root/openpifpaf_ros2/install/openpifpaf_ros2_msgs/lib/python3.8/site-packages/openpifpaf_ros2_msgs/msg/_poses_s.c
[5.811s] -- Installing: /root/openpifpaf_ros2/install/openpifpaf_ros2_msgs/lib/python3.8/site-packages/openpifpaf_ros2_msgs/msg/_pose3_d_array.py
[5.811s] -- Installing: /root/openpifpaf_ros2/install/openpifpaf_ros2_msgs/lib/python3.8/site-packages/openpifpaf_ros2_msgs/msg/_pose.py
[5.811s] -- Installing: /root/openpifpaf_ros2/install/openpifpaf_ros2_msgs/lib/python3.8/site-packages/openpifpaf_ros2_msgs/msg/_pose3_d_array_s.c
[5.811s] -- Installing: /root/openpifpaf_ros2/install/openpifpaf_ros2_msgs/lib/python3.8/site-packages/openpifpaf_ros2_msgs/msg/_pose3_d_s.c
[5.811s] -- Installing: /root/openpifpaf_ros2/install/openpifpaf_ros2_msgs/lib/python3.8/site-packages/openpifpaf_ros2_msgs/msg/_pose3_d.py
[5.811s] -- Installing: /root/openpifpaf_ros2/install/openpifpaf_ros2_msgs/lib/python3.8/site-packages/openpifpaf_ros2_msgs/msg/_person_s.c
[5.811s] -- Installing: /root/openpifpaf_ros2/install/openpifpaf_ros2_msgs/lib/python3.8/site-packages/openpifpaf_ros2_msgs/msg/_pose_s.c
[5.811s] -- Installing: /root/openpifpaf_ros2/install/openpifpaf_ros2_msgs/lib/python3.8/site-packages/openpifpaf_ros2_msgs/msg/__init__.py
[5.812s] -- Installing: /root/openpifpaf_ros2/install/openpifpaf_ros2_msgs/lib/python3.8/site-packages/openpifpaf_ros2_msgs/openpifpaf_ros2_msgs_s__rosidl_typesupport_fastrtps_c.cpython-38-x86_64-linux-gnu.so
[5.812s] -- Set runtime path of "/root/openpifpaf_ros2/install/openpifpaf_ros2_msgs/lib/python3.8/site-packages/openpifpaf_ros2_msgs/openpifpaf_ros2_msgs_s__rosidl_typesupport_fastrtps_c.cpython-38-x86_64-linux-gnu.so" to ""
[5.812s] -- Installing: /root/openpifpaf_ros2/install/openpifpaf_ros2_msgs/lib/python3.8/site-packages/openpifpaf_ros2_msgs/openpifpaf_ros2_msgs_s__rosidl_typesupport_introspection_c.cpython-38-x86_64-linux-gnu.so
[5.813s] -- Set runtime path of "/root/openpifpaf_ros2/install/openpifpaf_ros2_msgs/lib/python3.8/site-packages/openpifpaf_ros2_msgs/openpifpaf_ros2_msgs_s__rosidl_typesupport_introspection_c.cpython-38-x86_64-linux-gnu.so" to ""
[5.813s] -- Installing: /root/openpifpaf_ros2/install/openpifpaf_ros2_msgs/lib/python3.8/site-packages/openpifpaf_ros2_msgs/openpifpaf_ros2_msgs_s__rosidl_typesupport_c.cpython-38-x86_64-linux-gnu.so
[5.813s] -- Set runtime path of "/root/openpifpaf_ros2/install/openpifpaf_ros2_msgs/lib/python3.8/site-packages/openpifpaf_ros2_msgs/openpifpaf_ros2_msgs_s__rosidl_typesupport_c.cpython-38-x86_64-linux-gnu.so" to ""
[5.813s] -- Installing: /root/openpifpaf_ros2/install/openpifpaf_ros2_msgs/lib/libopenpifpaf_ros2_msgs__python.so
[5.814s] -- Set runtime path of "/root/openpifpaf_ros2/install/openpifpaf_ros2_msgs/lib/libopenpifpaf_ros2_msgs__python.so" to ""
[5.814s] -- Installing: /root/openpifpaf_ros2/install/openpifpaf_ros2_msgs/share/openpifpaf_ros2_msgs/msg/Pose.idl
[5.814s] -- Installing: /root/openpifpaf_ros2/install/openpifpaf_ros2_msgs/share/openpifpaf_ros2_msgs/msg/Poses.idl
[5.815s] -- Installing: /root/openpifpaf_ros2/install/openpifpaf_ros2_msgs/share/openpifpaf_ros2_msgs/msg/Person.idl
[5.815s] -- Installing: /root/openpifpaf_ros2/install/openpifpaf_ros2_msgs/share/openpifpaf_ros2_msgs/msg/Pose3D.idl
[5.815s] -- Installing: /root/openpifpaf_ros2/install/openpifpaf_ros2_msgs/share/openpifpaf_ros2_msgs/msg/Pose3DArray.idl
[5.815s] -- Installing: /root/openpifpaf_ros2/install/openpifpaf_ros2_msgs/share/openpifpaf_ros2_msgs/msg/Pose.msg
[5.815s] -- Installing: /root/openpifpaf_ros2/install/openpifpaf_ros2_msgs/share/openpifpaf_ros2_msgs/msg/Poses.msg
[5.815s] -- Installing: /root/openpifpaf_ros2/install/openpifpaf_ros2_msgs/share/openpifpaf_ros2_msgs/msg/Person.msg
[5.815s] -- Installing: /root/openpifpaf_ros2/install/openpifpaf_ros2_msgs/share/openpifpaf_ros2_msgs/msg/Pose3D.msg
[5.816s] -- Installing: /root/openpifpaf_ros2/install/openpifpaf_ros2_msgs/share/openpifpaf_ros2_msgs/msg/Pose3DArray.msg
[5.816s] -- Installing: /root/openpifpaf_ros2/install/openpifpaf_ros2_msgs/share/ament_index/resource_index/package_run_dependencies/openpifpaf_ros2_msgs
[5.816s] -- Installing: /root/openpifpaf_ros2/install/openpifpaf_ros2_msgs/share/ament_index/resource_index/parent_prefix_path/openpifpaf_ros2_msgs
[5.816s] -- Installing: /root/openpifpaf_ros2/install/openpifpaf_ros2_msgs/share/openpifpaf_ros2_msgs/environment/ament_prefix_path.sh
[5.816s] -- Installing: /root/openpifpaf_ros2/install/openpifpaf_ros2_msgs/share/openpifpaf_ros2_msgs/environment/ament_prefix_path.dsv
[5.817s] -- Installing: /root/openpifpaf_ros2/install/openpifpaf_ros2_msgs/share/openpifpaf_ros2_msgs/environment/path.sh
[5.817s] -- Installing: /root/openpifpaf_ros2/install/openpifpaf_ros2_msgs/share/openpifpaf_ros2_msgs/environment/path.dsv
[5.817s] -- Installing: /root/openpifpaf_ros2/install/openpifpaf_ros2_msgs/share/openpifpaf_ros2_msgs/local_setup.bash
[5.817s] -- Installing: /root/openpifpaf_ros2/install/openpifpaf_ros2_msgs/share/openpifpaf_ros2_msgs/local_setup.sh
[5.817s] -- Installing: /root/openpifpaf_ros2/install/openpifpaf_ros2_msgs/share/openpifpaf_ros2_msgs/local_setup.zsh
[5.817s] -- Installing: /root/openpifpaf_ros2/install/openpifpaf_ros2_msgs/share/openpifpaf_ros2_msgs/local_setup.dsv
[5.817s] -- Installing: /root/openpifpaf_ros2/install/openpifpaf_ros2_msgs/share/openpifpaf_ros2_msgs/package.dsv
[5.817s] -- Installing: /root/openpifpaf_ros2/install/openpifpaf_ros2_msgs/share/ament_index/resource_index/packages/openpifpaf_ros2_msgs
[5.817s] -- Installing: /root/openpifpaf_ros2/install/openpifpaf_ros2_msgs/share/openpifpaf_ros2_msgs/cmake/openpifpaf_ros2_msgs__rosidl_generator_cExport.cmake
[5.817s] -- Installing: /root/openpifpaf_ros2/install/openpifpaf_ros2_msgs/share/openpifpaf_ros2_msgs/cmake/openpifpaf_ros2_msgs__rosidl_generator_cExport-noconfig.cmake
[5.818s] -- Installing: /root/openpifpaf_ros2/install/openpifpaf_ros2_msgs/share/openpifpaf_ros2_msgs/cmake/openpifpaf_ros2_msgs__rosidl_typesupport_introspection_cExport.cmake
[5.818s] -- Installing: /root/openpifpaf_ros2/install/openpifpaf_ros2_msgs/share/openpifpaf_ros2_msgs/cmake/openpifpaf_ros2_msgs__rosidl_typesupport_introspection_cExport-noconfig.cmake
[5.818s] -- Installing: /root/openpifpaf_ros2/install/openpifpaf_ros2_msgs/share/openpifpaf_ros2_msgs/cmake/openpifpaf_ros2_msgs__rosidl_typesupport_cExport.cmake
[5.818s] -- Installing: /root/openpifpaf_ros2/install/openpifpaf_ros2_msgs/share/openpifpaf_ros2_msgs/cmake/openpifpaf_ros2_msgs__rosidl_typesupport_cExport-noconfig.cmake
[5.818s] -- Installing: /root/openpifpaf_ros2/install/openpifpaf_ros2_msgs/share/openpifpaf_ros2_msgs/cmake/openpifpaf_ros2_msgs__rosidl_generator_cppExport.cmake
[5.818s] -- Installing: /root/openpifpaf_ros2/install/openpifpaf_ros2_msgs/share/openpifpaf_ros2_msgs/cmake/openpifpaf_ros2_msgs__rosidl_typesupport_introspection_cppExport.cmake
[5.818s] -- Installing: /root/openpifpaf_ros2/install/openpifpaf_ros2_msgs/share/openpifpaf_ros2_msgs/cmake/openpifpaf_ros2_msgs__rosidl_typesupport_introspection_cppExport-noconfig.cmake
[5.819s] -- Installing: /root/openpifpaf_ros2/install/openpifpaf_ros2_msgs/share/openpifpaf_ros2_msgs/cmake/openpifpaf_ros2_msgs__rosidl_typesupport_cppExport.cmake
[5.819s] -- Installing: /root/openpifpaf_ros2/install/openpifpaf_ros2_msgs/share/openpifpaf_ros2_msgs/cmake/openpifpaf_ros2_msgs__rosidl_typesupport_cppExport-noconfig.cmake
[5.819s] -- Installing: /root/openpifpaf_ros2/install/openpifpaf_ros2_msgs/share/openpifpaf_ros2_msgs/cmake/rosidl_cmake-extras.cmake
[5.819s] -- Installing: /root/openpifpaf_ros2/install/openpifpaf_ros2_msgs/share/openpifpaf_ros2_msgs/cmake/ament_cmake_export_dependencies-extras.cmake
[5.819s] -- Installing: /root/openpifpaf_ros2/install/openpifpaf_ros2_msgs/share/openpifpaf_ros2_msgs/cmake/ament_cmake_export_libraries-extras.cmake
[5.819s] -- Installing: /root/openpifpaf_ros2/install/openpifpaf_ros2_msgs/share/openpifpaf_ros2_msgs/cmake/ament_cmake_export_targets-extras.cmake
[5.820s] -- Installing: /root/openpifpaf_ros2/install/openpifpaf_ros2_msgs/share/openpifpaf_ros2_msgs/cmake/ament_cmake_export_include_directories-extras.cmake
[5.820s] -- Installing: /root/openpifpaf_ros2/install/openpifpaf_ros2_msgs/share/openpifpaf_ros2_msgs/cmake/rosidl_cmake_export_typesupport_libraries-extras.cmake
[5.820s] -- Installing: /root/openpifpaf_ros2/install/openpifpaf_ros2_msgs/share/openpifpaf_ros2_msgs/cmake/rosidl_cmake_export_typesupport_targets-extras.cmake
[5.820s] -- Installing: /root/openpifpaf_ros2/install/openpifpaf_ros2_msgs/share/openpifpaf_ros2_msgs/cmake/openpifpaf_ros2_msgsConfig.cmake
[5.820s] -- Installing: /root/openpifpaf_ros2/install/openpifpaf_ros2_msgs/share/openpifpaf_ros2_msgs/cmake/openpifpaf_ros2_msgsConfig-version.cmake
[5.820s] -- Installing: /root/openpifpaf_ros2/install/openpifpaf_ros2_msgs/share/openpifpaf_ros2_msgs/package.xml
[5.824s] Invoked command in '/root/openpifpaf_ros2/build/openpifpaf_ros2_msgs' returned '0': CMAKE_PREFIX_PATH=/opt/ros/foxy _=/usr/bin/env /usr/bin/cmake --install /root/openpifpaf_ros2/build/openpifpaf_ros2_msgs
