[0.131s] DEBUG:colcon:Command line arguments: ['/usr/bin/colcon', 'build']
[0.131s] DEBUG:colcon:Parsed command line arguments: Namespace(ament_cmake_args=None, base_paths=['.'], build_base='build', catkin_cmake_args=None, catkin_skip_building_tests=False, cmake_args=None, cmake_clean_cache=False, cmake_clean_first=False, cmake_force_configure=False, cmake_target=None, cmake_target_skip_unavailable=False, continue_on_error=False, event_handlers=None, executor='parallel', ignore_user_meta=False, install_base='install', log_base=None, log_level=None, main=<bound method BuildVerb.main of <colcon_core.verb.build.BuildVerb object at 0x7fe35e7c8970>>, merge_install=False, metas=['./colcon.meta'], packages_above=None, packages_above_and_dependencies=None, packages_above_depth=None, packages_end=None, packages_ignore=None, packages_ignore_regex=None, packages_select=None, packages_select_build_failed=False, packages_select_by_dep=None, packages_select_regex=None, packages_select_test_failures=False, packages_skip=None, packages_skip_build_finished=False, packages_skip_by_dep=None, packages_skip_regex=None, packages_skip_test_passed=False, packages_skip_up_to=None, packages_start=None, packages_up_to=None, packages_up_to_regex=None, parallel_workers=12, paths=None, symlink_install=False, test_result_base=None, verb_extension=<colcon_core.verb.build.BuildVerb object at 0x7fe35e7c8970>, verb_name='build', verb_parser=<colcon_defaults.argument_parser.defaults.DefaultArgumentsDecorator object at 0x7fe35e7c8ee0>)
[0.158s] Level 1:colcon.colcon_core.package_discovery:discover_packages(colcon_meta) check parameters
[0.158s] Level 1:colcon.colcon_core.package_discovery:discover_packages(recursive) check parameters
[0.158s] Level 1:colcon.colcon_core.package_discovery:discover_packages(ignore) check parameters
[0.158s] Level 1:colcon.colcon_core.package_discovery:discover_packages(path) check parameters
[0.158s] Level 1:colcon.colcon_core.package_discovery:discover_packages(colcon_meta) discover
[0.159s] Level 1:colcon.colcon_core.package_discovery:discover_packages(recursive) discover
[0.159s] INFO:colcon.colcon_core.package_discovery:Crawling recursively for packages in '/root/openpifpaf_ros2'
[0.159s] Level 1:colcon.colcon_core.package_identification:_identify(.) by extensions ['ignore', 'ignore_ament_install']
[0.159s] Level 1:colcon.colcon_core.package_identification:_identify(.) by extension 'ignore'
[0.159s] Level 1:colcon.colcon_core.package_identification:_identify(.) by extension 'ignore_ament_install'
[0.159s] Level 1:colcon.colcon_core.package_identification:_identify(.) by extensions ['colcon_pkg']
[0.159s] Level 1:colcon.colcon_core.package_identification:_identify(.) by extension 'colcon_pkg'
[0.159s] Level 1:colcon.colcon_core.package_identification:_identify(.) by extensions ['colcon_meta']
[0.160s] Level 1:colcon.colcon_core.package_identification:_identify(.) by extension 'colcon_meta'
[0.160s] Level 1:colcon.colcon_core.package_identification:_identify(.) by extensions ['ros']
[0.160s] Level 1:colcon.colcon_core.package_identification:_identify(.) by extension 'ros'
[0.170s] Level 1:colcon.colcon_core.package_identification:_identify(.) by extensions ['cmake', 'python']
[0.170s] Level 1:colcon.colcon_core.package_identification:_identify(.) by extension 'cmake'
[0.170s] Level 1:colcon.colcon_core.package_identification:_identify(.) by extension 'python'
[0.170s] Level 1:colcon.colcon_core.package_identification:_identify(.) by extensions ['python_setup_py']
[0.170s] Level 1:colcon.colcon_core.package_identification:_identify(.) by extension 'python_setup_py'
[0.171s] Level 1:colcon.colcon_core.package_identification:_identify(build) by extensions ['ignore', 'ignore_ament_install']
[0.171s] Level 1:colcon.colcon_core.package_identification:_identify(build) by extension 'ignore'
[0.171s] Level 1:colcon.colcon_core.package_identification:_identify(build) ignored
[0.171s] Level 1:colcon.colcon_core.package_identification:_identify(install) by extensions ['ignore', 'ignore_ament_install']
[0.171s] Level 1:colcon.colcon_core.package_identification:_identify(install) by extension 'ignore'
[0.171s] Level 1:colcon.colcon_core.package_identification:_identify(install) ignored
[0.171s] Level 1:colcon.colcon_core.package_identification:_identify(log) by extensions ['ignore', 'ignore_ament_install']
[0.172s] Level 1:colcon.colcon_core.package_identification:_identify(log) by extension 'ignore'
[0.172s] Level 1:colcon.colcon_core.package_identification:_identify(log) ignored
[0.172s] Level 1:colcon.colcon_core.package_identification:_identify(opencr_update) by extensions ['ignore', 'ignore_ament_install']
[0.172s] Level 1:colcon.colcon_core.package_identification:_identify(opencr_update) by extension 'ignore'
[0.172s] Level 1:colcon.colcon_core.package_identification:_identify(opencr_update) by extension 'ignore_ament_install'
[0.172s] Level 1:colcon.colcon_core.package_identification:_identify(opencr_update) by extensions ['colcon_pkg']
[0.172s] Level 1:colcon.colcon_core.package_identification:_identify(opencr_update) by extension 'colcon_pkg'
[0.172s] Level 1:colcon.colcon_core.package_identification:_identify(opencr_update) by extensions ['colcon_meta']
[0.172s] Level 1:colcon.colcon_core.package_identification:_identify(opencr_update) by extension 'colcon_meta'
[0.172s] Level 1:colcon.colcon_core.package_identification:_identify(opencr_update) by extensions ['ros']
[0.172s] Level 1:colcon.colcon_core.package_identification:_identify(opencr_update) by extension 'ros'
[0.172s] Level 1:colcon.colcon_core.package_identification:_identify(opencr_update) by extensions ['cmake', 'python']
[0.172s] Level 1:colcon.colcon_core.package_identification:_identify(opencr_update) by extension 'cmake'
[0.172s] Level 1:colcon.colcon_core.package_identification:_identify(opencr_update) by extension 'python'
[0.172s] Level 1:colcon.colcon_core.package_identification:_identify(opencr_update) by extensions ['python_setup_py']
[0.172s] Level 1:colcon.colcon_core.package_identification:_identify(opencr_update) by extension 'python_setup_py'
[0.172s] Level 1:colcon.colcon_core.package_identification:_identify(src) by extensions ['ignore', 'ignore_ament_install']
[0.172s] Level 1:colcon.colcon_core.package_identification:_identify(src) by extension 'ignore'
[0.172s] Level 1:colcon.colcon_core.package_identification:_identify(src) by extension 'ignore_ament_install'
[0.173s] Level 1:colcon.colcon_core.package_identification:_identify(src) by extensions ['colcon_pkg']
[0.173s] Level 1:colcon.colcon_core.package_identification:_identify(src) by extension 'colcon_pkg'
[0.173s] Level 1:colcon.colcon_core.package_identification:_identify(src) by extensions ['colcon_meta']
[0.173s] Level 1:colcon.colcon_core.package_identification:_identify(src) by extension 'colcon_meta'
[0.173s] Level 1:colcon.colcon_core.package_identification:_identify(src) by extensions ['ros']
[0.173s] Level 1:colcon.colcon_core.package_identification:_identify(src) by extension 'ros'
[0.173s] Level 1:colcon.colcon_core.package_identification:_identify(src) by extensions ['cmake', 'python']
[0.173s] Level 1:colcon.colcon_core.package_identification:_identify(src) by extension 'cmake'
[0.173s] Level 1:colcon.colcon_core.package_identification:_identify(src) by extension 'python'
[0.173s] Level 1:colcon.colcon_core.package_identification:_identify(src) by extensions ['python_setup_py']
[0.173s] Level 1:colcon.colcon_core.package_identification:_identify(src) by extension 'python_setup_py'
[0.173s] Level 1:colcon.colcon_core.package_identification:_identify(src/openpifpaf_ros2_msgs) by extensions ['ignore', 'ignore_ament_install']
[0.173s] Level 1:colcon.colcon_core.package_identification:_identify(src/openpifpaf_ros2_msgs) by extension 'ignore'
[0.173s] Level 1:colcon.colcon_core.package_identification:_identify(src/openpifpaf_ros2_msgs) by extension 'ignore_ament_install'
[0.173s] Level 1:colcon.colcon_core.package_identification:_identify(src/openpifpaf_ros2_msgs) by extensions ['colcon_pkg']
[0.173s] Level 1:colcon.colcon_core.package_identification:_identify(src/openpifpaf_ros2_msgs) by extension 'colcon_pkg'
[0.173s] Level 1:colcon.colcon_core.package_identification:_identify(src/openpifpaf_ros2_msgs) by extensions ['colcon_meta']
[0.173s] Level 1:colcon.colcon_core.package_identification:_identify(src/openpifpaf_ros2_msgs) by extension 'colcon_meta'
[0.173s] Level 1:colcon.colcon_core.package_identification:_identify(src/openpifpaf_ros2_msgs) by extensions ['ros']
[0.173s] Level 1:colcon.colcon_core.package_identification:_identify(src/openpifpaf_ros2_msgs) by extension 'ros'
[0.176s] DEBUG:colcon.colcon_core.package_identification:Package 'src/openpifpaf_ros2_msgs' with type 'ros.ament_cmake' and name 'openpifpaf_ros2_msgs'
[0.176s] Level 1:colcon.colcon_core.package_identification:_identify(src/openpifpaf_ros2_node) by extensions ['ignore', 'ignore_ament_install']
[0.176s] Level 1:colcon.colcon_core.package_identification:_identify(src/openpifpaf_ros2_node) by extension 'ignore'
[0.176s] Level 1:colcon.colcon_core.package_identification:_identify(src/openpifpaf_ros2_node) by extension 'ignore_ament_install'
[0.176s] Level 1:colcon.colcon_core.package_identification:_identify(src/openpifpaf_ros2_node) by extensions ['colcon_pkg']
[0.176s] Level 1:colcon.colcon_core.package_identification:_identify(src/openpifpaf_ros2_node) by extension 'colcon_pkg'
[0.176s] Level 1:colcon.colcon_core.package_identification:_identify(src/openpifpaf_ros2_node) by extensions ['colcon_meta']
[0.176s] Level 1:colcon.colcon_core.package_identification:_identify(src/openpifpaf_ros2_node) by extension 'colcon_meta'
[0.176s] Level 1:colcon.colcon_core.package_identification:_identify(src/openpifpaf_ros2_node) by extensions ['ros']
[0.176s] Level 1:colcon.colcon_core.package_identification:_identify(src/openpifpaf_ros2_node) by extension 'ros'
[0.177s] DEBUG:colcon.colcon_core.package_identification:Package 'src/openpifpaf_ros2_node' with type 'ros.ament_python' and name 'openpifpaf_ros2_node'
[0.177s] Level 1:colcon.colcon_core.package_identification:_identify(src/pose_checker) by extensions ['ignore', 'ignore_ament_install']
[0.177s] Level 1:colcon.colcon_core.package_identification:_identify(src/pose_checker) by extension 'ignore'
[0.177s] Level 1:colcon.colcon_core.package_identification:_identify(src/pose_checker) by extension 'ignore_ament_install'
[0.177s] Level 1:colcon.colcon_core.package_identification:_identify(src/pose_checker) by extensions ['colcon_pkg']
[0.177s] Level 1:colcon.colcon_core.package_identification:_identify(src/pose_checker) by extension 'colcon_pkg'
[0.177s] Level 1:colcon.colcon_core.package_identification:_identify(src/pose_checker) by extensions ['colcon_meta']
[0.177s] Level 1:colcon.colcon_core.package_identification:_identify(src/pose_checker) by extension 'colcon_meta'
[0.177s] Level 1:colcon.colcon_core.package_identification:_identify(src/pose_checker) by extensions ['ros']
[0.177s] Level 1:colcon.colcon_core.package_identification:_identify(src/pose_checker) by extension 'ros'
[0.178s] DEBUG:colcon.colcon_core.package_identification:Package 'src/pose_checker' with type 'ros.ament_python' and name 'pose_checker'
[0.178s] Level 1:colcon.colcon_core.package_identification:_identify(src/realsense-ros) by extensions ['ignore', 'ignore_ament_install']
[0.178s] Level 1:colcon.colcon_core.package_identification:_identify(src/realsense-ros) by extension 'ignore'
[0.178s] Level 1:colcon.colcon_core.package_identification:_identify(src/realsense-ros) by extension 'ignore_ament_install'
[0.178s] Level 1:colcon.colcon_core.package_identification:_identify(src/realsense-ros) by extensions ['colcon_pkg']
[0.178s] Level 1:colcon.colcon_core.package_identification:_identify(src/realsense-ros) by extension 'colcon_pkg'
[0.178s] Level 1:colcon.colcon_core.package_identification:_identify(src/realsense-ros) by extensions ['colcon_meta']
[0.178s] Level 1:colcon.colcon_core.package_identification:_identify(src/realsense-ros) by extension 'colcon_meta'
[0.178s] Level 1:colcon.colcon_core.package_identification:_identify(src/realsense-ros) by extensions ['ros']
[0.178s] Level 1:colcon.colcon_core.package_identification:_identify(src/realsense-ros) by extension 'ros'
[0.178s] Level 1:colcon.colcon_core.package_identification:_identify(src/realsense-ros) by extensions ['cmake', 'python']
[0.178s] Level 1:colcon.colcon_core.package_identification:_identify(src/realsense-ros) by extension 'cmake'
[0.179s] Level 1:colcon.colcon_core.package_identification:_identify(src/realsense-ros) by extension 'python'
[0.179s] Level 1:colcon.colcon_core.package_identification:_identify(src/realsense-ros) by extensions ['python_setup_py']
[0.179s] Level 1:colcon.colcon_core.package_identification:_identify(src/realsense-ros) by extension 'python_setup_py'
[0.179s] Level 1:colcon.colcon_core.package_identification:_identify(src/realsense-ros/realsense2_camera) by extensions ['ignore', 'ignore_ament_install']
[0.179s] Level 1:colcon.colcon_core.package_identification:_identify(src/realsense-ros/realsense2_camera) by extension 'ignore'
[0.179s] Level 1:colcon.colcon_core.package_identification:_identify(src/realsense-ros/realsense2_camera) by extension 'ignore_ament_install'
[0.179s] Level 1:colcon.colcon_core.package_identification:_identify(src/realsense-ros/realsense2_camera) by extensions ['colcon_pkg']
[0.179s] Level 1:colcon.colcon_core.package_identification:_identify(src/realsense-ros/realsense2_camera) by extension 'colcon_pkg'
[0.179s] Level 1:colcon.colcon_core.package_identification:_identify(src/realsense-ros/realsense2_camera) by extensions ['colcon_meta']
[0.179s] Level 1:colcon.colcon_core.package_identification:_identify(src/realsense-ros/realsense2_camera) by extension 'colcon_meta'
[0.179s] Level 1:colcon.colcon_core.package_identification:_identify(src/realsense-ros/realsense2_camera) by extensions ['ros']
[0.179s] Level 1:colcon.colcon_core.package_identification:_identify(src/realsense-ros/realsense2_camera) by extension 'ros'
[0.183s] DEBUG:colcon.colcon_core.package_identification:Package 'src/realsense-ros/realsense2_camera' with type 'ros.ament_cmake' and name 'realsense2_camera'
[0.183s] Level 1:colcon.colcon_core.package_identification:_identify(src/realsense-ros/realsense2_camera_msgs) by extensions ['ignore', 'ignore_ament_install']
[0.183s] Level 1:colcon.colcon_core.package_identification:_identify(src/realsense-ros/realsense2_camera_msgs) by extension 'ignore'
[0.183s] Level 1:colcon.colcon_core.package_identification:_identify(src/realsense-ros/realsense2_camera_msgs) by extension 'ignore_ament_install'
[0.183s] Level 1:colcon.colcon_core.package_identification:_identify(src/realsense-ros/realsense2_camera_msgs) by extensions ['colcon_pkg']
[0.183s] Level 1:colcon.colcon_core.package_identification:_identify(src/realsense-ros/realsense2_camera_msgs) by extension 'colcon_pkg'
[0.183s] Level 1:colcon.colcon_core.package_identification:_identify(src/realsense-ros/realsense2_camera_msgs) by extensions ['colcon_meta']
[0.184s] Level 1:colcon.colcon_core.package_identification:_identify(src/realsense-ros/realsense2_camera_msgs) by extension 'colcon_meta'
[0.184s] Level 1:colcon.colcon_core.package_identification:_identify(src/realsense-ros/realsense2_camera_msgs) by extensions ['ros']
[0.184s] Level 1:colcon.colcon_core.package_identification:_identify(src/realsense-ros/realsense2_camera_msgs) by extension 'ros'
[0.184s] DEBUG:colcon.colcon_core.package_identification:Package 'src/realsense-ros/realsense2_camera_msgs' with type 'ros.ament_cmake' and name 'realsense2_camera_msgs'
[0.185s] Level 1:colcon.colcon_core.package_identification:_identify(src/realsense-ros/realsense2_description) by extensions ['ignore', 'ignore_ament_install']
[0.185s] Level 1:colcon.colcon_core.package_identification:_identify(src/realsense-ros/realsense2_description) by extension 'ignore'
[0.185s] Level 1:colcon.colcon_core.package_identification:_identify(src/realsense-ros/realsense2_description) by extension 'ignore_ament_install'
[0.185s] Level 1:colcon.colcon_core.package_identification:_identify(src/realsense-ros/realsense2_description) by extensions ['colcon_pkg']
[0.185s] Level 1:colcon.colcon_core.package_identification:_identify(src/realsense-ros/realsense2_description) by extension 'colcon_pkg'
[0.185s] Level 1:colcon.colcon_core.package_identification:_identify(src/realsense-ros/realsense2_description) by extensions ['colcon_meta']
[0.185s] Level 1:colcon.colcon_core.package_identification:_identify(src/realsense-ros/realsense2_description) by extension 'colcon_meta'
[0.185s] Level 1:colcon.colcon_core.package_identification:_identify(src/realsense-ros/realsense2_description) by extensions ['ros']
[0.185s] Level 1:colcon.colcon_core.package_identification:_identify(src/realsense-ros/realsense2_description) by extension 'ros'
[0.186s] DEBUG:colcon.colcon_core.package_identification:Package 'src/realsense-ros/realsense2_description' with type 'ros.ament_cmake' and name 'realsense2_description'
[0.187s] Level 1:colcon.colcon_core.package_identification:_identify(src/rgbd_openpifpaf_ros2) by extensions ['ignore', 'ignore_ament_install']
[0.187s] Level 1:colcon.colcon_core.package_identification:_identify(src/rgbd_openpifpaf_ros2) by extension 'ignore'
[0.187s] Level 1:colcon.colcon_core.package_identification:_identify(src/rgbd_openpifpaf_ros2) by extension 'ignore_ament_install'
[0.187s] Level 1:colcon.colcon_core.package_identification:_identify(src/rgbd_openpifpaf_ros2) by extensions ['colcon_pkg']
[0.187s] Level 1:colcon.colcon_core.package_identification:_identify(src/rgbd_openpifpaf_ros2) by extension 'colcon_pkg'
[0.187s] Level 1:colcon.colcon_core.package_identification:_identify(src/rgbd_openpifpaf_ros2) by extensions ['colcon_meta']
[0.187s] Level 1:colcon.colcon_core.package_identification:_identify(src/rgbd_openpifpaf_ros2) by extension 'colcon_meta'
[0.187s] Level 1:colcon.colcon_core.package_identification:_identify(src/rgbd_openpifpaf_ros2) by extensions ['ros']
[0.187s] Level 1:colcon.colcon_core.package_identification:_identify(src/rgbd_openpifpaf_ros2) by extension 'ros'
[0.188s] DEBUG:colcon.colcon_core.package_identification:Package 'src/rgbd_openpifpaf_ros2' with type 'ros.ament_python' and name 'rgbd_openpifpaf_ros2'
[0.188s] Level 1:colcon.colcon_core.package_discovery:discover_packages(recursive) using defaults
[0.188s] Level 1:colcon.colcon_core.package_discovery:discover_packages(ignore) discover
[0.188s] Level 1:colcon.colcon_core.package_discovery:discover_packages(ignore) using defaults
[0.188s] Level 1:colcon.colcon_core.package_discovery:discover_packages(path) discover
[0.188s] Level 1:colcon.colcon_core.package_discovery:discover_packages(path) using defaults
[0.215s] Level 5:colcon.colcon_core.verb:set package 'openpifpaf_ros2_msgs' build argument 'cmake_args' from command line to 'None'
[0.215s] Level 5:colcon.colcon_core.verb:set package 'openpifpaf_ros2_msgs' build argument 'cmake_target' from command line to 'None'
[0.215s] Level 5:colcon.colcon_core.verb:set package 'openpifpaf_ros2_msgs' build argument 'cmake_target_skip_unavailable' from command line to 'False'
[0.215s] Level 5:colcon.colcon_core.verb:set package 'openpifpaf_ros2_msgs' build argument 'cmake_clean_cache' from command line to 'False'
[0.215s] Level 5:colcon.colcon_core.verb:set package 'openpifpaf_ros2_msgs' build argument 'cmake_clean_first' from command line to 'False'
[0.215s] Level 5:colcon.colcon_core.verb:set package 'openpifpaf_ros2_msgs' build argument 'cmake_force_configure' from command line to 'False'
[0.215s] Level 5:colcon.colcon_core.verb:set package 'openpifpaf_ros2_msgs' build argument 'ament_cmake_args' from command line to 'None'
[0.215s] Level 5:colcon.colcon_core.verb:set package 'openpifpaf_ros2_msgs' build argument 'catkin_cmake_args' from command line to 'None'
[0.216s] Level 5:colcon.colcon_core.verb:set package 'openpifpaf_ros2_msgs' build argument 'catkin_skip_building_tests' from command line to 'False'
[0.216s] DEBUG:colcon.colcon_core.verb:Building package 'openpifpaf_ros2_msgs' with the following arguments: {'ament_cmake_args': None, 'build_base': '/root/openpifpaf_ros2/build/openpifpaf_ros2_msgs', 'catkin_cmake_args': None, 'catkin_skip_building_tests': False, 'cmake_args': None, 'cmake_clean_cache': False, 'cmake_clean_first': False, 'cmake_force_configure': False, 'cmake_target': None, 'cmake_target_skip_unavailable': False, 'install_base': '/root/openpifpaf_ros2/install/openpifpaf_ros2_msgs', 'merge_install': False, 'path': '/root/openpifpaf_ros2/src/openpifpaf_ros2_msgs', 'symlink_install': False, 'test_result_base': None}
[0.217s] Level 5:colcon.colcon_core.verb:set package 'pose_checker' build argument 'cmake_args' from command line to 'None'
[0.217s] Level 5:colcon.colcon_core.verb:set package 'pose_checker' build argument 'cmake_target' from command line to 'None'
[0.217s] Level 5:colcon.colcon_core.verb:set package 'pose_checker' build argument 'cmake_target_skip_unavailable' from command line to 'False'
[0.217s] Level 5:colcon.colcon_core.verb:set package 'pose_checker' build argument 'cmake_clean_cache' from command line to 'False'
[0.217s] Level 5:colcon.colcon_core.verb:set package 'pose_checker' build argument 'cmake_clean_first' from command line to 'False'
[0.217s] Level 5:colcon.colcon_core.verb:set package 'pose_checker' build argument 'cmake_force_configure' from command line to 'False'
[0.217s] Level 5:colcon.colcon_core.verb:set package 'pose_checker' build argument 'ament_cmake_args' from command line to 'None'
[0.218s] Level 5:colcon.colcon_core.verb:set package 'pose_checker' build argument 'catkin_cmake_args' from command line to 'None'
[0.218s] Level 5:colcon.colcon_core.verb:set package 'pose_checker' build argument 'catkin_skip_building_tests' from command line to 'False'
[0.218s] DEBUG:colcon.colcon_core.verb:Building package 'pose_checker' with the following arguments: {'ament_cmake_args': None, 'build_base': '/root/openpifpaf_ros2/build/pose_checker', 'catkin_cmake_args': None, 'catkin_skip_building_tests': False, 'cmake_args': None, 'cmake_clean_cache': False, 'cmake_clean_first': False, 'cmake_force_configure': False, 'cmake_target': None, 'cmake_target_skip_unavailable': False, 'install_base': '/root/openpifpaf_ros2/install/pose_checker', 'merge_install': False, 'path': '/root/openpifpaf_ros2/src/pose_checker', 'symlink_install': False, 'test_result_base': None}
[0.219s] Level 5:colcon.colcon_core.verb:set package 'realsense2_camera_msgs' build argument 'cmake_args' from command line to 'None'
[0.219s] Level 5:colcon.colcon_core.verb:set package 'realsense2_camera_msgs' build argument 'cmake_target' from command line to 'None'
[0.219s] Level 5:colcon.colcon_core.verb:set package 'realsense2_camera_msgs' build argument 'cmake_target_skip_unavailable' from command line to 'False'
[0.219s] Level 5:colcon.colcon_core.verb:set package 'realsense2_camera_msgs' build argument 'cmake_clean_cache' from command line to 'False'
[0.219s] Level 5:colcon.colcon_core.verb:set package 'realsense2_camera_msgs' build argument 'cmake_clean_first' from command line to 'False'
[0.219s] Level 5:colcon.colcon_core.verb:set package 'realsense2_camera_msgs' build argument 'cmake_force_configure' from command line to 'False'
[0.219s] Level 5:colcon.colcon_core.verb:set package 'realsense2_camera_msgs' build argument 'ament_cmake_args' from command line to 'None'
[0.219s] Level 5:colcon.colcon_core.verb:set package 'realsense2_camera_msgs' build argument 'catkin_cmake_args' from command line to 'None'
[0.220s] Level 5:colcon.colcon_core.verb:set package 'realsense2_camera_msgs' build argument 'catkin_skip_building_tests' from command line to 'False'
[0.220s] DEBUG:colcon.colcon_core.verb:Building package 'realsense2_camera_msgs' with the following arguments: {'ament_cmake_args': None, 'build_base': '/root/openpifpaf_ros2/build/realsense2_camera_msgs', 'catkin_cmake_args': None, 'catkin_skip_building_tests': False, 'cmake_args': None, 'cmake_clean_cache': False, 'cmake_clean_first': False, 'cmake_force_configure': False, 'cmake_target': None, 'cmake_target_skip_unavailable': False, 'install_base': '/root/openpifpaf_ros2/install/realsense2_camera_msgs', 'merge_install': False, 'path': '/root/openpifpaf_ros2/src/realsense-ros/realsense2_camera_msgs', 'symlink_install': False, 'test_result_base': None}
[0.221s] Level 5:colcon.colcon_core.verb:set package 'openpifpaf_ros2_node' build argument 'cmake_args' from command line to 'None'
[0.221s] Level 5:colcon.colcon_core.verb:set package 'openpifpaf_ros2_node' build argument 'cmake_target' from command line to 'None'
[0.221s] Level 5:colcon.colcon_core.verb:set package 'openpifpaf_ros2_node' build argument 'cmake_target_skip_unavailable' from command line to 'False'
[0.221s] Level 5:colcon.colcon_core.verb:set package 'openpifpaf_ros2_node' build argument 'cmake_clean_cache' from command line to 'False'
[0.221s] Level 5:colcon.colcon_core.verb:set package 'openpifpaf_ros2_node' build argument 'cmake_clean_first' from command line to 'False'
[0.221s] Level 5:colcon.colcon_core.verb:set package 'openpifpaf_ros2_node' build argument 'cmake_force_configure' from command line to 'False'
[0.221s] Level 5:colcon.colcon_core.verb:set package 'openpifpaf_ros2_node' build argument 'ament_cmake_args' from command line to 'None'
[0.221s] Level 5:colcon.colcon_core.verb:set package 'openpifpaf_ros2_node' build argument 'catkin_cmake_args' from command line to 'None'
[0.222s] Level 5:colcon.colcon_core.verb:set package 'openpifpaf_ros2_node' build argument 'catkin_skip_building_tests' from command line to 'False'
[0.222s] DEBUG:colcon.colcon_core.verb:Building package 'openpifpaf_ros2_node' with the following arguments: {'ament_cmake_args': None, 'build_base': '/root/openpifpaf_ros2/build/openpifpaf_ros2_node', 'catkin_cmake_args': None, 'catkin_skip_building_tests': False, 'cmake_args': None, 'cmake_clean_cache': False, 'cmake_clean_first': False, 'cmake_force_configure': False, 'cmake_target': None, 'cmake_target_skip_unavailable': False, 'install_base': '/root/openpifpaf_ros2/install/openpifpaf_ros2_node', 'merge_install': False, 'path': '/root/openpifpaf_ros2/src/openpifpaf_ros2_node', 'symlink_install': False, 'test_result_base': None}
[0.223s] Level 5:colcon.colcon_core.verb:set package 'realsense2_camera' build argument 'cmake_args' from command line to 'None'
[0.223s] Level 5:colcon.colcon_core.verb:set package 'realsense2_camera' build argument 'cmake_target' from command line to 'None'
[0.223s] Level 5:colcon.colcon_core.verb:set package 'realsense2_camera' build argument 'cmake_target_skip_unavailable' from command line to 'False'
[0.223s] Level 5:colcon.colcon_core.verb:set package 'realsense2_camera' build argument 'cmake_clean_cache' from command line to 'False'
[0.223s] Level 5:colcon.colcon_core.verb:set package 'realsense2_camera' build argument 'cmake_clean_first' from command line to 'False'
[0.223s] Level 5:colcon.colcon_core.verb:set package 'realsense2_camera' build argument 'cmake_force_configure' from command line to 'False'
[0.223s] Level 5:colcon.colcon_core.verb:set package 'realsense2_camera' build argument 'ament_cmake_args' from command line to 'None'
[0.223s] Level 5:colcon.colcon_core.verb:set package 'realsense2_camera' build argument 'catkin_cmake_args' from command line to 'None'
[0.224s] Level 5:colcon.colcon_core.verb:set package 'realsense2_camera' build argument 'catkin_skip_building_tests' from command line to 'False'
[0.224s] DEBUG:colcon.colcon_core.verb:Building package 'realsense2_camera' with the following arguments: {'ament_cmake_args': None, 'build_base': '/root/openpifpaf_ros2/build/realsense2_camera', 'catkin_cmake_args': None, 'catkin_skip_building_tests': False, 'cmake_args': None, 'cmake_clean_cache': False, 'cmake_clean_first': False, 'cmake_force_configure': False, 'cmake_target': None, 'cmake_target_skip_unavailable': False, 'install_base': '/root/openpifpaf_ros2/install/realsense2_camera', 'merge_install': False, 'path': '/root/openpifpaf_ros2/src/realsense-ros/realsense2_camera', 'symlink_install': False, 'test_result_base': None}
[0.225s] Level 5:colcon.colcon_core.verb:set package 'realsense2_description' build argument 'cmake_args' from command line to 'None'
[0.225s] Level 5:colcon.colcon_core.verb:set package 'realsense2_description' build argument 'cmake_target' from command line to 'None'
[0.225s] Level 5:colcon.colcon_core.verb:set package 'realsense2_description' build argument 'cmake_target_skip_unavailable' from command line to 'False'
[0.225s] Level 5:colcon.colcon_core.verb:set package 'realsense2_description' build argument 'cmake_clean_cache' from command line to 'False'
[0.225s] Level 5:colcon.colcon_core.verb:set package 'realsense2_description' build argument 'cmake_clean_first' from command line to 'False'
[0.225s] Level 5:colcon.colcon_core.verb:set package 'realsense2_description' build argument 'cmake_force_configure' from command line to 'False'
[0.225s] Level 5:colcon.colcon_core.verb:set package 'realsense2_description' build argument 'ament_cmake_args' from command line to 'None'
[0.225s] Level 5:colcon.colcon_core.verb:set package 'realsense2_description' build argument 'catkin_cmake_args' from command line to 'None'
[0.226s] Level 5:colcon.colcon_core.verb:set package 'realsense2_description' build argument 'catkin_skip_building_tests' from command line to 'False'
[0.226s] DEBUG:colcon.colcon_core.verb:Building package 'realsense2_description' with the following arguments: {'ament_cmake_args': None, 'build_base': '/root/openpifpaf_ros2/build/realsense2_description', 'catkin_cmake_args': None, 'catkin_skip_building_tests': False, 'cmake_args': None, 'cmake_clean_cache': False, 'cmake_clean_first': False, 'cmake_force_configure': False, 'cmake_target': None, 'cmake_target_skip_unavailable': False, 'install_base': '/root/openpifpaf_ros2/install/realsense2_description', 'merge_install': False, 'path': '/root/openpifpaf_ros2/src/realsense-ros/realsense2_description', 'symlink_install': False, 'test_result_base': None}
[0.227s] Level 5:colcon.colcon_core.verb:set package 'rgbd_openpifpaf_ros2' build argument 'cmake_args' from command line to 'None'
[0.227s] Level 5:colcon.colcon_core.verb:set package 'rgbd_openpifpaf_ros2' build argument 'cmake_target' from command line to 'None'
[0.227s] Level 5:colcon.colcon_core.verb:set package 'rgbd_openpifpaf_ros2' build argument 'cmake_target_skip_unavailable' from command line to 'False'
[0.227s] Level 5:colcon.colcon_core.verb:set package 'rgbd_openpifpaf_ros2' build argument 'cmake_clean_cache' from command line to 'False'
[0.227s] Level 5:colcon.colcon_core.verb:set package 'rgbd_openpifpaf_ros2' build argument 'cmake_clean_first' from command line to 'False'
[0.227s] Level 5:colcon.colcon_core.verb:set package 'rgbd_openpifpaf_ros2' build argument 'cmake_force_configure' from command line to 'False'
[0.227s] Level 5:colcon.colcon_core.verb:set package 'rgbd_openpifpaf_ros2' build argument 'ament_cmake_args' from command line to 'None'
[0.227s] Level 5:colcon.colcon_core.verb:set package 'rgbd_openpifpaf_ros2' build argument 'catkin_cmake_args' from command line to 'None'
[0.227s] Level 5:colcon.colcon_core.verb:set package 'rgbd_openpifpaf_ros2' build argument 'catkin_skip_building_tests' from command line to 'False'
[0.228s] DEBUG:colcon.colcon_core.verb:Building package 'rgbd_openpifpaf_ros2' with the following arguments: {'ament_cmake_args': None, 'build_base': '/root/openpifpaf_ros2/build/rgbd_openpifpaf_ros2', 'catkin_cmake_args': None, 'catkin_skip_building_tests': False, 'cmake_args': None, 'cmake_clean_cache': False, 'cmake_clean_first': False, 'cmake_force_configure': False, 'cmake_target': None, 'cmake_target_skip_unavailable': False, 'install_base': '/root/openpifpaf_ros2/install/rgbd_openpifpaf_ros2', 'merge_install': False, 'path': '/root/openpifpaf_ros2/src/rgbd_openpifpaf_ros2', 'symlink_install': False, 'test_result_base': None}
[0.229s] INFO:colcon.colcon_core.executor:Executing jobs using 'parallel' executor
[0.233s] DEBUG:colcon.colcon_parallel_executor.executor.parallel:run_until_complete
[0.233s] INFO:colcon.colcon_ros.task.ament_cmake.build:Building ROS package in '/root/openpifpaf_ros2/src/openpifpaf_ros2_msgs' with build type 'ament_cmake'
[0.233s] INFO:colcon.colcon_cmake.task.cmake.build:Building CMake package in '/root/openpifpaf_ros2/src/openpifpaf_ros2_msgs'
[0.237s] INFO:colcon.colcon_core.plugin_system:Skipping extension 'colcon_core.shell.bat': Not used on non-Windows systems
[0.237s] INFO:colcon.colcon_core.shell:Skip shell extension 'powershell' for command environment: Not usable outside of PowerShell
[0.237s] DEBUG:colcon.colcon_core.shell:Skip shell extension 'dsv' for command environment
[0.245s] INFO:colcon.colcon_ros.task.ament_cmake.build:Building ROS package in '/root/openpifpaf_ros2/src/realsense-ros/realsense2_camera_msgs' with build type 'ament_cmake'
[0.245s] INFO:colcon.colcon_cmake.task.cmake.build:Building CMake package in '/root/openpifpaf_ros2/src/realsense-ros/realsense2_camera_msgs'
[0.247s] INFO:colcon.colcon_core.shell:Skip shell extension 'powershell' for command environment: Not usable outside of PowerShell
[0.247s] DEBUG:colcon.colcon_core.shell:Skip shell extension 'dsv' for command environment
[0.256s] INFO:colcon.colcon_ros.task.ament_python.build:Building ROS package in '/root/openpifpaf_ros2/src/pose_checker' with build type 'ament_python'
[0.257s] Level 1:colcon.colcon_core.shell:create_environment_hook('pose_checker', 'ament_prefix_path')
[0.258s] INFO:colcon.colcon_core.shell:Creating environment hook '/root/openpifpaf_ros2/install/pose_checker/share/pose_checker/hook/ament_prefix_path.ps1'
[0.259s] INFO:colcon.colcon_core.shell:Creating environment descriptor '/root/openpifpaf_ros2/install/pose_checker/share/pose_checker/hook/ament_prefix_path.dsv'
[0.260s] INFO:colcon.colcon_core.shell:Creating environment hook '/root/openpifpaf_ros2/install/pose_checker/share/pose_checker/hook/ament_prefix_path.sh'
[0.263s] INFO:colcon.colcon_core.shell:Skip shell extension 'powershell' for command environment: Not usable outside of PowerShell
[0.263s] DEBUG:colcon.colcon_core.shell:Skip shell extension 'dsv' for command environment
[0.277s] DEBUG:colcon.colcon_core.event_handler.log_command:Invoking command in '/root/openpifpaf_ros2/build/openpifpaf_ros2_msgs': CMAKE_PREFIX_PATH=${CMAKE_PREFIX_PATH}:/root/openpifpaf_ros2/install/rgbd_openpifpaf_ros2:/root/openpifpaf_ros2/install/pose_checker:/root/openpifpaf_ros2/install/openpifpaf_ros2_node:/opt/ros/foxy _=/usr/bin/env /usr/bin/cmake --build /root/openpifpaf_ros2/build/openpifpaf_ros2_msgs -- -j12 -l12
[0.284s] DEBUG:colcon.colcon_core.event_handler.log_command:Invoking command in '/root/openpifpaf_ros2/build/realsense2_camera_msgs': CMAKE_PREFIX_PATH=${CMAKE_PREFIX_PATH}:/root/openpifpaf_ros2/install/rgbd_openpifpaf_ros2:/root/openpifpaf_ros2/install/pose_checker:/root/openpifpaf_ros2/install/openpifpaf_ros2_node:/opt/ros/foxy _=/usr/bin/env /usr/bin/cmake --build /root/openpifpaf_ros2/build/realsense2_camera_msgs -- -j12 -l12
[0.560s] INFO:colcon.colcon_core.task.python.build:Building Python package in '/root/openpifpaf_ros2/src/pose_checker'
[0.561s] INFO:colcon.colcon_core.shell:Skip shell extension 'powershell' for command environment: Not usable outside of PowerShell
[0.561s] DEBUG:colcon.colcon_core.shell:Skip shell extension 'dsv' for command environment
[0.573s] DEBUG:colcon.colcon_core.event_handler.log_command:Invoked command in '/root/openpifpaf_ros2/build/openpifpaf_ros2_msgs' returned '0': CMAKE_PREFIX_PATH=${CMAKE_PREFIX_PATH}:/root/openpifpaf_ros2/install/rgbd_openpifpaf_ros2:/root/openpifpaf_ros2/install/pose_checker:/root/openpifpaf_ros2/install/openpifpaf_ros2_node:/opt/ros/foxy _=/usr/bin/env /usr/bin/cmake --build /root/openpifpaf_ros2/build/openpifpaf_ros2_msgs -- -j12 -l12
[0.576s] DEBUG:colcon.colcon_core.event_handler.log_command:Invoked command in '/root/openpifpaf_ros2/build/realsense2_camera_msgs' returned '0': CMAKE_PREFIX_PATH=${CMAKE_PREFIX_PATH}:/root/openpifpaf_ros2/install/rgbd_openpifpaf_ros2:/root/openpifpaf_ros2/install/pose_checker:/root/openpifpaf_ros2/install/openpifpaf_ros2_node:/opt/ros/foxy _=/usr/bin/env /usr/bin/cmake --build /root/openpifpaf_ros2/build/realsense2_camera_msgs -- -j12 -l12
[0.787s] DEBUG:colcon.colcon_core.event_handler.log_command:Invoking command in '/root/openpifpaf_ros2/build/realsense2_camera_msgs': CMAKE_PREFIX_PATH=${CMAKE_PREFIX_PATH}:/root/openpifpaf_ros2/install/rgbd_openpifpaf_ros2:/root/openpifpaf_ros2/install/pose_checker:/root/openpifpaf_ros2/install/openpifpaf_ros2_node:/opt/ros/foxy _=/usr/bin/env /usr/bin/cmake --install /root/openpifpaf_ros2/build/realsense2_camera_msgs
[0.813s] DEBUG:colcon.colcon_core.event_handler.log_command:Invoking command in '/root/openpifpaf_ros2/build/openpifpaf_ros2_msgs': CMAKE_PREFIX_PATH=${CMAKE_PREFIX_PATH}:/root/openpifpaf_ros2/install/rgbd_openpifpaf_ros2:/root/openpifpaf_ros2/install/pose_checker:/root/openpifpaf_ros2/install/openpifpaf_ros2_node:/opt/ros/foxy _=/usr/bin/env /usr/bin/cmake --install /root/openpifpaf_ros2/build/openpifpaf_ros2_msgs
[0.864s] Level 1:colcon.colcon_core.environment:create_environment_scripts_only(realsense2_camera_msgs)
[0.865s] DEBUG:colcon.colcon_core.event_handler.log_command:Invoked command in '/root/openpifpaf_ros2/build/realsense2_camera_msgs' returned '0': CMAKE_PREFIX_PATH=${CMAKE_PREFIX_PATH}:/root/openpifpaf_ros2/install/rgbd_openpifpaf_ros2:/root/openpifpaf_ros2/install/pose_checker:/root/openpifpaf_ros2/install/openpifpaf_ros2_node:/opt/ros/foxy _=/usr/bin/env /usr/bin/cmake --install /root/openpifpaf_ros2/build/realsense2_camera_msgs
[0.876s] Level 1:colcon.colcon_core.environment:checking '/root/openpifpaf_ros2/install/realsense2_camera_msgs' for CMake module files
[0.879s] Level 1:colcon.colcon_core.environment:checking '/root/openpifpaf_ros2/install/realsense2_camera_msgs' for CMake config files
[0.880s] Level 1:colcon.colcon_core.shell:create_environment_hook('realsense2_camera_msgs', 'cmake_prefix_path')
[0.882s] INFO:colcon.colcon_core.shell:Creating environment hook '/root/openpifpaf_ros2/install/realsense2_camera_msgs/share/realsense2_camera_msgs/hook/cmake_prefix_path.ps1'
[0.883s] INFO:colcon.colcon_core.shell:Creating environment descriptor '/root/openpifpaf_ros2/install/realsense2_camera_msgs/share/realsense2_camera_msgs/hook/cmake_prefix_path.dsv'
[0.883s] INFO:colcon.colcon_core.shell:Creating environment hook '/root/openpifpaf_ros2/install/realsense2_camera_msgs/share/realsense2_camera_msgs/hook/cmake_prefix_path.sh'
[0.884s] Level 1:colcon.colcon_core.environment:checking '/root/openpifpaf_ros2/install/realsense2_camera_msgs/lib'
[0.884s] Level 1:colcon.colcon_core.shell:create_environment_hook('realsense2_camera_msgs', 'ld_library_path_lib')
[0.886s] INFO:colcon.colcon_core.shell:Creating environment hook '/root/openpifpaf_ros2/install/realsense2_camera_msgs/share/realsense2_camera_msgs/hook/ld_library_path_lib.ps1'
[0.887s] INFO:colcon.colcon_core.shell:Creating environment descriptor '/root/openpifpaf_ros2/install/realsense2_camera_msgs/share/realsense2_camera_msgs/hook/ld_library_path_lib.dsv'
[0.888s] INFO:colcon.colcon_core.shell:Creating environment hook '/root/openpifpaf_ros2/install/realsense2_camera_msgs/share/realsense2_camera_msgs/hook/ld_library_path_lib.sh'
[0.888s] Level 1:colcon.colcon_core.environment:checking '/root/openpifpaf_ros2/install/realsense2_camera_msgs/bin'
[0.888s] Level 1:colcon.colcon_core.environment:checking '/root/openpifpaf_ros2/install/realsense2_camera_msgs/lib/pkgconfig/realsense2_camera_msgs.pc'
[0.889s] Level 1:colcon.colcon_core.environment:checking '/root/openpifpaf_ros2/install/realsense2_camera_msgs/lib/python3.8/site-packages'
[0.889s] Level 1:colcon.colcon_core.shell:create_environment_hook('realsense2_camera_msgs', 'pythonpath')
[0.890s] INFO:colcon.colcon_core.shell:Creating environment hook '/root/openpifpaf_ros2/install/realsense2_camera_msgs/share/realsense2_camera_msgs/hook/pythonpath.ps1'
[0.890s] INFO:colcon.colcon_core.shell:Creating environment descriptor '/root/openpifpaf_ros2/install/realsense2_camera_msgs/share/realsense2_camera_msgs/hook/pythonpath.dsv'
[0.891s] INFO:colcon.colcon_core.shell:Creating environment hook '/root/openpifpaf_ros2/install/realsense2_camera_msgs/share/realsense2_camera_msgs/hook/pythonpath.sh'
[0.891s] Level 1:colcon.colcon_core.environment:checking '/root/openpifpaf_ros2/install/realsense2_camera_msgs/bin'
[0.893s] INFO:colcon.colcon_core.shell:Creating package script '/root/openpifpaf_ros2/install/realsense2_camera_msgs/share/realsense2_camera_msgs/package.ps1'
[0.894s] INFO:colcon.colcon_core.shell:Creating package descriptor '/root/openpifpaf_ros2/install/realsense2_camera_msgs/share/realsense2_camera_msgs/package.dsv'
[0.894s] INFO:colcon.colcon_core.shell:Creating package script '/root/openpifpaf_ros2/install/realsense2_camera_msgs/share/realsense2_camera_msgs/package.sh'
[0.895s] INFO:colcon.colcon_core.shell:Creating package script '/root/openpifpaf_ros2/install/realsense2_camera_msgs/share/realsense2_camera_msgs/package.bash'
[0.896s] INFO:colcon.colcon_core.shell:Creating package script '/root/openpifpaf_ros2/install/realsense2_camera_msgs/share/realsense2_camera_msgs/package.zsh'
[0.896s] Level 1:colcon.colcon_core.environment:create_file_with_runtime_dependencies(/root/openpifpaf_ros2/install/realsense2_camera_msgs/share/colcon-core/packages/realsense2_camera_msgs)
[0.900s] Level 1:colcon.colcon_core.environment:create_environment_scripts_only(openpifpaf_ros2_msgs)
[0.903s] Level 1:colcon.colcon_core.environment:checking '/root/openpifpaf_ros2/install/openpifpaf_ros2_msgs' for CMake module files
[0.903s] DEBUG:colcon.colcon_core.event_handler.log_command:Invoked command in '/root/openpifpaf_ros2/build/openpifpaf_ros2_msgs' returned '0': CMAKE_PREFIX_PATH=${CMAKE_PREFIX_PATH}:/root/openpifpaf_ros2/install/rgbd_openpifpaf_ros2:/root/openpifpaf_ros2/install/pose_checker:/root/openpifpaf_ros2/install/openpifpaf_ros2_node:/opt/ros/foxy _=/usr/bin/env /usr/bin/cmake --install /root/openpifpaf_ros2/build/openpifpaf_ros2_msgs
[0.904s] Level 1:colcon.colcon_core.environment:checking '/root/openpifpaf_ros2/install/openpifpaf_ros2_msgs' for CMake config files
[0.904s] Level 1:colcon.colcon_core.shell:create_environment_hook('openpifpaf_ros2_msgs', 'cmake_prefix_path')
[0.906s] INFO:colcon.colcon_core.shell:Creating environment hook '/root/openpifpaf_ros2/install/openpifpaf_ros2_msgs/share/openpifpaf_ros2_msgs/hook/cmake_prefix_path.ps1'
[0.906s] INFO:colcon.colcon_core.shell:Creating environment descriptor '/root/openpifpaf_ros2/install/openpifpaf_ros2_msgs/share/openpifpaf_ros2_msgs/hook/cmake_prefix_path.dsv'
[0.906s] INFO:colcon.colcon_core.shell:Creating environment hook '/root/openpifpaf_ros2/install/openpifpaf_ros2_msgs/share/openpifpaf_ros2_msgs/hook/cmake_prefix_path.sh'
[0.907s] Level 1:colcon.colcon_core.environment:checking '/root/openpifpaf_ros2/install/openpifpaf_ros2_msgs/lib'
[0.907s] Level 1:colcon.colcon_core.shell:create_environment_hook('openpifpaf_ros2_msgs', 'ld_library_path_lib')
[0.908s] INFO:colcon.colcon_core.shell:Creating environment hook '/root/openpifpaf_ros2/install/openpifpaf_ros2_msgs/share/openpifpaf_ros2_msgs/hook/ld_library_path_lib.ps1'
[0.908s] INFO:colcon.colcon_core.shell:Creating environment descriptor '/root/openpifpaf_ros2/install/openpifpaf_ros2_msgs/share/openpifpaf_ros2_msgs/hook/ld_library_path_lib.dsv'
[0.909s] INFO:colcon.colcon_core.shell:Creating environment hook '/root/openpifpaf_ros2/install/openpifpaf_ros2_msgs/share/openpifpaf_ros2_msgs/hook/ld_library_path_lib.sh'
[0.909s] Level 1:colcon.colcon_core.environment:checking '/root/openpifpaf_ros2/install/openpifpaf_ros2_msgs/bin'
[0.909s] Level 1:colcon.colcon_core.environment:checking '/root/openpifpaf_ros2/install/openpifpaf_ros2_msgs/lib/pkgconfig/openpifpaf_ros2_msgs.pc'
[0.909s] Level 1:colcon.colcon_core.environment:checking '/root/openpifpaf_ros2/install/openpifpaf_ros2_msgs/lib/python3.8/site-packages'
[0.909s] Level 1:colcon.colcon_core.shell:create_environment_hook('openpifpaf_ros2_msgs', 'pythonpath')
[0.911s] INFO:colcon.colcon_core.shell:Creating environment hook '/root/openpifpaf_ros2/install/openpifpaf_ros2_msgs/share/openpifpaf_ros2_msgs/hook/pythonpath.ps1'
[0.911s] INFO:colcon.colcon_core.shell:Creating environment descriptor '/root/openpifpaf_ros2/install/openpifpaf_ros2_msgs/share/openpifpaf_ros2_msgs/hook/pythonpath.dsv'
[0.911s] INFO:colcon.colcon_core.shell:Creating environment hook '/root/openpifpaf_ros2/install/openpifpaf_ros2_msgs/share/openpifpaf_ros2_msgs/hook/pythonpath.sh'
[0.912s] Level 1:colcon.colcon_core.environment:checking '/root/openpifpaf_ros2/install/openpifpaf_ros2_msgs/bin'
[0.913s] INFO:colcon.colcon_core.shell:Creating package script '/root/openpifpaf_ros2/install/openpifpaf_ros2_msgs/share/openpifpaf_ros2_msgs/package.ps1'
[0.913s] INFO:colcon.colcon_core.shell:Creating package descriptor '/root/openpifpaf_ros2/install/openpifpaf_ros2_msgs/share/openpifpaf_ros2_msgs/package.dsv'
[0.914s] INFO:colcon.colcon_core.shell:Creating package script '/root/openpifpaf_ros2/install/openpifpaf_ros2_msgs/share/openpifpaf_ros2_msgs/package.sh'
[0.914s] INFO:colcon.colcon_core.shell:Creating package script '/root/openpifpaf_ros2/install/openpifpaf_ros2_msgs/share/openpifpaf_ros2_msgs/package.bash'
[0.914s] INFO:colcon.colcon_core.shell:Creating package script '/root/openpifpaf_ros2/install/openpifpaf_ros2_msgs/share/openpifpaf_ros2_msgs/package.zsh'
[0.915s] Level 1:colcon.colcon_core.environment:create_file_with_runtime_dependencies(/root/openpifpaf_ros2/install/openpifpaf_ros2_msgs/share/colcon-core/packages/openpifpaf_ros2_msgs)
[1.001s] DEBUG:colcon.colcon_core.event_handler.log_command:Invoking command in '/root/openpifpaf_ros2/src/pose_checker': PYTHONPATH=/root/openpifpaf_ros2/install/pose_checker/lib/python3.8/site-packages:${PYTHONPATH} _=/usr/bin/env /usr/bin/python3 setup.py egg_info --egg-base ../../build/pose_checker build --build-base /root/openpifpaf_ros2/build/pose_checker/build install --prefix /root/openpifpaf_ros2/install/pose_checker --record /root/openpifpaf_ros2/build/pose_checker/install.log --single-version-externally-managed
[1.112s] Level 1:colcon.colcon_core.environment:create_environment_scripts_only(realsense2_camera_msgs)
[1.115s] Level 1:colcon.colcon_core.environment:checking '/root/openpifpaf_ros2/install/realsense2_camera_msgs' for CMake module files
[1.116s] Level 1:colcon.colcon_core.environment:checking '/root/openpifpaf_ros2/install/realsense2_camera_msgs' for CMake config files
[1.117s] Level 1:colcon.colcon_core.shell:create_environment_hook('realsense2_camera_msgs', 'cmake_prefix_path')
[1.118s] INFO:colcon.colcon_core.shell:Creating environment hook '/root/openpifpaf_ros2/install/realsense2_camera_msgs/share/realsense2_camera_msgs/hook/cmake_prefix_path.ps1'
[1.119s] INFO:colcon.colcon_core.shell:Creating environment descriptor '/root/openpifpaf_ros2/install/realsense2_camera_msgs/share/realsense2_camera_msgs/hook/cmake_prefix_path.dsv'
[1.119s] INFO:colcon.colcon_core.shell:Creating environment hook '/root/openpifpaf_ros2/install/realsense2_camera_msgs/share/realsense2_camera_msgs/hook/cmake_prefix_path.sh'
[1.119s] Level 1:colcon.colcon_core.environment:checking '/root/openpifpaf_ros2/install/realsense2_camera_msgs/lib'
[1.120s] Level 1:colcon.colcon_core.shell:create_environment_hook('realsense2_camera_msgs', 'ld_library_path_lib')
[1.121s] INFO:colcon.colcon_core.shell:Creating environment hook '/root/openpifpaf_ros2/install/realsense2_camera_msgs/share/realsense2_camera_msgs/hook/ld_library_path_lib.ps1'
[1.121s] INFO:colcon.colcon_core.shell:Creating environment descriptor '/root/openpifpaf_ros2/install/realsense2_camera_msgs/share/realsense2_camera_msgs/hook/ld_library_path_lib.dsv'
[1.122s] INFO:colcon.colcon_core.shell:Creating environment hook '/root/openpifpaf_ros2/install/realsense2_camera_msgs/share/realsense2_camera_msgs/hook/ld_library_path_lib.sh'
[1.122s] Level 1:colcon.colcon_core.environment:checking '/root/openpifpaf_ros2/install/realsense2_camera_msgs/bin'
[1.122s] Level 1:colcon.colcon_core.environment:checking '/root/openpifpaf_ros2/install/realsense2_camera_msgs/lib/pkgconfig/realsense2_camera_msgs.pc'
[1.122s] Level 1:colcon.colcon_core.environment:checking '/root/openpifpaf_ros2/install/realsense2_camera_msgs/lib/python3.8/site-packages'
[1.122s] Level 1:colcon.colcon_core.shell:create_environment_hook('realsense2_camera_msgs', 'pythonpath')
[1.124s] INFO:colcon.colcon_core.shell:Creating environment hook '/root/openpifpaf_ros2/install/realsense2_camera_msgs/share/realsense2_camera_msgs/hook/pythonpath.ps1'
[1.124s] INFO:colcon.colcon_core.shell:Creating environment descriptor '/root/openpifpaf_ros2/install/realsense2_camera_msgs/share/realsense2_camera_msgs/hook/pythonpath.dsv'
[1.124s] INFO:colcon.colcon_core.shell:Creating environment hook '/root/openpifpaf_ros2/install/realsense2_camera_msgs/share/realsense2_camera_msgs/hook/pythonpath.sh'
[1.125s] Level 1:colcon.colcon_core.environment:checking '/root/openpifpaf_ros2/install/realsense2_camera_msgs/bin'
[1.126s] INFO:colcon.colcon_core.shell:Creating package script '/root/openpifpaf_ros2/install/realsense2_camera_msgs/share/realsense2_camera_msgs/package.ps1'
[1.127s] INFO:colcon.colcon_core.shell:Creating package descriptor '/root/openpifpaf_ros2/install/realsense2_camera_msgs/share/realsense2_camera_msgs/package.dsv'
[1.128s] INFO:colcon.colcon_core.shell:Creating package script '/root/openpifpaf_ros2/install/realsense2_camera_msgs/share/realsense2_camera_msgs/package.sh'
[1.128s] INFO:colcon.colcon_core.shell:Creating package script '/root/openpifpaf_ros2/install/realsense2_camera_msgs/share/realsense2_camera_msgs/package.bash'
[1.128s] INFO:colcon.colcon_core.shell:Creating package script '/root/openpifpaf_ros2/install/realsense2_camera_msgs/share/realsense2_camera_msgs/package.zsh'
[1.129s] Level 1:colcon.colcon_core.environment:create_file_with_runtime_dependencies(/root/openpifpaf_ros2/install/realsense2_camera_msgs/share/colcon-core/packages/realsense2_camera_msgs)
[1.129s] INFO:colcon.colcon_ros.task.ament_cmake.build:Building ROS package in '/root/openpifpaf_ros2/src/realsense-ros/realsense2_camera' with build type 'ament_cmake'
[1.129s] INFO:colcon.colcon_cmake.task.cmake.build:Building CMake package in '/root/openpifpaf_ros2/src/realsense-ros/realsense2_camera'
[1.130s] INFO:colcon.colcon_core.shell:Skip shell extension 'powershell' for command environment: Not usable outside of PowerShell
[1.131s] DEBUG:colcon.colcon_core.shell:Skip shell extension 'dsv' for command environment
[1.139s] INFO:colcon.colcon_ros.task.ament_cmake.build:Building ROS package in '/root/openpifpaf_ros2/src/realsense-ros/realsense2_description' with build type 'ament_cmake'
[1.139s] INFO:colcon.colcon_cmake.task.cmake.build:Building CMake package in '/root/openpifpaf_ros2/src/realsense-ros/realsense2_description'
[1.141s] INFO:colcon.colcon_core.shell:Skip shell extension 'powershell' for command environment: Not usable outside of PowerShell
[1.141s] DEBUG:colcon.colcon_core.shell:Skip shell extension 'dsv' for command environment
[1.157s] DEBUG:colcon.colcon_core.event_handler.log_command:Invoking command in '/root/openpifpaf_ros2/build/realsense2_camera': CMAKE_PREFIX_PATH=/root/openpifpaf_ros2/install/realsense2_camera_msgs:/root/openpifpaf_ros2/install/realsense2_description:/root/openpifpaf_ros2/install/realsense2_camera:/root/openpifpaf_ros2/install/openpifpaf_ros2_msgs:/root/openpifpaf_ros2/install/rgbd_openpifpaf_ros2:/root/openpifpaf_ros2/install/pose_checker:/root/openpifpaf_ros2/install/openpifpaf_ros2_node:/opt/ros/foxy LD_LIBRARY_PATH=/root/openpifpaf_ros2/install/realsense2_camera_msgs/lib:/root/openpifpaf_ros2/install/realsense2_camera/lib:/root/openpifpaf_ros2/install/openpifpaf_ros2_msgs/lib:/usr/lib/x86_64-linux-gnu/gazebo-11/plugins:/opt/ros/foxy/opt/yaml_cpp_vendor/lib:/opt/ros/foxy/opt/rviz_ogre_vendor/lib:/opt/ros/foxy/lib/x86_64-linux-gnu:/opt/ros/foxy/lib:/usr/local/11.3.0/lib64:/usr/local/nvidia/lib:/usr/local/nvidia/lib64 PYTHONPATH=/root/openpifpaf_ros2/install/realsense2_camera_msgs/lib/python3.8/site-packages:/root/openpifpaf_ros2/install/rgbd_openpifpaf_ros2/lib/python3.8/site-packages:/root/openpifpaf_ros2/install/pose_checker/lib/python3.8/site-packages:/root/openpifpaf_ros2/install/openpifpaf_ros2_node/lib/python3.8/site-packages:/root/openpifpaf_ros2/install/openpifpaf_ros2_msgs/lib/python3.8/site-packages:/opt/ros/foxy/lib/python3.8/site-packages _=/usr/bin/env /usr/bin/cmake --build /root/openpifpaf_ros2/build/realsense2_camera -- -j12 -l12
[1.165s] DEBUG:colcon.colcon_core.event_handler.log_command:Invoking command in '/root/openpifpaf_ros2/build/realsense2_description': CMAKE_PREFIX_PATH=/root/openpifpaf_ros2/install/realsense2_camera_msgs:/root/openpifpaf_ros2/install/realsense2_description:/root/openpifpaf_ros2/install/realsense2_camera:/root/openpifpaf_ros2/install/openpifpaf_ros2_msgs:/root/openpifpaf_ros2/install/rgbd_openpifpaf_ros2:/root/openpifpaf_ros2/install/pose_checker:/root/openpifpaf_ros2/install/openpifpaf_ros2_node:/opt/ros/foxy LD_LIBRARY_PATH=/root/openpifpaf_ros2/install/realsense2_camera_msgs/lib:/root/openpifpaf_ros2/install/realsense2_camera/lib:/root/openpifpaf_ros2/install/openpifpaf_ros2_msgs/lib:/usr/lib/x86_64-linux-gnu/gazebo-11/plugins:/opt/ros/foxy/opt/yaml_cpp_vendor/lib:/opt/ros/foxy/opt/rviz_ogre_vendor/lib:/opt/ros/foxy/lib/x86_64-linux-gnu:/opt/ros/foxy/lib:/usr/local/11.3.0/lib64:/usr/local/nvidia/lib:/usr/local/nvidia/lib64 PYTHONPATH=/root/openpifpaf_ros2/install/realsense2_camera_msgs/lib/python3.8/site-packages:/root/openpifpaf_ros2/install/rgbd_openpifpaf_ros2/lib/python3.8/site-packages:/root/openpifpaf_ros2/install/pose_checker/lib/python3.8/site-packages:/root/openpifpaf_ros2/install/openpifpaf_ros2_node/lib/python3.8/site-packages:/root/openpifpaf_ros2/install/openpifpaf_ros2_msgs/lib/python3.8/site-packages:/opt/ros/foxy/lib/python3.8/site-packages _=/usr/bin/env /usr/bin/cmake --build /root/openpifpaf_ros2/build/realsense2_description -- -j12 -l12
[1.177s] Level 1:colcon.colcon_core.environment:create_environment_scripts_only(openpifpaf_ros2_msgs)
[1.179s] Level 1:colcon.colcon_core.environment:checking '/root/openpifpaf_ros2/install/openpifpaf_ros2_msgs' for CMake module files
[1.179s] Level 1:colcon.colcon_core.environment:checking '/root/openpifpaf_ros2/install/openpifpaf_ros2_msgs' for CMake config files
[1.180s] Level 1:colcon.colcon_core.shell:create_environment_hook('openpifpaf_ros2_msgs', 'cmake_prefix_path')
[1.182s] INFO:colcon.colcon_core.shell:Creating environment hook '/root/openpifpaf_ros2/install/openpifpaf_ros2_msgs/share/openpifpaf_ros2_msgs/hook/cmake_prefix_path.ps1'
[1.182s] INFO:colcon.colcon_core.shell:Creating environment descriptor '/root/openpifpaf_ros2/install/openpifpaf_ros2_msgs/share/openpifpaf_ros2_msgs/hook/cmake_prefix_path.dsv'
[1.183s] INFO:colcon.colcon_core.shell:Creating environment hook '/root/openpifpaf_ros2/install/openpifpaf_ros2_msgs/share/openpifpaf_ros2_msgs/hook/cmake_prefix_path.sh'
[1.183s] Level 1:colcon.colcon_core.environment:checking '/root/openpifpaf_ros2/install/openpifpaf_ros2_msgs/lib'
[1.183s] Level 1:colcon.colcon_core.shell:create_environment_hook('openpifpaf_ros2_msgs', 'ld_library_path_lib')
[1.185s] INFO:colcon.colcon_core.shell:Creating environment hook '/root/openpifpaf_ros2/install/openpifpaf_ros2_msgs/share/openpifpaf_ros2_msgs/hook/ld_library_path_lib.ps1'
[1.185s] INFO:colcon.colcon_core.shell:Creating environment descriptor '/root/openpifpaf_ros2/install/openpifpaf_ros2_msgs/share/openpifpaf_ros2_msgs/hook/ld_library_path_lib.dsv'
[1.186s] INFO:colcon.colcon_core.shell:Creating environment hook '/root/openpifpaf_ros2/install/openpifpaf_ros2_msgs/share/openpifpaf_ros2_msgs/hook/ld_library_path_lib.sh'
[1.186s] Level 1:colcon.colcon_core.environment:checking '/root/openpifpaf_ros2/install/openpifpaf_ros2_msgs/bin'
[1.186s] Level 1:colcon.colcon_core.environment:checking '/root/openpifpaf_ros2/install/openpifpaf_ros2_msgs/lib/pkgconfig/openpifpaf_ros2_msgs.pc'
[1.187s] Level 1:colcon.colcon_core.environment:checking '/root/openpifpaf_ros2/install/openpifpaf_ros2_msgs/lib/python3.8/site-packages'
[1.187s] Level 1:colcon.colcon_core.shell:create_environment_hook('openpifpaf_ros2_msgs', 'pythonpath')
[1.188s] INFO:colcon.colcon_core.shell:Creating environment hook '/root/openpifpaf_ros2/install/openpifpaf_ros2_msgs/share/openpifpaf_ros2_msgs/hook/pythonpath.ps1'
[1.189s] INFO:colcon.colcon_core.shell:Creating environment descriptor '/root/openpifpaf_ros2/install/openpifpaf_ros2_msgs/share/openpifpaf_ros2_msgs/hook/pythonpath.dsv'
[1.189s] INFO:colcon.colcon_core.shell:Creating environment hook '/root/openpifpaf_ros2/install/openpifpaf_ros2_msgs/share/openpifpaf_ros2_msgs/hook/pythonpath.sh'
[1.190s] Level 1:colcon.colcon_core.environment:checking '/root/openpifpaf_ros2/install/openpifpaf_ros2_msgs/bin'
[1.192s] INFO:colcon.colcon_core.shell:Creating package script '/root/openpifpaf_ros2/install/openpifpaf_ros2_msgs/share/openpifpaf_ros2_msgs/package.ps1'
[1.192s] INFO:colcon.colcon_core.shell:Creating package descriptor '/root/openpifpaf_ros2/install/openpifpaf_ros2_msgs/share/openpifpaf_ros2_msgs/package.dsv'
[1.194s] INFO:colcon.colcon_core.shell:Creating package script '/root/openpifpaf_ros2/install/openpifpaf_ros2_msgs/share/openpifpaf_ros2_msgs/package.sh'
[1.195s] INFO:colcon.colcon_core.shell:Creating package script '/root/openpifpaf_ros2/install/openpifpaf_ros2_msgs/share/openpifpaf_ros2_msgs/package.bash'
[1.195s] INFO:colcon.colcon_core.shell:Creating package script '/root/openpifpaf_ros2/install/openpifpaf_ros2_msgs/share/openpifpaf_ros2_msgs/package.zsh'
[1.196s] Level 1:colcon.colcon_core.environment:create_file_with_runtime_dependencies(/root/openpifpaf_ros2/install/openpifpaf_ros2_msgs/share/colcon-core/packages/openpifpaf_ros2_msgs)
[1.197s] INFO:colcon.colcon_ros.task.ament_python.build:Building ROS package in '/root/openpifpaf_ros2/src/openpifpaf_ros2_node' with build type 'ament_python'
[1.197s] Level 1:colcon.colcon_core.shell:create_environment_hook('openpifpaf_ros2_node', 'ament_prefix_path')
[1.199s] INFO:colcon.colcon_core.shell:Creating environment hook '/root/openpifpaf_ros2/install/openpifpaf_ros2_node/share/openpifpaf_ros2_node/hook/ament_prefix_path.ps1'
[1.199s] INFO:colcon.colcon_core.shell:Creating environment descriptor '/root/openpifpaf_ros2/install/openpifpaf_ros2_node/share/openpifpaf_ros2_node/hook/ament_prefix_path.dsv'
[1.200s] INFO:colcon.colcon_core.shell:Creating environment hook '/root/openpifpaf_ros2/install/openpifpaf_ros2_node/share/openpifpaf_ros2_node/hook/ament_prefix_path.sh'
[1.202s] INFO:colcon.colcon_core.shell:Skip shell extension 'powershell' for command environment: Not usable outside of PowerShell
[1.203s] DEBUG:colcon.colcon_core.shell:Skip shell extension 'dsv' for command environment
[1.212s] INFO:colcon.colcon_ros.task.ament_python.build:Building ROS package in '/root/openpifpaf_ros2/src/rgbd_openpifpaf_ros2' with build type 'ament_python'
[1.213s] Level 1:colcon.colcon_core.shell:create_environment_hook('rgbd_openpifpaf_ros2', 'ament_prefix_path')
[1.215s] INFO:colcon.colcon_core.shell:Creating environment hook '/root/openpifpaf_ros2/install/rgbd_openpifpaf_ros2/share/rgbd_openpifpaf_ros2/hook/ament_prefix_path.ps1'
[1.216s] INFO:colcon.colcon_core.shell:Creating environment descriptor '/root/openpifpaf_ros2/install/rgbd_openpifpaf_ros2/share/rgbd_openpifpaf_ros2/hook/ament_prefix_path.dsv'
[1.216s] INFO:colcon.colcon_core.shell:Creating environment hook '/root/openpifpaf_ros2/install/rgbd_openpifpaf_ros2/share/rgbd_openpifpaf_ros2/hook/ament_prefix_path.sh'
[1.219s] INFO:colcon.colcon_core.shell:Skip shell extension 'powershell' for command environment: Not usable outside of PowerShell
[1.219s] DEBUG:colcon.colcon_core.shell:Skip shell extension 'dsv' for command environment
[1.231s] DEBUG:colcon.colcon_core.event_handler.log_command:Invoked command in '/root/openpifpaf_ros2/build/realsense2_description' returned '0': CMAKE_PREFIX_PATH=/root/openpifpaf_ros2/install/realsense2_camera_msgs:/root/openpifpaf_ros2/install/realsense2_description:/root/openpifpaf_ros2/install/realsense2_camera:/root/openpifpaf_ros2/install/openpifpaf_ros2_msgs:/root/openpifpaf_ros2/install/rgbd_openpifpaf_ros2:/root/openpifpaf_ros2/install/pose_checker:/root/openpifpaf_ros2/install/openpifpaf_ros2_node:/opt/ros/foxy LD_LIBRARY_PATH=/root/openpifpaf_ros2/install/realsense2_camera_msgs/lib:/root/openpifpaf_ros2/install/realsense2_camera/lib:/root/openpifpaf_ros2/install/openpifpaf_ros2_msgs/lib:/usr/lib/x86_64-linux-gnu/gazebo-11/plugins:/opt/ros/foxy/opt/yaml_cpp_vendor/lib:/opt/ros/foxy/opt/rviz_ogre_vendor/lib:/opt/ros/foxy/lib/x86_64-linux-gnu:/opt/ros/foxy/lib:/usr/local/11.3.0/lib64:/usr/local/nvidia/lib:/usr/local/nvidia/lib64 PYTHONPATH=/root/openpifpaf_ros2/install/realsense2_camera_msgs/lib/python3.8/site-packages:/root/openpifpaf_ros2/install/rgbd_openpifpaf_ros2/lib/python3.8/site-packages:/root/openpifpaf_ros2/install/pose_checker/lib/python3.8/site-packages:/root/openpifpaf_ros2/install/openpifpaf_ros2_node/lib/python3.8/site-packages:/root/openpifpaf_ros2/install/openpifpaf_ros2_msgs/lib/python3.8/site-packages:/opt/ros/foxy/lib/python3.8/site-packages _=/usr/bin/env /usr/bin/cmake --build /root/openpifpaf_ros2/build/realsense2_description -- -j12 -l12
[1.530s] INFO:colcon.colcon_core.task.python.build:Building Python package in '/root/openpifpaf_ros2/src/openpifpaf_ros2_node'
[1.531s] INFO:colcon.colcon_core.shell:Skip shell extension 'powershell' for command environment: Not usable outside of PowerShell
[1.531s] DEBUG:colcon.colcon_core.shell:Skip shell extension 'dsv' for command environment
[1.774s] INFO:colcon.colcon_core.task.python.build:Building Python package in '/root/openpifpaf_ros2/src/rgbd_openpifpaf_ros2'
[1.775s] INFO:colcon.colcon_core.shell:Skip shell extension 'powershell' for command environment: Not usable outside of PowerShell
[1.775s] DEBUG:colcon.colcon_core.shell:Skip shell extension 'dsv' for command environment
[1.784s] DEBUG:colcon.colcon_core.event_handler.log_command:Invoked command in '/root/openpifpaf_ros2/build/realsense2_camera' returned '0': CMAKE_PREFIX_PATH=/root/openpifpaf_ros2/install/realsense2_camera_msgs:/root/openpifpaf_ros2/install/realsense2_description:/root/openpifpaf_ros2/install/realsense2_camera:/root/openpifpaf_ros2/install/openpifpaf_ros2_msgs:/root/openpifpaf_ros2/install/rgbd_openpifpaf_ros2:/root/openpifpaf_ros2/install/pose_checker:/root/openpifpaf_ros2/install/openpifpaf_ros2_node:/opt/ros/foxy LD_LIBRARY_PATH=/root/openpifpaf_ros2/install/realsense2_camera_msgs/lib:/root/openpifpaf_ros2/install/realsense2_camera/lib:/root/openpifpaf_ros2/install/openpifpaf_ros2_msgs/lib:/usr/lib/x86_64-linux-gnu/gazebo-11/plugins:/opt/ros/foxy/opt/yaml_cpp_vendor/lib:/opt/ros/foxy/opt/rviz_ogre_vendor/lib:/opt/ros/foxy/lib/x86_64-linux-gnu:/opt/ros/foxy/lib:/usr/local/11.3.0/lib64:/usr/local/nvidia/lib:/usr/local/nvidia/lib64 PYTHONPATH=/root/openpifpaf_ros2/install/realsense2_camera_msgs/lib/python3.8/site-packages:/root/openpifpaf_ros2/install/rgbd_openpifpaf_ros2/lib/python3.8/site-packages:/root/openpifpaf_ros2/install/pose_checker/lib/python3.8/site-packages:/root/openpifpaf_ros2/install/openpifpaf_ros2_node/lib/python3.8/site-packages:/root/openpifpaf_ros2/install/openpifpaf_ros2_msgs/lib/python3.8/site-packages:/opt/ros/foxy/lib/python3.8/site-packages _=/usr/bin/env /usr/bin/cmake --build /root/openpifpaf_ros2/build/realsense2_camera -- -j12 -l12
[1.790s] Level 1:colcon.colcon_core.environment:checking '/root/openpifpaf_ros2/install/pose_checker' for CMake module files
[1.792s] DEBUG:colcon.colcon_core.event_handler.log_command:Invoked command in '/root/openpifpaf_ros2/src/pose_checker' returned '0': PYTHONPATH=/root/openpifpaf_ros2/install/pose_checker/lib/python3.8/site-packages:${PYTHONPATH} _=/usr/bin/env /usr/bin/python3 setup.py egg_info --egg-base ../../build/pose_checker build --build-base /root/openpifpaf_ros2/build/pose_checker/build install --prefix /root/openpifpaf_ros2/install/pose_checker --record /root/openpifpaf_ros2/build/pose_checker/install.log --single-version-externally-managed
[1.793s] Level 1:colcon.colcon_core.environment:checking '/root/openpifpaf_ros2/install/pose_checker' for CMake config files
[1.794s] Level 1:colcon.colcon_core.environment:checking '/root/openpifpaf_ros2/install/pose_checker/lib'
[1.794s] Level 1:colcon.colcon_core.environment:checking '/root/openpifpaf_ros2/install/pose_checker/bin'
[1.795s] Level 1:colcon.colcon_core.environment:checking '/root/openpifpaf_ros2/install/pose_checker/lib/pkgconfig/pose_checker.pc'
[1.795s] Level 1:colcon.colcon_core.environment:checking '/root/openpifpaf_ros2/install/pose_checker/lib/python3.8/site-packages'
[1.795s] Level 1:colcon.colcon_core.shell:create_environment_hook('pose_checker', 'pythonpath')
[1.797s] INFO:colcon.colcon_core.shell:Creating environment hook '/root/openpifpaf_ros2/install/pose_checker/share/pose_checker/hook/pythonpath.ps1'
[1.798s] INFO:colcon.colcon_core.shell:Creating environment descriptor '/root/openpifpaf_ros2/install/pose_checker/share/pose_checker/hook/pythonpath.dsv'
[1.798s] INFO:colcon.colcon_core.shell:Creating environment hook '/root/openpifpaf_ros2/install/pose_checker/share/pose_checker/hook/pythonpath.sh'
[1.799s] Level 1:colcon.colcon_core.environment:checking '/root/openpifpaf_ros2/install/pose_checker/bin'
[1.799s] Level 1:colcon.colcon_core.environment:create_environment_scripts_only(pose_checker)
[1.802s] INFO:colcon.colcon_core.shell:Creating package script '/root/openpifpaf_ros2/install/pose_checker/share/pose_checker/package.ps1'
[1.802s] INFO:colcon.colcon_core.shell:Creating package descriptor '/root/openpifpaf_ros2/install/pose_checker/share/pose_checker/package.dsv'
[1.803s] INFO:colcon.colcon_core.shell:Creating package script '/root/openpifpaf_ros2/install/pose_checker/share/pose_checker/package.sh'
[1.804s] INFO:colcon.colcon_core.shell:Creating package script '/root/openpifpaf_ros2/install/pose_checker/share/pose_checker/package.bash'
[1.804s] INFO:colcon.colcon_core.shell:Creating package script '/root/openpifpaf_ros2/install/pose_checker/share/pose_checker/package.zsh'
[1.804s] Level 1:colcon.colcon_core.environment:create_file_with_runtime_dependencies(/root/openpifpaf_ros2/install/pose_checker/share/colcon-core/packages/pose_checker)
[1.810s] DEBUG:colcon.colcon_core.event_handler.log_command:Invoking command in '/root/openpifpaf_ros2/build/realsense2_description': CMAKE_PREFIX_PATH=/root/openpifpaf_ros2/install/realsense2_camera_msgs:/root/openpifpaf_ros2/install/realsense2_description:/root/openpifpaf_ros2/install/realsense2_camera:/root/openpifpaf_ros2/install/openpifpaf_ros2_msgs:/root/openpifpaf_ros2/install/rgbd_openpifpaf_ros2:/root/openpifpaf_ros2/install/pose_checker:/root/openpifpaf_ros2/install/openpifpaf_ros2_node:/opt/ros/foxy LD_LIBRARY_PATH=/root/openpifpaf_ros2/install/realsense2_camera_msgs/lib:/root/openpifpaf_ros2/install/realsense2_camera/lib:/root/openpifpaf_ros2/install/openpifpaf_ros2_msgs/lib:/usr/lib/x86_64-linux-gnu/gazebo-11/plugins:/opt/ros/foxy/opt/yaml_cpp_vendor/lib:/opt/ros/foxy/opt/rviz_ogre_vendor/lib:/opt/ros/foxy/lib/x86_64-linux-gnu:/opt/ros/foxy/lib:/usr/local/11.3.0/lib64:/usr/local/nvidia/lib:/usr/local/nvidia/lib64 PYTHONPATH=/root/openpifpaf_ros2/install/realsense2_camera_msgs/lib/python3.8/site-packages:/root/openpifpaf_ros2/install/rgbd_openpifpaf_ros2/lib/python3.8/site-packages:/root/openpifpaf_ros2/install/pose_checker/lib/python3.8/site-packages:/root/openpifpaf_ros2/install/openpifpaf_ros2_node/lib/python3.8/site-packages:/root/openpifpaf_ros2/install/openpifpaf_ros2_msgs/lib/python3.8/site-packages:/opt/ros/foxy/lib/python3.8/site-packages _=/usr/bin/env /usr/bin/cmake --install /root/openpifpaf_ros2/build/realsense2_description
[1.824s] Level 1:colcon.colcon_core.environment:create_environment_scripts_only(realsense2_description)
[1.827s] Level 1:colcon.colcon_core.environment:checking '/root/openpifpaf_ros2/install/realsense2_description' for CMake module files
[1.829s] Level 1:colcon.colcon_core.environment:checking '/root/openpifpaf_ros2/install/realsense2_description' for CMake config files
[1.830s] Level 1:colcon.colcon_core.shell:create_environment_hook('realsense2_description', 'cmake_prefix_path')
[1.832s] INFO:colcon.colcon_core.shell:Creating environment hook '/root/openpifpaf_ros2/install/realsense2_description/share/realsense2_description/hook/cmake_prefix_path.ps1'
[1.833s] INFO:colcon.colcon_core.shell:Creating environment descriptor '/root/openpifpaf_ros2/install/realsense2_description/share/realsense2_description/hook/cmake_prefix_path.dsv'
[1.835s] INFO:colcon.colcon_core.shell:Creating environment hook '/root/openpifpaf_ros2/install/realsense2_description/share/realsense2_description/hook/cmake_prefix_path.sh'
[1.837s] Level 1:colcon.colcon_core.environment:checking '/root/openpifpaf_ros2/install/realsense2_description/bin'
[1.837s] Level 1:colcon.colcon_core.environment:checking '/root/openpifpaf_ros2/install/realsense2_description/lib/pkgconfig/realsense2_description.pc'
[1.837s] Level 1:colcon.colcon_core.environment:checking '/root/openpifpaf_ros2/install/realsense2_description/lib/python3.8/site-packages'
[1.838s] Level 1:colcon.colcon_core.environment:checking '/root/openpifpaf_ros2/install/realsense2_description/bin'
[1.839s] INFO:colcon.colcon_core.shell:Creating package script '/root/openpifpaf_ros2/install/realsense2_description/share/realsense2_description/package.ps1'
[1.841s] INFO:colcon.colcon_core.shell:Creating package descriptor '/root/openpifpaf_ros2/install/realsense2_description/share/realsense2_description/package.dsv'
[1.842s] DEBUG:colcon.colcon_core.event_handler.log_command:Invoked command in '/root/openpifpaf_ros2/build/realsense2_description' returned '0': CMAKE_PREFIX_PATH=/root/openpifpaf_ros2/install/realsense2_camera_msgs:/root/openpifpaf_ros2/install/realsense2_description:/root/openpifpaf_ros2/install/realsense2_camera:/root/openpifpaf_ros2/install/openpifpaf_ros2_msgs:/root/openpifpaf_ros2/install/rgbd_openpifpaf_ros2:/root/openpifpaf_ros2/install/pose_checker:/root/openpifpaf_ros2/install/openpifpaf_ros2_node:/opt/ros/foxy LD_LIBRARY_PATH=/root/openpifpaf_ros2/install/realsense2_camera_msgs/lib:/root/openpifpaf_ros2/install/realsense2_camera/lib:/root/openpifpaf_ros2/install/openpifpaf_ros2_msgs/lib:/usr/lib/x86_64-linux-gnu/gazebo-11/plugins:/opt/ros/foxy/opt/yaml_cpp_vendor/lib:/opt/ros/foxy/opt/rviz_ogre_vendor/lib:/opt/ros/foxy/lib/x86_64-linux-gnu:/opt/ros/foxy/lib:/usr/local/11.3.0/lib64:/usr/local/nvidia/lib:/usr/local/nvidia/lib64 PYTHONPATH=/root/openpifpaf_ros2/install/realsense2_camera_msgs/lib/python3.8/site-packages:/root/openpifpaf_ros2/install/rgbd_openpifpaf_ros2/lib/python3.8/site-packages:/root/openpifpaf_ros2/install/pose_checker/lib/python3.8/site-packages:/root/openpifpaf_ros2/install/openpifpaf_ros2_node/lib/python3.8/site-packages:/root/openpifpaf_ros2/install/openpifpaf_ros2_msgs/lib/python3.8/site-packages:/opt/ros/foxy/lib/python3.8/site-packages _=/usr/bin/env /usr/bin/cmake --install /root/openpifpaf_ros2/build/realsense2_description
[1.842s] INFO:colcon.colcon_core.shell:Creating package script '/root/openpifpaf_ros2/install/realsense2_description/share/realsense2_description/package.sh'
[1.842s] INFO:colcon.colcon_core.shell:Creating package script '/root/openpifpaf_ros2/install/realsense2_description/share/realsense2_description/package.bash'
[1.843s] INFO:colcon.colcon_core.shell:Creating package script '/root/openpifpaf_ros2/install/realsense2_description/share/realsense2_description/package.zsh'
[1.843s] Level 1:colcon.colcon_core.environment:create_file_with_runtime_dependencies(/root/openpifpaf_ros2/install/realsense2_description/share/colcon-core/packages/realsense2_description)
[1.857s] DEBUG:colcon.colcon_core.event_handler.log_command:Invoking command in '/root/openpifpaf_ros2/build/realsense2_camera': CMAKE_PREFIX_PATH=/root/openpifpaf_ros2/install/realsense2_camera_msgs:/root/openpifpaf_ros2/install/realsense2_description:/root/openpifpaf_ros2/install/realsense2_camera:/root/openpifpaf_ros2/install/openpifpaf_ros2_msgs:/root/openpifpaf_ros2/install/rgbd_openpifpaf_ros2:/root/openpifpaf_ros2/install/pose_checker:/root/openpifpaf_ros2/install/openpifpaf_ros2_node:/opt/ros/foxy LD_LIBRARY_PATH=/root/openpifpaf_ros2/install/realsense2_camera_msgs/lib:/root/openpifpaf_ros2/install/realsense2_camera/lib:/root/openpifpaf_ros2/install/openpifpaf_ros2_msgs/lib:/usr/lib/x86_64-linux-gnu/gazebo-11/plugins:/opt/ros/foxy/opt/yaml_cpp_vendor/lib:/opt/ros/foxy/opt/rviz_ogre_vendor/lib:/opt/ros/foxy/lib/x86_64-linux-gnu:/opt/ros/foxy/lib:/usr/local/11.3.0/lib64:/usr/local/nvidia/lib:/usr/local/nvidia/lib64 PYTHONPATH=/root/openpifpaf_ros2/install/realsense2_camera_msgs/lib/python3.8/site-packages:/root/openpifpaf_ros2/install/rgbd_openpifpaf_ros2/lib/python3.8/site-packages:/root/openpifpaf_ros2/install/pose_checker/lib/python3.8/site-packages:/root/openpifpaf_ros2/install/openpifpaf_ros2_node/lib/python3.8/site-packages:/root/openpifpaf_ros2/install/openpifpaf_ros2_msgs/lib/python3.8/site-packages:/opt/ros/foxy/lib/python3.8/site-packages _=/usr/bin/env /usr/bin/cmake --install /root/openpifpaf_ros2/build/realsense2_camera
[1.873s] Level 1:colcon.colcon_core.environment:create_environment_scripts_only(realsense2_camera)
[1.877s] Level 1:colcon.colcon_core.environment:checking '/root/openpifpaf_ros2/install/realsense2_camera' for CMake module files
[1.879s] Level 1:colcon.colcon_core.environment:checking '/root/openpifpaf_ros2/install/realsense2_camera' for CMake config files
[1.880s] DEBUG:colcon.colcon_core.event_handler.log_command:Invoked command in '/root/openpifpaf_ros2/build/realsense2_camera' returned '0': CMAKE_PREFIX_PATH=/root/openpifpaf_ros2/install/realsense2_camera_msgs:/root/openpifpaf_ros2/install/realsense2_description:/root/openpifpaf_ros2/install/realsense2_camera:/root/openpifpaf_ros2/install/openpifpaf_ros2_msgs:/root/openpifpaf_ros2/install/rgbd_openpifpaf_ros2:/root/openpifpaf_ros2/install/pose_checker:/root/openpifpaf_ros2/install/openpifpaf_ros2_node:/opt/ros/foxy LD_LIBRARY_PATH=/root/openpifpaf_ros2/install/realsense2_camera_msgs/lib:/root/openpifpaf_ros2/install/realsense2_camera/lib:/root/openpifpaf_ros2/install/openpifpaf_ros2_msgs/lib:/usr/lib/x86_64-linux-gnu/gazebo-11/plugins:/opt/ros/foxy/opt/yaml_cpp_vendor/lib:/opt/ros/foxy/opt/rviz_ogre_vendor/lib:/opt/ros/foxy/lib/x86_64-linux-gnu:/opt/ros/foxy/lib:/usr/local/11.3.0/lib64:/usr/local/nvidia/lib:/usr/local/nvidia/lib64 PYTHONPATH=/root/openpifpaf_ros2/install/realsense2_camera_msgs/lib/python3.8/site-packages:/root/openpifpaf_ros2/install/rgbd_openpifpaf_ros2/lib/python3.8/site-packages:/root/openpifpaf_ros2/install/pose_checker/lib/python3.8/site-packages:/root/openpifpaf_ros2/install/openpifpaf_ros2_node/lib/python3.8/site-packages:/root/openpifpaf_ros2/install/openpifpaf_ros2_msgs/lib/python3.8/site-packages:/opt/ros/foxy/lib/python3.8/site-packages _=/usr/bin/env /usr/bin/cmake --install /root/openpifpaf_ros2/build/realsense2_camera
[1.881s] Level 1:colcon.colcon_core.shell:create_environment_hook('realsense2_camera', 'cmake_prefix_path')
[1.883s] INFO:colcon.colcon_core.shell:Creating environment hook '/root/openpifpaf_ros2/install/realsense2_camera/share/realsense2_camera/hook/cmake_prefix_path.ps1'
[1.883s] INFO:colcon.colcon_core.shell:Creating environment descriptor '/root/openpifpaf_ros2/install/realsense2_camera/share/realsense2_camera/hook/cmake_prefix_path.dsv'
[1.884s] INFO:colcon.colcon_core.shell:Creating environment hook '/root/openpifpaf_ros2/install/realsense2_camera/share/realsense2_camera/hook/cmake_prefix_path.sh'
[1.884s] Level 1:colcon.colcon_core.environment:checking '/root/openpifpaf_ros2/install/realsense2_camera/lib'
[1.885s] Level 1:colcon.colcon_core.shell:create_environment_hook('realsense2_camera', 'ld_library_path_lib')
[1.886s] INFO:colcon.colcon_core.shell:Creating environment hook '/root/openpifpaf_ros2/install/realsense2_camera/share/realsense2_camera/hook/ld_library_path_lib.ps1'
[1.886s] INFO:colcon.colcon_core.shell:Creating environment descriptor '/root/openpifpaf_ros2/install/realsense2_camera/share/realsense2_camera/hook/ld_library_path_lib.dsv'
[1.887s] INFO:colcon.colcon_core.shell:Creating environment hook '/root/openpifpaf_ros2/install/realsense2_camera/share/realsense2_camera/hook/ld_library_path_lib.sh'
[1.887s] Level 1:colcon.colcon_core.environment:checking '/root/openpifpaf_ros2/install/realsense2_camera/bin'
[1.887s] Level 1:colcon.colcon_core.environment:checking '/root/openpifpaf_ros2/install/realsense2_camera/lib/pkgconfig/realsense2_camera.pc'
[1.888s] Level 1:colcon.colcon_core.environment:checking '/root/openpifpaf_ros2/install/realsense2_camera/lib/python3.8/site-packages'
[1.888s] Level 1:colcon.colcon_core.environment:checking '/root/openpifpaf_ros2/install/realsense2_camera/bin'
[1.890s] INFO:colcon.colcon_core.shell:Creating package script '/root/openpifpaf_ros2/install/realsense2_camera/share/realsense2_camera/package.ps1'
[1.891s] INFO:colcon.colcon_core.shell:Creating package descriptor '/root/openpifpaf_ros2/install/realsense2_camera/share/realsense2_camera/package.dsv'
[1.891s] INFO:colcon.colcon_core.shell:Creating package script '/root/openpifpaf_ros2/install/realsense2_camera/share/realsense2_camera/package.sh'
[1.891s] INFO:colcon.colcon_core.shell:Creating package script '/root/openpifpaf_ros2/install/realsense2_camera/share/realsense2_camera/package.bash'
[1.892s] INFO:colcon.colcon_core.shell:Creating package script '/root/openpifpaf_ros2/install/realsense2_camera/share/realsense2_camera/package.zsh'
[1.892s] Level 1:colcon.colcon_core.environment:create_file_with_runtime_dependencies(/root/openpifpaf_ros2/install/realsense2_camera/share/colcon-core/packages/realsense2_camera)
[1.897s] Level 1:colcon.colcon_core.environment:create_environment_scripts_only(realsense2_description)
[1.900s] Level 1:colcon.colcon_core.environment:checking '/root/openpifpaf_ros2/install/realsense2_description' for CMake module files
[1.901s] Level 1:colcon.colcon_core.environment:checking '/root/openpifpaf_ros2/install/realsense2_description' for CMake config files
[1.901s] Level 1:colcon.colcon_core.shell:create_environment_hook('realsense2_description', 'cmake_prefix_path')
[1.903s] INFO:colcon.colcon_core.shell:Creating environment hook '/root/openpifpaf_ros2/install/realsense2_description/share/realsense2_description/hook/cmake_prefix_path.ps1'
[1.904s] INFO:colcon.colcon_core.shell:Creating environment descriptor '/root/openpifpaf_ros2/install/realsense2_description/share/realsense2_description/hook/cmake_prefix_path.dsv'
[1.904s] INFO:colcon.colcon_core.shell:Creating environment hook '/root/openpifpaf_ros2/install/realsense2_description/share/realsense2_description/hook/cmake_prefix_path.sh'
[1.905s] Level 1:colcon.colcon_core.environment:checking '/root/openpifpaf_ros2/install/realsense2_description/bin'
[1.905s] Level 1:colcon.colcon_core.environment:checking '/root/openpifpaf_ros2/install/realsense2_description/lib/pkgconfig/realsense2_description.pc'
[1.905s] Level 1:colcon.colcon_core.environment:checking '/root/openpifpaf_ros2/install/realsense2_description/lib/python3.8/site-packages'
[1.905s] Level 1:colcon.colcon_core.environment:checking '/root/openpifpaf_ros2/install/realsense2_description/bin'
[1.906s] INFO:colcon.colcon_core.shell:Creating package script '/root/openpifpaf_ros2/install/realsense2_description/share/realsense2_description/package.ps1'
[1.907s] INFO:colcon.colcon_core.shell:Creating package descriptor '/root/openpifpaf_ros2/install/realsense2_description/share/realsense2_description/package.dsv'
[1.907s] INFO:colcon.colcon_core.shell:Creating package script '/root/openpifpaf_ros2/install/realsense2_description/share/realsense2_description/package.sh'
[1.908s] INFO:colcon.colcon_core.shell:Creating package script '/root/openpifpaf_ros2/install/realsense2_description/share/realsense2_description/package.bash'
[1.908s] INFO:colcon.colcon_core.shell:Creating package script '/root/openpifpaf_ros2/install/realsense2_description/share/realsense2_description/package.zsh'
[1.908s] Level 1:colcon.colcon_core.environment:create_file_with_runtime_dependencies(/root/openpifpaf_ros2/install/realsense2_description/share/colcon-core/packages/realsense2_description)
[1.962s] Level 1:colcon.colcon_core.environment:create_environment_scripts_only(realsense2_camera)
[1.964s] Level 1:colcon.colcon_core.environment:checking '/root/openpifpaf_ros2/install/realsense2_camera' for CMake module files
[1.965s] Level 1:colcon.colcon_core.environment:checking '/root/openpifpaf_ros2/install/realsense2_camera' for CMake config files
[1.965s] Level 1:colcon.colcon_core.shell:create_environment_hook('realsense2_camera', 'cmake_prefix_path')
[1.966s] INFO:colcon.colcon_core.shell:Creating environment hook '/root/openpifpaf_ros2/install/realsense2_camera/share/realsense2_camera/hook/cmake_prefix_path.ps1'
[1.967s] INFO:colcon.colcon_core.shell:Creating environment descriptor '/root/openpifpaf_ros2/install/realsense2_camera/share/realsense2_camera/hook/cmake_prefix_path.dsv'
[1.967s] INFO:colcon.colcon_core.shell:Creating environment hook '/root/openpifpaf_ros2/install/realsense2_camera/share/realsense2_camera/hook/cmake_prefix_path.sh'
[1.967s] Level 1:colcon.colcon_core.environment:checking '/root/openpifpaf_ros2/install/realsense2_camera/lib'
[1.968s] Level 1:colcon.colcon_core.shell:create_environment_hook('realsense2_camera', 'ld_library_path_lib')
[1.970s] INFO:colcon.colcon_core.shell:Creating environment hook '/root/openpifpaf_ros2/install/realsense2_camera/share/realsense2_camera/hook/ld_library_path_lib.ps1'
[1.971s] INFO:colcon.colcon_core.shell:Creating environment descriptor '/root/openpifpaf_ros2/install/realsense2_camera/share/realsense2_camera/hook/ld_library_path_lib.dsv'
[1.971s] INFO:colcon.colcon_core.shell:Creating environment hook '/root/openpifpaf_ros2/install/realsense2_camera/share/realsense2_camera/hook/ld_library_path_lib.sh'
[1.971s] Level 1:colcon.colcon_core.environment:checking '/root/openpifpaf_ros2/install/realsense2_camera/bin'
[1.971s] Level 1:colcon.colcon_core.environment:checking '/root/openpifpaf_ros2/install/realsense2_camera/lib/pkgconfig/realsense2_camera.pc'
[1.972s] Level 1:colcon.colcon_core.environment:checking '/root/openpifpaf_ros2/install/realsense2_camera/lib/python3.8/site-packages'
[1.972s] Level 1:colcon.colcon_core.environment:checking '/root/openpifpaf_ros2/install/realsense2_camera/bin'
[1.973s] INFO:colcon.colcon_core.shell:Creating package script '/root/openpifpaf_ros2/install/realsense2_camera/share/realsense2_camera/package.ps1'
[1.974s] INFO:colcon.colcon_core.shell:Creating package descriptor '/root/openpifpaf_ros2/install/realsense2_camera/share/realsense2_camera/package.dsv'
[1.974s] INFO:colcon.colcon_core.shell:Creating package script '/root/openpifpaf_ros2/install/realsense2_camera/share/realsense2_camera/package.sh'
[1.975s] INFO:colcon.colcon_core.shell:Creating package script '/root/openpifpaf_ros2/install/realsense2_camera/share/realsense2_camera/package.bash'
[1.975s] INFO:colcon.colcon_core.shell:Creating package script '/root/openpifpaf_ros2/install/realsense2_camera/share/realsense2_camera/package.zsh'
[1.976s] Level 1:colcon.colcon_core.environment:create_file_with_runtime_dependencies(/root/openpifpaf_ros2/install/realsense2_camera/share/colcon-core/packages/realsense2_camera)
[2.297s] DEBUG:colcon.colcon_core.event_handler.log_command:Invoking command in '/root/openpifpaf_ros2/src/rgbd_openpifpaf_ros2': CMAKE_PREFIX_PATH=/root/openpifpaf_ros2/install/openpifpaf_ros2_msgs:/root/openpifpaf_ros2/install/realsense2_description:/root/openpifpaf_ros2/install/realsense2_camera:/root/openpifpaf_ros2/install/realsense2_camera_msgs LD_LIBRARY_PATH=/root/openpifpaf_ros2/install/openpifpaf_ros2_msgs/lib:/root/openpifpaf_ros2/install/realsense2_camera/lib:/root/openpifpaf_ros2/install/realsense2_camera_msgs/lib:/usr/lib/x86_64-linux-gnu/gazebo-11/plugins:/opt/ros/foxy/opt/yaml_cpp_vendor/lib:/opt/ros/foxy/opt/rviz_ogre_vendor/lib:/opt/ros/foxy/lib/x86_64-linux-gnu:/opt/ros/foxy/lib:/usr/local/11.3.0/lib64:/usr/local/nvidia/lib:/usr/local/nvidia/lib64 PYTHONPATH=/root/openpifpaf_ros2/install/rgbd_openpifpaf_ros2/lib/python3.8/site-packages:/root/openpifpaf_ros2/install/openpifpaf_ros2_msgs/lib/python3.8/site-packages:/root/openpifpaf_ros2/install/rgbd_openpifpaf_ros2/lib/python3.8/site-packages:/root/openpifpaf_ros2/install/realsense2_camera_msgs/lib/python3.8/site-packages:/root/openpifpaf_ros2/install/pose_checker/lib/python3.8/site-packages:/root/openpifpaf_ros2/install/openpifpaf_ros2_node/lib/python3.8/site-packages:/opt/ros/foxy/lib/python3.8/site-packages _=/usr/bin/env /usr/bin/python3 setup.py egg_info --egg-base ../../build/rgbd_openpifpaf_ros2 build --build-base /root/openpifpaf_ros2/build/rgbd_openpifpaf_ros2/build install --prefix /root/openpifpaf_ros2/install/rgbd_openpifpaf_ros2 --record /root/openpifpaf_ros2/build/rgbd_openpifpaf_ros2/install.log --single-version-externally-managed
[2.313s] DEBUG:colcon.colcon_core.event_handler.log_command:Invoking command in '/root/openpifpaf_ros2/src/openpifpaf_ros2_node': CMAKE_PREFIX_PATH=/root/openpifpaf_ros2/install/openpifpaf_ros2_msgs:/root/openpifpaf_ros2/install/realsense2_description:/root/openpifpaf_ros2/install/realsense2_camera:/root/openpifpaf_ros2/install/realsense2_camera_msgs LD_LIBRARY_PATH=/root/openpifpaf_ros2/install/openpifpaf_ros2_msgs/lib:/root/openpifpaf_ros2/install/realsense2_camera/lib:/root/openpifpaf_ros2/install/realsense2_camera_msgs/lib:/usr/lib/x86_64-linux-gnu/gazebo-11/plugins:/opt/ros/foxy/opt/yaml_cpp_vendor/lib:/opt/ros/foxy/opt/rviz_ogre_vendor/lib:/opt/ros/foxy/lib/x86_64-linux-gnu:/opt/ros/foxy/lib:/usr/local/11.3.0/lib64:/usr/local/nvidia/lib:/usr/local/nvidia/lib64 PYTHONPATH=/root/openpifpaf_ros2/install/openpifpaf_ros2_node/lib/python3.8/site-packages:/root/openpifpaf_ros2/install/openpifpaf_ros2_msgs/lib/python3.8/site-packages:/root/openpifpaf_ros2/install/rgbd_openpifpaf_ros2/lib/python3.8/site-packages:/root/openpifpaf_ros2/install/realsense2_camera_msgs/lib/python3.8/site-packages:/root/openpifpaf_ros2/install/pose_checker/lib/python3.8/site-packages:/root/openpifpaf_ros2/install/openpifpaf_ros2_node/lib/python3.8/site-packages:/opt/ros/foxy/lib/python3.8/site-packages _=/usr/bin/env /usr/bin/python3 setup.py egg_info --egg-base ../../build/openpifpaf_ros2_node build --build-base /root/openpifpaf_ros2/build/openpifpaf_ros2_node/build install --prefix /root/openpifpaf_ros2/install/openpifpaf_ros2_node --record /root/openpifpaf_ros2/build/openpifpaf_ros2_node/install.log --single-version-externally-managed
[2.617s] Level 1:colcon.colcon_core.environment:checking '/root/openpifpaf_ros2/install/rgbd_openpifpaf_ros2' for CMake module files
[2.618s] DEBUG:colcon.colcon_core.event_handler.log_command:Invoked command in '/root/openpifpaf_ros2/src/rgbd_openpifpaf_ros2' returned '0': CMAKE_PREFIX_PATH=/root/openpifpaf_ros2/install/openpifpaf_ros2_msgs:/root/openpifpaf_ros2/install/realsense2_description:/root/openpifpaf_ros2/install/realsense2_camera:/root/openpifpaf_ros2/install/realsense2_camera_msgs LD_LIBRARY_PATH=/root/openpifpaf_ros2/install/openpifpaf_ros2_msgs/lib:/root/openpifpaf_ros2/install/realsense2_camera/lib:/root/openpifpaf_ros2/install/realsense2_camera_msgs/lib:/usr/lib/x86_64-linux-gnu/gazebo-11/plugins:/opt/ros/foxy/opt/yaml_cpp_vendor/lib:/opt/ros/foxy/opt/rviz_ogre_vendor/lib:/opt/ros/foxy/lib/x86_64-linux-gnu:/opt/ros/foxy/lib:/usr/local/11.3.0/lib64:/usr/local/nvidia/lib:/usr/local/nvidia/lib64 PYTHONPATH=/root/openpifpaf_ros2/install/rgbd_openpifpaf_ros2/lib/python3.8/site-packages:/root/openpifpaf_ros2/install/openpifpaf_ros2_msgs/lib/python3.8/site-packages:/root/openpifpaf_ros2/install/rgbd_openpifpaf_ros2/lib/python3.8/site-packages:/root/openpifpaf_ros2/install/realsense2_camera_msgs/lib/python3.8/site-packages:/root/openpifpaf_ros2/install/pose_checker/lib/python3.8/site-packages:/root/openpifpaf_ros2/install/openpifpaf_ros2_node/lib/python3.8/site-packages:/opt/ros/foxy/lib/python3.8/site-packages _=/usr/bin/env /usr/bin/python3 setup.py egg_info --egg-base ../../build/rgbd_openpifpaf_ros2 build --build-base /root/openpifpaf_ros2/build/rgbd_openpifpaf_ros2/build install --prefix /root/openpifpaf_ros2/install/rgbd_openpifpaf_ros2 --record /root/openpifpaf_ros2/build/rgbd_openpifpaf_ros2/install.log --single-version-externally-managed
[2.618s] Level 1:colcon.colcon_core.environment:checking '/root/openpifpaf_ros2/install/rgbd_openpifpaf_ros2' for CMake config files
[2.619s] Level 1:colcon.colcon_core.environment:checking '/root/openpifpaf_ros2/install/rgbd_openpifpaf_ros2/lib'
[2.619s] Level 1:colcon.colcon_core.environment:checking '/root/openpifpaf_ros2/install/rgbd_openpifpaf_ros2/bin'
[2.620s] Level 1:colcon.colcon_core.environment:checking '/root/openpifpaf_ros2/install/rgbd_openpifpaf_ros2/lib/pkgconfig/rgbd_openpifpaf_ros2.pc'
[2.620s] Level 1:colcon.colcon_core.environment:checking '/root/openpifpaf_ros2/install/rgbd_openpifpaf_ros2/lib/python3.8/site-packages'
[2.620s] Level 1:colcon.colcon_core.shell:create_environment_hook('rgbd_openpifpaf_ros2', 'pythonpath')
[2.623s] INFO:colcon.colcon_core.shell:Creating environment hook '/root/openpifpaf_ros2/install/rgbd_openpifpaf_ros2/share/rgbd_openpifpaf_ros2/hook/pythonpath.ps1'
[2.623s] INFO:colcon.colcon_core.shell:Creating environment descriptor '/root/openpifpaf_ros2/install/rgbd_openpifpaf_ros2/share/rgbd_openpifpaf_ros2/hook/pythonpath.dsv'
[2.623s] INFO:colcon.colcon_core.shell:Creating environment hook '/root/openpifpaf_ros2/install/rgbd_openpifpaf_ros2/share/rgbd_openpifpaf_ros2/hook/pythonpath.sh'
[2.624s] Level 1:colcon.colcon_core.environment:checking '/root/openpifpaf_ros2/install/rgbd_openpifpaf_ros2/bin'
[2.624s] Level 1:colcon.colcon_core.environment:create_environment_scripts_only(rgbd_openpifpaf_ros2)
[2.625s] INFO:colcon.colcon_core.shell:Creating package script '/root/openpifpaf_ros2/install/rgbd_openpifpaf_ros2/share/rgbd_openpifpaf_ros2/package.ps1'
[2.626s] INFO:colcon.colcon_core.shell:Creating package descriptor '/root/openpifpaf_ros2/install/rgbd_openpifpaf_ros2/share/rgbd_openpifpaf_ros2/package.dsv'
[2.626s] INFO:colcon.colcon_core.shell:Creating package script '/root/openpifpaf_ros2/install/rgbd_openpifpaf_ros2/share/rgbd_openpifpaf_ros2/package.sh'
[2.627s] INFO:colcon.colcon_core.shell:Creating package script '/root/openpifpaf_ros2/install/rgbd_openpifpaf_ros2/share/rgbd_openpifpaf_ros2/package.bash'
[2.627s] INFO:colcon.colcon_core.shell:Creating package script '/root/openpifpaf_ros2/install/rgbd_openpifpaf_ros2/share/rgbd_openpifpaf_ros2/package.zsh'
[2.627s] Level 1:colcon.colcon_core.environment:create_file_with_runtime_dependencies(/root/openpifpaf_ros2/install/rgbd_openpifpaf_ros2/share/colcon-core/packages/rgbd_openpifpaf_ros2)
[2.630s] Level 1:colcon.colcon_core.environment:checking '/root/openpifpaf_ros2/install/openpifpaf_ros2_node' for CMake module files
[2.631s] DEBUG:colcon.colcon_core.event_handler.log_command:Invoked command in '/root/openpifpaf_ros2/src/openpifpaf_ros2_node' returned '0': CMAKE_PREFIX_PATH=/root/openpifpaf_ros2/install/openpifpaf_ros2_msgs:/root/openpifpaf_ros2/install/realsense2_description:/root/openpifpaf_ros2/install/realsense2_camera:/root/openpifpaf_ros2/install/realsense2_camera_msgs LD_LIBRARY_PATH=/root/openpifpaf_ros2/install/openpifpaf_ros2_msgs/lib:/root/openpifpaf_ros2/install/realsense2_camera/lib:/root/openpifpaf_ros2/install/realsense2_camera_msgs/lib:/usr/lib/x86_64-linux-gnu/gazebo-11/plugins:/opt/ros/foxy/opt/yaml_cpp_vendor/lib:/opt/ros/foxy/opt/rviz_ogre_vendor/lib:/opt/ros/foxy/lib/x86_64-linux-gnu:/opt/ros/foxy/lib:/usr/local/11.3.0/lib64:/usr/local/nvidia/lib:/usr/local/nvidia/lib64 PYTHONPATH=/root/openpifpaf_ros2/install/openpifpaf_ros2_node/lib/python3.8/site-packages:/root/openpifpaf_ros2/install/openpifpaf_ros2_msgs/lib/python3.8/site-packages:/root/openpifpaf_ros2/install/rgbd_openpifpaf_ros2/lib/python3.8/site-packages:/root/openpifpaf_ros2/install/realsense2_camera_msgs/lib/python3.8/site-packages:/root/openpifpaf_ros2/install/pose_checker/lib/python3.8/site-packages:/root/openpifpaf_ros2/install/openpifpaf_ros2_node/lib/python3.8/site-packages:/opt/ros/foxy/lib/python3.8/site-packages _=/usr/bin/env /usr/bin/python3 setup.py egg_info --egg-base ../../build/openpifpaf_ros2_node build --build-base /root/openpifpaf_ros2/build/openpifpaf_ros2_node/build install --prefix /root/openpifpaf_ros2/install/openpifpaf_ros2_node --record /root/openpifpaf_ros2/build/openpifpaf_ros2_node/install.log --single-version-externally-managed
[2.633s] Level 1:colcon.colcon_core.environment:checking '/root/openpifpaf_ros2/install/openpifpaf_ros2_node' for CMake config files
[2.634s] Level 1:colcon.colcon_core.environment:checking '/root/openpifpaf_ros2/install/openpifpaf_ros2_node/lib'
[2.634s] Level 1:colcon.colcon_core.environment:checking '/root/openpifpaf_ros2/install/openpifpaf_ros2_node/bin'
[2.634s] Level 1:colcon.colcon_core.environment:checking '/root/openpifpaf_ros2/install/openpifpaf_ros2_node/lib/pkgconfig/openpifpaf_ros2_node.pc'
[2.635s] Level 1:colcon.colcon_core.environment:checking '/root/openpifpaf_ros2/install/openpifpaf_ros2_node/lib/python3.8/site-packages'
[2.635s] Level 1:colcon.colcon_core.shell:create_environment_hook('openpifpaf_ros2_node', 'pythonpath')
[2.637s] INFO:colcon.colcon_core.shell:Creating environment hook '/root/openpifpaf_ros2/install/openpifpaf_ros2_node/share/openpifpaf_ros2_node/hook/pythonpath.ps1'
[2.637s] INFO:colcon.colcon_core.shell:Creating environment descriptor '/root/openpifpaf_ros2/install/openpifpaf_ros2_node/share/openpifpaf_ros2_node/hook/pythonpath.dsv'
[2.638s] INFO:colcon.colcon_core.shell:Creating environment hook '/root/openpifpaf_ros2/install/openpifpaf_ros2_node/share/openpifpaf_ros2_node/hook/pythonpath.sh'
[2.638s] Level 1:colcon.colcon_core.environment:checking '/root/openpifpaf_ros2/install/openpifpaf_ros2_node/bin'
[2.638s] Level 1:colcon.colcon_core.environment:create_environment_scripts_only(openpifpaf_ros2_node)
[2.640s] INFO:colcon.colcon_core.shell:Creating package script '/root/openpifpaf_ros2/install/openpifpaf_ros2_node/share/openpifpaf_ros2_node/package.ps1'
[2.640s] INFO:colcon.colcon_core.shell:Creating package descriptor '/root/openpifpaf_ros2/install/openpifpaf_ros2_node/share/openpifpaf_ros2_node/package.dsv'
[2.641s] INFO:colcon.colcon_core.shell:Creating package script '/root/openpifpaf_ros2/install/openpifpaf_ros2_node/share/openpifpaf_ros2_node/package.sh'
[2.641s] INFO:colcon.colcon_core.shell:Creating package script '/root/openpifpaf_ros2/install/openpifpaf_ros2_node/share/openpifpaf_ros2_node/package.bash'
[2.642s] INFO:colcon.colcon_core.shell:Creating package script '/root/openpifpaf_ros2/install/openpifpaf_ros2_node/share/openpifpaf_ros2_node/package.zsh'
[2.642s] Level 1:colcon.colcon_core.environment:create_file_with_runtime_dependencies(/root/openpifpaf_ros2/install/openpifpaf_ros2_node/share/colcon-core/packages/openpifpaf_ros2_node)
[2.642s] DEBUG:colcon.colcon_parallel_executor.executor.parallel:closing loop
[2.643s] DEBUG:colcon.colcon_parallel_executor.executor.parallel:loop closed
[2.643s] DEBUG:colcon.colcon_parallel_executor.executor.parallel:run_until_complete finished with '0'
[2.643s] DEBUG:colcon.colcon_core.event_reactor:joining thread
[2.652s] INFO:colcon.colcon_core.plugin_system:Skipping extension 'colcon_notification.desktop_notification.notify_send': Could not find 'notify-send'
[2.652s] INFO:colcon.colcon_core.plugin_system:Skipping extension 'colcon_notification.desktop_notification.terminal_notifier': Not used on non-Darwin systems
[2.652s] INFO:colcon.colcon_core.plugin_system:Skipping extension 'colcon_notification.desktop_notification.win32': Not used on non-Windows systems
[2.652s] INFO:colcon.colcon_notification.desktop_notification:Sending desktop notification using 'notify2'
[2.658s] DEBUG:colcon.colcon_notification.desktop_notification.notify2:Failed to initialize notify2: org.freedesktop.DBus.Error.ServiceUnknown: The name org.freedesktop.Notifications was not provided by any .service files
[2.659s] DEBUG:colcon.colcon_core.event_reactor:joined thread
[2.662s] INFO:colcon.colcon_core.shell:Creating prefix script '/root/openpifpaf_ros2/install/local_setup.ps1'
[2.663s] INFO:colcon.colcon_core.shell:Creating prefix util module '/root/openpifpaf_ros2/install/_local_setup_util_ps1.py'
[2.664s] INFO:colcon.colcon_core.shell:Creating prefix chain script '/root/openpifpaf_ros2/install/setup.ps1'
[2.666s] INFO:colcon.colcon_core.shell:Creating prefix script '/root/openpifpaf_ros2/install/local_setup.sh'
[2.667s] INFO:colcon.colcon_core.shell:Creating prefix util module '/root/openpifpaf_ros2/install/_local_setup_util_sh.py'
[2.667s] INFO:colcon.colcon_core.shell:Creating prefix chain script '/root/openpifpaf_ros2/install/setup.sh'
[2.669s] INFO:colcon.colcon_core.shell:Creating prefix script '/root/openpifpaf_ros2/install/local_setup.bash'
[2.669s] INFO:colcon.colcon_core.shell:Creating prefix chain script '/root/openpifpaf_ros2/install/setup.bash'
[2.671s] INFO:colcon.colcon_core.shell:Creating prefix script '/root/openpifpaf_ros2/install/local_setup.zsh'
[2.672s] INFO:colcon.colcon_core.shell:Creating prefix chain script '/root/openpifpaf_ros2/install/setup.zsh'
