[0.776s] Invoking command in '/root/openpifpaf_ros2/src/rgbd_openpifpaf_ros2': AMENT_PREFIX_PATH=/root/openpifpaf_ros2/install/openpifpaf_ros2_msgs:${AMENT_PREFIX_PATH} CMAKE_PREFIX_PATH=/root/openpifpaf_ros2/install/openpifpaf_ros2_msgs LD_LIBRARY_PATH=/root/openpifpaf_ros2/install/openpifpaf_ros2_msgs/lib:${LD_LIBRARY_PATH} PYTHONPATH=/root/openpifpaf_ros2/install/rgbd_openpifpaf_ros2/lib/python3.8/site-packages:/root/openpifpaf_ros2/install/openpifpaf_ros2_msgs/lib/python3.8/site-packages:${PYTHONPATH} _=/usr/bin/env /usr/bin/python3 setup.py egg_info --egg-base ../../build/rgbd_openpifpaf_ros2 build --build-base /root/openpifpaf_ros2/build/rgbd_openpifpaf_ros2/build install --prefix /root/openpifpaf_ros2/install/rgbd_openpifpaf_ros2 --record /root/openpifpaf_ros2/build/rgbd_openpifpaf_ros2/install.log --single-version-externally-managed
[0.933s] running egg_info
[0.933s] creating ../../build/rgbd_openpifpaf_ros2/rgbd_openpifpaf_ros2.egg-info
[0.934s] writing ../../build/rgbd_openpifpaf_ros2/rgbd_openpifpaf_ros2.egg-info/PKG-INFO
[0.934s] writing dependency_links to ../../build/rgbd_openpifpaf_ros2/rgbd_openpifpaf_ros2.egg-info/dependency_links.txt
[0.934s] writing entry points to ../../build/rgbd_openpifpaf_ros2/rgbd_openpifpaf_ros2.egg-info/entry_points.txt
[0.934s] writing requirements to ../../build/rgbd_openpifpaf_ros2/rgbd_openpifpaf_ros2.egg-info/requires.txt
[0.934s] writing top-level names to ../../build/rgbd_openpifpaf_ros2/rgbd_openpifpaf_ros2.egg-info/top_level.txt
[0.935s] writing manifest file '../../build/rgbd_openpifpaf_ros2/rgbd_openpifpaf_ros2.egg-info/SOURCES.txt'
[0.960s] reading manifest file '../../build/rgbd_openpifpaf_ros2/rgbd_openpifpaf_ros2.egg-info/SOURCES.txt'
[0.960s] writing manifest file '../../build/rgbd_openpifpaf_ros2/rgbd_openpifpaf_ros2.egg-info/SOURCES.txt'
[0.960s] running build
[0.960s] running build_py
[0.960s] creating /root/openpifpaf_ros2/build/rgbd_openpifpaf_ros2/build
[0.960s] creating /root/openpifpaf_ros2/build/rgbd_openpifpaf_ros2/build/lib
[0.960s] creating /root/openpifpaf_ros2/build/rgbd_openpifpaf_ros2/build/lib/rgbd_openpifpaf_ros2
[0.961s] copying rgbd_openpifpaf_ros2/person_information.py -> /root/openpifpaf_ros2/build/rgbd_openpifpaf_ros2/build/lib/rgbd_openpifpaf_ros2
[0.961s] copying rgbd_openpifpaf_ros2/rgbd_openpifpaf_ros2_node.py -> /root/openpifpaf_ros2/build/rgbd_openpifpaf_ros2/build/lib/rgbd_openpifpaf_ros2
[0.961s] copying rgbd_openpifpaf_ros2/check.py -> /root/openpifpaf_ros2/build/rgbd_openpifpaf_ros2/build/lib/rgbd_openpifpaf_ros2
[0.961s] copying rgbd_openpifpaf_ros2/__init__.py -> /root/openpifpaf_ros2/build/rgbd_openpifpaf_ros2/build/lib/rgbd_openpifpaf_ros2
[0.961s] running install
[0.962s] running install_lib
[0.963s] creating /root/openpifpaf_ros2/install/rgbd_openpifpaf_ros2/lib/python3.8/site-packages/rgbd_openpifpaf_ros2
[0.963s] copying /root/openpifpaf_ros2/build/rgbd_openpifpaf_ros2/build/lib/rgbd_openpifpaf_ros2/person_information.py -> /root/openpifpaf_ros2/install/rgbd_openpifpaf_ros2/lib/python3.8/site-packages/rgbd_openpifpaf_ros2
[0.963s] copying /root/openpifpaf_ros2/build/rgbd_openpifpaf_ros2/build/lib/rgbd_openpifpaf_ros2/rgbd_openpifpaf_ros2_node.py -> /root/openpifpaf_ros2/install/rgbd_openpifpaf_ros2/lib/python3.8/site-packages/rgbd_openpifpaf_ros2
[0.964s] copying /root/openpifpaf_ros2/build/rgbd_openpifpaf_ros2/build/lib/rgbd_openpifpaf_ros2/check.py -> /root/openpifpaf_ros2/install/rgbd_openpifpaf_ros2/lib/python3.8/site-packages/rgbd_openpifpaf_ros2
[0.964s] copying /root/openpifpaf_ros2/build/rgbd_openpifpaf_ros2/build/lib/rgbd_openpifpaf_ros2/__init__.py -> /root/openpifpaf_ros2/install/rgbd_openpifpaf_ros2/lib/python3.8/site-packages/rgbd_openpifpaf_ros2
[0.965s] byte-compiling /root/openpifpaf_ros2/install/rgbd_openpifpaf_ros2/lib/python3.8/site-packages/rgbd_openpifpaf_ros2/person_information.py to person_information.cpython-38.pyc
[0.965s] byte-compiling /root/openpifpaf_ros2/install/rgbd_openpifpaf_ros2/lib/python3.8/site-packages/rgbd_openpifpaf_ros2/rgbd_openpifpaf_ros2_node.py to rgbd_openpifpaf_ros2_node.cpython-38.pyc
[0.966s] byte-compiling /root/openpifpaf_ros2/install/rgbd_openpifpaf_ros2/lib/python3.8/site-packages/rgbd_openpifpaf_ros2/check.py to check.cpython-38.pyc
[0.966s] byte-compiling /root/openpifpaf_ros2/install/rgbd_openpifpaf_ros2/lib/python3.8/site-packages/rgbd_openpifpaf_ros2/__init__.py to __init__.cpython-38.pyc
[0.967s] running install_data
[0.967s] creating /root/openpifpaf_ros2/install/rgbd_openpifpaf_ros2/share/ament_index
[0.968s] creating /root/openpifpaf_ros2/install/rgbd_openpifpaf_ros2/share/ament_index/resource_index
[0.968s] creating /root/openpifpaf_ros2/install/rgbd_openpifpaf_ros2/share/ament_index/resource_index/packages
[0.968s] copying resource/rgbd_openpifpaf_ros2 -> /root/openpifpaf_ros2/install/rgbd_openpifpaf_ros2/share/ament_index/resource_index/packages
[0.968s] copying package.xml -> /root/openpifpaf_ros2/install/rgbd_openpifpaf_ros2/share/rgbd_openpifpaf_ros2
[0.968s] running install_egg_info
[0.969s] Copying ../../build/rgbd_openpifpaf_ros2/rgbd_openpifpaf_ros2.egg-info to /root/openpifpaf_ros2/install/rgbd_openpifpaf_ros2/lib/python3.8/site-packages/rgbd_openpifpaf_ros2-0.0.0-py3.8.egg-info
[0.970s] running install_scripts
[0.983s] Installing check script to /root/openpifpaf_ros2/install/rgbd_openpifpaf_ros2/lib/rgbd_openpifpaf_ros2
[0.983s] Installing person_information script to /root/openpifpaf_ros2/install/rgbd_openpifpaf_ros2/lib/rgbd_openpifpaf_ros2
[0.983s] Installing rgbd_openpifpaf_ros2_node script to /root/openpifpaf_ros2/install/rgbd_openpifpaf_ros2/lib/rgbd_openpifpaf_ros2
[0.983s] writing list of installed files to '/root/openpifpaf_ros2/build/rgbd_openpifpaf_ros2/install.log'
[1.009s] Invoked command in '/root/openpifpaf_ros2/src/rgbd_openpifpaf_ros2' returned '0': AMENT_PREFIX_PATH=/root/openpifpaf_ros2/install/openpifpaf_ros2_msgs:${AMENT_PREFIX_PATH} CMAKE_PREFIX_PATH=/root/openpifpaf_ros2/install/openpifpaf_ros2_msgs LD_LIBRARY_PATH=/root/openpifpaf_ros2/install/openpifpaf_ros2_msgs/lib:${LD_LIBRARY_PATH} PYTHONPATH=/root/openpifpaf_ros2/install/rgbd_openpifpaf_ros2/lib/python3.8/site-packages:/root/openpifpaf_ros2/install/openpifpaf_ros2_msgs/lib/python3.8/site-packages:${PYTHONPATH} _=/usr/bin/env /usr/bin/python3 setup.py egg_info --egg-base ../../build/rgbd_openpifpaf_ros2 build --build-base /root/openpifpaf_ros2/build/rgbd_openpifpaf_ros2/build install --prefix /root/openpifpaf_ros2/install/rgbd_openpifpaf_ros2 --record /root/openpifpaf_ros2/build/rgbd_openpifpaf_ros2/install.log --single-version-externally-managed
